Open5GS daemon v2.6.4-78-g7f08873

08/23 14:29:44.927: [app] INFO: Configuration: '/open5gs/install/etc/open5gs/hss.yaml' (../lib/app/ogs-init.c:126)
08/23 14:29:44.927: [app] INFO: File Logging: '/open5gs/install/var/log/open5gs/hss.log' (../lib/app/ogs-init.c:129)
08/23 14:29:44.928: [dbi] INFO: MongoDB URI: 'mongodb://172.22.0.2/open5gs' (../lib/dbi/ogs-mongoc.c:130)
08/23 14:29:44.947: [app] INFO: HSS initialize...done (../src/hss/app-init.c:31)
08/23 14:29:44.949: [diam] INFO: CONNECTED TO 'mme.epc.mnc001.mcc001.3gppnetwork.org' (SCTP,soc#15): (../lib/diameter/common/logger.c:108)
08/23 14:37:49.479: [dbi] INFO: [imsi-001010000000001] Cannot find IMSI in DB (../lib/dbi/subscription.c:56)
08/23 14:39:39.027: [dbi] INFO: [imsi-001010000000001] Cannot find IMSI in DB (../lib/dbi/subscription.c:56)
08/23 14:41:41.953: [dbi] INFO: [imsi-001010000000001] Cannot find IMSI in DB (../lib/dbi/subscription.c:56)
08/23 14:41:52.072: [dbi] INFO: [imsi-001010000000001] Cannot find IMSI in DB (../lib/dbi/subscription.c:56)
08/23 14:42:02.192: [dbi] INFO: [imsi-001010000000001] Cannot find IMSI in DB (../lib/dbi/subscription.c:56)
08/23 17:03:49.561: [diam] ERROR: pid:PSM/mme.epc.mnc001.mcc001.3gppnetwork.org in fd_psm_change_state@p_psm.c:284: 'STATE_OPEN'	-> 'STATE_CLOSED'	'mme.epc.mnc001.mcc001.3gppnetwork.org'
 ((null):0)
Open5GS daemon v2.6.4-78-g7f08873

08/24 11:08:09.077: [app] INFO: Configuration: '/open5gs/install/etc/open5gs/hss.yaml' (../lib/app/ogs-init.c:126)
08/24 11:08:09.077: [app] INFO: File Logging: '/open5gs/install/var/log/open5gs/hss.log' (../lib/app/ogs-init.c:129)
08/24 11:08:09.078: [dbi] INFO: MongoDB URI: 'mongodb://172.22.0.2/open5gs' (../lib/dbi/ogs-mongoc.c:130)
08/24 11:08:09.103: [app] INFO: HSS initialize...done (../src/hss/app-init.c:31)
08/24 11:08:09.105: [diam] INFO: CONNECTED TO 'mme.epc.mnc001.mcc001.3gppnetwork.org' (SCTP,soc#15): (../lib/diameter/common/logger.c:108)
08/24 11:59:10.425: [diam] ERROR: pid:PSM/mme.epc.mnc001.mcc001.3gppnetwork.org in fd_psm_change_state@p_psm.c:284: 'STATE_OPEN'	-> 'STATE_CLOSED'	'mme.epc.mnc001.mcc001.3gppnetwork.org'
 ((null):0)
Open5GS daemon v2.6.4-78-g7f08873

08/24 12:04:54.608: [app] INFO: Configuration: '/open5gs/install/etc/open5gs/hss.yaml' (../lib/app/ogs-init.c:126)
08/24 12:04:54.608: [app] INFO: File Logging: '/open5gs/install/var/log/open5gs/hss.log' (../lib/app/ogs-init.c:129)
08/24 12:04:54.609: [dbi] INFO: MongoDB URI: 'mongodb://172.22.0.2/open5gs' (../lib/dbi/ogs-mongoc.c:130)
08/24 12:04:54.642: [app] INFO: HSS initialize...done (../src/hss/app-init.c:31)
08/24 12:04:54.644: [diam] INFO: CONNECTED TO 'mme.epc.mnc001.mcc001.3gppnetwork.org' (SCTP,soc#15): (../lib/diameter/common/logger.c:108)
08/24 12:32:55.662: [diam] ERROR: pid:PSM/mme.epc.mnc001.mcc001.3gppnetwork.org in fd_psm_change_state@p_psm.c:284: 'STATE_OPEN'	-> 'STATE_CLOSED'	'mme.epc.mnc001.mcc001.3gppnetwork.org'
 ((null):0)
Open5GS daemon v2.6.4-78-g7f08873

08/24 12:33:49.994: [app] INFO: Configuration: '/open5gs/install/etc/open5gs/hss.yaml' (../lib/app/ogs-init.c:126)
08/24 12:33:49.994: [app] INFO: File Logging: '/open5gs/install/var/log/open5gs/hss.log' (../lib/app/ogs-init.c:129)
08/24 12:33:49.996: [dbi] INFO: MongoDB URI: 'mongodb://172.22.0.2/open5gs' (../lib/dbi/ogs-mongoc.c:130)
08/24 12:33:50.022: [app] INFO: HSS initialize...done (../src/hss/app-init.c:31)
08/24 12:33:50.024: [diam] INFO: CONNECTED TO 'mme.epc.mnc001.mcc001.3gppnetwork.org' (SCTP,soc#15): (../lib/diameter/common/logger.c:108)
08/24 12:43:39.001: [diam] ERROR: pid:PSM/mme.epc.mnc001.mcc001.3gppnetwork.org in fd_psm_change_state@p_psm.c:284: 'STATE_OPEN'	-> 'STATE_CLOSED'	'mme.epc.mnc001.mcc001.3gppnetwork.org'
 ((null):0)
Open5GS daemon v2.6.4-78-g7f08873

08/24 12:45:13.219: [app] INFO: Configuration: '/open5gs/install/etc/open5gs/hss.yaml' (../lib/app/ogs-init.c:126)
08/24 12:45:13.219: [app] INFO: File Logging: '/open5gs/install/var/log/open5gs/hss.log' (../lib/app/ogs-init.c:129)
08/24 12:45:13.220: [dbi] INFO: MongoDB URI: 'mongodb://172.22.0.2/open5gs' (../lib/dbi/ogs-mongoc.c:130)
08/24 12:45:13.287: [app] INFO: HSS initialize...done (../src/hss/app-init.c:31)
08/24 12:45:13.288: [diam] INFO: CONNECTED TO 'mme.epc.mnc001.mcc001.3gppnetwork.org' (SCTP,soc#15): (../lib/diameter/common/logger.c:108)
08/24 12:48:50.290: [diam] ERROR: pid:PSM/mme.epc.mnc001.mcc001.3gppnetwork.org in fd_psm_change_state@p_psm.c:284: 'STATE_OPEN'	-> 'STATE_CLOSED'	'mme.epc.mnc001.mcc001.3gppnetwork.org'
 ((null):0)
Open5GS daemon v2.6.4-78-g7f08873

08/24 13:51:37.686: [app] INFO: Configuration: '/open5gs/install/etc/open5gs/hss.yaml' (../lib/app/ogs-init.c:126)
08/24 13:51:37.686: [app] INFO: File Logging: '/open5gs/install/var/log/open5gs/hss.log' (../lib/app/ogs-init.c:129)
08/24 13:51:37.687: [dbi] INFO: MongoDB URI: 'mongodb://172.22.0.2/open5gs' (../lib/dbi/ogs-mongoc.c:130)
08/24 13:51:37.729: [app] INFO: HSS initialize...done (../src/hss/app-init.c:31)
08/24 13:51:37.730: [diam] INFO: CONNECTED TO 'mme.epc.mnc001.mcc001.3gppnetwork.org' (SCTP,soc#15): (../lib/diameter/common/logger.c:108)
08/24 13:55:10.730: [diam] ERROR: pid:PSM/mme.epc.mnc001.mcc001.3gppnetwork.org in fd_psm_change_state@p_psm.c:284: 'STATE_OPEN'	-> 'STATE_CLOSED'	'mme.epc.mnc001.mcc001.3gppnetwork.org'
 ((null):0)
Open5GS daemon v2.6.4-78-g7f08873

08/24 13:56:50.228: [app] INFO: Configuration: '/open5gs/install/etc/open5gs/hss.yaml' (../lib/app/ogs-init.c:126)
08/24 13:56:50.228: [app] INFO: File Logging: '/open5gs/install/var/log/open5gs/hss.log' (../lib/app/ogs-init.c:129)
08/24 13:56:50.230: [dbi] INFO: MongoDB URI: 'mongodb://172.22.0.2/open5gs' (../lib/dbi/ogs-mongoc.c:130)
08/24 13:56:50.263: [app] INFO: HSS initialize...done (../src/hss/app-init.c:31)
08/24 13:56:50.265: [diam] INFO: CONNECTED TO 'mme.epc.mnc001.mcc001.3gppnetwork.org' (SCTP,soc#15): (../lib/diameter/common/logger.c:108)
08/24 14:01:46.027: [diam] ERROR: pid:PSM/mme.epc.mnc001.mcc001.3gppnetwork.org in fd_psm_change_state@p_psm.c:284: 'STATE_OPEN'	-> 'STATE_CLOSED'	'mme.epc.mnc001.mcc001.3gppnetwork.org'
 ((null):0)
Open5GS daemon v2.6.4-78-g7f08873

08/24 14:08:10.650: [app] INFO: Configuration: '/open5gs/install/etc/open5gs/hss.yaml' (../lib/app/ogs-init.c:126)
08/24 14:08:10.650: [app] INFO: File Logging: '/open5gs/install/var/log/open5gs/hss.log' (../lib/app/ogs-init.c:129)
08/24 14:08:10.652: [dbi] INFO: MongoDB URI: 'mongodb://172.22.0.2/open5gs' (../lib/dbi/ogs-mongoc.c:130)
08/24 14:08:10.682: [app] INFO: HSS initialize...done (../src/hss/app-init.c:31)
08/24 14:08:10.683: [diam] INFO: CONNECTED TO 'mme.epc.mnc001.mcc001.3gppnetwork.org' (SCTP,soc#15): (../lib/diameter/common/logger.c:108)
08/24 14:29:02.679: [diam] ERROR: pid:PSM/mme.epc.mnc001.mcc001.3gppnetwork.org in fd_psm_change_state@p_psm.c:284: 'STATE_OPEN'	-> 'STATE_CLOSED'	'mme.epc.mnc001.mcc001.3gppnetwork.org'
 ((null):0)
Open5GS daemon v2.6.4-78-g7f08873

08/24 14:30:51.011: [app] INFO: Configuration: '/open5gs/install/etc/open5gs/hss.yaml' (../lib/app/ogs-init.c:126)
08/24 14:30:51.011: [app] INFO: File Logging: '/open5gs/install/var/log/open5gs/hss.log' (../lib/app/ogs-init.c:129)
08/24 14:30:51.012: [dbi] INFO: MongoDB URI: 'mongodb://172.22.0.2/open5gs' (../lib/dbi/ogs-mongoc.c:130)
08/24 14:30:51.041: [app] INFO: HSS initialize...done (../src/hss/app-init.c:31)
08/24 14:30:51.042: [diam] INFO: CONNECTED TO 'mme.epc.mnc001.mcc001.3gppnetwork.org' (SCTP,soc#15): (../lib/diameter/common/logger.c:108)
08/24 14:34:13.086: [diam] ERROR: pid:PSM/mme.epc.mnc001.mcc001.3gppnetwork.org in fd_psm_change_state@p_psm.c:284: 'STATE_OPEN'	-> 'STATE_CLOSED'	'mme.epc.mnc001.mcc001.3gppnetwork.org'
 ((null):0)
Open5GS daemon v2.6.4-78-g7f08873

08/24 15:54:28.237: [app] INFO: Configuration: '/open5gs/install/etc/open5gs/hss.yaml' (../lib/app/ogs-init.c:126)
08/24 15:54:28.237: [app] INFO: File Logging: '/open5gs/install/var/log/open5gs/hss.log' (../lib/app/ogs-init.c:129)
08/24 15:54:28.239: [dbi] INFO: MongoDB URI: 'mongodb://172.22.0.2/open5gs' (../lib/dbi/ogs-mongoc.c:130)
08/24 15:54:28.257: [app] INFO: HSS initialize...done (../src/hss/app-init.c:31)
08/24 15:54:28.258: [diam] INFO: CONNECTED TO 'mme.epc.mnc001.mcc001.3gppnetwork.org' (SCTP,soc#15): (../lib/diameter/common/logger.c:108)
08/24 15:55:48.819: [dbi] INFO: [imsi-302610046963740] Cannot find IMSI in DB (../lib/dbi/subscription.c:56)
08/24 18:32:03.315: [diam] ERROR: pid:PSM/mme.epc.mnc001.mcc001.3gppnetwork.org in fd_psm_change_state@p_psm.c:284: 'STATE_OPEN'	-> 'STATE_CLOSED'	'mme.epc.mnc001.mcc001.3gppnetwork.org'
 ((null):0)
Open5GS daemon v2.6.4-78-g7f08873

08/25 10:21:34.424: [app] INFO: Configuration: '/open5gs/install/etc/open5gs/hss.yaml' (../lib/app/ogs-init.c:126)
08/25 10:21:34.424: [app] INFO: File Logging: '/open5gs/install/var/log/open5gs/hss.log' (../lib/app/ogs-init.c:129)
08/25 10:21:34.425: [dbi] INFO: MongoDB URI: 'mongodb://172.22.0.2/open5gs' (../lib/dbi/ogs-mongoc.c:130)
08/25 10:21:34.452: [app] INFO: HSS initialize...done (../src/hss/app-init.c:31)
08/25 10:21:34.453: [diam] INFO: CONNECTED TO 'mme.epc.mnc001.mcc001.3gppnetwork.org' (SCTP,soc#15): (../lib/diameter/common/logger.c:108)
Open5GS daemon v2.6.4-78-g7f08873

08/28 15:56:11.994: [app] INFO: Configuration: '/open5gs/install/etc/open5gs/hss.yaml' (../lib/app/ogs-init.c:126)
08/28 15:56:11.994: [app] INFO: File Logging: '/open5gs/install/var/log/open5gs/hss.log' (../lib/app/ogs-init.c:129)
08/28 15:56:11.996: [dbi] INFO: MongoDB URI: 'mongodb://172.22.0.2/open5gs' (../lib/dbi/ogs-mongoc.c:130)
08/28 15:56:12.016: [app] INFO: HSS initialize...done (../src/hss/app-init.c:31)
08/28 15:56:12.017: [diam] INFO: CONNECTED TO 'mme.epc.mnc001.mcc001.3gppnetwork.org' (SCTP,soc#15): (../lib/diameter/common/logger.c:108)
08/28 16:09:15.412: [diam] ERROR: pid:PSM/mme.epc.mnc001.mcc001.3gppnetwork.org in fd_psm_change_state@p_psm.c:284: 'STATE_OPEN'	-> 'STATE_CLOSED'	'mme.epc.mnc001.mcc001.3gppnetwork.org'
 ((null):0)
Open5GS daemon v2.6.4-78-g7f08873

08/28 16:10:13.994: [app] INFO: Configuration: '/open5gs/install/etc/open5gs/hss.yaml' (../lib/app/ogs-init.c:126)
08/28 16:10:13.994: [app] INFO: File Logging: '/open5gs/install/var/log/open5gs/hss.log' (../lib/app/ogs-init.c:129)
08/28 16:10:13.996: [dbi] INFO: MongoDB URI: 'mongodb://172.22.0.2/open5gs' (../lib/dbi/ogs-mongoc.c:130)
08/28 16:10:14.024: [app] INFO: HSS initialize...done (../src/hss/app-init.c:31)
08/28 16:10:14.026: [diam] INFO: CONNECTED TO 'mme.epc.mnc001.mcc001.3gppnetwork.org' (SCTP,soc#15): (../lib/diameter/common/logger.c:108)
08/28 17:37:22.389: [diam] ERROR: pid:PSM/mme.epc.mnc001.mcc001.3gppnetwork.org in fd_psm_change_state@p_psm.c:284: 'STATE_OPEN'	-> 'STATE_CLOSED'	'mme.epc.mnc001.mcc001.3gppnetwork.org'
 ((null):0)
Open5GS daemon v2.6.4-78-g7f08873

08/28 17:38:14.451: [app] INFO: Configuration: '/open5gs/install/etc/open5gs/hss.yaml' (../lib/app/ogs-init.c:126)
08/28 17:38:14.451: [app] INFO: File Logging: '/open5gs/install/var/log/open5gs/hss.log' (../lib/app/ogs-init.c:129)
08/28 17:38:14.453: [dbi] INFO: MongoDB URI: 'mongodb://172.22.0.2/open5gs' (../lib/dbi/ogs-mongoc.c:130)
08/28 17:38:14.499: [app] INFO: HSS initialize...done (../src/hss/app-init.c:31)
08/28 17:38:14.500: [diam] INFO: CONNECTED TO 'mme.epc.mnc001.mcc001.3gppnetwork.org' (SCTP,soc#15): (../lib/diameter/common/logger.c:108)
08/28 18:15:56.978: [diam] ERROR: pid:PSM/mme.epc.mnc001.mcc001.3gppnetwork.org in fd_psm_change_state@p_psm.c:284: 'STATE_OPEN'	-> 'STATE_CLOSED'	'mme.epc.mnc001.mcc001.3gppnetwork.org'
 ((null):0)
Open5GS daemon v2.6.4-78-g7f08873

08/29 09:36:43.292: [app] INFO: Configuration: '/open5gs/install/etc/open5gs/hss.yaml' (../lib/app/ogs-init.c:126)
08/29 09:36:43.292: [app] INFO: File Logging: '/open5gs/install/var/log/open5gs/hss.log' (../lib/app/ogs-init.c:129)
08/29 09:36:43.293: [dbi] INFO: MongoDB URI: 'mongodb://172.22.0.2/open5gs' (../lib/dbi/ogs-mongoc.c:130)
08/29 09:36:43.326: [app] INFO: HSS initialize...done (../src/hss/app-init.c:31)
08/29 09:36:43.328: [diam] INFO: CONNECTED TO 'mme.epc.mnc001.mcc001.3gppnetwork.org' (SCTP,soc#15): (../lib/diameter/common/logger.c:108)
08/29 11:32:04.516: [diam] ERROR: pid:PSM/mme.epc.mnc001.mcc001.3gppnetwork.org in fd_psm_change_state@p_psm.c:284: 'STATE_OPEN'	-> 'STATE_CLOSED'	'mme.epc.mnc001.mcc001.3gppnetwork.org'
 ((null):0)
Open5GS daemon v2.6.4-78-g7f08873

08/29 12:39:11.306: [app] INFO: Configuration: '/open5gs/install/etc/open5gs/hss.yaml' (../lib/app/ogs-init.c:126)
08/29 12:39:11.306: [app] INFO: File Logging: '/open5gs/install/var/log/open5gs/hss.log' (../lib/app/ogs-init.c:129)
08/29 12:39:11.307: [dbi] INFO: MongoDB URI: 'mongodb://172.22.0.2/open5gs' (../lib/dbi/ogs-mongoc.c:130)
08/29 12:39:11.339: [app] INFO: HSS initialize...done (../src/hss/app-init.c:31)
08/29 12:39:11.340: [diam] INFO: CONNECTED TO 'mme.epc.mnc001.mcc001.3gppnetwork.org' (SCTP,soc#15): (../lib/diameter/common/logger.c:108)
08/29 12:42:08.603: [diam] ERROR: pid:PSM/mme.epc.mnc001.mcc001.3gppnetwork.org in fd_psm_change_state@p_psm.c:284: 'STATE_OPEN'	-> 'STATE_CLOSED'	'mme.epc.mnc001.mcc001.3gppnetwork.org'
 ((null):0)
Open5GS daemon v2.6.4-78-g7f08873

08/29 12:43:03.967: [app] INFO: Configuration: '/open5gs/install/etc/open5gs/hss.yaml' (../lib/app/ogs-init.c:126)
08/29 12:43:03.967: [app] INFO: File Logging: '/open5gs/install/var/log/open5gs/hss.log' (../lib/app/ogs-init.c:129)
08/29 12:43:03.968: [dbi] INFO: MongoDB URI: 'mongodb://172.22.0.2/open5gs' (../lib/dbi/ogs-mongoc.c:130)
08/29 12:43:03.985: [app] INFO: HSS initialize...done (../src/hss/app-init.c:31)
08/29 12:43:03.986: [diam] INFO: CONNECTED TO 'mme.epc.mnc001.mcc001.3gppnetwork.org' (SCTP,soc#15): (../lib/diameter/common/logger.c:108)
08/29 12:48:52.769: [dbi] INFO: [imsi-302500403272311] Cannot find IMSI in DB (../lib/dbi/subscription.c:56)
08/29 12:49:02.949: [dbi] INFO: [imsi-302500403272311] Cannot find IMSI in DB (../lib/dbi/subscription.c:56)
08/29 12:49:13.209: [dbi] INFO: [imsi-302500403272311] Cannot find IMSI in DB (../lib/dbi/subscription.c:56)
08/29 12:49:23.397: [dbi] INFO: [imsi-302500403272311] Cannot find IMSI in DB (../lib/dbi/subscription.c:56)
08/29 12:49:33.649: [dbi] INFO: [imsi-302500403272311] Cannot find IMSI in DB (../lib/dbi/subscription.c:56)
08/29 13:01:46.562: [dbi] INFO: [imsi-302370508007398] Cannot find IMSI in DB (../lib/dbi/subscription.c:56)
08/29 13:01:56.730: [dbi] INFO: [imsi-302370508007398] Cannot find IMSI in DB (../lib/dbi/subscription.c:56)
08/29 13:04:44.572: [dbi] INFO: [imsi-302500402429124] Cannot find IMSI in DB (../lib/dbi/subscription.c:56)
08/29 13:04:54.760: [dbi] INFO: [imsi-302500402429124] Cannot find IMSI in DB (../lib/dbi/subscription.c:56)
08/29 13:05:04.944: [dbi] INFO: [imsi-302500402429124] Cannot find IMSI in DB (../lib/dbi/subscription.c:56)
08/29 13:05:15.212: [dbi] INFO: [imsi-302500402429124] Cannot find IMSI in DB (../lib/dbi/subscription.c:56)
08/29 13:05:20.255: [dbi] INFO: [imsi-302500400652270] Cannot find IMSI in DB (../lib/dbi/subscription.c:56)
08/29 13:05:25.444: [dbi] INFO: [imsi-302500402429124] Cannot find IMSI in DB (../lib/dbi/subscription.c:56)
08/29 13:07:21.511: [dbi] INFO: [imsi-302500401512266] Cannot find IMSI in DB (../lib/dbi/subscription.c:56)
08/29 13:07:31.791: [dbi] INFO: [imsi-302500401512266] Cannot find IMSI in DB (../lib/dbi/subscription.c:56)
08/29 13:15:01.591: [dbi] INFO: [imsi-302500400945106] Cannot find IMSI in DB (../lib/dbi/subscription.c:56)
08/29 13:15:11.772: [dbi] INFO: [imsi-302500400945106] Cannot find IMSI in DB (../lib/dbi/subscription.c:56)
08/29 13:15:32.454: [dbi] INFO: [imsi-302500400945106] Cannot find IMSI in DB (../lib/dbi/subscription.c:56)
08/29 13:15:42.718: [dbi] INFO: [imsi-302500400945106] Cannot find IMSI in DB (../lib/dbi/subscription.c:56)
08/29 13:17:24.554: [dbi] INFO: [imsi-302500403272311] Cannot find IMSI in DB (../lib/dbi/subscription.c:56)
08/29 13:17:34.734: [dbi] INFO: [imsi-302500403272311] Cannot find IMSI in DB (../lib/dbi/subscription.c:56)
08/29 13:17:44.994: [dbi] INFO: [imsi-302500403272311] Cannot find IMSI in DB (../lib/dbi/subscription.c:56)
08/29 13:17:55.214: [dbi] INFO: [imsi-302500403272311] Cannot find IMSI in DB (../lib/dbi/subscription.c:56)
08/29 13:18:05.453: [dbi] INFO: [imsi-302500403272311] Cannot find IMSI in DB (../lib/dbi/subscription.c:56)
08/29 13:19:16.613: [dbi] INFO: [imsi-302500403803000] Cannot find IMSI in DB (../lib/dbi/subscription.c:56)
08/29 13:19:26.813: [dbi] INFO: [imsi-302500403803000] Cannot find IMSI in DB (../lib/dbi/subscription.c:56)
08/29 13:29:27.331: [dbi] INFO: [imsi-302500401029211] Cannot find IMSI in DB (../lib/dbi/subscription.c:56)
08/29 13:29:37.551: [dbi] INFO: [imsi-302500401029211] Cannot find IMSI in DB (../lib/dbi/subscription.c:56)
08/29 13:30:57.253: [dbi] INFO: [imsi-302370606611394] Cannot find IMSI in DB (../lib/dbi/subscription.c:56)
08/29 13:31:07.433: [dbi] INFO: [imsi-302370606611394] Cannot find IMSI in DB (../lib/dbi/subscription.c:56)
08/29 13:31:17.613: [dbi] INFO: [imsi-302370606611394] Cannot find IMSI in DB (../lib/dbi/subscription.c:56)
08/29 13:31:27.793: [dbi] INFO: [imsi-302370606611394] Cannot find IMSI in DB (../lib/dbi/subscription.c:56)
08/29 13:37:12.271: [dbi] INFO: [imsi-302500401029211] Cannot find IMSI in DB (../lib/dbi/subscription.c:56)
08/29 13:37:22.647: [dbi] INFO: [imsi-302500401029211] Cannot find IMSI in DB (../lib/dbi/subscription.c:56)
Open5GS daemon v2.6.4-78-g7f08873

08/29 14:43:36.416: [app] INFO: Configuration: '/open5gs/install/etc/open5gs/hss.yaml' (../lib/app/ogs-init.c:126)
08/29 14:43:36.416: [app] INFO: File Logging: '/open5gs/install/var/log/open5gs/hss.log' (../lib/app/ogs-init.c:129)
08/29 14:43:36.417: [dbi] INFO: MongoDB URI: 'mongodb://172.22.0.2/open5gs' (../lib/dbi/ogs-mongoc.c:130)
08/29 14:43:36.447: [app] INFO: HSS initialize...done (../src/hss/app-init.c:31)
08/29 14:43:36.449: [diam] INFO: CONNECTED TO 'mme.epc.mnc001.mcc001.3gppnetwork.org' (SCTP,soc#15): (../lib/diameter/common/logger.c:108)
08/29 15:35:50.844: [diam] ERROR: pid:PSM/mme.epc.mnc001.mcc001.3gppnetwork.org in fd_psm_change_state@p_psm.c:284: 'STATE_OPEN'	-> 'STATE_CLOSED'	'mme.epc.mnc001.mcc001.3gppnetwork.org'
 ((null):0)
Open5GS daemon v2.6.4-78-g7f08873

08/30 11:36:56.971: [app] INFO: Configuration: '/open5gs/install/etc/open5gs/hss.yaml' (../lib/app/ogs-init.c:126)
08/30 11:36:56.971: [app] INFO: File Logging: '/open5gs/install/var/log/open5gs/hss.log' (../lib/app/ogs-init.c:129)
08/30 11:36:56.972: [dbi] INFO: MongoDB URI: 'mongodb://172.22.0.2/open5gs' (../lib/dbi/ogs-mongoc.c:130)
08/30 11:36:56.993: [app] INFO: HSS initialize...done (../src/hss/app-init.c:31)
08/30 11:36:56.995: [diam] INFO: CONNECTED TO 'mme.epc.mnc001.mcc001.3gppnetwork.org' (SCTP,soc#15): (../lib/diameter/common/logger.c:108)
08/30 14:56:22.981: [diam] ERROR: pid:PSM/mme.epc.mnc001.mcc001.3gppnetwork.org in fd_psm_change_state@p_psm.c:284: 'STATE_OPEN'	-> 'STATE_CLOSED'	'mme.epc.mnc001.mcc001.3gppnetwork.org'
 ((null):0)
Open5GS daemon v2.6.4-78-g7f08873

08/31 14:56:00.760: [app] INFO: Configuration: '/open5gs/install/etc/open5gs/hss.yaml' (../lib/app/ogs-init.c:126)
08/31 14:56:00.760: [app] INFO: File Logging: '/open5gs/install/var/log/open5gs/hss.log' (../lib/app/ogs-init.c:129)
08/31 14:56:00.761: [dbi] INFO: MongoDB URI: 'mongodb://172.22.0.2/open5gs' (../lib/dbi/ogs-mongoc.c:130)
08/31 14:56:00.797: [app] INFO: HSS initialize...done (../src/hss/app-init.c:31)
08/31 14:56:00.798: [diam] INFO: CONNECTED TO 'mme.epc.mnc001.mcc001.3gppnetwork.org' (SCTP,soc#15): (../lib/diameter/common/logger.c:108)
08/31 15:17:54.466: [diam] ERROR: pid:PSM/mme.epc.mnc001.mcc001.3gppnetwork.org in fd_psm_change_state@p_psm.c:284: 'STATE_OPEN'	-> 'STATE_CLOSED'	'mme.epc.mnc001.mcc001.3gppnetwork.org'
 ((null):0)
Open5GS daemon v2.6.4-78-g7f08873

08/31 16:34:54.094: [app] INFO: Configuration: '/open5gs/install/etc/open5gs/hss.yaml' (../lib/app/ogs-init.c:126)
08/31 16:34:54.094: [app] INFO: File Logging: '/open5gs/install/var/log/open5gs/hss.log' (../lib/app/ogs-init.c:129)
08/31 16:34:54.095: [dbi] INFO: MongoDB URI: 'mongodb://172.22.0.2/open5gs' (../lib/dbi/ogs-mongoc.c:130)
08/31 16:34:54.119: [app] INFO: HSS initialize...done (../src/hss/app-init.c:31)
08/31 16:34:54.121: [diam] INFO: CONNECTED TO 'mme.epc.mnc001.mcc001.3gppnetwork.org' (SCTP,soc#15): (../lib/diameter/common/logger.c:108)
08/31 17:02:21.856: [diam] ERROR: pid:PSM/mme.epc.mnc001.mcc001.3gppnetwork.org in fd_psm_change_state@p_psm.c:284: 'STATE_OPEN'	-> 'STATE_CLOSED'	'mme.epc.mnc001.mcc001.3gppnetwork.org'
 ((null):0)
Open5GS daemon v2.6.4-78-g7f08873

08/31 17:04:38.280: [app] INFO: Configuration: '/open5gs/install/etc/open5gs/hss.yaml' (../lib/app/ogs-init.c:126)
08/31 17:04:38.280: [app] INFO: File Logging: '/open5gs/install/var/log/open5gs/hss.log' (../lib/app/ogs-init.c:129)
08/31 17:04:38.281: [dbi] INFO: MongoDB URI: 'mongodb://172.22.0.2/open5gs' (../lib/dbi/ogs-mongoc.c:130)
08/31 17:04:38.311: [app] INFO: HSS initialize...done (../src/hss/app-init.c:31)
08/31 17:04:38.312: [diam] INFO: CONNECTED TO 'mme.epc.mnc001.mcc001.3gppnetwork.org' (SCTP,soc#15): (../lib/diameter/common/logger.c:108)
09/01 08:54:29.022: [diam] ERROR: pid:PSM/mme.epc.mnc001.mcc001.3gppnetwork.org in fd_psm_change_state@p_psm.c:284: 'STATE_OPEN'	-> 'STATE_CLOSED'	'mme.epc.mnc001.mcc001.3gppnetwork.org'
 ((null):0)
Open5GS daemon v2.6.4-78-g7f08873

09/01 08:55:50.433: [app] INFO: Configuration: '/open5gs/install/etc/open5gs/hss.yaml' (../lib/app/ogs-init.c:126)
09/01 08:55:50.433: [app] INFO: File Logging: '/open5gs/install/var/log/open5gs/hss.log' (../lib/app/ogs-init.c:129)
09/01 08:55:50.434: [dbi] INFO: MongoDB URI: 'mongodb://172.22.0.2/open5gs' (../lib/dbi/ogs-mongoc.c:130)
09/01 08:55:50.458: [app] INFO: HSS initialize...done (../src/hss/app-init.c:31)
09/01 08:55:50.459: [diam] INFO: CONNECTED TO 'mme.epc.mnc001.mcc001.3gppnetwork.org' (SCTP,soc#15): (../lib/diameter/common/logger.c:108)
09/01 14:00:46.543: [diam] ERROR: pid:PSM/mme.epc.mnc001.mcc001.3gppnetwork.org in fd_psm_change_state@p_psm.c:284: 'STATE_OPEN'	-> 'STATE_CLOSED'	'mme.epc.mnc001.mcc001.3gppnetwork.org'
 ((null):0)
Open5GS daemon v2.6.4-78-g7f08873

09/01 14:15:27.963: [app] INFO: Configuration: '/open5gs/install/etc/open5gs/hss.yaml' (../lib/app/ogs-init.c:126)
09/01 14:15:27.963: [app] INFO: File Logging: '/open5gs/install/var/log/open5gs/hss.log' (../lib/app/ogs-init.c:129)
09/01 14:15:27.964: [dbi] INFO: MongoDB URI: 'mongodb://172.22.0.2/open5gs' (../lib/dbi/ogs-mongoc.c:130)
09/01 14:15:27.996: [app] INFO: HSS initialize...done (../src/hss/app-init.c:31)
09/01 14:15:27.998: [diam] INFO: CONNECTED TO 'mme.epc.mnc001.mcc001.3gppnetwork.org' (SCTP,soc#15): (../lib/diameter/common/logger.c:108)
09/01 16:05:41.717: [diam] ERROR: pid:PSM/mme.epc.mnc001.mcc001.3gppnetwork.org in fd_psm_change_state@p_psm.c:284: 'STATE_OPEN'	-> 'STATE_CLOSED'	'mme.epc.mnc001.mcc001.3gppnetwork.org'
 ((null):0)
Open5GS daemon v2.6.4-78-g7f08873

09/05 14:16:30.575: [app] INFO: Configuration: '/open5gs/install/etc/open5gs/hss.yaml' (../lib/app/ogs-init.c:126)
09/05 14:16:30.575: [app] INFO: File Logging: '/open5gs/install/var/log/open5gs/hss.log' (../lib/app/ogs-init.c:129)
09/05 14:16:30.577: [dbi] INFO: MongoDB URI: 'mongodb://172.22.0.2/open5gs' (../lib/dbi/ogs-mongoc.c:130)
09/05 14:16:30.653: [app] INFO: HSS initialize...done (../src/hss/app-init.c:31)
09/05 14:16:30.655: [diam] INFO: CONNECTED TO 'mme.epc.mnc001.mcc001.3gppnetwork.org' (SCTP,soc#15): (../lib/diameter/common/logger.c:108)
09/05 15:11:40.340: [diam] ERROR: pid:PSM/mme.epc.mnc001.mcc001.3gppnetwork.org in fd_psm_change_state@p_psm.c:284: 'STATE_OPEN'	-> 'STATE_CLOSED'	'mme.epc.mnc001.mcc001.3gppnetwork.org'
 ((null):0)
Open5GS daemon v2.6.4-78-g7f08873

09/05 15:17:07.604: [app] INFO: Configuration: '/open5gs/install/etc/open5gs/hss.yaml' (../lib/app/ogs-init.c:126)
09/05 15:17:07.604: [app] INFO: File Logging: '/open5gs/install/var/log/open5gs/hss.log' (../lib/app/ogs-init.c:129)
09/05 15:17:07.605: [dbi] INFO: MongoDB URI: 'mongodb://172.22.0.2/open5gs' (../lib/dbi/ogs-mongoc.c:130)
09/05 15:17:07.635: [app] INFO: HSS initialize...done (../src/hss/app-init.c:31)
09/05 15:17:07.637: [diam] INFO: CONNECTED TO 'mme.epc.mnc001.mcc001.3gppnetwork.org' (SCTP,soc#15): (../lib/diameter/common/logger.c:108)
09/05 15:33:53.014: [diam] ERROR: pid:PSM/mme.epc.mnc001.mcc001.3gppnetwork.org in fd_psm_change_state@p_psm.c:284: 'STATE_OPEN'	-> 'STATE_CLOSED'	'mme.epc.mnc001.mcc001.3gppnetwork.org'
 ((null):0)
Open5GS daemon v2.6.4-78-g7f08873

09/05 15:34:38.402: [app] INFO: Configuration: '/open5gs/install/etc/open5gs/hss.yaml' (../lib/app/ogs-init.c:126)
09/05 15:34:38.402: [app] INFO: File Logging: '/open5gs/install/var/log/open5gs/hss.log' (../lib/app/ogs-init.c:129)
09/05 15:34:38.403: [dbi] INFO: MongoDB URI: 'mongodb://172.22.0.2/open5gs' (../lib/dbi/ogs-mongoc.c:130)
09/05 15:34:38.423: [app] INFO: HSS initialize...done (../src/hss/app-init.c:31)
09/05 15:34:38.424: [diam] INFO: CONNECTED TO 'mme.epc.mnc001.mcc001.3gppnetwork.org' (SCTP,soc#15): (../lib/diameter/common/logger.c:108)
09/05 17:26:57.808: [diam] ERROR: pid:PSM/mme.epc.mnc001.mcc001.3gppnetwork.org in fd_psm_change_state@p_psm.c:284: 'STATE_OPEN'	-> 'STATE_CLOSED'	'mme.epc.mnc001.mcc001.3gppnetwork.org'
 ((null):0)
Open5GS daemon v2.6.4-78-g7f08873

10/02 12:17:48.465: [app] INFO: Configuration: '/open5gs/install/etc/open5gs/hss.yaml' (../lib/app/ogs-init.c:126)
10/02 12:17:48.465: [app] INFO: File Logging: '/open5gs/install/var/log/open5gs/hss.log' (../lib/app/ogs-init.c:129)
10/02 12:17:48.466: [dbi] INFO: MongoDB URI: 'mongodb://172.22.0.2/open5gs' (../lib/dbi/ogs-mongoc.c:130)
10/02 12:17:48.490: [app] INFO: HSS initialize...done (../src/hss/app-init.c:31)
10/02 12:17:48.505: [diam] INFO: CONNECTED TO 'mme.epc.mnc001.mcc001.3gppnetwork.org' (SCTP,soc#15): (../lib/diameter/common/logger.c:108)
Open5GS daemon v2.6.4-78-g7f08873

10/02 14:28:17.252: [app] INFO: Configuration: '/open5gs/install/etc/open5gs/hss.yaml' (../lib/app/ogs-init.c:126)
10/02 14:28:17.252: [app] INFO: File Logging: '/open5gs/install/var/log/open5gs/hss.log' (../lib/app/ogs-init.c:129)
10/02 14:28:17.254: [dbi] INFO: MongoDB URI: 'mongodb://172.22.0.2/open5gs' (../lib/dbi/ogs-mongoc.c:130)
10/02 14:28:17.275: [app] INFO: HSS initialize...done (../src/hss/app-init.c:31)
10/02 14:28:17.294: [diam] INFO: CONNECTED TO 'mme.epc.mnc001.mcc001.3gppnetwork.org' (SCTP,soc#15): (../lib/diameter/common/logger.c:108)
10/02 14:35:54.069: [diam] ERROR: pid:PSM/mme.epc.mnc001.mcc001.3gppnetwork.org in fd_psm_change_state@p_psm.c:284: 'STATE_OPEN'	-> 'STATE_CLOSED'	'mme.epc.mnc001.mcc001.3gppnetwork.org'
 ((null):0)
Open5GS daemon v2.6.4-78-g7f08873

10/02 17:05:15.186: [app] INFO: Configuration: '/open5gs/install/etc/open5gs/hss.yaml' (../lib/app/ogs-init.c:126)
10/02 17:05:15.186: [app] INFO: File Logging: '/open5gs/install/var/log/open5gs/hss.log' (../lib/app/ogs-init.c:129)
10/02 17:05:15.187: [dbi] INFO: MongoDB URI: 'mongodb://172.22.0.2/open5gs' (../lib/dbi/ogs-mongoc.c:130)
10/02 17:05:15.206: [app] INFO: HSS initialize...done (../src/hss/app-init.c:31)
10/02 17:05:15.220: [diam] INFO: CONNECTED TO 'mme.epc.mnc001.mcc001.3gppnetwork.org' (SCTP,soc#15): (../lib/diameter/common/logger.c:108)
10/02 17:05:30.176: [diam] ERROR: pid:PSM/mme.epc.mnc001.mcc001.3gppnetwork.org in fd_psm_change_state@p_psm.c:284: 'STATE_OPEN'	-> 'STATE_CLOSED'	'mme.epc.mnc001.mcc001.3gppnetwork.org'
 ((null):0)
Open5GS daemon v2.6.4-78-g7f08873

10/02 17:06:40.964: [app] INFO: Configuration: '/open5gs/install/etc/open5gs/hss.yaml' (../lib/app/ogs-init.c:126)
10/02 17:06:40.964: [app] INFO: File Logging: '/open5gs/install/var/log/open5gs/hss.log' (../lib/app/ogs-init.c:129)
10/02 17:06:40.965: [dbi] INFO: MongoDB URI: 'mongodb://172.22.0.2/open5gs' (../lib/dbi/ogs-mongoc.c:130)
10/02 17:06:40.993: [app] INFO: HSS initialize...done (../src/hss/app-init.c:31)
10/02 17:06:41.010: [diam] INFO: CONNECTED TO 'mme.epc.mnc001.mcc001.3gppnetwork.org' (SCTP,soc#15): (../lib/diameter/common/logger.c:108)
10/03 10:59:32.291: [diam] ERROR: pid:PSM/mme.epc.mnc001.mcc001.3gppnetwork.org in fd_psm_change_state@p_psm.c:284: 'STATE_OPEN'	-> 'STATE_CLOSED'	'mme.epc.mnc001.mcc001.3gppnetwork.org'
 ((null):0)
Open5GS daemon v2.6.4-78-g7f08873

10/03 11:31:58.536: [app] INFO: Configuration: '/open5gs/install/etc/open5gs/hss.yaml' (../lib/app/ogs-init.c:126)
10/03 11:31:58.536: [app] INFO: File Logging: '/open5gs/install/var/log/open5gs/hss.log' (../lib/app/ogs-init.c:129)
10/03 11:31:58.537: [dbi] INFO: MongoDB URI: 'mongodb://172.22.0.2/open5gs' (../lib/dbi/ogs-mongoc.c:130)
10/03 11:31:58.552: [app] INFO: HSS initialize...done (../src/hss/app-init.c:31)
10/03 11:31:58.570: [diam] INFO: CONNECTED TO 'mme.epc.mnc001.mcc001.3gppnetwork.org' (SCTP,soc#15): (../lib/diameter/common/logger.c:108)
10/03 14:24:15.272: [diam] ERROR: pid:PSM/mme.epc.mnc001.mcc001.3gppnetwork.org in fd_psm_change_state@p_psm.c:284: 'STATE_OPEN'	-> 'STATE_CLOSED'	'mme.epc.mnc001.mcc001.3gppnetwork.org'
 ((null):0)
Open5GS daemon v2.6.4-78-g7f08873

10/03 14:29:01.728: [app] INFO: Configuration: '/open5gs/install/etc/open5gs/hss.yaml' (../lib/app/ogs-init.c:126)
10/03 14:29:01.728: [app] INFO: File Logging: '/open5gs/install/var/log/open5gs/hss.log' (../lib/app/ogs-init.c:129)
10/03 14:29:01.729: [dbi] INFO: MongoDB URI: 'mongodb://172.22.0.2/open5gs' (../lib/dbi/ogs-mongoc.c:130)
10/03 14:29:01.778: [app] INFO: HSS initialize...done (../src/hss/app-init.c:31)
10/03 14:29:01.812: [diam] INFO: CONNECTED TO 'mme.epc.mnc001.mcc001.3gppnetwork.org' (SCTP,soc#15): (../lib/diameter/common/logger.c:108)
10/03 15:09:19.372: [diam] ERROR: pid:PSM/mme.epc.mnc001.mcc001.3gppnetwork.org in fd_psm_change_state@p_psm.c:284: 'STATE_OPEN'	-> 'STATE_CLOSED'	'mme.epc.mnc001.mcc001.3gppnetwork.org'
 ((null):0)
Open5GS daemon v2.6.4-78-g7f08873

10/04 15:02:16.704: [app] INFO: Configuration: '/open5gs/install/etc/open5gs/hss.yaml' (../lib/app/ogs-init.c:126)
10/04 15:02:16.704: [app] INFO: File Logging: '/open5gs/install/var/log/open5gs/hss.log' (../lib/app/ogs-init.c:129)
10/04 15:02:16.706: [dbi] INFO: MongoDB URI: 'mongodb://172.22.0.2/open5gs' (../lib/dbi/ogs-mongoc.c:130)
10/04 15:02:16.737: [app] INFO: HSS initialize...done (../src/hss/app-init.c:31)
10/04 15:02:16.762: [diam] INFO: CONNECTED TO 'mme.epc.mnc001.mcc001.3gppnetwork.org' (SCTP,soc#15): (../lib/diameter/common/logger.c:108)
10/04 15:38:03.976: [diam] ERROR: pid:PSM/mme.epc.mnc001.mcc001.3gppnetwork.org in fd_psm_change_state@p_psm.c:284: 'STATE_OPEN'	-> 'STATE_CLOSED'	'mme.epc.mnc001.mcc001.3gppnetwork.org'
 ((null):0)
Open5GS daemon v2.6.4-78-g7f08873

10/04 16:53:33.354: [app] INFO: Configuration: '/open5gs/install/etc/open5gs/hss.yaml' (../lib/app/ogs-init.c:126)
10/04 16:53:33.354: [app] INFO: File Logging: '/open5gs/install/var/log/open5gs/hss.log' (../lib/app/ogs-init.c:129)
10/04 16:53:33.356: [dbi] INFO: MongoDB URI: 'mongodb://172.22.0.2/open5gs' (../lib/dbi/ogs-mongoc.c:130)
10/04 16:53:33.402: [app] INFO: HSS initialize...done (../src/hss/app-init.c:31)
10/04 16:53:33.422: [diam] INFO: CONNECTED TO 'mme.epc.mnc001.mcc001.3gppnetwork.org' (SCTP,soc#15): (../lib/diameter/common/logger.c:108)
10/04 17:54:36.330: [diam] ERROR: pid:PSM/mme.epc.mnc001.mcc001.3gppnetwork.org in fd_psm_change_state@p_psm.c:284: 'STATE_OPEN'	-> 'STATE_CLOSED'	'mme.epc.mnc001.mcc001.3gppnetwork.org'
 ((null):0)
Open5GS daemon v2.6.4-78-g7f08873

10/05 10:13:24.164: [app] INFO: Configuration: '/open5gs/install/etc/open5gs/hss.yaml' (../lib/app/ogs-init.c:126)
10/05 10:13:24.164: [app] INFO: File Logging: '/open5gs/install/var/log/open5gs/hss.log' (../lib/app/ogs-init.c:129)
10/05 10:13:24.166: [dbi] INFO: MongoDB URI: 'mongodb://172.22.0.2/open5gs' (../lib/dbi/ogs-mongoc.c:130)
10/05 10:13:24.201: [app] INFO: HSS initialize...done (../src/hss/app-init.c:31)
10/05 10:13:24.228: [diam] INFO: CONNECTED TO 'mme.epc.mnc001.mcc001.3gppnetwork.org' (SCTP,soc#15): (../lib/diameter/common/logger.c:108)
Open5GS daemon v2.6.4-78-g7f08873

10/05 10:58:27.429: [app] INFO: Configuration: '/open5gs/install/etc/open5gs/hss.yaml' (../lib/app/ogs-init.c:126)
10/05 10:58:27.429: [app] INFO: File Logging: '/open5gs/install/var/log/open5gs/hss.log' (../lib/app/ogs-init.c:129)
10/05 10:58:27.431: [dbi] INFO: MongoDB URI: 'mongodb://172.22.0.2/open5gs' (../lib/dbi/ogs-mongoc.c:130)
10/05 10:58:27.527: [app] INFO: HSS initialize...done (../src/hss/app-init.c:31)
10/05 10:58:27.548: [diam] INFO: CONNECTED TO 'mme.epc.mnc001.mcc001.3gppnetwork.org' (SCTP,soc#15): (../lib/diameter/common/logger.c:108)
10/05 11:06:26.362: [dbi] INFO: [imsi-302610032272714] Cannot find IMSI in DB (../lib/dbi/subscription.c:56)
10/05 11:10:00.562: [dbi] INFO: [imsi-302500404080027] Cannot find IMSI in DB (../lib/dbi/subscription.c:56)
10/05 11:10:10.802: [dbi] INFO: [imsi-302500404080027] Cannot find IMSI in DB (../lib/dbi/subscription.c:56)
Open5GS daemon v2.6.4-78-g7f08873

10/05 11:33:02.499: [app] INFO: Configuration: '/open5gs/install/etc/open5gs/hss.yaml' (../lib/app/ogs-init.c:126)
10/05 11:33:02.499: [app] INFO: File Logging: '/open5gs/install/var/log/open5gs/hss.log' (../lib/app/ogs-init.c:129)
10/05 11:33:02.502: [dbi] INFO: MongoDB URI: 'mongodb://172.22.0.2/open5gs' (../lib/dbi/ogs-mongoc.c:130)
10/05 11:33:02.537: [app] INFO: HSS initialize...done (../src/hss/app-init.c:31)
10/05 11:33:02.560: [diam] INFO: CONNECTED TO 'mme.epc.mnc001.mcc001.3gppnetwork.org' (SCTP,soc#15): (../lib/diameter/common/logger.c:108)
10/05 11:38:03.933: [dbi] INFO: [imsi-302500403473931] Cannot find IMSI in DB (../lib/dbi/subscription.c:56)
10/05 11:44:32.271: [dbi] INFO: [imsi-302500404058422] Cannot find IMSI in DB (../lib/dbi/subscription.c:56)
10/05 11:44:42.531: [dbi] INFO: [imsi-302500404058422] Cannot find IMSI in DB (../lib/dbi/subscription.c:56)
10/05 11:44:52.730: [dbi] INFO: [imsi-302500404058422] Cannot find IMSI in DB (../lib/dbi/subscription.c:56)
10/05 11:45:02.910: [dbi] INFO: [imsi-302500404058422] Cannot find IMSI in DB (../lib/dbi/subscription.c:56)
10/05 11:45:13.110: [dbi] INFO: [imsi-302500404058422] Cannot find IMSI in DB (../lib/dbi/subscription.c:56)
10/05 11:48:07.554: [dbi] INFO: [imsi-302500404080027] Cannot find IMSI in DB (../lib/dbi/subscription.c:56)
10/05 12:03:06.180: [dbi] INFO: [imsi-302500403177732] Cannot find IMSI in DB (../lib/dbi/subscription.c:56)
10/05 12:05:15.253: [dbi] INFO: [imsi-302500404058422] Cannot find IMSI in DB (../lib/dbi/subscription.c:56)
10/05 12:05:25.433: [dbi] INFO: [imsi-302500404058422] Cannot find IMSI in DB (../lib/dbi/subscription.c:56)
10/05 12:05:35.613: [dbi] INFO: [imsi-302500404058422] Cannot find IMSI in DB (../lib/dbi/subscription.c:56)
10/05 12:05:45.801: [dbi] INFO: [imsi-302500404058422] Cannot find IMSI in DB (../lib/dbi/subscription.c:56)
10/05 12:05:56.009: [dbi] INFO: [imsi-302500404058422] Cannot find IMSI in DB (../lib/dbi/subscription.c:56)
10/05 12:16:08.676: [dbi] INFO: [imsi-302500402678260] Cannot find IMSI in DB (../lib/dbi/subscription.c:56)
10/05 12:19:24.900: [dbi] INFO: [imsi-302500400933991] Cannot find IMSI in DB (../lib/dbi/subscription.c:56)
10/05 12:19:35.035: [dbi] INFO: [imsi-302500400933991] Cannot find IMSI in DB (../lib/dbi/subscription.c:56)
10/05 12:19:45.175: [dbi] INFO: [imsi-302500400933991] Cannot find IMSI in DB (../lib/dbi/subscription.c:56)
10/05 12:19:54.335: [dbi] INFO: [imsi-302500910390186] Cannot find IMSI in DB (../lib/dbi/subscription.c:56)
10/05 12:20:04.495: [dbi] INFO: [imsi-302500910390186] Cannot find IMSI in DB (../lib/dbi/subscription.c:56)
10/05 12:20:10.343: [dbi] INFO: [imsi-302370302928510] Cannot find IMSI in DB (../lib/dbi/subscription.c:56)
10/05 12:20:14.734: [dbi] INFO: [imsi-302500910390186] Cannot find IMSI in DB (../lib/dbi/subscription.c:56)
10/05 12:20:20.483: [dbi] INFO: [imsi-302370302928510] Cannot find IMSI in DB (../lib/dbi/subscription.c:56)
10/05 12:20:30.614: [dbi] INFO: [imsi-302370302928510] Cannot find IMSI in DB (../lib/dbi/subscription.c:56)
10/05 12:20:40.743: [dbi] INFO: [imsi-302370302928510] Cannot find IMSI in DB (../lib/dbi/subscription.c:56)
10/05 12:21:28.294: [dbi] INFO: [imsi-302500404058422] Cannot find IMSI in DB (../lib/dbi/subscription.c:56)
10/05 12:21:38.490: [dbi] INFO: [imsi-302500404058422] Cannot find IMSI in DB (../lib/dbi/subscription.c:56)
10/05 12:21:52.995: [dbi] INFO: [imsi-302500403882690] Cannot find IMSI in DB (../lib/dbi/subscription.c:56)
10/05 12:22:03.192: [dbi] INFO: [imsi-302500403882690] Cannot find IMSI in DB (../lib/dbi/subscription.c:56)
10/05 12:22:13.414: [dbi] INFO: [imsi-302500403882690] Cannot find IMSI in DB (../lib/dbi/subscription.c:56)
10/05 12:25:16.151: [dbi] INFO: [imsi-302500400645707] Cannot find IMSI in DB (../lib/dbi/subscription.c:56)
10/05 12:25:26.311: [dbi] INFO: [imsi-302500400645707] Cannot find IMSI in DB (../lib/dbi/subscription.c:56)
10/05 12:26:07.931: [dbi] INFO: [imsi-302500403888399] Cannot find IMSI in DB (../lib/dbi/subscription.c:56)
10/05 12:26:18.133: [dbi] INFO: [imsi-302500403888399] Cannot find IMSI in DB (../lib/dbi/subscription.c:56)
10/05 12:26:28.293: [dbi] INFO: [imsi-302500403888399] Cannot find IMSI in DB (../lib/dbi/subscription.c:56)
10/05 12:26:38.473: [dbi] INFO: [imsi-302500403888399] Cannot find IMSI in DB (../lib/dbi/subscription.c:56)
10/05 12:26:48.653: [dbi] INFO: [imsi-302500403888399] Cannot find IMSI in DB (../lib/dbi/subscription.c:56)
10/05 12:27:55.316: [dbi] INFO: [imsi-302500301271342] Cannot find IMSI in DB (../lib/dbi/subscription.c:56)
10/05 12:28:05.492: [dbi] INFO: [imsi-302500301271342] Cannot find IMSI in DB (../lib/dbi/subscription.c:56)
10/05 12:28:15.632: [dbi] INFO: [imsi-302500301271342] Cannot find IMSI in DB (../lib/dbi/subscription.c:56)
10/05 12:28:25.772: [dbi] INFO: [imsi-302500301271342] Cannot find IMSI in DB (../lib/dbi/subscription.c:56)
10/05 12:29:39.700: [diam] ERROR: pid:PSM/mme.epc.mnc001.mcc001.3gppnetwork.org in fd_psm_change_state@p_psm.c:284: 'STATE_OPEN'	-> 'STATE_CLOSED'	'mme.epc.mnc001.mcc001.3gppnetwork.org'
 ((null):0)
Open5GS daemon v2.6.4-78-g7f08873

10/05 13:07:45.227: [app] INFO: Configuration: '/open5gs/install/etc/open5gs/hss.yaml' (../lib/app/ogs-init.c:126)
10/05 13:07:45.227: [app] INFO: File Logging: '/open5gs/install/var/log/open5gs/hss.log' (../lib/app/ogs-init.c:129)
10/05 13:07:45.229: [dbi] INFO: MongoDB URI: 'mongodb://172.22.0.2/open5gs' (../lib/dbi/ogs-mongoc.c:130)
10/05 13:07:45.432: [app] INFO: HSS initialize...done (../src/hss/app-init.c:31)
10/05 13:07:45.458: [diam] INFO: CONNECTED TO 'mme.epc.mnc001.mcc001.3gppnetwork.org' (SCTP,soc#15): (../lib/diameter/common/logger.c:108)
10/05 13:11:12.133: [dbi] INFO: [imsi-302500404086477] Cannot find IMSI in DB (../lib/dbi/subscription.c:56)
10/05 13:15:33.799: [dbi] INFO: [imsi-302500404086477] Cannot find IMSI in DB (../lib/dbi/subscription.c:56)
10/05 13:15:44.120: [dbi] INFO: [imsi-302500404086477] Cannot find IMSI in DB (../lib/dbi/subscription.c:56)
10/05 13:15:54.460: [dbi] INFO: [imsi-302500404086477] Cannot find IMSI in DB (../lib/dbi/subscription.c:56)
10/05 13:16:04.799: [dbi] INFO: [imsi-302500404086477] Cannot find IMSI in DB (../lib/dbi/subscription.c:56)
10/05 13:21:35.498: [dbi] INFO: [imsi-302500910100765] Cannot find IMSI in DB (../lib/dbi/subscription.c:56)
10/05 13:21:45.678: [dbi] INFO: [imsi-302500910100765] Cannot find IMSI in DB (../lib/dbi/subscription.c:56)
10/05 13:28:31.222: [diam] ERROR: pid:PSM/mme.epc.mnc001.mcc001.3gppnetwork.org in fd_psm_change_state@p_psm.c:284: 'STATE_OPEN'	-> 'STATE_CLOSED'	'mme.epc.mnc001.mcc001.3gppnetwork.org'
 ((null):0)
Open5GS daemon v2.6.4-78-g7f08873

10/17 17:12:18.286: [app] INFO: Configuration: '/open5gs/install/etc/open5gs/hss.yaml' (../lib/app/ogs-init.c:126)
10/17 17:12:18.286: [app] INFO: File Logging: '/open5gs/install/var/log/open5gs/hss.log' (../lib/app/ogs-init.c:129)
10/17 17:12:18.288: [dbi] INFO: MongoDB URI: 'mongodb://172.22.0.2/open5gs' (../lib/dbi/ogs-mongoc.c:130)
10/17 17:12:18.312: [app] INFO: HSS initialize...done (../src/hss/app-init.c:31)
10/17 17:12:18.330: [diam] INFO: CONNECTED TO 'mme.epc.mnc001.mcc001.3gppnetwork.org' (SCTP,soc#14): (../lib/diameter/common/logger.c:108)
10/17 17:18:57.167: [diam] ERROR: pid:PSM/mme.epc.mnc001.mcc001.3gppnetwork.org in fd_psm_change_state@p_psm.c:284: 'STATE_OPEN'	-> 'STATE_CLOSED'	'mme.epc.mnc001.mcc001.3gppnetwork.org'
 ((null):0)
Open5GS daemon v2.6.4-78-g7f08873

10/18 14:46:28.751: [app] INFO: Configuration: '/open5gs/install/etc/open5gs/hss.yaml' (../lib/app/ogs-init.c:126)
10/18 14:46:28.751: [app] INFO: File Logging: '/open5gs/install/var/log/open5gs/hss.log' (../lib/app/ogs-init.c:129)
10/18 14:46:28.753: [dbi] INFO: MongoDB URI: 'mongodb://172.22.0.2/open5gs' (../lib/dbi/ogs-mongoc.c:130)
10/18 14:46:28.772: [app] INFO: HSS initialize...done (../src/hss/app-init.c:31)
10/18 14:46:28.792: [diam] INFO: CONNECTED TO 'mme.epc.mnc001.mcc001.3gppnetwork.org' (SCTP,soc#15): (../lib/diameter/common/logger.c:108)
10/18 15:25:04.863: [diam] ERROR: pid:PSM/mme.epc.mnc001.mcc001.3gppnetwork.org in fd_psm_change_state@p_psm.c:284: 'STATE_OPEN'	-> 'STATE_CLOSED'	'mme.epc.mnc001.mcc001.3gppnetwork.org'
 ((null):0)
Open5GS daemon v2.6.4-78-g7f08873

10/18 15:25:58.079: [app] INFO: Configuration: '/open5gs/install/etc/open5gs/hss.yaml' (../lib/app/ogs-init.c:126)
10/18 15:25:58.079: [app] INFO: File Logging: '/open5gs/install/var/log/open5gs/hss.log' (../lib/app/ogs-init.c:129)
10/18 15:25:58.080: [dbi] INFO: MongoDB URI: 'mongodb://172.22.0.2/open5gs' (../lib/dbi/ogs-mongoc.c:130)
10/18 15:25:58.106: [app] INFO: HSS initialize...done (../src/hss/app-init.c:31)
10/18 15:25:58.128: [diam] INFO: CONNECTED TO 'mme.epc.mnc001.mcc001.3gppnetwork.org' (SCTP,soc#15): (../lib/diameter/common/logger.c:108)
10/18 15:35:11.146: [diam] ERROR: pid:PSM/mme.epc.mnc001.mcc001.3gppnetwork.org in fd_psm_change_state@p_psm.c:284: 'STATE_OPEN'	-> 'STATE_CLOSED'	'mme.epc.mnc001.mcc001.3gppnetwork.org'
 ((null):0)
Open5GS daemon v2.6.4-78-g7f08873

10/18 15:36:45.827: [app] INFO: Configuration: '/open5gs/install/etc/open5gs/hss.yaml' (../lib/app/ogs-init.c:126)
10/18 15:36:45.827: [app] INFO: File Logging: '/open5gs/install/var/log/open5gs/hss.log' (../lib/app/ogs-init.c:129)
10/18 15:36:45.828: [dbi] INFO: MongoDB URI: 'mongodb://172.22.0.2/open5gs' (../lib/dbi/ogs-mongoc.c:130)
10/18 15:36:45.850: [app] INFO: HSS initialize...done (../src/hss/app-init.c:31)
10/18 15:36:45.867: [diam] INFO: CONNECTED TO 'mme.epc.mnc001.mcc001.3gppnetwork.org' (SCTP,soc#15): (../lib/diameter/common/logger.c:108)
Open5GS daemon v2.6.4-78-g7f08873

10/18 15:40:33.432: [app] INFO: Configuration: '/open5gs/install/etc/open5gs/hss.yaml' (../lib/app/ogs-init.c:126)
10/18 15:40:33.432: [app] INFO: File Logging: '/open5gs/install/var/log/open5gs/hss.log' (../lib/app/ogs-init.c:129)
10/18 15:40:33.433: [dbi] INFO: MongoDB URI: 'mongodb://172.22.0.2/open5gs' (../lib/dbi/ogs-mongoc.c:130)
10/18 15:40:33.462: [app] INFO: HSS initialize...done (../src/hss/app-init.c:31)
10/18 15:40:33.484: [diam] INFO: CONNECTED TO 'mme.epc.mnc001.mcc001.3gppnetwork.org' (SCTP,soc#15): (../lib/diameter/common/logger.c:108)
10/18 16:08:51.267: [diam] ERROR: pid:PSM/mme.epc.mnc001.mcc001.3gppnetwork.org in fd_psm_change_state@p_psm.c:284: 'STATE_OPEN'	-> 'STATE_CLOSED'	'mme.epc.mnc001.mcc001.3gppnetwork.org'
 ((null):0)
Open5GS daemon v2.6.4-78-g7f08873

10/18 16:10:56.927: [app] INFO: Configuration: '/open5gs/install/etc/open5gs/hss.yaml' (../lib/app/ogs-init.c:126)
10/18 16:10:56.927: [app] INFO: File Logging: '/open5gs/install/var/log/open5gs/hss.log' (../lib/app/ogs-init.c:129)
10/18 16:10:56.928: [dbi] INFO: MongoDB URI: 'mongodb://172.22.0.2/open5gs' (../lib/dbi/ogs-mongoc.c:130)
10/18 16:10:56.985: [app] INFO: HSS initialize...done (../src/hss/app-init.c:31)
10/18 16:10:57.001: [diam] INFO: CONNECTED TO 'mme.epc.mnc001.mcc001.3gppnetwork.org' (SCTP,soc#15): (../lib/diameter/common/logger.c:108)
10/18 16:23:08.038: [diam] ERROR: pid:PSM/mme.epc.mnc001.mcc001.3gppnetwork.org in fd_psm_change_state@p_psm.c:284: 'STATE_OPEN'	-> 'STATE_CLOSED'	'mme.epc.mnc001.mcc001.3gppnetwork.org'
 ((null):0)
Open5GS daemon v2.6.4-78-g7f08873

10/18 16:37:37.853: [app] INFO: Configuration: '/open5gs/install/etc/open5gs/hss.yaml' (../lib/app/ogs-init.c:126)
10/18 16:37:37.853: [app] INFO: File Logging: '/open5gs/install/var/log/open5gs/hss.log' (../lib/app/ogs-init.c:129)
10/18 16:37:37.855: [dbi] INFO: MongoDB URI: 'mongodb://172.22.0.2/open5gs' (../lib/dbi/ogs-mongoc.c:130)
10/18 16:37:37.878: [app] INFO: HSS initialize...done (../src/hss/app-init.c:31)
10/18 16:37:37.894: [diam] INFO: CONNECTED TO 'mme.epc.mnc001.mcc001.3gppnetwork.org' (SCTP,soc#15): (../lib/diameter/common/logger.c:108)
10/18 16:53:33.687: [diam] ERROR: pid:PSM/mme.epc.mnc001.mcc001.3gppnetwork.org in fd_psm_change_state@p_psm.c:284: 'STATE_OPEN'	-> 'STATE_CLOSED'	'mme.epc.mnc001.mcc001.3gppnetwork.org'
 ((null):0)
