Open5GS daemon v2.6.4-78-g7f08873

08/24 11:59:53.441: [app] INFO: Configuration: '/open5gs/install/etc/open5gs/nrf.yaml' (../lib/app/ogs-init.c:126)
08/24 11:59:53.441: [app] INFO: File Logging: '/open5gs/install/var/log/open5gs/nrf.log' (../lib/app/ogs-init.c:129)
08/24 11:59:53.442: [sbi] INFO: nghttp2_server() [http://172.22.0.12]:7777 (../lib/sbi/nghttp2-server.c:395)
08/24 11:59:53.442: [app] INFO: NRF initialize...done (../src/nrf/app.c:31)
08/24 11:59:54.314: [nrf] INFO: [435f034a-4297-41ee-aa41-075b84a76348] NF registered [Heartbeat:10s] (../src/nrf/nf-sm.c:190)
08/24 11:59:54.315: [nrf] INFO: [43d7e904-4297-41ee-ae1f-adfb8918ec19] NF registered [Heartbeat:10s] (../src/nrf/nf-sm.c:190)
08/24 11:59:54.315: [nrf] INFO: [43bf3558-4297-41ee-a731-bd7ed664c84d] NF registered [Heartbeat:10s] (../src/nrf/nf-sm.c:190)
08/24 11:59:54.316: [nrf] INFO: [43fc3d0e-4297-41ee-a087-dd4edb69f61c] Subscription created until 2023-08-25T11:59:54.316328-04:00 [validity_duration:86400] (../src/nrf/nnrf-handler.c:334)
08/24 11:59:54.316: [nrf] INFO: [43fc3fac-4297-41ee-a087-dd4edb69f61c] Subscription created until 2023-08-25T11:59:54.316386-04:00 [validity_duration:86400] (../src/nrf/nnrf-handler.c:334)
08/24 11:59:54.316: [nrf] INFO: [43fc40ce-4297-41ee-a087-dd4edb69f61c] Subscription created until 2023-08-25T11:59:54.316413-04:00 [validity_duration:86400] (../src/nrf/nnrf-handler.c:334)
08/24 11:59:54.316: [nrf] INFO: [43fc41c8-4297-41ee-a087-dd4edb69f61c] Subscription created until 2023-08-25T11:59:54.316438-04:00 [validity_duration:86400] (../src/nrf/nnrf-handler.c:334)
08/24 11:59:54.316: [nrf] INFO: [43fc42e0-4297-41ee-a087-dd4edb69f61c] Subscription created until 2023-08-25T11:59:54.316466-04:00 [validity_duration:86400] (../src/nrf/nnrf-handler.c:334)
08/24 11:59:54.316: [nrf] INFO: [43fc465a-4297-41ee-a087-dd4edb69f61c] Subscription created until 2023-08-25T11:59:54.316555-04:00 [validity_duration:86400] (../src/nrf/nnrf-handler.c:334)
08/24 11:59:54.316: [nrf] INFO: [43fc472c-4297-41ee-a087-dd4edb69f61c] Subscription created until 2023-08-25T11:59:54.316575-04:00 [validity_duration:86400] (../src/nrf/nnrf-handler.c:334)
08/24 11:59:54.316: [nrf] INFO: [43fc488a-4297-41ee-a087-dd4edb69f61c] Subscription created until 2023-08-25T11:59:54.316610-04:00 [validity_duration:86400] (../src/nrf/nnrf-handler.c:334)
08/24 11:59:54.316: [nrf] INFO: [43fc51c2-4297-41ee-a087-dd4edb69f61c] Subscription created until 2023-08-25T11:59:54.316863-04:00 [validity_duration:86400] (../src/nrf/nnrf-handler.c:334)
08/24 11:59:54.389: [nrf] INFO: [44073146-4297-41ee-93f9-af24f10b8be2] NF registered [Heartbeat:10s] (../src/nrf/nf-sm.c:190)
08/24 11:59:54.390: [nrf] INFO: [44077cbe-4297-41ee-a087-dd4edb69f61c] Subscription created until 2023-08-25T11:59:54.390055-04:00 [validity_duration:86400] (../src/nrf/nnrf-handler.c:334)
08/24 11:59:54.622: [nrf] INFO: [442a6eae-4297-41ee-8631-3d080c9fbbec] NF registered [Heartbeat:10s] (../src/nrf/nf-sm.c:190)
08/24 11:59:54.622: [nrf] INFO: [442b0530-4297-41ee-a087-dd4edb69f61c] Subscription created until 2023-08-25T11:59:54.622923-04:00 [validity_duration:86400] (../src/nrf/nnrf-handler.c:334)
08/24 11:59:54.623: [nrf] INFO: [442b0986-4297-41ee-a087-dd4edb69f61c] Subscription created until 2023-08-25T11:59:54.623018-04:00 [validity_duration:86400] (../src/nrf/nnrf-handler.c:334)
08/24 11:59:54.623: [nrf] INFO: [442b0aa8-4297-41ee-a087-dd4edb69f61c] Subscription created until 2023-08-25T11:59:54.623046-04:00 [validity_duration:86400] (../src/nrf/nnrf-handler.c:334)
08/24 11:59:54.623: [nrf] INFO: [442b0ec2-4297-41ee-a087-dd4edb69f61c] Subscription created until 2023-08-25T11:59:54.623151-04:00 [validity_duration:86400] (../src/nrf/nnrf-handler.c:334)
08/24 11:59:54.623: [nrf] INFO: [442b0f9e-4297-41ee-a087-dd4edb69f61c] Subscription created until 2023-08-25T11:59:54.623173-04:00 [validity_duration:86400] (../src/nrf/nnrf-handler.c:334)
08/24 11:59:54.623: [nrf] INFO: [442b10ca-4297-41ee-a087-dd4edb69f61c] Subscription created until 2023-08-25T11:59:54.623204-04:00 [validity_duration:86400] (../src/nrf/nnrf-handler.c:334)
08/24 11:59:55.042: [nrf] INFO: [44654ccc-4297-41ee-8b8d-7f223257bc83] NF registered [Heartbeat:10s] (../src/nrf/nf-sm.c:190)
08/24 11:59:55.043: [nrf] INFO: [446b3f7e-4297-41ee-a087-dd4edb69f61c] Subscription created until 2023-08-25T11:59:55.043845-04:00 [validity_duration:86400] (../src/nrf/nnrf-handler.c:334)
08/24 11:59:55.043: [nrf] INFO: [446b449c-4297-41ee-a087-dd4edb69f61c] Subscription created until 2023-08-25T11:59:55.043961-04:00 [validity_duration:86400] (../src/nrf/nnrf-handler.c:334)
08/24 11:59:55.044: [nrf] INFO: [446b46d6-4297-41ee-a087-dd4edb69f61c] Subscription created until 2023-08-25T11:59:55.044018-04:00 [validity_duration:86400] (../src/nrf/nnrf-handler.c:334)
08/24 11:59:55.044: [nrf] INFO: [446b47bc-4297-41ee-a087-dd4edb69f61c] Subscription created until 2023-08-25T11:59:55.044040-04:00 [validity_duration:86400] (../src/nrf/nnrf-handler.c:334)
08/24 12:00:04.175: [nrf] INFO: [49dc4e80-4297-41ee-a7ee-5d1c03a42ff7] NF registered [Heartbeat:10s] (../src/nrf/nf-sm.c:190)
08/24 12:00:04.176: [nrf] INFO: [49dcd918-4297-41ee-a087-dd4edb69f61c] Subscription created until 2023-08-25T12:00:04.176948-04:00 [validity_duration:86400] (../src/nrf/nnrf-handler.c:334)
08/24 12:00:04.177: [nrf] INFO: [49dcddd2-4297-41ee-a087-dd4edb69f61c] Subscription created until 2023-08-25T12:00:04.177049-04:00 [validity_duration:86400] (../src/nrf/nnrf-handler.c:334)
08/24 12:00:04.304: [nrf] INFO: [49f01e9c-4297-41ee-a5bc-57a4bdf9e52e] NF registered [Heartbeat:10s] (../src/nrf/nf-sm.c:190)
08/24 12:00:04.306: [nrf] INFO: [49f070f4-4297-41ee-8e21-75ce9e0ada43] NF registered [Heartbeat:10s] (../src/nrf/nf-sm.c:190)
08/24 12:04:05.530: [nrf] WARNING: [43d7e904-4297-41ee-ae1f-adfb8918ec19] No heartbeat (../src/nrf/nrf-sm.c:261)
08/24 12:04:05.530: [nrf] INFO: [43d7e904-4297-41ee-ae1f-adfb8918ec19] NF de-registered (../src/nrf/nf-sm.c:205)
08/24 12:04:05.536: [nrf] WARNING: Subscription notification failed [404] (../src/nrf/sbi-path.c:46)
08/24 12:04:05.536: [nrf] WARNING: Subscription notification failed [404] (../src/nrf/sbi-path.c:46)
08/24 12:04:16.094: [nrf] WARNING: [44654ccc-4297-41ee-8b8d-7f223257bc83] No heartbeat (../src/nrf/nrf-sm.c:261)
08/24 12:04:16.094: [nrf] INFO: [44654ccc-4297-41ee-8b8d-7f223257bc83] NF de-registered (../src/nrf/nf-sm.c:205)
08/24 12:04:25.699: [nrf] WARNING: [442a6eae-4297-41ee-8631-3d080c9fbbec] No heartbeat (../src/nrf/nrf-sm.c:261)
08/24 12:04:25.699: [nrf] INFO: [442a6eae-4297-41ee-8631-3d080c9fbbec] NF de-registered (../src/nrf/nf-sm.c:205)
08/24 12:04:35.254: [nrf] WARNING: [49dc4e80-4297-41ee-a7ee-5d1c03a42ff7] No heartbeat (../src/nrf/nrf-sm.c:261)
08/24 12:04:35.254: [nrf] INFO: [49dc4e80-4297-41ee-a7ee-5d1c03a42ff7] NF de-registered (../src/nrf/nf-sm.c:205)
08/24 12:04:35.543: [nrf] WARNING: [49f01e9c-4297-41ee-a5bc-57a4bdf9e52e] No heartbeat (../src/nrf/nrf-sm.c:261)
08/24 12:04:35.543: [nrf] INFO: [49f01e9c-4297-41ee-a5bc-57a4bdf9e52e] NF de-registered (../src/nrf/nf-sm.c:205)
08/24 12:04:35.548: [nrf] WARNING: [49f070f4-4297-41ee-8e21-75ce9e0ada43] No heartbeat (../src/nrf/nrf-sm.c:261)
08/24 12:04:35.548: [nrf] INFO: [49f070f4-4297-41ee-8e21-75ce9e0ada43] NF de-registered (../src/nrf/nf-sm.c:205)
08/24 12:04:35.551: [nrf] WARNING: [43bf3558-4297-41ee-a731-bd7ed664c84d] No heartbeat (../src/nrf/nrf-sm.c:261)
08/24 12:04:35.551: [nrf] INFO: [43bf3558-4297-41ee-a731-bd7ed664c84d] NF de-registered (../src/nrf/nf-sm.c:205)
08/24 12:04:35.551: [nrf] WARNING: Subscription notification failed [404] (../src/nrf/sbi-path.c:46)
08/24 12:04:35.591: [nrf] WARNING: [44073146-4297-41ee-93f9-af24f10b8be2] No heartbeat (../src/nrf/nrf-sm.c:261)
08/24 12:04:35.591: [nrf] INFO: [44073146-4297-41ee-93f9-af24f10b8be2] NF de-registered (../src/nrf/nf-sm.c:205)
Open5GS daemon v2.6.4-78-g7f08873

08/30 14:57:06.729: [app] INFO: Configuration: '/open5gs/install/etc/open5gs/nrf.yaml' (../lib/app/ogs-init.c:126)
08/30 14:57:06.729: [app] INFO: File Logging: '/open5gs/install/var/log/open5gs/nrf.log' (../lib/app/ogs-init.c:129)
08/30 14:57:06.730: [sbi] INFO: nghttp2_server() [http://172.22.0.12]:7777 (../lib/sbi/nghttp2-server.c:395)
08/30 14:57:06.730: [app] INFO: NRF initialize...done (../src/nrf/app.c:31)
08/30 14:57:06.804: [nrf] INFO: [03eb63c8-4767-41ee-8259-2b8bf41f5969] NF registered [Heartbeat:10s] (../src/nrf/nf-sm.c:190)
08/30 14:57:06.805: [nrf] INFO: [03ebc7d2-4767-41ee-b451-f720d4646371] Subscription created until 2023-08-31T14:57:06.805157-04:00 [validity_duration:86400] (../src/nrf/nnrf-handler.c:334)
08/30 14:57:06.805: [nrf] INFO: [03ebd06a-4767-41ee-b451-f720d4646371] Subscription created until 2023-08-31T14:57:06.805372-04:00 [validity_duration:86400] (../src/nrf/nnrf-handler.c:334)
08/30 14:57:06.805: [nrf] INFO: [03ebd2ae-4767-41ee-b451-f720d4646371] Subscription created until 2023-08-31T14:57:06.805421-04:00 [validity_duration:86400] (../src/nrf/nnrf-handler.c:334)
08/30 14:57:06.805: [nrf] INFO: [03ebd42a-4767-41ee-b451-f720d4646371] Subscription created until 2023-08-31T14:57:06.805463-04:00 [validity_duration:86400] (../src/nrf/nnrf-handler.c:334)
08/30 14:57:06.805: [nrf] INFO: [03ebd5b0-4767-41ee-b451-f720d4646371] Subscription created until 2023-08-31T14:57:06.805498-04:00 [validity_duration:86400] (../src/nrf/nnrf-handler.c:334)
08/30 14:57:06.805: [nrf] INFO: [03ebd79a-4767-41ee-b451-f720d4646371] Subscription created until 2023-08-31T14:57:06.805547-04:00 [validity_duration:86400] (../src/nrf/nnrf-handler.c:334)
08/30 14:57:06.805: [nrf] INFO: [03ebdc22-4767-41ee-b451-f720d4646371] Subscription created until 2023-08-31T14:57:06.805664-04:00 [validity_duration:86400] (../src/nrf/nnrf-handler.c:334)
08/30 14:57:06.805: [nrf] INFO: [03ebdd1c-4767-41ee-b451-f720d4646371] Subscription created until 2023-08-31T14:57:06.805690-04:00 [validity_duration:86400] (../src/nrf/nnrf-handler.c:334)
08/30 14:57:07.401: [nrf] INFO: [04467d9e-4767-41ee-9a0c-19a9b72cb49c] NF registered [Heartbeat:10s] (../src/nrf/nf-sm.c:190)
08/30 14:57:07.402: [nrf] INFO: [0446e9f0-4767-41ee-b451-f720d4646371] Subscription created until 2023-08-31T14:57:07.402418-04:00 [validity_duration:86400] (../src/nrf/nnrf-handler.c:334)
08/30 14:57:07.466: [nrf] INFO: [04509766-4767-41ee-948a-2b233a1edcf4] NF registered [Heartbeat:10s] (../src/nrf/nf-sm.c:190)
08/30 14:57:07.678: [nrf] INFO: [0470d922-4767-41ee-8fb3-e745c3ad52cf] NF registered [Heartbeat:10s] (../src/nrf/nf-sm.c:190)
08/30 14:57:07.679: [nrf] INFO: [04712e0e-4767-41ee-b451-f720d4646371] Subscription created until 2023-08-31T14:57:07.679412-04:00 [validity_duration:86400] (../src/nrf/nnrf-handler.c:334)
08/30 14:57:07.910: [nrf] INFO: [0493fa92-4767-41ee-9a43-eb4914dcc6cb] NF registered [Heartbeat:10s] (../src/nrf/nf-sm.c:190)
08/30 14:57:07.911: [nrf] INFO: [04948d18-4767-41ee-b451-f720d4646371] Subscription created until 2023-08-31T14:57:07.911223-04:00 [validity_duration:86400] (../src/nrf/nnrf-handler.c:334)
08/30 14:57:07.911: [nrf] INFO: [04949466-4767-41ee-b451-f720d4646371] Subscription created until 2023-08-31T14:57:07.911387-04:00 [validity_duration:86400] (../src/nrf/nnrf-handler.c:334)
08/30 14:57:07.911: [nrf] INFO: [04949754-4767-41ee-b451-f720d4646371] Subscription created until 2023-08-31T14:57:07.911461-04:00 [validity_duration:86400] (../src/nrf/nnrf-handler.c:334)
08/30 14:57:07.911: [nrf] INFO: [04949876-4767-41ee-b451-f720d4646371] Subscription created until 2023-08-31T14:57:07.911489-04:00 [validity_duration:86400] (../src/nrf/nnrf-handler.c:334)
08/30 14:57:07.911: [nrf] INFO: [04949d3a-4767-41ee-b451-f720d4646371] Subscription created until 2023-08-31T14:57:07.911612-04:00 [validity_duration:86400] (../src/nrf/nnrf-handler.c:334)
08/30 14:57:07.911: [nrf] INFO: [04949e52-4767-41ee-b451-f720d4646371] Subscription created until 2023-08-31T14:57:07.911640-04:00 [validity_duration:86400] (../src/nrf/nnrf-handler.c:334)
08/30 14:57:08.291: [nrf] INFO: [04ca7216-4767-41ee-b3d8-63fc3bf6164b] NF registered [Heartbeat:10s] (../src/nrf/nf-sm.c:190)
08/30 14:57:08.292: [nrf] INFO: [04cebaba-4767-41ee-b451-f720d4646371] Subscription created until 2023-08-31T14:57:08.292493-04:00 [validity_duration:86400] (../src/nrf/nnrf-handler.c:334)
08/30 14:57:08.292: [nrf] INFO: [04cebf60-4767-41ee-b451-f720d4646371] Subscription created until 2023-08-31T14:57:08.292599-04:00 [validity_duration:86400] (../src/nrf/nnrf-handler.c:334)
08/30 14:57:08.292: [nrf] INFO: [04cec118-4767-41ee-b451-f720d4646371] Subscription created until 2023-08-31T14:57:08.292639-04:00 [validity_duration:86400] (../src/nrf/nnrf-handler.c:334)
08/30 14:57:08.292: [nrf] INFO: [04cec514-4767-41ee-b451-f720d4646371] Subscription created until 2023-08-31T14:57:08.292741-04:00 [validity_duration:86400] (../src/nrf/nnrf-handler.c:334)
08/30 14:57:17.332: [nrf] INFO: [0a31e87e-4767-41ee-a6c6-59e10795b76e] NF registered [Heartbeat:10s] (../src/nrf/nf-sm.c:190)
08/30 14:57:17.549: [nrf] INFO: [0a52f4d8-4767-41ee-be3b-635a9b42f25f] NF registered [Heartbeat:10s] (../src/nrf/nf-sm.c:190)
08/30 14:57:17.689: [nrf] INFO: [0a685f26-4767-41ee-bbee-d7f76eb3f785] NF registered [Heartbeat:10s] (../src/nrf/nf-sm.c:190)
08/30 14:57:17.691: [nrf] INFO: [0a68d776-4767-41ee-b451-f720d4646371] Subscription created until 2023-08-31T14:57:17.691100-04:00 [validity_duration:86400] (../src/nrf/nnrf-handler.c:334)
08/30 14:57:17.691: [nrf] INFO: [0a68dd84-4767-41ee-b451-f720d4646371] Subscription created until 2023-08-31T14:57:17.691232-04:00 [validity_duration:86400] (../src/nrf/nnrf-handler.c:334)
08/30 15:37:10.715: [nrf] WARNING: [04509766-4767-41ee-948a-2b233a1edcf4] No heartbeat (../src/nrf/nrf-sm.c:261)
08/30 15:37:10.715: [nrf] INFO: [04509766-4767-41ee-948a-2b233a1edcf4] NF de-registered (../src/nrf/nf-sm.c:205)
08/30 15:37:10.716: [nrf] WARNING: Subscription notification failed [404] (../src/nrf/sbi-path.c:46)
08/30 15:37:29.604: [nrf] WARNING: [04ca7216-4767-41ee-b3d8-63fc3bf6164b] No heartbeat (../src/nrf/nrf-sm.c:261)
08/30 15:37:29.604: [nrf] INFO: [04ca7216-4767-41ee-b3d8-63fc3bf6164b] NF de-registered (../src/nrf/nf-sm.c:205)
08/30 15:37:39.743: [nrf] WARNING: [0493fa92-4767-41ee-9a43-eb4914dcc6cb] No heartbeat (../src/nrf/nrf-sm.c:261)
08/30 15:37:39.743: [nrf] INFO: [0493fa92-4767-41ee-9a43-eb4914dcc6cb] NF de-registered (../src/nrf/nf-sm.c:205)
08/30 15:37:48.949: [nrf] WARNING: [0a685f26-4767-41ee-bbee-d7f76eb3f785] No heartbeat (../src/nrf/nrf-sm.c:261)
08/30 15:37:48.949: [nrf] INFO: [0a685f26-4767-41ee-bbee-d7f76eb3f785] NF de-registered (../src/nrf/nf-sm.c:205)
08/30 15:37:50.420: [nrf] WARNING: [0a31e87e-4767-41ee-a6c6-59e10795b76e] No heartbeat (../src/nrf/nrf-sm.c:261)
08/30 15:37:50.420: [nrf] INFO: [0a31e87e-4767-41ee-a6c6-59e10795b76e] NF de-registered (../src/nrf/nf-sm.c:205)
08/30 15:37:50.491: [nrf] WARNING: [04467d9e-4767-41ee-9a0c-19a9b72cb49c] No heartbeat (../src/nrf/nrf-sm.c:261)
08/30 15:37:50.491: [nrf] INFO: [04467d9e-4767-41ee-9a0c-19a9b72cb49c] NF de-registered (../src/nrf/nf-sm.c:205)
08/30 15:37:50.653: [nrf] WARNING: [0a52f4d8-4767-41ee-be3b-635a9b42f25f] No heartbeat (../src/nrf/nrf-sm.c:261)
08/30 15:37:50.653: [nrf] INFO: [0a52f4d8-4767-41ee-be3b-635a9b42f25f] NF de-registered (../src/nrf/nf-sm.c:205)
08/30 15:37:50.847: [nrf] WARNING: [0470d922-4767-41ee-8fb3-e745c3ad52cf] No heartbeat (../src/nrf/nrf-sm.c:261)
08/30 15:37:50.847: [nrf] INFO: [0470d922-4767-41ee-8fb3-e745c3ad52cf] NF de-registered (../src/nrf/nf-sm.c:205)
Open5GS daemon v2.6.4-78-g7f08873

08/30 15:37:53.999: [app] INFO: Configuration: '/open5gs/install/etc/open5gs/nrf.yaml' (../lib/app/ogs-init.c:126)
08/30 15:37:53.999: [app] INFO: File Logging: '/open5gs/install/var/log/open5gs/nrf.log' (../lib/app/ogs-init.c:129)
08/30 15:37:54.001: [sbi] INFO: nghttp2_server() [http://172.22.0.12]:7777 (../lib/sbi/nghttp2-server.c:395)
08/30 15:37:54.001: [app] INFO: NRF initialize...done (../src/nrf/app.c:31)
08/30 15:37:54.168: [nrf] INFO: [b6a99f0c-476c-41ee-81b9-953fee9165c4] NF registered [Heartbeat:10s] (../src/nrf/nf-sm.c:190)
08/30 15:37:54.168: [nrf] INFO: [b6a9ced2-476c-41ee-b238-9f36bd2e7794] Subscription created until 2023-08-31T15:37:54.168609-04:00 [validity_duration:86400] (../src/nrf/nnrf-handler.c:334)
08/30 15:37:54.168: [nrf] INFO: [b6a9d3b4-476c-41ee-b238-9f36bd2e7794] Subscription created until 2023-08-31T15:37:54.168726-04:00 [validity_duration:86400] (../src/nrf/nnrf-handler.c:334)
08/30 15:37:54.168: [nrf] INFO: [b6a9d53a-476c-41ee-b238-9f36bd2e7794] Subscription created until 2023-08-31T15:37:54.168763-04:00 [validity_duration:86400] (../src/nrf/nnrf-handler.c:334)
08/30 15:37:54.168: [nrf] INFO: [b6a9d6d4-476c-41ee-b238-9f36bd2e7794] Subscription created until 2023-08-31T15:37:54.168806-04:00 [validity_duration:86400] (../src/nrf/nnrf-handler.c:334)
08/30 15:37:54.168: [nrf] INFO: [b6a9ddaa-476c-41ee-b238-9f36bd2e7794] Subscription created until 2023-08-31T15:37:54.168981-04:00 [validity_duration:86400] (../src/nrf/nnrf-handler.c:334)
08/30 15:37:54.169: [nrf] INFO: [b6a9df08-476c-41ee-b238-9f36bd2e7794] Subscription created until 2023-08-31T15:37:54.169015-04:00 [validity_duration:86400] (../src/nrf/nnrf-handler.c:334)
08/30 15:37:54.169: [nrf] INFO: [b6a9e0e8-476c-41ee-b238-9f36bd2e7794] Subscription created until 2023-08-31T15:37:54.169062-04:00 [validity_duration:86400] (../src/nrf/nnrf-handler.c:334)
08/30 15:37:54.169: [nrf] INFO: [b6a9e25a-476c-41ee-b238-9f36bd2e7794] Subscription created until 2023-08-31T15:37:54.169099-04:00 [validity_duration:86400] (../src/nrf/nnrf-handler.c:334)
08/30 15:37:54.539: [nrf] INFO: [b6e230d8-476c-41ee-a380-173568e27f0f] NF registered [Heartbeat:10s] (../src/nrf/nf-sm.c:190)
08/30 15:37:54.540: [nrf] INFO: [b6e293ac-476c-41ee-b238-9f36bd2e7794] Subscription created until 2023-08-31T15:37:54.540659-04:00 [validity_duration:86400] (../src/nrf/nnrf-handler.c:334)
08/30 15:37:54.818: [nrf] INFO: [b70cc708-476c-41ee-a422-7d6b574036ad] NF registered [Heartbeat:10s] (../src/nrf/nf-sm.c:190)
08/30 15:37:54.818: [nrf] INFO: [b70d016e-476c-41ee-b238-9f36bd2e7794] Subscription created until 2023-08-31T15:37:54.818716-04:00 [validity_duration:86400] (../src/nrf/nnrf-handler.c:334)
08/30 15:37:55.033: [nrf] INFO: [b72d985c-476c-41ee-b156-e1fe197a1d99] NF registered [Heartbeat:10s] (../src/nrf/nf-sm.c:190)
08/30 15:37:55.387: [nrf] INFO: [b763687e-476c-41ee-b208-17f6196b13b6] NF registered [Heartbeat:10s] (../src/nrf/nf-sm.c:190)
08/30 15:37:55.389: [nrf] INFO: [b764239a-476c-41ee-b238-9f36bd2e7794] Subscription created until 2023-08-31T15:37:55.389777-04:00 [validity_duration:86400] (../src/nrf/nnrf-handler.c:334)
08/30 15:37:55.389: [nrf] INFO: [b7642b06-476c-41ee-b238-9f36bd2e7794] Subscription created until 2023-08-31T15:37:55.389934-04:00 [validity_duration:86400] (../src/nrf/nnrf-handler.c:334)
08/30 15:37:55.390: [nrf] INFO: [b7642f7a-476c-41ee-b238-9f36bd2e7794] Subscription created until 2023-08-31T15:37:55.390046-04:00 [validity_duration:86400] (../src/nrf/nnrf-handler.c:334)
08/30 15:37:55.390: [nrf] INFO: [b764333a-476c-41ee-b238-9f36bd2e7794] Subscription created until 2023-08-31T15:37:55.390141-04:00 [validity_duration:86400] (../src/nrf/nnrf-handler.c:334)
08/30 15:37:55.390: [nrf] INFO: [b76436fa-476c-41ee-b238-9f36bd2e7794] Subscription created until 2023-08-31T15:37:55.390238-04:00 [validity_duration:86400] (../src/nrf/nnrf-handler.c:334)
08/30 15:37:55.390: [nrf] INFO: [b7643d26-476c-41ee-b238-9f36bd2e7794] Subscription created until 2023-08-31T15:37:55.390399-04:00 [validity_duration:86400] (../src/nrf/nnrf-handler.c:334)
08/30 15:37:55.874: [nrf] INFO: [b7a3b58c-476c-41ee-a7d1-5be2631cb087] NF registered [Heartbeat:10s] (../src/nrf/nf-sm.c:190)
08/30 15:37:55.875: [nrf] INFO: [b7ae307a-476c-41ee-b238-9f36bd2e7794] Subscription created until 2023-08-31T15:37:55.875059-04:00 [validity_duration:86400] (../src/nrf/nnrf-handler.c:334)
08/30 15:37:55.875: [nrf] INFO: [b7ae3534-476c-41ee-b238-9f36bd2e7794] Subscription created until 2023-08-31T15:37:55.875158-04:00 [validity_duration:86400] (../src/nrf/nnrf-handler.c:334)
08/30 15:37:55.875: [nrf] INFO: [b7ae3aa2-476c-41ee-b238-9f36bd2e7794] Subscription created until 2023-08-31T15:37:55.875296-04:00 [validity_duration:86400] (../src/nrf/nnrf-handler.c:334)
08/30 15:37:55.875: [nrf] INFO: [b7ae3be2-476c-41ee-b238-9f36bd2e7794] Subscription created until 2023-08-31T15:37:55.875327-04:00 [validity_duration:86400] (../src/nrf/nnrf-handler.c:334)
08/30 15:38:04.736: [nrf] INFO: [bcf640c2-476c-41ee-8c1c-87e00591f23a] NF registered [Heartbeat:10s] (../src/nrf/nf-sm.c:190)
08/30 15:38:04.925: [nrf] INFO: [bd12f690-476c-41ee-94fd-477f72a6c7d2] NF registered [Heartbeat:10s] (../src/nrf/nf-sm.c:190)
08/30 15:38:05.127: [nrf] INFO: [bd31ad74-476c-41ee-a9ce-034563877104] NF registered [Heartbeat:10s] (../src/nrf/nf-sm.c:190)
08/30 15:38:05.128: [nrf] INFO: [bd322f88-476c-41ee-b238-9f36bd2e7794] Subscription created until 2023-08-31T15:38:05.128714-04:00 [validity_duration:86400] (../src/nrf/nnrf-handler.c:334)
08/30 15:38:05.128: [nrf] INFO: [bd323410-476c-41ee-b238-9f36bd2e7794] Subscription created until 2023-08-31T15:38:05.128812-04:00 [validity_duration:86400] (../src/nrf/nnrf-handler.c:334)
08/30 16:24:38.416: [nrf] WARNING: [b72d985c-476c-41ee-b156-e1fe197a1d99] No heartbeat (../src/nrf/nrf-sm.c:261)
08/30 16:24:38.416: [nrf] INFO: [b72d985c-476c-41ee-b156-e1fe197a1d99] NF de-registered (../src/nrf/nf-sm.c:205)
08/30 16:24:38.417: [nrf] WARNING: Subscription notification failed [404] (../src/nrf/sbi-path.c:46)
08/30 16:24:47.716: [nrf] WARNING: [b7a3b58c-476c-41ee-a7d1-5be2631cb087] No heartbeat (../src/nrf/nrf-sm.c:261)
08/30 16:24:47.716: [nrf] INFO: [b7a3b58c-476c-41ee-a7d1-5be2631cb087] NF de-registered (../src/nrf/nf-sm.c:205)
08/30 16:24:56.748: [nrf] WARNING: [b763687e-476c-41ee-b208-17f6196b13b6] No heartbeat (../src/nrf/nrf-sm.c:261)
08/30 16:24:56.748: [nrf] INFO: [b763687e-476c-41ee-b208-17f6196b13b6] NF de-registered (../src/nrf/nf-sm.c:205)
08/30 16:25:06.780: [nrf] WARNING: [bd31ad74-476c-41ee-a9ce-034563877104] No heartbeat (../src/nrf/nrf-sm.c:261)
08/30 16:25:06.780: [nrf] INFO: [bd31ad74-476c-41ee-a9ce-034563877104] NF de-registered (../src/nrf/nf-sm.c:205)
08/30 16:25:07.916: [nrf] WARNING: [b6e230d8-476c-41ee-a380-173568e27f0f] No heartbeat (../src/nrf/nrf-sm.c:261)
08/30 16:25:07.916: [nrf] INFO: [b6e230d8-476c-41ee-a380-173568e27f0f] NF de-registered (../src/nrf/nf-sm.c:205)
08/30 16:25:08.192: [nrf] WARNING: [bcf640c2-476c-41ee-8c1c-87e00591f23a] No heartbeat (../src/nrf/nrf-sm.c:261)
08/30 16:25:08.192: [nrf] INFO: [bcf640c2-476c-41ee-8c1c-87e00591f23a] NF de-registered (../src/nrf/nf-sm.c:205)
08/30 16:25:08.217: [nrf] WARNING: [b70cc708-476c-41ee-a422-7d6b574036ad] No heartbeat (../src/nrf/nrf-sm.c:261)
08/30 16:25:08.217: [nrf] INFO: [b70cc708-476c-41ee-a422-7d6b574036ad] NF de-registered (../src/nrf/nf-sm.c:205)
08/30 16:25:08.325: [nrf] WARNING: [bd12f690-476c-41ee-94fd-477f72a6c7d2] No heartbeat (../src/nrf/nrf-sm.c:261)
08/30 16:25:08.325: [nrf] INFO: [bd12f690-476c-41ee-94fd-477f72a6c7d2] NF de-registered (../src/nrf/nf-sm.c:205)
Open5GS daemon v2.6.4-78-g7f08873

10/05 12:30:27.537: [app] INFO: Configuration: '/open5gs/install/etc/open5gs/nrf.yaml' (../lib/app/ogs-init.c:126)
10/05 12:30:27.537: [app] INFO: File Logging: '/open5gs/install/var/log/open5gs/nrf.log' (../lib/app/ogs-init.c:129)
10/05 12:30:27.539: [sbi] INFO: nghttp2_server() [http://172.22.0.12]:7777 (../lib/sbi/nghttp2-server.c:395)
10/05 12:30:27.539: [app] INFO: NRF initialize...done (../src/nrf/app.c:31)
10/05 12:30:27.598: [nrf] INFO: [7e0df5c0-639c-41ee-8f95-d15ec19ef728] NF registered [Heartbeat:10s] (../src/nrf/nf-sm.c:190)
10/05 12:30:27.599: [nrf] INFO: [7e0e9282-639c-41ee-8318-ab3dbb512b69] Subscription created until 2023-10-06T12:30:27.599649-04:00 [validity_duration:86400] (../src/nrf/nnrf-handler.c:334)
10/05 12:30:27.599: [nrf] INFO: [7e0e9ab6-639c-41ee-8318-ab3dbb512b69] Subscription created until 2023-10-06T12:30:27.599846-04:00 [validity_duration:86400] (../src/nrf/nnrf-handler.c:334)
10/05 12:30:27.599: [nrf] INFO: [7e0e9cdc-639c-41ee-8318-ab3dbb512b69] Subscription created until 2023-10-06T12:30:27.599898-04:00 [validity_duration:86400] (../src/nrf/nnrf-handler.c:334)
10/05 12:30:27.599: [nrf] INFO: [7e0e9f84-639c-41ee-8318-ab3dbb512b69] Subscription created until 2023-10-06T12:30:27.599965-04:00 [validity_duration:86400] (../src/nrf/nnrf-handler.c:334)
10/05 12:30:27.600: [nrf] INFO: [7e0ea6aa-639c-41ee-8318-ab3dbb512b69] Subscription created until 2023-10-06T12:30:27.600149-04:00 [validity_duration:86400] (../src/nrf/nnrf-handler.c:334)
10/05 12:30:27.600: [nrf] INFO: [7e0ea89e-639c-41ee-8318-ab3dbb512b69] Subscription created until 2023-10-06T12:30:27.600198-04:00 [validity_duration:86400] (../src/nrf/nnrf-handler.c:334)
10/05 12:30:27.600: [nrf] INFO: [7e0eaa9c-639c-41ee-8318-ab3dbb512b69] Subscription created until 2023-10-06T12:30:27.600249-04:00 [validity_duration:86400] (../src/nrf/nnrf-handler.c:334)
10/05 12:30:27.600: [nrf] INFO: [7e0eac90-639c-41ee-8318-ab3dbb512b69] Subscription created until 2023-10-06T12:30:27.600299-04:00 [validity_duration:86400] (../src/nrf/nnrf-handler.c:334)
10/05 12:30:28.127: [nrf] INFO: [7e5eb122-639c-41ee-824c-49334287da06] NF registered [Heartbeat:10s] (../src/nrf/nf-sm.c:190)
10/05 12:30:28.128: [nrf] INFO: [7e5f5438-639c-41ee-8318-ab3dbb512b69] Subscription created until 2023-10-06T12:30:28.128913-04:00 [validity_duration:86400] (../src/nrf/nnrf-handler.c:334)
10/05 12:30:28.301: [nrf] INFO: [7e798998-639c-41ee-9332-4fb5739cbb70] NF registered [Heartbeat:10s] (../src/nrf/nf-sm.c:190)
10/05 12:30:28.456: [nrf] INFO: [7e9113f6-639c-41ee-858f-0512221e1208] NF registered [Heartbeat:10s] (../src/nrf/nf-sm.c:190)
10/05 12:30:28.457: [nrf] INFO: [7e917d3c-639c-41ee-8318-ab3dbb512b69] Subscription created until 2023-10-06T12:30:28.457650-04:00 [validity_duration:86400] (../src/nrf/nnrf-handler.c:334)
10/05 12:30:28.944: [nrf] INFO: [7edb24dc-639c-41ee-bd42-49ae55139ad1] NF registered [Heartbeat:10s] (../src/nrf/nf-sm.c:190)
10/05 12:30:28.946: [nrf] INFO: [7edc08f2-639c-41ee-8318-ab3dbb512b69] Subscription created until 2023-10-06T12:30:28.946199-04:00 [validity_duration:86400] (../src/nrf/nnrf-handler.c:334)
10/05 12:30:28.946: [nrf] INFO: [7edc19f0-639c-41ee-8318-ab3dbb512b69] Subscription created until 2023-10-06T12:30:28.946596-04:00 [validity_duration:86400] (../src/nrf/nnrf-handler.c:334)
10/05 12:30:28.946: [nrf] INFO: [7edc1f04-639c-41ee-8318-ab3dbb512b69] Subscription created until 2023-10-06T12:30:28.946723-04:00 [validity_duration:86400] (../src/nrf/nnrf-handler.c:334)
10/05 12:30:28.946: [nrf] INFO: [7edc295e-639c-41ee-8318-ab3dbb512b69] Subscription created until 2023-10-06T12:30:28.946988-04:00 [validity_duration:86400] (../src/nrf/nnrf-handler.c:334)
10/05 12:30:28.947: [nrf] INFO: [7edc2cba-639c-41ee-8318-ab3dbb512b69] Subscription created until 2023-10-06T12:30:28.947072-04:00 [validity_duration:86400] (../src/nrf/nnrf-handler.c:334)
10/05 12:30:28.947: [nrf] INFO: [7edc3084-639c-41ee-8318-ab3dbb512b69] Subscription created until 2023-10-06T12:30:28.947170-04:00 [validity_duration:86400] (../src/nrf/nnrf-handler.c:334)
10/05 12:30:29.648: [nrf] INFO: [7f336444-639c-41ee-99e8-672d1915ace4] NF registered [Heartbeat:10s] (../src/nrf/nf-sm.c:190)
10/05 12:30:29.649: [nrf] INFO: [7f476480-639c-41ee-8318-ab3dbb512b69] Subscription created until 2023-10-06T12:30:29.649765-04:00 [validity_duration:86400] (../src/nrf/nnrf-handler.c:334)
10/05 12:30:29.650: [nrf] INFO: [7f4772ae-639c-41ee-8318-ab3dbb512b69] Subscription created until 2023-10-06T12:30:29.650099-04:00 [validity_duration:86400] (../src/nrf/nnrf-handler.c:334)
10/05 12:30:29.650: [nrf] INFO: [7f477574-639c-41ee-8318-ab3dbb512b69] Subscription created until 2023-10-06T12:30:29.650168-04:00 [validity_duration:86400] (../src/nrf/nnrf-handler.c:334)
10/05 12:30:29.650: [nrf] INFO: [7f4779fc-639c-41ee-8318-ab3dbb512b69] Subscription created until 2023-10-06T12:30:29.650285-04:00 [validity_duration:86400] (../src/nrf/nnrf-handler.c:334)
10/05 12:30:38.455: [nrf] INFO: [8486a262-639c-41ee-82f4-97afb2cc3ddb] NF registered [Heartbeat:10s] (../src/nrf/nf-sm.c:190)
10/05 12:30:38.568: [nrf] INFO: [8497dbc2-639c-41ee-8c1d-45e33179bacc] NF registered [Heartbeat:10s] (../src/nrf/nf-sm.c:190)
10/05 12:30:38.570: [nrf] INFO: [84989350-639c-41ee-8318-ab3dbb512b69] Subscription created until 2023-10-06T12:30:38.570408-04:00 [validity_duration:86400] (../src/nrf/nnrf-handler.c:334)
10/05 12:30:38.570: [nrf] INFO: [84989ab2-639c-41ee-8318-ab3dbb512b69] Subscription created until 2023-10-06T12:30:38.570571-04:00 [validity_duration:86400] (../src/nrf/nnrf-handler.c:334)
10/05 12:30:38.662: [nrf] INFO: [84a666ce-639c-41ee-a1f8-5f0f78e391e6] NF registered [Heartbeat:10s] (../src/nrf/nf-sm.c:190)
10/05 12:41:59.988: [nrf] WARNING: [7e798998-639c-41ee-9332-4fb5739cbb70] No heartbeat (../src/nrf/nrf-sm.c:261)
10/05 12:41:59.988: [nrf] INFO: [7e798998-639c-41ee-9332-4fb5739cbb70] NF de-registered (../src/nrf/nf-sm.c:205)
10/05 12:41:59.996: [nrf] WARNING: Subscription notification failed [404] (../src/nrf/sbi-path.c:46)
10/05 12:42:10.708: [nrf] WARNING: [7f336444-639c-41ee-99e8-672d1915ace4] No heartbeat (../src/nrf/nrf-sm.c:261)
10/05 12:42:10.708: [nrf] INFO: [7f336444-639c-41ee-99e8-672d1915ace4] NF de-registered (../src/nrf/nf-sm.c:205)
10/05 12:42:20.212: [nrf] WARNING: [7edb24dc-639c-41ee-bd42-49ae55139ad1] No heartbeat (../src/nrf/nrf-sm.c:261)
10/05 12:42:20.212: [nrf] INFO: [7edb24dc-639c-41ee-bd42-49ae55139ad1] NF de-registered (../src/nrf/nf-sm.c:205)
10/05 12:42:29.761: [nrf] WARNING: [8497dbc2-639c-41ee-8c1d-45e33179bacc] No heartbeat (../src/nrf/nrf-sm.c:261)
10/05 12:42:29.761: [nrf] INFO: [8497dbc2-639c-41ee-8c1d-45e33179bacc] NF de-registered (../src/nrf/nf-sm.c:205)
10/05 12:42:29.845: [nrf] WARNING: [7e5eb122-639c-41ee-824c-49334287da06] No heartbeat (../src/nrf/nrf-sm.c:261)
10/05 12:42:29.845: [nrf] INFO: [7e5eb122-639c-41ee-824c-49334287da06] NF de-registered (../src/nrf/nf-sm.c:205)
10/05 12:42:30.134: [nrf] WARNING: [7e9113f6-639c-41ee-858f-0512221e1208] No heartbeat (../src/nrf/nrf-sm.c:261)
10/05 12:42:30.134: [nrf] INFO: [7e9113f6-639c-41ee-858f-0512221e1208] NF de-registered (../src/nrf/nf-sm.c:205)
10/05 12:42:30.178: [nrf] WARNING: [8486a262-639c-41ee-82f4-97afb2cc3ddb] No heartbeat (../src/nrf/nrf-sm.c:261)
10/05 12:42:30.178: [nrf] INFO: [8486a262-639c-41ee-82f4-97afb2cc3ddb] NF de-registered (../src/nrf/nf-sm.c:205)
10/05 12:42:30.338: [nrf] WARNING: [84a666ce-639c-41ee-a1f8-5f0f78e391e6] No heartbeat (../src/nrf/nrf-sm.c:261)
10/05 12:42:30.338: [nrf] INFO: [84a666ce-639c-41ee-a1f8-5f0f78e391e6] NF de-registered (../src/nrf/nf-sm.c:205)
Open5GS daemon v2.6.4-78-g7f08873

10/05 12:42:44.267: [app] INFO: Configuration: '/open5gs/install/etc/open5gs/nrf.yaml' (../lib/app/ogs-init.c:126)
10/05 12:42:44.267: [app] INFO: File Logging: '/open5gs/install/var/log/open5gs/nrf.log' (../lib/app/ogs-init.c:129)
10/05 12:42:44.269: [sbi] INFO: nghttp2_server() [http://172.22.0.12]:7777 (../lib/sbi/nghttp2-server.c:395)
10/05 12:42:44.269: [app] INFO: NRF initialize...done (../src/nrf/app.c:31)
10/05 12:42:44.378: [nrf] INFO: [3535f0f8-639e-41ee-9103-af0d17225276] NF registered [Heartbeat:10s] (../src/nrf/nf-sm.c:190)
10/05 12:42:44.379: [nrf] INFO: [35364f08-639e-41ee-9902-bf5a6024d001] Subscription created until 2023-10-06T12:42:44.379853-04:00 [validity_duration:86400] (../src/nrf/nnrf-handler.c:334)
10/05 12:42:44.380: [nrf] INFO: [353659f8-639e-41ee-9902-bf5a6024d001] Subscription created until 2023-10-06T12:42:44.380119-04:00 [validity_duration:86400] (../src/nrf/nnrf-handler.c:334)
10/05 12:42:44.380: [nrf] INFO: [35365da4-639e-41ee-9902-bf5a6024d001] Subscription created until 2023-10-06T12:42:44.380210-04:00 [validity_duration:86400] (../src/nrf/nnrf-handler.c:334)
10/05 12:42:44.380: [nrf] INFO: [353661be-639e-41ee-9902-bf5a6024d001] Subscription created until 2023-10-06T12:42:44.380314-04:00 [validity_duration:86400] (../src/nrf/nnrf-handler.c:334)
10/05 12:42:44.380: [nrf] INFO: [35366e16-639e-41ee-9902-bf5a6024d001] Subscription created until 2023-10-06T12:42:44.380631-04:00 [validity_duration:86400] (../src/nrf/nnrf-handler.c:334)
10/05 12:42:44.380: [nrf] INFO: [3536712c-639e-41ee-9902-bf5a6024d001] Subscription created until 2023-10-06T12:42:44.380708-04:00 [validity_duration:86400] (../src/nrf/nnrf-handler.c:334)
10/05 12:42:44.380: [nrf] INFO: [353674ba-639e-41ee-9902-bf5a6024d001] Subscription created until 2023-10-06T12:42:44.380798-04:00 [validity_duration:86400] (../src/nrf/nnrf-handler.c:334)
10/05 12:42:44.380: [nrf] INFO: [35367794-639e-41ee-9902-bf5a6024d001] Subscription created until 2023-10-06T12:42:44.380871-04:00 [validity_duration:86400] (../src/nrf/nnrf-handler.c:334)
10/05 12:42:45.114: [nrf] INFO: [35a6323c-639e-41ee-8d95-d5d85dc0c628] NF registered [Heartbeat:10s] (../src/nrf/nf-sm.c:190)
10/05 12:42:45.144: [nrf] INFO: [35aac1d0-639e-41ee-b77b-6569fa51b75e] NF registered [Heartbeat:10s] (../src/nrf/nf-sm.c:190)
10/05 12:42:45.145: [nrf] INFO: [35ab2d3c-639e-41ee-9902-bf5a6024d001] Subscription created until 2023-10-06T12:42:45.145777-04:00 [validity_duration:86400] (../src/nrf/nnrf-handler.c:334)
10/05 12:42:45.191: [nrf] INFO: [35b1f9aa-639e-41ee-9650-efcbcdab0e1d] NF registered [Heartbeat:10s] (../src/nrf/nf-sm.c:190)
10/05 12:42:45.194: [nrf] INFO: [35b289c4-639e-41ee-9902-bf5a6024d001] Subscription created until 2023-10-06T12:42:45.194035-04:00 [validity_duration:86400] (../src/nrf/nnrf-handler.c:334)
10/05 12:42:45.476: [nrf] INFO: [35dd1982-639e-41ee-ac8d-d13d33a2c972] NF registered [Heartbeat:10s] (../src/nrf/nf-sm.c:190)
10/05 12:42:45.479: [nrf] INFO: [35de09fa-639e-41ee-9902-bf5a6024d001] Subscription created until 2023-10-06T12:42:45.479107-04:00 [validity_duration:86400] (../src/nrf/nnrf-handler.c:334)
10/05 12:42:45.479: [nrf] INFO: [35de1666-639e-41ee-9902-bf5a6024d001] Subscription created until 2023-10-06T12:42:45.479390-04:00 [validity_duration:86400] (../src/nrf/nnrf-handler.c:334)
10/05 12:42:45.479: [nrf] INFO: [35de1d5a-639e-41ee-9902-bf5a6024d001] Subscription created until 2023-10-06T12:42:45.479565-04:00 [validity_duration:86400] (../src/nrf/nnrf-handler.c:334)
10/05 12:42:45.479: [nrf] INFO: [35de2b60-639e-41ee-9902-bf5a6024d001] Subscription created until 2023-10-06T12:42:45.479928-04:00 [validity_duration:86400] (../src/nrf/nnrf-handler.c:334)
10/05 12:42:45.480: [nrf] INFO: [35de3146-639e-41ee-9902-bf5a6024d001] Subscription created until 2023-10-06T12:42:45.480077-04:00 [validity_duration:86400] (../src/nrf/nnrf-handler.c:334)
10/05 12:42:45.480: [nrf] INFO: [35de3eca-639e-41ee-9902-bf5a6024d001] Subscription created until 2023-10-06T12:42:45.480430-04:00 [validity_duration:86400] (../src/nrf/nnrf-handler.c:334)
10/05 12:42:46.082: [nrf] INFO: [3634ad6e-639e-41ee-8332-8bf235723473] NF registered [Heartbeat:10s] (../src/nrf/nf-sm.c:190)
10/05 12:42:46.084: [nrf] INFO: [363a69ca-639e-41ee-9902-bf5a6024d001] Subscription created until 2023-10-06T12:42:46.084481-04:00 [validity_duration:86400] (../src/nrf/nnrf-handler.c:334)
10/05 12:42:46.085: [nrf] INFO: [363a7f64-639e-41ee-9902-bf5a6024d001] Subscription created until 2023-10-06T12:42:46.085019-04:00 [validity_duration:86400] (../src/nrf/nnrf-handler.c:334)
10/05 12:42:46.085: [nrf] INFO: [363a8e5a-639e-41ee-9902-bf5a6024d001] Subscription created until 2023-10-06T12:42:46.085398-04:00 [validity_duration:86400] (../src/nrf/nnrf-handler.c:334)
10/05 12:42:46.085: [nrf] INFO: [363a938c-639e-41ee-9902-bf5a6024d001] Subscription created until 2023-10-06T12:42:46.085528-04:00 [validity_duration:86400] (../src/nrf/nnrf-handler.c:334)
10/05 12:42:55.020: [nrf] INFO: [3b8d8b32-639e-41ee-a8fc-83a98b7b6f11] NF registered [Heartbeat:10s] (../src/nrf/nf-sm.c:190)
10/05 12:42:55.063: [nrf] INFO: [3b940174-639e-41ee-9aab-5398cf260285] NF registered [Heartbeat:10s] (../src/nrf/nf-sm.c:190)
10/05 12:42:55.065: [nrf] INFO: [3b94d888-639e-41ee-9902-bf5a6024d001] Subscription created until 2023-10-06T12:42:55.065766-04:00 [validity_duration:86400] (../src/nrf/nnrf-handler.c:334)
10/05 12:42:55.066: [nrf] INFO: [3b94e88c-639e-41ee-9902-bf5a6024d001] Subscription created until 2023-10-06T12:42:55.066140-04:00 [validity_duration:86400] (../src/nrf/nnrf-handler.c:334)
10/05 12:42:55.124: [nrf] INFO: [3b9d9d60-639e-41ee-8b3f-75236da3471c] NF registered [Heartbeat:10s] (../src/nrf/nf-sm.c:190)
10/05 12:56:26.882: [nrf] WARNING: [35a6323c-639e-41ee-8d95-d5d85dc0c628] No heartbeat (../src/nrf/nrf-sm.c:261)
10/05 12:56:26.882: [nrf] INFO: [35a6323c-639e-41ee-8d95-d5d85dc0c628] NF de-registered (../src/nrf/nf-sm.c:205)
10/05 12:56:26.884: [nrf] WARNING: Subscription notification failed [404] (../src/nrf/sbi-path.c:46)
10/05 12:56:37.231: [nrf] WARNING: [3634ad6e-639e-41ee-8332-8bf235723473] No heartbeat (../src/nrf/nrf-sm.c:261)
10/05 12:56:37.231: [nrf] INFO: [3634ad6e-639e-41ee-8332-8bf235723473] NF de-registered (../src/nrf/nf-sm.c:205)
10/05 12:56:46.636: [nrf] WARNING: [35dd1982-639e-41ee-ac8d-d13d33a2c972] No heartbeat (../src/nrf/nrf-sm.c:261)
10/05 12:56:46.636: [nrf] INFO: [35dd1982-639e-41ee-ac8d-d13d33a2c972] NF de-registered (../src/nrf/nf-sm.c:205)
10/05 12:56:56.365: [nrf] WARNING: [3b940174-639e-41ee-9aab-5398cf260285] No heartbeat (../src/nrf/nrf-sm.c:261)
10/05 12:56:56.365: [nrf] INFO: [3b940174-639e-41ee-9aab-5398cf260285] NF de-registered (../src/nrf/nf-sm.c:205)
10/05 12:56:56.824: [nrf] WARNING: [3b8d8b32-639e-41ee-a8fc-83a98b7b6f11] No heartbeat (../src/nrf/nrf-sm.c:261)
10/05 12:56:56.824: [nrf] INFO: [3b8d8b32-639e-41ee-a8fc-83a98b7b6f11] NF de-registered (../src/nrf/nf-sm.c:205)
10/05 12:56:56.860: [nrf] WARNING: [35aac1d0-639e-41ee-b77b-6569fa51b75e] No heartbeat (../src/nrf/nrf-sm.c:261)
10/05 12:56:56.860: [nrf] INFO: [35aac1d0-639e-41ee-b77b-6569fa51b75e] NF de-registered (../src/nrf/nf-sm.c:205)
10/05 12:56:56.867: [nrf] WARNING: [3b9d9d60-639e-41ee-8b3f-75236da3471c] No heartbeat (../src/nrf/nrf-sm.c:261)
10/05 12:56:56.867: [nrf] INFO: [3b9d9d60-639e-41ee-8b3f-75236da3471c] NF de-registered (../src/nrf/nf-sm.c:205)
10/05 12:56:56.882: [nrf] WARNING: [35b1f9aa-639e-41ee-9650-efcbcdab0e1d] No heartbeat (../src/nrf/nrf-sm.c:261)
10/05 12:56:56.882: [nrf] INFO: [35b1f9aa-639e-41ee-9650-efcbcdab0e1d] NF de-registered (../src/nrf/nf-sm.c:205)
Open5GS daemon v2.6.4-78-g7f08873

10/05 16:13:34.740: [app] INFO: Configuration: '/open5gs/install/etc/open5gs/nrf.yaml' (../lib/app/ogs-init.c:126)
10/05 16:13:34.740: [app] INFO: File Logging: '/open5gs/install/var/log/open5gs/nrf.log' (../lib/app/ogs-init.c:129)
10/05 16:13:34.742: [sbi] INFO: nghttp2_server() [http://172.22.0.12]:7777 (../lib/sbi/nghttp2-server.c:395)
10/05 16:13:34.742: [app] INFO: NRF initialize...done (../src/nrf/app.c:31)
10/05 16:13:35.594: [nrf] INFO: [a95173e6-63bb-41ee-a7f8-8bc6ac2ab505] NF registered [Heartbeat:10s] (../src/nrf/nf-sm.c:190)
10/05 16:13:35.594: [nrf] INFO: [a9b763d6-63bb-41ee-95f2-7dbe0498b48b] NF registered [Heartbeat:10s] (../src/nrf/nf-sm.c:190)
10/05 16:13:35.594: [nrf] INFO: [a9deddc6-63bb-41ee-836d-05b908bd3b78] NF registered [Heartbeat:10s] (../src/nrf/nf-sm.c:190)
10/05 16:13:35.596: [nrf] INFO: [a9ecb3ba-63bb-41ee-983b-798c876bd71a] Subscription created until 2023-10-06T16:13:35.596049-04:00 [validity_duration:86400] (../src/nrf/nnrf-handler.c:334)
10/05 16:13:35.596: [nrf] INFO: [a9ecbfae-63bb-41ee-983b-798c876bd71a] Subscription created until 2023-10-06T16:13:35.596342-04:00 [validity_duration:86400] (../src/nrf/nnrf-handler.c:334)
10/05 16:13:35.596: [nrf] INFO: [a9ecc328-63bb-41ee-983b-798c876bd71a] Subscription created until 2023-10-06T16:13:35.596427-04:00 [validity_duration:86400] (../src/nrf/nnrf-handler.c:334)
10/05 16:13:35.596: [nrf] INFO: [a9ecc666-63bb-41ee-983b-798c876bd71a] Subscription created until 2023-10-06T16:13:35.596508-04:00 [validity_duration:86400] (../src/nrf/nnrf-handler.c:334)
10/05 16:13:35.596: [nrf] INFO: [a9ecc990-63bb-41ee-983b-798c876bd71a] Subscription created until 2023-10-06T16:13:35.596590-04:00 [validity_duration:86400] (../src/nrf/nnrf-handler.c:334)
10/05 16:13:35.596: [nrf] INFO: [a9ecccc4-63bb-41ee-983b-798c876bd71a] Subscription created until 2023-10-06T16:13:35.596671-04:00 [validity_duration:86400] (../src/nrf/nnrf-handler.c:334)
10/05 16:13:35.596: [nrf] INFO: [a9ecd70a-63bb-41ee-983b-798c876bd71a] Subscription created until 2023-10-06T16:13:35.596936-04:00 [validity_duration:86400] (../src/nrf/nnrf-handler.c:334)
10/05 16:13:35.597: [nrf] INFO: [a9ecd9a8-63bb-41ee-983b-798c876bd71a] Subscription created until 2023-10-06T16:13:35.597001-04:00 [validity_duration:86400] (../src/nrf/nnrf-handler.c:334)
10/05 16:13:35.597: [nrf] INFO: [a9ece0f6-63bb-41ee-983b-798c876bd71a] Subscription created until 2023-10-06T16:13:35.597229-04:00 [validity_duration:86400] (../src/nrf/nnrf-handler.c:334)
10/05 16:13:35.597: [nrf] INFO: [a9ece77c-63bb-41ee-983b-798c876bd71a] Subscription created until 2023-10-06T16:13:35.597399-04:00 [validity_duration:86400] (../src/nrf/nnrf-handler.c:334)
10/05 16:13:35.855: [nrf] INFO: [aa13bf28-63bb-41ee-b94c-3f81cab7cd8d] NF registered [Heartbeat:10s] (../src/nrf/nf-sm.c:190)
10/05 16:13:36.198: [nrf] INFO: [aa42200c-63bb-41ee-a839-29f090fb52f3] NF registered [Heartbeat:10s] (../src/nrf/nf-sm.c:190)
10/05 16:13:36.199: [nrf] INFO: [aa48c57e-63bb-41ee-983b-798c876bd71a] Subscription created until 2023-10-06T16:13:36.199461-04:00 [validity_duration:86400] (../src/nrf/nnrf-handler.c:334)
10/05 16:13:36.199: [nrf] INFO: [aa48d3de-63bb-41ee-983b-798c876bd71a] Subscription created until 2023-10-06T16:13:36.199793-04:00 [validity_duration:86400] (../src/nrf/nnrf-handler.c:334)
10/05 16:13:36.199: [nrf] INFO: [aa48d884-63bb-41ee-983b-798c876bd71a] Subscription created until 2023-10-06T16:13:36.199908-04:00 [validity_duration:86400] (../src/nrf/nnrf-handler.c:334)
10/05 16:13:36.200: [nrf] INFO: [aa48dc4e-63bb-41ee-983b-798c876bd71a] Subscription created until 2023-10-06T16:13:36.200004-04:00 [validity_duration:86400] (../src/nrf/nnrf-handler.c:334)
10/05 16:13:36.200: [nrf] INFO: [aa48ea0e-63bb-41ee-983b-798c876bd71a] Subscription created until 2023-10-06T16:13:36.200360-04:00 [validity_duration:86400] (../src/nrf/nnrf-handler.c:334)
10/05 16:13:36.200: [nrf] INFO: [aa48ee64-63bb-41ee-983b-798c876bd71a] Subscription created until 2023-10-06T16:13:36.200476-04:00 [validity_duration:86400] (../src/nrf/nnrf-handler.c:334)
10/05 16:13:36.880: [nrf] INFO: [aaa0bbf8-63bb-41ee-b4a1-c9eee9e90ee2] NF registered [Heartbeat:10s] (../src/nrf/nf-sm.c:190)
10/05 16:13:36.882: [nrf] INFO: [aab108a0-63bb-41ee-983b-798c876bd71a] Subscription created until 2023-10-06T16:13:36.882748-04:00 [validity_duration:86400] (../src/nrf/nnrf-handler.c:334)
10/05 16:13:36.883: [nrf] INFO: [aab1152a-63bb-41ee-983b-798c876bd71a] Subscription created until 2023-10-06T16:13:36.883037-04:00 [validity_duration:86400] (../src/nrf/nnrf-handler.c:334)
10/05 16:13:36.883: [nrf] INFO: [aab1196c-63bb-41ee-983b-798c876bd71a] Subscription created until 2023-10-06T16:13:36.883144-04:00 [validity_duration:86400] (../src/nrf/nnrf-handler.c:334)
10/05 16:13:36.883: [nrf] INFO: [aab11d0e-63bb-41ee-983b-798c876bd71a] Subscription created until 2023-10-06T16:13:36.883236-04:00 [validity_duration:86400] (../src/nrf/nnrf-handler.c:334)
10/05 16:13:45.530: [nrf] INFO: [afd82124-63bb-41ee-a333-fd8d51912d0c] NF registered [Heartbeat:10s] (../src/nrf/nf-sm.c:190)
10/05 16:13:45.617: [nrf] INFO: [afe59c1e-63bb-41ee-81d1-6b8347331ad0] NF registered [Heartbeat:10s] (../src/nrf/nf-sm.c:190)
10/05 16:13:45.859: [nrf] INFO: [b00a5784-63bb-41ee-a088-43328a907654] NF registered [Heartbeat:10s] (../src/nrf/nf-sm.c:190)
10/05 16:13:45.860: [nrf] INFO: [b00afe28-63bb-41ee-983b-798c876bd71a] Subscription created until 2023-10-06T16:13:45.860900-04:00 [validity_duration:86400] (../src/nrf/nnrf-handler.c:334)
10/05 16:13:45.861: [nrf] INFO: [b00b0576-63bb-41ee-983b-798c876bd71a] Subscription created until 2023-10-06T16:13:45.861063-04:00 [validity_duration:86400] (../src/nrf/nnrf-handler.c:334)
10/05 16:45:58.780: [nrf] WARNING: [aa13bf28-63bb-41ee-b94c-3f81cab7cd8d] No heartbeat (../src/nrf/nrf-sm.c:261)
10/05 16:45:58.780: [nrf] INFO: [aa13bf28-63bb-41ee-b94c-3f81cab7cd8d] NF de-registered (../src/nrf/nf-sm.c:205)
10/05 16:45:58.782: [nrf] WARNING: Subscription notification failed [404] (../src/nrf/sbi-path.c:46)
10/05 16:46:08.354: [nrf] WARNING: [aaa0bbf8-63bb-41ee-b4a1-c9eee9e90ee2] No heartbeat (../src/nrf/nrf-sm.c:261)
10/05 16:46:08.354: [nrf] INFO: [aaa0bbf8-63bb-41ee-b4a1-c9eee9e90ee2] NF de-registered (../src/nrf/nf-sm.c:205)
10/05 16:46:27.734: [nrf] WARNING: [aa42200c-63bb-41ee-a839-29f090fb52f3] No heartbeat (../src/nrf/nrf-sm.c:261)
10/05 16:46:27.734: [nrf] INFO: [aa42200c-63bb-41ee-a839-29f090fb52f3] NF de-registered (../src/nrf/nf-sm.c:205)
10/05 16:46:28.379: [nrf] WARNING: [afd82124-63bb-41ee-a333-fd8d51912d0c] No heartbeat (../src/nrf/nrf-sm.c:261)
10/05 16:46:28.379: [nrf] INFO: [afd82124-63bb-41ee-a333-fd8d51912d0c] NF de-registered (../src/nrf/nf-sm.c:205)
10/05 16:46:28.422: [nrf] WARNING: [afe59c1e-63bb-41ee-81d1-6b8347331ad0] No heartbeat (../src/nrf/nrf-sm.c:261)
10/05 16:46:28.422: [nrf] INFO: [afe59c1e-63bb-41ee-81d1-6b8347331ad0] NF de-registered (../src/nrf/nf-sm.c:205)
10/05 16:46:28.427: [nrf] WARNING: [a9deddc6-63bb-41ee-836d-05b908bd3b78] No heartbeat (../src/nrf/nrf-sm.c:261)
10/05 16:46:28.427: [nrf] INFO: [a9deddc6-63bb-41ee-836d-05b908bd3b78] NF de-registered (../src/nrf/nf-sm.c:205)
10/05 16:46:28.434: [nrf] WARNING: [a9b763d6-63bb-41ee-95f2-7dbe0498b48b] No heartbeat (../src/nrf/nrf-sm.c:261)
10/05 16:46:28.434: [nrf] INFO: [a9b763d6-63bb-41ee-95f2-7dbe0498b48b] NF de-registered (../src/nrf/nf-sm.c:205)
10/05 16:46:37.697: [nrf] WARNING: [b00a5784-63bb-41ee-a088-43328a907654] No heartbeat (../src/nrf/nrf-sm.c:261)
10/05 16:46:37.697: [nrf] INFO: [b00a5784-63bb-41ee-a088-43328a907654] NF de-registered (../src/nrf/nf-sm.c:205)
Open5GS daemon v2.6.4-78-g7f08873

10/05 16:46:58.241: [app] INFO: Configuration: '/open5gs/install/etc/open5gs/nrf.yaml' (../lib/app/ogs-init.c:126)
10/05 16:46:58.241: [app] INFO: File Logging: '/open5gs/install/var/log/open5gs/nrf.log' (../lib/app/ogs-init.c:129)
10/05 16:46:58.243: [sbi] INFO: nghttp2_server() [http://172.22.0.12]:7777 (../lib/sbi/nghttp2-server.c:395)
10/05 16:46:58.243: [app] INFO: NRF initialize...done (../src/nrf/app.c:31)
10/05 16:46:58.334: [nrf] INFO: [53a61bae-63c0-41ee-aacc-93eb340dd8db] NF registered [Heartbeat:10s] (../src/nrf/nf-sm.c:190)
10/05 16:46:58.334: [nrf] INFO: [53a668d4-63c0-41ee-a0d4-7ddf1738c620] Subscription created until 2023-10-06T16:46:58.334965-04:00 [validity_duration:86400] (../src/nrf/nnrf-handler.c:334)
10/05 16:46:58.335: [nrf] INFO: [53a6709a-63c0-41ee-a0d4-7ddf1738c620] Subscription created until 2023-10-06T16:46:58.335153-04:00 [validity_duration:86400] (../src/nrf/nnrf-handler.c:334)
10/05 16:46:58.335: [nrf] INFO: [53a672fc-63c0-41ee-a0d4-7ddf1738c620] Subscription created until 2023-10-06T16:46:58.335211-04:00 [validity_duration:86400] (../src/nrf/nnrf-handler.c:334)
10/05 16:46:58.335: [nrf] INFO: [53a675ea-63c0-41ee-a0d4-7ddf1738c620] Subscription created until 2023-10-06T16:46:58.335285-04:00 [validity_duration:86400] (../src/nrf/nnrf-handler.c:334)
10/05 16:46:58.335: [nrf] INFO: [53a678a6-63c0-41ee-a0d4-7ddf1738c620] Subscription created until 2023-10-06T16:46:58.335355-04:00 [validity_duration:86400] (../src/nrf/nnrf-handler.c:334)
10/05 16:46:58.335: [nrf] INFO: [53a6821a-63c0-41ee-a0d4-7ddf1738c620] Subscription created until 2023-10-06T16:46:58.335597-04:00 [validity_duration:86400] (../src/nrf/nnrf-handler.c:334)
10/05 16:46:58.335: [nrf] INFO: [53a683fa-63c0-41ee-a0d4-7ddf1738c620] Subscription created until 2023-10-06T16:46:58.335645-04:00 [validity_duration:86400] (../src/nrf/nnrf-handler.c:334)
10/05 16:46:58.335: [nrf] INFO: [53a686a2-63c0-41ee-a0d4-7ddf1738c620] Subscription created until 2023-10-06T16:46:58.335713-04:00 [validity_duration:86400] (../src/nrf/nnrf-handler.c:334)
10/05 16:46:58.904: [nrf] INFO: [53fd2516-63c0-41ee-9f0f-5138c0e2edcd] NF registered [Heartbeat:10s] (../src/nrf/nf-sm.c:190)
10/05 16:46:59.213: [nrf] INFO: [542c48b4-63c0-41ee-95d6-5dea22085e9a] NF registered [Heartbeat:10s] (../src/nrf/nf-sm.c:190)
10/05 16:46:59.215: [nrf] INFO: [542cb506-63c0-41ee-a0d4-7ddf1738c620] Subscription created until 2023-10-06T16:46:59.215113-04:00 [validity_duration:86400] (../src/nrf/nnrf-handler.c:334)
10/05 16:46:59.312: [nrf] INFO: [543b643e-63c0-41ee-bda4-27234f29e04f] NF registered [Heartbeat:10s] (../src/nrf/nf-sm.c:190)
10/05 16:46:59.314: [nrf] INFO: [543bddce-63c0-41ee-a0d4-7ddf1738c620] Subscription created until 2023-10-06T16:46:59.314461-04:00 [validity_duration:86400] (../src/nrf/nnrf-handler.c:334)
10/05 16:46:59.620: [nrf] INFO: [546a26fc-63c0-41ee-be99-b16d5b04c74a] NF registered [Heartbeat:10s] (../src/nrf/nf-sm.c:190)
10/05 16:46:59.621: [nrf] INFO: [546ac4a4-63c0-41ee-a0d4-7ddf1738c620] Subscription created until 2023-10-06T16:46:59.621845-04:00 [validity_duration:86400] (../src/nrf/nnrf-handler.c:334)
10/05 16:46:59.622: [nrf] INFO: [546acee0-63c0-41ee-a0d4-7ddf1738c620] Subscription created until 2023-10-06T16:46:59.622069-04:00 [validity_duration:86400] (../src/nrf/nnrf-handler.c:334)
10/05 16:46:59.622: [nrf] INFO: [546ad3c2-63c0-41ee-a0d4-7ddf1738c620] Subscription created until 2023-10-06T16:46:59.622193-04:00 [validity_duration:86400] (../src/nrf/nnrf-handler.c:334)
10/05 16:46:59.622: [nrf] INFO: [546ad570-63c0-41ee-a0d4-7ddf1738c620] Subscription created until 2023-10-06T16:46:59.622234-04:00 [validity_duration:86400] (../src/nrf/nnrf-handler.c:334)
10/05 16:46:59.622: [nrf] INFO: [546ad7e6-63c0-41ee-a0d4-7ddf1738c620] Subscription created until 2023-10-06T16:46:59.622299-04:00 [validity_duration:86400] (../src/nrf/nnrf-handler.c:334)
10/05 16:46:59.622: [nrf] INFO: [546adec6-63c0-41ee-a0d4-7ddf1738c620] Subscription created until 2023-10-06T16:46:59.622477-04:00 [validity_duration:86400] (../src/nrf/nnrf-handler.c:334)
10/05 16:47:00.264: [nrf] INFO: [54c1efd6-63c0-41ee-abfe-bf7da8adf3f8] NF registered [Heartbeat:10s] (../src/nrf/nf-sm.c:190)
10/05 16:47:00.266: [nrf] INFO: [54cd2fe0-63c0-41ee-a0d4-7ddf1738c620] Subscription created until 2023-10-06T16:47:00.266831-04:00 [validity_duration:86400] (../src/nrf/nnrf-handler.c:334)
10/05 16:47:00.267: [nrf] INFO: [54cd39ae-63c0-41ee-a0d4-7ddf1738c620] Subscription created until 2023-10-06T16:47:00.267057-04:00 [validity_duration:86400] (../src/nrf/nnrf-handler.c:334)
10/05 16:47:00.267: [nrf] INFO: [54cd3d8c-63c0-41ee-a0d4-7ddf1738c620] Subscription created until 2023-10-06T16:47:00.267154-04:00 [validity_duration:86400] (../src/nrf/nnrf-handler.c:334)
10/05 16:47:00.267: [nrf] INFO: [54cd426e-63c0-41ee-a0d4-7ddf1738c620] Subscription created until 2023-10-06T16:47:00.267279-04:00 [validity_duration:86400] (../src/nrf/nnrf-handler.c:334)
10/05 16:47:09.056: [nrf] INFO: [5a09fec0-63c0-41ee-8c5f-9369dc4cd094] NF registered [Heartbeat:10s] (../src/nrf/nf-sm.c:190)
10/05 16:47:09.182: [nrf] INFO: [5a1d61e0-63c0-41ee-b204-e9d848b533fb] NF registered [Heartbeat:10s] (../src/nrf/nf-sm.c:190)
10/05 16:47:09.222: [nrf] INFO: [5a233548-63c0-41ee-83e2-49544dd425b6] NF registered [Heartbeat:10s] (../src/nrf/nf-sm.c:190)
10/05 16:47:09.224: [nrf] INFO: [5a23f438-63c0-41ee-a0d4-7ddf1738c620] Subscription created until 2023-10-06T16:47:09.224075-04:00 [validity_duration:86400] (../src/nrf/nnrf-handler.c:334)
10/05 16:47:09.224: [nrf] INFO: [5a23fd2a-63c0-41ee-a0d4-7ddf1738c620] Subscription created until 2023-10-06T16:47:09.224280-04:00 [validity_duration:86400] (../src/nrf/nnrf-handler.c:334)
10/05 17:04:00.811: [nrf] WARNING: [53fd2516-63c0-41ee-9f0f-5138c0e2edcd] No heartbeat (../src/nrf/nrf-sm.c:261)
10/05 17:04:00.811: [nrf] INFO: [53fd2516-63c0-41ee-9f0f-5138c0e2edcd] NF de-registered (../src/nrf/nf-sm.c:205)
10/05 17:04:00.812: [nrf] WARNING: Subscription notification failed [404] (../src/nrf/sbi-path.c:46)
10/05 17:04:11.618: [nrf] WARNING: [54c1efd6-63c0-41ee-abfe-bf7da8adf3f8] No heartbeat (../src/nrf/nrf-sm.c:261)
10/05 17:04:11.618: [nrf] INFO: [54c1efd6-63c0-41ee-abfe-bf7da8adf3f8] NF de-registered (../src/nrf/nf-sm.c:205)
10/05 17:04:21.001: [nrf] WARNING: [546a26fc-63c0-41ee-be99-b16d5b04c74a] No heartbeat (../src/nrf/nrf-sm.c:261)
10/05 17:04:21.001: [nrf] INFO: [546a26fc-63c0-41ee-be99-b16d5b04c74a] NF de-registered (../src/nrf/nf-sm.c:205)
10/05 17:04:30.563: [nrf] WARNING: [5a233548-63c0-41ee-83e2-49544dd425b6] No heartbeat (../src/nrf/nrf-sm.c:261)
10/05 17:04:30.564: [nrf] INFO: [5a233548-63c0-41ee-83e2-49544dd425b6] NF de-registered (../src/nrf/nf-sm.c:205)
10/05 17:04:31.014: [nrf] WARNING: [5a09fec0-63c0-41ee-8c5f-9369dc4cd094] No heartbeat (../src/nrf/nrf-sm.c:261)
10/05 17:04:31.014: [nrf] INFO: [5a09fec0-63c0-41ee-8c5f-9369dc4cd094] NF de-registered (../src/nrf/nf-sm.c:205)
10/05 17:04:31.141: [nrf] WARNING: [5a1d61e0-63c0-41ee-b204-e9d848b533fb] No heartbeat (../src/nrf/nrf-sm.c:261)
10/05 17:04:31.141: [nrf] INFO: [5a1d61e0-63c0-41ee-b204-e9d848b533fb] NF de-registered (../src/nrf/nf-sm.c:205)
10/05 17:04:31.149: [nrf] WARNING: [542c48b4-63c0-41ee-95d6-5dea22085e9a] No heartbeat (../src/nrf/nrf-sm.c:261)
10/05 17:04:31.149: [nrf] INFO: [542c48b4-63c0-41ee-95d6-5dea22085e9a] NF de-registered (../src/nrf/nf-sm.c:205)
10/05 17:04:31.310: [nrf] WARNING: [543b643e-63c0-41ee-bda4-27234f29e04f] No heartbeat (../src/nrf/nrf-sm.c:261)
10/05 17:04:31.310: [nrf] INFO: [543b643e-63c0-41ee-bda4-27234f29e04f] NF de-registered (../src/nrf/nf-sm.c:205)
Open5GS daemon v2.6.4-78-g7f08873

10/05 17:07:10.365: [app] INFO: Configuration: '/open5gs/install/etc/open5gs/nrf.yaml' (../lib/app/ogs-init.c:126)
10/05 17:07:10.365: [app] INFO: File Logging: '/open5gs/install/var/log/open5gs/nrf.log' (../lib/app/ogs-init.c:129)
10/05 17:07:10.368: [sbi] INFO: nghttp2_server() [http://172.22.0.12]:7777 (../lib/sbi/nghttp2-server.c:395)
10/05 17:07:10.368: [app] INFO: NRF initialize...done (../src/nrf/app.c:31)
10/05 17:07:10.407: [nrf] INFO: [26196fee-63c3-41ee-b8dc-9b3dce0f2955] NF registered [Heartbeat:10s] (../src/nrf/nf-sm.c:190)
10/05 17:07:10.409: [nrf] INFO: [261a39d8-63c3-41ee-a77f-31e44354127c] Subscription created until 2023-10-06T17:07:10.408983-04:00 [validity_duration:86400] (../src/nrf/nnrf-handler.c:334)
10/05 17:07:10.409: [nrf] INFO: [261a437e-63c3-41ee-a77f-31e44354127c] Subscription created until 2023-10-06T17:07:10.409211-04:00 [validity_duration:86400] (../src/nrf/nnrf-handler.c:334)
10/05 17:07:10.409: [nrf] INFO: [261a4a72-63c3-41ee-a77f-31e44354127c] Subscription created until 2023-10-06T17:07:10.409387-04:00 [validity_duration:86400] (../src/nrf/nnrf-handler.c:334)
10/05 17:07:10.409: [nrf] INFO: [261a4c48-63c3-41ee-a77f-31e44354127c] Subscription created until 2023-10-06T17:07:10.409432-04:00 [validity_duration:86400] (../src/nrf/nnrf-handler.c:334)
10/05 17:07:10.409: [nrf] INFO: [261a503a-63c3-41ee-a77f-31e44354127c] Subscription created until 2023-10-06T17:07:10.409533-04:00 [validity_duration:86400] (../src/nrf/nnrf-handler.c:334)
10/05 17:07:10.409: [nrf] INFO: [261a55bc-63c3-41ee-a77f-31e44354127c] Subscription created until 2023-10-06T17:07:10.409673-04:00 [validity_duration:86400] (../src/nrf/nnrf-handler.c:334)
10/05 17:07:10.409: [nrf] INFO: [261a58b4-63c3-41ee-a77f-31e44354127c] Subscription created until 2023-10-06T17:07:10.409749-04:00 [validity_duration:86400] (../src/nrf/nnrf-handler.c:334)
10/05 17:07:10.409: [nrf] INFO: [261a5df0-63c3-41ee-a77f-31e44354127c] Subscription created until 2023-10-06T17:07:10.409883-04:00 [validity_duration:86400] (../src/nrf/nnrf-handler.c:334)
10/05 17:07:10.922: [nrf] INFO: [266828fa-63c3-41ee-9449-29f1d9525b7a] NF registered [Heartbeat:10s] (../src/nrf/nf-sm.c:190)
10/05 17:07:10.924: [nrf] INFO: [2668e0ec-63c3-41ee-a77f-31e44354127c] Subscription created until 2023-10-06T17:07:10.924448-04:00 [validity_duration:86400] (../src/nrf/nnrf-handler.c:334)
10/05 17:07:10.942: [nrf] INFO: [266b6466-63c3-41ee-8c7b-d91532ebcdee] NF registered [Heartbeat:10s] (../src/nrf/nf-sm.c:190)
10/05 17:07:10.944: [nrf] INFO: [266bfc82-63c3-41ee-a77f-31e44354127c] Subscription created until 2023-10-06T17:07:10.944840-04:00 [validity_duration:86400] (../src/nrf/nnrf-handler.c:334)
10/05 17:07:11.237: [nrf] INFO: [26988414-63c3-41ee-b3f3-8b9c09192944] NF registered [Heartbeat:10s] (../src/nrf/nf-sm.c:190)
10/05 17:07:11.796: [nrf] INFO: [26ea66b2-63c3-41ee-8be7-d767de839872] NF registered [Heartbeat:10s] (../src/nrf/nf-sm.c:190)
10/05 17:07:11.798: [nrf] INFO: [26ee35c6-63c3-41ee-a77f-31e44354127c] Subscription created until 2023-10-06T17:07:11.798246-04:00 [validity_duration:86400] (../src/nrf/nnrf-handler.c:334)
10/05 17:07:11.798: [nrf] INFO: [26ee432c-63c3-41ee-a77f-31e44354127c] Subscription created until 2023-10-06T17:07:11.798564-04:00 [validity_duration:86400] (../src/nrf/nnrf-handler.c:334)
10/05 17:07:11.798: [nrf] INFO: [26ee4886-63c3-41ee-a77f-31e44354127c] Subscription created until 2023-10-06T17:07:11.798700-04:00 [validity_duration:86400] (../src/nrf/nnrf-handler.c:334)
10/05 17:07:11.798: [nrf] INFO: [26ee4b4c-63c3-41ee-a77f-31e44354127c] Subscription created until 2023-10-06T17:07:11.798769-04:00 [validity_duration:86400] (../src/nrf/nnrf-handler.c:334)
10/05 17:07:11.798: [nrf] INFO: [26ee536c-63c3-41ee-a77f-31e44354127c] Subscription created until 2023-10-06T17:07:11.798980-04:00 [validity_duration:86400] (../src/nrf/nnrf-handler.c:334)
10/05 17:07:11.799: [nrf] INFO: [26ee55ec-63c3-41ee-a77f-31e44354127c] Subscription created until 2023-10-06T17:07:11.799045-04:00 [validity_duration:86400] (../src/nrf/nnrf-handler.c:334)
10/05 17:07:12.430: [nrf] INFO: [2746f972-63c3-41ee-8952-21a2d324ae56] NF registered [Heartbeat:10s] (../src/nrf/nf-sm.c:190)
10/05 17:07:12.432: [nrf] INFO: [274ef730-63c3-41ee-a77f-31e44354127c] Subscription created until 2023-10-06T17:07:12.432341-04:00 [validity_duration:86400] (../src/nrf/nnrf-handler.c:334)
10/05 17:07:12.432: [nrf] INFO: [274f00f4-63c3-41ee-a77f-31e44354127c] Subscription created until 2023-10-06T17:07:12.432569-04:00 [validity_duration:86400] (../src/nrf/nnrf-handler.c:334)
10/05 17:07:12.432: [nrf] INFO: [274f0306-63c3-41ee-a77f-31e44354127c] Subscription created until 2023-10-06T17:07:12.432619-04:00 [validity_duration:86400] (../src/nrf/nnrf-handler.c:334)
10/05 17:07:12.432: [nrf] INFO: [274f069e-63c3-41ee-a77f-31e44354127c] Subscription created until 2023-10-06T17:07:12.432711-04:00 [validity_duration:86400] (../src/nrf/nnrf-handler.c:334)
10/05 17:07:21.206: [nrf] INFO: [2c895592-63c3-41ee-a806-f3919a4b3c97] NF registered [Heartbeat:10s] (../src/nrf/nf-sm.c:190)
10/05 17:07:21.380: [nrf] INFO: [2ca3e182-63c3-41ee-8337-a1068f0636e2] NF registered [Heartbeat:10s] (../src/nrf/nf-sm.c:190)
10/05 17:07:21.382: [nrf] INFO: [2ca49672-63c3-41ee-a77f-31e44354127c] Subscription created until 2023-10-06T17:07:21.382087-04:00 [validity_duration:86400] (../src/nrf/nnrf-handler.c:334)
10/05 17:07:21.382: [nrf] INFO: [2ca49e56-63c3-41ee-a77f-31e44354127c] Subscription created until 2023-10-06T17:07:21.382261-04:00 [validity_duration:86400] (../src/nrf/nnrf-handler.c:334)
10/05 17:07:21.469: [nrf] INFO: [2cb1c91e-63c3-41ee-a8bf-cd9436d8a9ae] NF registered [Heartbeat:10s] (../src/nrf/nf-sm.c:190)
10/05 17:11:52.478: [nrf] WARNING: [26988414-63c3-41ee-b3f3-8b9c09192944] No heartbeat (../src/nrf/nrf-sm.c:261)
10/05 17:11:52.478: [nrf] INFO: [26988414-63c3-41ee-b3f3-8b9c09192944] NF de-registered (../src/nrf/nf-sm.c:205)
10/05 17:11:52.485: [nrf] WARNING: Subscription notification failed [404] (../src/nrf/sbi-path.c:46)
10/05 17:12:03.485: [nrf] WARNING: [2746f972-63c3-41ee-8952-21a2d324ae56] No heartbeat (../src/nrf/nrf-sm.c:261)
10/05 17:12:03.485: [nrf] INFO: [2746f972-63c3-41ee-8952-21a2d324ae56] NF de-registered (../src/nrf/nf-sm.c:205)
10/05 17:12:12.844: [nrf] WARNING: [26ea66b2-63c3-41ee-8be7-d767de839872] No heartbeat (../src/nrf/nrf-sm.c:261)
10/05 17:12:12.844: [nrf] INFO: [26ea66b2-63c3-41ee-8be7-d767de839872] NF de-registered (../src/nrf/nf-sm.c:205)
10/05 17:12:22.199: [nrf] WARNING: [266828fa-63c3-41ee-9449-29f1d9525b7a] No heartbeat (../src/nrf/nrf-sm.c:261)
10/05 17:12:22.199: [nrf] INFO: [266828fa-63c3-41ee-9449-29f1d9525b7a] NF de-registered (../src/nrf/nf-sm.c:205)
10/05 17:12:22.225: [nrf] WARNING: [266b6466-63c3-41ee-8c7b-d91532ebcdee] No heartbeat (../src/nrf/nrf-sm.c:261)
10/05 17:12:22.225: [nrf] INFO: [266b6466-63c3-41ee-8c7b-d91532ebcdee] NF de-registered (../src/nrf/nf-sm.c:205)
10/05 17:12:22.431: [nrf] WARNING: [2ca3e182-63c3-41ee-8337-a1068f0636e2] No heartbeat (../src/nrf/nrf-sm.c:261)
10/05 17:12:22.431: [nrf] INFO: [2ca3e182-63c3-41ee-8337-a1068f0636e2] NF de-registered (../src/nrf/nf-sm.c:205)
10/05 17:12:22.472: [nrf] WARNING: [2c895592-63c3-41ee-a806-f3919a4b3c97] No heartbeat (../src/nrf/nrf-sm.c:261)
10/05 17:12:22.472: [nrf] INFO: [2c895592-63c3-41ee-a806-f3919a4b3c97] NF de-registered (../src/nrf/nf-sm.c:205)
10/05 17:12:22.728: [nrf] WARNING: [2cb1c91e-63c3-41ee-a8bf-cd9436d8a9ae] No heartbeat (../src/nrf/nrf-sm.c:261)
10/05 17:12:22.728: [nrf] INFO: [2cb1c91e-63c3-41ee-a8bf-cd9436d8a9ae] NF de-registered (../src/nrf/nf-sm.c:205)
Open5GS daemon v2.6.4-78-g7f08873

10/10 09:15:55.057: [app] INFO: Configuration: '/open5gs/install/etc/open5gs/nrf.yaml' (../lib/app/ogs-init.c:126)
10/10 09:15:55.057: [app] INFO: File Logging: '/open5gs/install/var/log/open5gs/nrf.log' (../lib/app/ogs-init.c:129)
10/10 09:15:55.059: [sbi] INFO: nghttp2_server() [http://172.22.0.12]:7777 (../lib/sbi/nghttp2-server.c:395)
10/10 09:15:55.059: [app] INFO: NRF initialize...done (../src/nrf/app.c:31)
10/10 09:15:55.943: [nrf] INFO: [24a96024-676f-41ee-ad44-bb0f007283f8] NF registered [Heartbeat:10s] (../src/nrf/nf-sm.c:190)
10/10 09:15:55.943: [nrf] INFO: [251967de-676f-41ee-b701-291fc3754396] NF registered [Heartbeat:10s] (../src/nrf/nf-sm.c:190)
10/10 09:15:55.944: [nrf] INFO: [2540f3ee-676f-41ee-bca1-4389a015a88b] NF registered [Heartbeat:10s] (../src/nrf/nf-sm.c:190)
10/10 09:15:55.945: [nrf] INFO: [2546384a-676f-41ee-be8a-e1b8fe1edc57] Subscription created until 2023-10-11T09:15:55.945400-04:00 [validity_duration:86400] (../src/nrf/nnrf-handler.c:334)
10/10 09:15:55.945: [nrf] INFO: [2546440c-676f-41ee-be8a-e1b8fe1edc57] Subscription created until 2023-10-11T09:15:55.945687-04:00 [validity_duration:86400] (../src/nrf/nnrf-handler.c:334)
10/10 09:15:55.945: [nrf] INFO: [2546472c-676f-41ee-be8a-e1b8fe1edc57] Subscription created until 2023-10-11T09:15:55.945764-04:00 [validity_duration:86400] (../src/nrf/nnrf-handler.c:334)
10/10 09:15:55.945: [nrf] INFO: [254649c0-676f-41ee-be8a-e1b8fe1edc57] Subscription created until 2023-10-11T09:15:55.945829-04:00 [validity_duration:86400] (../src/nrf/nnrf-handler.c:334)
10/10 09:15:55.945: [nrf] INFO: [25464d3a-676f-41ee-be8a-e1b8fe1edc57] Subscription created until 2023-10-11T09:15:55.945919-04:00 [validity_duration:86400] (../src/nrf/nnrf-handler.c:334)
10/10 09:15:55.946: [nrf] INFO: [25465064-676f-41ee-be8a-e1b8fe1edc57] Subscription created until 2023-10-11T09:15:55.945999-04:00 [validity_duration:86400] (../src/nrf/nnrf-handler.c:334)
10/10 09:15:55.946: [nrf] INFO: [25465a82-676f-41ee-be8a-e1b8fe1edc57] Subscription created until 2023-10-11T09:15:55.946260-04:00 [validity_duration:86400] (../src/nrf/nnrf-handler.c:334)
10/10 09:15:55.946: [nrf] INFO: [25465d2a-676f-41ee-be8a-e1b8fe1edc57] Subscription created until 2023-10-11T09:15:55.946327-04:00 [validity_duration:86400] (../src/nrf/nnrf-handler.c:334)
10/10 09:15:55.946: [nrf] INFO: [254664b4-676f-41ee-be8a-e1b8fe1edc57] Subscription created until 2023-10-11T09:15:55.946550-04:00 [validity_duration:86400] (../src/nrf/nnrf-handler.c:334)
10/10 09:15:56.211: [nrf] INFO: [256ea8ac-676f-41ee-885b-67ce611685c1] NF registered [Heartbeat:10s] (../src/nrf/nf-sm.c:190)
10/10 09:15:56.213: [nrf] INFO: [256f1e22-676f-41ee-be8a-e1b8fe1edc57] Subscription created until 2023-10-11T09:15:56.213448-04:00 [validity_duration:86400] (../src/nrf/nnrf-handler.c:334)
10/10 09:15:56.693: [nrf] INFO: [25b42468-676f-41ee-80d7-efa710f559c0] NF registered [Heartbeat:10s] (../src/nrf/nf-sm.c:190)
10/10 09:15:56.695: [nrf] INFO: [25b8a0ec-676f-41ee-be8a-e1b8fe1edc57] Subscription created until 2023-10-11T09:15:56.695200-04:00 [validity_duration:86400] (../src/nrf/nnrf-handler.c:334)
10/10 09:15:56.695: [nrf] INFO: [25b8a808-676f-41ee-be8a-e1b8fe1edc57] Subscription created until 2023-10-11T09:15:56.695354-04:00 [validity_duration:86400] (../src/nrf/nnrf-handler.c:334)
10/10 09:15:56.695: [nrf] INFO: [25b8aeca-676f-41ee-be8a-e1b8fe1edc57] Subscription created until 2023-10-11T09:15:56.695525-04:00 [validity_duration:86400] (../src/nrf/nnrf-handler.c:334)
10/10 09:15:56.695: [nrf] INFO: [25b8b078-676f-41ee-be8a-e1b8fe1edc57] Subscription created until 2023-10-11T09:15:56.695567-04:00 [validity_duration:86400] (../src/nrf/nnrf-handler.c:334)
10/10 09:15:56.695: [nrf] INFO: [25b8b514-676f-41ee-be8a-e1b8fe1edc57] Subscription created until 2023-10-11T09:15:56.695686-04:00 [validity_duration:86400] (../src/nrf/nnrf-handler.c:334)
10/10 09:15:56.695: [nrf] INFO: [25b8b6ae-676f-41ee-be8a-e1b8fe1edc57] Subscription created until 2023-10-11T09:15:56.695728-04:00 [validity_duration:86400] (../src/nrf/nnrf-handler.c:334)
10/10 09:15:57.439: [nrf] INFO: [261b9864-676f-41ee-85bc-efd8e05875b4] NF registered [Heartbeat:10s] (../src/nrf/nf-sm.c:190)
10/10 09:15:57.441: [nrf] INFO: [262a8202-676f-41ee-be8a-e1b8fe1edc57] Subscription created until 2023-10-11T09:15:57.441515-04:00 [validity_duration:86400] (../src/nrf/nnrf-handler.c:334)
10/10 09:15:57.441: [nrf] INFO: [262a886a-676f-41ee-be8a-e1b8fe1edc57] Subscription created until 2023-10-11T09:15:57.441655-04:00 [validity_duration:86400] (../src/nrf/nnrf-handler.c:334)
10/10 09:15:57.441: [nrf] INFO: [262a917a-676f-41ee-be8a-e1b8fe1edc57] Subscription created until 2023-10-11T09:15:57.441885-04:00 [validity_duration:86400] (../src/nrf/nnrf-handler.c:334)
10/10 09:15:57.441: [nrf] INFO: [262a94c2-676f-41ee-be8a-e1b8fe1edc57] Subscription created until 2023-10-11T09:15:57.441969-04:00 [validity_duration:86400] (../src/nrf/nnrf-handler.c:334)
10/10 09:16:05.820: [nrf] INFO: [2b28c4ee-676f-41ee-92ab-2969bf4bbfd3] NF registered [Heartbeat:10s] (../src/nrf/nf-sm.c:190)
10/10 09:16:06.242: [nrf] INFO: [2b68efce-676f-41ee-99a6-0b684db3da8f] NF registered [Heartbeat:10s] (../src/nrf/nf-sm.c:190)
10/10 09:16:06.308: [nrf] INFO: [2b730ad6-676f-41ee-be3c-196d37b442f4] NF registered [Heartbeat:10s] (../src/nrf/nf-sm.c:190)
10/10 09:16:06.310: [nrf] INFO: [2b73cfc0-676f-41ee-be8a-e1b8fe1edc57] Subscription created until 2023-10-11T09:16:06.310526-04:00 [validity_duration:86400] (../src/nrf/nnrf-handler.c:334)
10/10 09:16:06.310: [nrf] INFO: [2b73d7c2-676f-41ee-be8a-e1b8fe1edc57] Subscription created until 2023-10-11T09:16:06.310708-04:00 [validity_duration:86400] (../src/nrf/nnrf-handler.c:334)
10/10 09:16:16.956: [nrf] WARNING: [251967de-676f-41ee-b701-291fc3754396] No heartbeat (../src/nrf/nrf-sm.c:261)
10/10 09:16:16.956: [nrf] INFO: [251967de-676f-41ee-b701-291fc3754396] NF de-registered (../src/nrf/nf-sm.c:205)
10/10 09:16:16.963: [nrf] WARNING: Subscription notification failed [404] (../src/nrf/sbi-path.c:46)
10/10 09:16:16.963: [nrf] WARNING: Subscription notification failed [404] (../src/nrf/sbi-path.c:46)
10/10 09:16:28.446: [nrf] WARNING: [261b9864-676f-41ee-85bc-efd8e05875b4] No heartbeat (../src/nrf/nrf-sm.c:261)
10/10 09:16:28.446: [nrf] INFO: [261b9864-676f-41ee-85bc-efd8e05875b4] NF de-registered (../src/nrf/nf-sm.c:205)
10/10 09:16:37.714: [nrf] WARNING: [25b42468-676f-41ee-80d7-efa710f559c0] No heartbeat (../src/nrf/nrf-sm.c:261)
10/10 09:16:37.714: [nrf] INFO: [25b42468-676f-41ee-80d7-efa710f559c0] NF de-registered (../src/nrf/nf-sm.c:205)
10/10 09:16:46.854: [nrf] WARNING: [2b28c4ee-676f-41ee-92ab-2969bf4bbfd3] No heartbeat (../src/nrf/nrf-sm.c:261)
10/10 09:16:46.855: [nrf] INFO: [2b28c4ee-676f-41ee-92ab-2969bf4bbfd3] NF de-registered (../src/nrf/nf-sm.c:205)
10/10 09:16:46.988: [nrf] WARNING: [2540f3ee-676f-41ee-bca1-4389a015a88b] No heartbeat (../src/nrf/nrf-sm.c:261)
10/10 09:16:46.989: [nrf] INFO: [2540f3ee-676f-41ee-bca1-4389a015a88b] NF de-registered (../src/nrf/nf-sm.c:205)
10/10 09:16:46.990: [nrf] WARNING: Subscription notification failed [404] (../src/nrf/sbi-path.c:46)
10/10 09:16:47.247: [nrf] WARNING: [256ea8ac-676f-41ee-885b-67ce611685c1] No heartbeat (../src/nrf/nrf-sm.c:261)
10/10 09:16:47.247: [nrf] INFO: [256ea8ac-676f-41ee-885b-67ce611685c1] NF de-registered (../src/nrf/nf-sm.c:205)
10/10 09:16:47.276: [nrf] WARNING: [2b68efce-676f-41ee-99a6-0b684db3da8f] No heartbeat (../src/nrf/nrf-sm.c:261)
10/10 09:16:47.276: [nrf] INFO: [2b68efce-676f-41ee-99a6-0b684db3da8f] NF de-registered (../src/nrf/nf-sm.c:205)
10/10 09:16:47.338: [nrf] WARNING: [2b730ad6-676f-41ee-be3c-196d37b442f4] No heartbeat (../src/nrf/nrf-sm.c:261)
10/10 09:16:47.338: [nrf] INFO: [2b730ad6-676f-41ee-be3c-196d37b442f4] NF de-registered (../src/nrf/nf-sm.c:205)
10/10 09:16:52.483: [sbi] WARNING: [7] Failed to connect to 172.22.0.35 port 7777: Connection refused (../lib/sbi/client.c:626)
10/10 09:16:52.483: [nrf] WARNING: client_notify_cb() failed [-1] (../src/nrf/sbi-path.c:29)
Open5GS daemon v2.6.4-78-g7f08873

10/10 09:17:41.631: [app] INFO: Configuration: '/open5gs/install/etc/open5gs/nrf.yaml' (../lib/app/ogs-init.c:126)
10/10 09:17:41.631: [app] INFO: File Logging: '/open5gs/install/var/log/open5gs/nrf.log' (../lib/app/ogs-init.c:129)
10/10 09:17:41.633: [sbi] INFO: nghttp2_server() [http://172.22.0.12]:7777 (../lib/sbi/nghttp2-server.c:395)
10/10 09:17:41.633: [app] INFO: NRF initialize...done (../src/nrf/app.c:31)
10/10 09:17:41.641: [nrf] INFO: [6445cefc-676f-41ee-9919-374a19fcc046] NF registered [Heartbeat:10s] (../src/nrf/nf-sm.c:190)
10/10 09:17:41.644: [nrf] INFO: [644691e8-676f-41ee-a7c3-71c96f886c99] Subscription created until 2023-10-11T09:17:41.644156-04:00 [validity_duration:86400] (../src/nrf/nnrf-handler.c:334)
10/10 09:17:41.644: [nrf] INFO: [64469a9e-676f-41ee-a7c3-71c96f886c99] Subscription created until 2023-10-11T09:17:41.644363-04:00 [validity_duration:86400] (../src/nrf/nnrf-handler.c:334)
10/10 09:17:41.644: [nrf] INFO: [6446a142-676f-41ee-a7c3-71c96f886c99] Subscription created until 2023-10-11T09:17:41.644530-04:00 [validity_duration:86400] (../src/nrf/nnrf-handler.c:334)
10/10 09:17:41.644: [nrf] INFO: [6446a30e-676f-41ee-a7c3-71c96f886c99] Subscription created until 2023-10-11T09:17:41.644575-04:00 [validity_duration:86400] (../src/nrf/nnrf-handler.c:334)
10/10 09:17:41.644: [nrf] INFO: [6446a854-676f-41ee-a7c3-71c96f886c99] Subscription created until 2023-10-11T09:17:41.644713-04:00 [validity_duration:86400] (../src/nrf/nnrf-handler.c:334)
10/10 09:17:41.644: [nrf] INFO: [6446b31c-676f-41ee-a7c3-71c96f886c99] Subscription created until 2023-10-11T09:17:41.644989-04:00 [validity_duration:86400] (../src/nrf/nnrf-handler.c:334)
10/10 09:17:41.645: [nrf] INFO: [6446b86c-676f-41ee-a7c3-71c96f886c99] Subscription created until 2023-10-11T09:17:41.645124-04:00 [validity_duration:86400] (../src/nrf/nnrf-handler.c:334)
10/10 09:17:41.645: [nrf] INFO: [6446bab0-676f-41ee-a7c3-71c96f886c99] Subscription created until 2023-10-11T09:17:41.645181-04:00 [validity_duration:86400] (../src/nrf/nnrf-handler.c:334)
10/10 09:17:42.185: [nrf] INFO: [6498e25e-676f-41ee-9c6f-1f520bca9362] NF registered [Heartbeat:10s] (../src/nrf/nf-sm.c:190)
10/10 09:17:42.186: [nrf] INFO: [64995c5c-676f-41ee-a7c3-71c96f886c99] Subscription created until 2023-10-11T09:17:42.186743-04:00 [validity_duration:86400] (../src/nrf/nnrf-handler.c:334)
10/10 09:17:42.187: [nrf] INFO: [649940c8-676f-41ee-b45b-312fd33f9344] NF registered [Heartbeat:10s] (../src/nrf/nf-sm.c:190)
10/10 09:17:42.189: [nrf] INFO: [6499c7a0-676f-41ee-a7c3-71c96f886c99] Subscription created until 2023-10-11T09:17:42.189483-04:00 [validity_duration:86400] (../src/nrf/nnrf-handler.c:334)
10/10 09:17:42.299: [nrf] INFO: [64aa55f2-676f-41ee-a7c9-6f7c87f4d6d0] NF registered [Heartbeat:10s] (../src/nrf/nf-sm.c:190)
10/10 09:17:42.931: [nrf] INFO: [650a9d18-676f-41ee-bbe8-f3683dada7fb] NF registered [Heartbeat:10s] (../src/nrf/nf-sm.c:190)
10/10 09:17:42.933: [nrf] INFO: [650b4af6-676f-41ee-a7c3-71c96f886c99] Subscription created until 2023-10-11T09:17:42.933425-04:00 [validity_duration:86400] (../src/nrf/nnrf-handler.c:334)
10/10 09:17:42.933: [nrf] INFO: [650b582a-676f-41ee-a7c3-71c96f886c99] Subscription created until 2023-10-11T09:17:42.933725-04:00 [validity_duration:86400] (../src/nrf/nnrf-handler.c:334)
10/10 09:17:42.933: [nrf] INFO: [650b5cd0-676f-41ee-a7c3-71c96f886c99] Subscription created until 2023-10-11T09:17:42.933841-04:00 [validity_duration:86400] (../src/nrf/nnrf-handler.c:334)
10/10 09:17:42.933: [nrf] INFO: [650b60fe-676f-41ee-a7c3-71c96f886c99] Subscription created until 2023-10-11T09:17:42.933948-04:00 [validity_duration:86400] (../src/nrf/nnrf-handler.c:334)
10/10 09:17:42.934: [nrf] INFO: [650b6e50-676f-41ee-a7c3-71c96f886c99] Subscription created until 2023-10-11T09:17:42.934291-04:00 [validity_duration:86400] (../src/nrf/nnrf-handler.c:334)
10/10 09:17:42.934: [nrf] INFO: [650b7260-676f-41ee-a7c3-71c96f886c99] Subscription created until 2023-10-11T09:17:42.934396-04:00 [validity_duration:86400] (../src/nrf/nnrf-handler.c:334)
10/10 09:17:43.518: [nrf] INFO: [6556a492-676f-41ee-bfcd-8b9a7c262401] NF registered [Heartbeat:10s] (../src/nrf/nf-sm.c:190)
10/10 09:17:43.520: [nrf] INFO: [6564ec1e-676f-41ee-a7c3-71c96f886c99] Subscription created until 2023-10-11T09:17:43.520802-04:00 [validity_duration:86400] (../src/nrf/nnrf-handler.c:334)
10/10 09:17:43.520: [nrf] INFO: [6564f330-676f-41ee-a7c3-71c96f886c99] Subscription created until 2023-10-11T09:17:43.520959-04:00 [validity_duration:86400] (../src/nrf/nnrf-handler.c:334)
10/10 09:17:43.521: [nrf] INFO: [6564fdbc-676f-41ee-a7c3-71c96f886c99] Subscription created until 2023-10-11T09:17:43.521227-04:00 [validity_duration:86400] (../src/nrf/nnrf-handler.c:334)
10/10 09:17:43.521: [nrf] INFO: [65650190-676f-41ee-a7c3-71c96f886c99] Subscription created until 2023-10-11T09:17:43.521325-04:00 [validity_duration:86400] (../src/nrf/nnrf-handler.c:334)
10/10 09:17:52.550: [nrf] INFO: [6ac67efc-676f-41ee-9be1-69cfdca94c8d] NF registered [Heartbeat:10s] (../src/nrf/nf-sm.c:190)
10/10 09:17:52.554: [nrf] INFO: [6ac70980-676f-41ee-afd8-139aa2b156dc] NF registered [Heartbeat:10s] (../src/nrf/nf-sm.c:190)
10/10 09:17:52.685: [nrf] INFO: [6adae73e-676f-41ee-856e-edd1e20246e4] NF registered [Heartbeat:10s] (../src/nrf/nf-sm.c:190)
10/10 09:17:52.688: [nrf] INFO: [6adbcb0e-676f-41ee-a7c3-71c96f886c99] Subscription created until 2023-10-11T09:17:52.688446-04:00 [validity_duration:86400] (../src/nrf/nnrf-handler.c:334)
10/10 09:17:52.688: [nrf] INFO: [6adbd234-676f-41ee-a7c3-71c96f886c99] Subscription created until 2023-10-11T09:17:52.688600-04:00 [validity_duration:86400] (../src/nrf/nnrf-handler.c:334)
10/10 09:38:44.537: [nrf] WARNING: [64aa55f2-676f-41ee-a7c9-6f7c87f4d6d0] No heartbeat (../src/nrf/nrf-sm.c:261)
10/10 09:38:44.537: [nrf] INFO: [64aa55f2-676f-41ee-a7c9-6f7c87f4d6d0] NF de-registered (../src/nrf/nf-sm.c:205)
10/10 09:38:44.539: [nrf] WARNING: Subscription notification failed [404] (../src/nrf/sbi-path.c:46)
10/10 09:38:54.639: [nrf] WARNING: [6556a492-676f-41ee-bfcd-8b9a7c262401] No heartbeat (../src/nrf/nrf-sm.c:261)
10/10 09:38:54.639: [nrf] INFO: [6556a492-676f-41ee-bfcd-8b9a7c262401] NF de-registered (../src/nrf/nf-sm.c:205)
10/10 09:39:04.283: [nrf] WARNING: [650a9d18-676f-41ee-bbe8-f3683dada7fb] No heartbeat (../src/nrf/nrf-sm.c:261)
10/10 09:39:04.283: [nrf] INFO: [650a9d18-676f-41ee-bbe8-f3683dada7fb] NF de-registered (../src/nrf/nf-sm.c:205)
10/10 09:39:13.903: [nrf] WARNING: [6adae73e-676f-41ee-856e-edd1e20246e4] No heartbeat (../src/nrf/nrf-sm.c:261)
10/10 09:39:13.903: [nrf] INFO: [6adae73e-676f-41ee-856e-edd1e20246e4] NF de-registered (../src/nrf/nf-sm.c:205)
10/10 09:39:14.376: [nrf] WARNING: [649940c8-676f-41ee-b45b-312fd33f9344] No heartbeat (../src/nrf/nrf-sm.c:261)
10/10 09:39:14.376: [nrf] INFO: [649940c8-676f-41ee-b45b-312fd33f9344] NF de-registered (../src/nrf/nf-sm.c:205)
10/10 09:39:14.376: [nrf] WARNING: [6498e25e-676f-41ee-9c6f-1f520bca9362] No heartbeat (../src/nrf/nrf-sm.c:261)
10/10 09:39:14.376: [nrf] INFO: [6498e25e-676f-41ee-9c6f-1f520bca9362] NF de-registered (../src/nrf/nf-sm.c:205)
10/10 09:39:14.682: [nrf] WARNING: [6ac67efc-676f-41ee-9be1-69cfdca94c8d] No heartbeat (../src/nrf/nrf-sm.c:261)
10/10 09:39:14.682: [nrf] INFO: [6ac67efc-676f-41ee-9be1-69cfdca94c8d] NF de-registered (../src/nrf/nf-sm.c:205)
10/10 09:39:14.721: [nrf] WARNING: [6ac70980-676f-41ee-afd8-139aa2b156dc] No heartbeat (../src/nrf/nrf-sm.c:261)
10/10 09:39:14.721: [nrf] INFO: [6ac70980-676f-41ee-afd8-139aa2b156dc] NF de-registered (../src/nrf/nf-sm.c:205)
Open5GS daemon v2.6.4-78-g7f08873

10/10 09:45:01.061: [app] INFO: Configuration: '/open5gs/install/etc/open5gs/nrf.yaml' (../lib/app/ogs-init.c:126)
10/10 09:45:01.061: [app] INFO: File Logging: '/open5gs/install/var/log/open5gs/nrf.log' (../lib/app/ogs-init.c:129)
10/10 09:45:01.064: [sbi] INFO: nghttp2_server() [http://172.22.0.12]:7777 (../lib/sbi/nghttp2-server.c:395)
10/10 09:45:01.064: [app] INFO: NRF initialize...done (../src/nrf/app.c:31)
10/10 09:45:01.178: [nrf] INFO: [3583405a-6773-41ee-af74-b73ba98c3731] NF registered [Heartbeat:10s] (../src/nrf/nf-sm.c:190)
10/10 09:45:01.180: [nrf] INFO: [3583e3a2-6773-41ee-a1f9-d32b035c347e] Subscription created until 2023-10-11T09:45:01.180017-04:00 [validity_duration:86400] (../src/nrf/nnrf-handler.c:334)
10/10 09:45:01.180: [nrf] INFO: [3583e848-6773-41ee-a1f9-d32b035c347e] Subscription created until 2023-10-11T09:45:01.180121-04:00 [validity_duration:86400] (../src/nrf/nnrf-handler.c:334)
10/10 09:45:01.180: [nrf] INFO: [3583ea1e-6773-41ee-a1f9-d32b035c347e] Subscription created until 2023-10-11T09:45:01.180166-04:00 [validity_duration:86400] (../src/nrf/nnrf-handler.c:334)
10/10 09:45:01.180: [nrf] INFO: [3583f0fe-6773-41ee-a1f9-d32b035c347e] Subscription created until 2023-10-11T09:45:01.180342-04:00 [validity_duration:86400] (../src/nrf/nnrf-handler.c:334)
10/10 09:45:01.180: [nrf] INFO: [3583f31a-6773-41ee-a1f9-d32b035c347e] Subscription created until 2023-10-11T09:45:01.180396-04:00 [validity_duration:86400] (../src/nrf/nnrf-handler.c:334)
10/10 09:45:01.180: [nrf] INFO: [3583f522-6773-41ee-a1f9-d32b035c347e] Subscription created until 2023-10-11T09:45:01.180448-04:00 [validity_duration:86400] (../src/nrf/nnrf-handler.c:334)
10/10 09:45:01.180: [nrf] INFO: [3583f70c-6773-41ee-a1f9-d32b035c347e] Subscription created until 2023-10-11T09:45:01.180497-04:00 [validity_duration:86400] (../src/nrf/nnrf-handler.c:334)
10/10 09:45:01.180: [nrf] INFO: [3583f90a-6773-41ee-a1f9-d32b035c347e] Subscription created until 2023-10-11T09:45:01.180547-04:00 [validity_duration:86400] (../src/nrf/nnrf-handler.c:334)
10/10 09:45:02.035: [nrf] INFO: [360608a0-6773-41ee-bd35-87d6946e2296] NF registered [Heartbeat:10s] (../src/nrf/nf-sm.c:190)
10/10 09:45:02.036: [nrf] INFO: [36069a72-6773-41ee-a1f9-d32b035c347e] Subscription created until 2023-10-11T09:45:02.036679-04:00 [validity_duration:86400] (../src/nrf/nnrf-handler.c:334)
10/10 09:45:02.182: [nrf] INFO: [361cb7d0-6773-41ee-8210-9b8804b173dd] NF registered [Heartbeat:10s] (../src/nrf/nf-sm.c:190)
10/10 09:45:02.184: [nrf] INFO: [361d187e-6773-41ee-a1f9-d32b035c347e] Subscription created until 2023-10-11T09:45:02.184082-04:00 [validity_duration:86400] (../src/nrf/nnrf-handler.c:334)
10/10 09:45:02.198: [nrf] INFO: [361f20d8-6773-41ee-82eb-e969540e1e99] NF registered [Heartbeat:10s] (../src/nrf/nf-sm.c:190)
10/10 09:45:02.662: [nrf] INFO: [365ebffe-6773-41ee-a809-8de9aa457ccc] NF registered [Heartbeat:10s] (../src/nrf/nf-sm.c:190)
10/10 09:45:02.663: [nrf] INFO: [36664080-6773-41ee-a1f9-d32b035c347e] Subscription created until 2023-10-11T09:45:02.663521-04:00 [validity_duration:86400] (../src/nrf/nnrf-handler.c:334)
10/10 09:45:02.663: [nrf] INFO: [36664a62-6773-41ee-a1f9-d32b035c347e] Subscription created until 2023-10-11T09:45:02.663746-04:00 [validity_duration:86400] (../src/nrf/nnrf-handler.c:334)
10/10 09:45:02.663: [nrf] INFO: [36664e18-6773-41ee-a1f9-d32b035c347e] Subscription created until 2023-10-11T09:45:02.663840-04:00 [validity_duration:86400] (../src/nrf/nnrf-handler.c:334)
10/10 09:45:02.663: [nrf] INFO: [36664fb2-6773-41ee-a1f9-d32b035c347e] Subscription created until 2023-10-11T09:45:02.663880-04:00 [validity_duration:86400] (../src/nrf/nnrf-handler.c:334)
10/10 09:45:02.664: [nrf] INFO: [3666564c-6773-41ee-a1f9-d32b035c347e] Subscription created until 2023-10-11T09:45:02.664049-04:00 [validity_duration:86400] (../src/nrf/nnrf-handler.c:334)
10/10 09:45:02.664: [nrf] INFO: [366657c8-6773-41ee-a1f9-d32b035c347e] Subscription created until 2023-10-11T09:45:02.664091-04:00 [validity_duration:86400] (../src/nrf/nnrf-handler.c:334)
10/10 09:45:03.310: [nrf] INFO: [36bc05ba-6773-41ee-adef-3d4f50ca721f] NF registered [Heartbeat:10s] (../src/nrf/nf-sm.c:190)
10/10 09:45:03.312: [nrf] INFO: [36c941b2-6773-41ee-a1f9-d32b035c347e] Subscription created until 2023-10-11T09:45:03.312357-04:00 [validity_duration:86400] (../src/nrf/nnrf-handler.c:334)
10/10 09:45:03.312: [nrf] INFO: [36c948d8-6773-41ee-a1f9-d32b035c347e] Subscription created until 2023-10-11T09:45:03.312514-04:00 [validity_duration:86400] (../src/nrf/nnrf-handler.c:334)
10/10 09:45:03.312: [nrf] INFO: [36c94ad6-6773-41ee-a1f9-d32b035c347e] Subscription created until 2023-10-11T09:45:03.312562-04:00 [validity_duration:86400] (../src/nrf/nnrf-handler.c:334)
10/10 09:45:03.312: [nrf] INFO: [36c9515c-6773-41ee-a1f9-d32b035c347e] Subscription created until 2023-10-11T09:45:03.312730-04:00 [validity_duration:86400] (../src/nrf/nnrf-handler.c:334)
10/10 09:45:11.798: [nrf] INFO: [3bd7a63a-6773-41ee-898b-471a7b263418] NF registered [Heartbeat:10s] (../src/nrf/nf-sm.c:190)
10/10 09:45:12.075: [nrf] INFO: [3c0208b2-6773-41ee-90e4-875c945e5ab5] NF registered [Heartbeat:10s] (../src/nrf/nf-sm.c:190)
10/10 09:45:12.077: [nrf] INFO: [3c02c78e-6773-41ee-a1f9-d32b035c347e] Subscription created until 2023-10-11T09:45:12.077951-04:00 [validity_duration:86400] (../src/nrf/nnrf-handler.c:334)
10/10 09:45:12.078: [nrf] INFO: [3c02cc2a-6773-41ee-a1f9-d32b035c347e] Subscription created until 2023-10-11T09:45:12.078038-04:00 [validity_duration:86400] (../src/nrf/nnrf-handler.c:334)
10/10 09:45:12.262: [nrf] INFO: [3c1eaeae-6773-41ee-96f7-4b723483de95] NF registered [Heartbeat:10s] (../src/nrf/nf-sm.c:190)
10/10 12:44:22.808: [nrf] WARNING: [361f20d8-6773-41ee-82eb-e969540e1e99] No heartbeat (../src/nrf/nrf-sm.c:261)
10/10 12:44:22.808: [nrf] INFO: [361f20d8-6773-41ee-82eb-e969540e1e99] NF de-registered (../src/nrf/nf-sm.c:205)
10/10 12:44:22.811: [nrf] WARNING: Subscription notification failed [404] (../src/nrf/sbi-path.c:46)
10/10 12:44:26.625: [nrf] WARNING: [36bc05ba-6773-41ee-adef-3d4f50ca721f] No heartbeat (../src/nrf/nrf-sm.c:261)
10/10 12:44:26.625: [nrf] INFO: [36bc05ba-6773-41ee-adef-3d4f50ca721f] NF de-registered (../src/nrf/nf-sm.c:205)
10/10 12:44:45.534: [nrf] WARNING: [365ebffe-6773-41ee-a809-8de9aa457ccc] No heartbeat (../src/nrf/nrf-sm.c:261)
10/10 12:44:45.534: [nrf] INFO: [365ebffe-6773-41ee-a809-8de9aa457ccc] NF de-registered (../src/nrf/nf-sm.c:205)
10/10 12:44:52.084: [nrf] WARNING: [3bd7a63a-6773-41ee-898b-471a7b263418] No heartbeat (../src/nrf/nrf-sm.c:261)
10/10 12:44:52.084: [nrf] INFO: [3bd7a63a-6773-41ee-898b-471a7b263418] NF de-registered (../src/nrf/nf-sm.c:205)
10/10 12:44:52.351: [nrf] WARNING: [360608a0-6773-41ee-bd35-87d6946e2296] No heartbeat (../src/nrf/nrf-sm.c:261)
10/10 12:44:52.351: [nrf] INFO: [360608a0-6773-41ee-bd35-87d6946e2296] NF de-registered (../src/nrf/nf-sm.c:205)
10/10 12:44:52.514: [nrf] WARNING: [361cb7d0-6773-41ee-8210-9b8804b173dd] No heartbeat (../src/nrf/nrf-sm.c:261)
10/10 12:44:52.514: [nrf] INFO: [361cb7d0-6773-41ee-8210-9b8804b173dd] NF de-registered (../src/nrf/nf-sm.c:205)
10/10 12:44:53.117: [nrf] WARNING: [3c1eaeae-6773-41ee-96f7-4b723483de95] No heartbeat (../src/nrf/nrf-sm.c:261)
10/10 12:44:53.117: [nrf] INFO: [3c1eaeae-6773-41ee-96f7-4b723483de95] NF de-registered (../src/nrf/nf-sm.c:205)
10/10 12:44:56.016: [nrf] WARNING: [3c0208b2-6773-41ee-90e4-875c945e5ab5] No heartbeat (../src/nrf/nrf-sm.c:261)
10/10 12:44:56.016: [nrf] INFO: [3c0208b2-6773-41ee-90e4-875c945e5ab5] NF de-registered (../src/nrf/nf-sm.c:205)
Open5GS daemon v2.6.4-78-g7f08873

10/10 12:45:02.727: [app] INFO: Configuration: '/open5gs/install/etc/open5gs/nrf.yaml' (../lib/app/ogs-init.c:126)
10/10 12:45:02.727: [app] INFO: File Logging: '/open5gs/install/var/log/open5gs/nrf.log' (../lib/app/ogs-init.c:129)
10/10 12:45:02.729: [sbi] INFO: nghttp2_server() [http://172.22.0.12]:7777 (../lib/sbi/nghttp2-server.c:395)
10/10 12:45:02.729: [app] INFO: NRF initialize...done (../src/nrf/app.c:31)
10/10 12:45:02.895: [nrf] INFO: [5bd6c150-678c-41ee-bb75-01d171f033b2] NF registered [Heartbeat:10s] (../src/nrf/nf-sm.c:190)
10/10 12:45:02.896: [nrf] INFO: [5bd70b9c-678c-41ee-ac84-1d4da7c08aff] Subscription created until 2023-10-11T12:45:02.896648-04:00 [validity_duration:86400] (../src/nrf/nnrf-handler.c:334)
10/10 12:45:02.896: [nrf] INFO: [5bd712e0-678c-41ee-ac84-1d4da7c08aff] Subscription created until 2023-10-11T12:45:02.896822-04:00 [validity_duration:86400] (../src/nrf/nnrf-handler.c:334)
10/10 12:45:02.896: [nrf] INFO: [5bd714de-678c-41ee-ac84-1d4da7c08aff] Subscription created until 2023-10-11T12:45:02.896870-04:00 [validity_duration:86400] (../src/nrf/nnrf-handler.c:334)
10/10 12:45:02.896: [nrf] INFO: [5bd7175e-678c-41ee-ac84-1d4da7c08aff] Subscription created until 2023-10-11T12:45:02.896935-04:00 [validity_duration:86400] (../src/nrf/nnrf-handler.c:334)
10/10 12:45:02.897: [nrf] INFO: [5bd71a10-678c-41ee-ac84-1d4da7c08aff] Subscription created until 2023-10-11T12:45:02.897003-04:00 [validity_duration:86400] (../src/nrf/nnrf-handler.c:334)
10/10 12:45:02.897: [nrf] INFO: [5bd72172-678c-41ee-ac84-1d4da7c08aff] Subscription created until 2023-10-11T12:45:02.897192-04:00 [validity_duration:86400] (../src/nrf/nnrf-handler.c:334)
10/10 12:45:02.897: [nrf] INFO: [5bd72316-678c-41ee-ac84-1d4da7c08aff] Subscription created until 2023-10-11T12:45:02.897235-04:00 [validity_duration:86400] (../src/nrf/nnrf-handler.c:334)
10/10 12:45:02.897: [nrf] INFO: [5bd72596-678c-41ee-ac84-1d4da7c08aff] Subscription created until 2023-10-11T12:45:02.897298-04:00 [validity_duration:86400] (../src/nrf/nnrf-handler.c:334)
10/10 12:45:03.538: [nrf] INFO: [5c38d53e-678c-41ee-a788-17c3b771b1e5] NF registered [Heartbeat:10s] (../src/nrf/nf-sm.c:190)
10/10 12:45:03.540: [nrf] INFO: [5c394492-678c-41ee-ac84-1d4da7c08aff] Subscription created until 2023-10-11T12:45:03.540375-04:00 [validity_duration:86400] (../src/nrf/nnrf-handler.c:334)
10/10 12:45:03.858: [nrf] INFO: [5c699340-678c-41ee-aac8-7fe8105188dc] NF registered [Heartbeat:10s] (../src/nrf/nf-sm.c:190)
10/10 12:45:03.859: [nrf] INFO: [5c6a083e-678c-41ee-ac84-1d4da7c08aff] Subscription created until 2023-10-11T12:45:03.859956-04:00 [validity_duration:86400] (../src/nrf/nnrf-handler.c:334)
10/10 12:45:03.940: [nrf] INFO: [5c762cf4-678c-41ee-a44e-3dacbecbe855] NF registered [Heartbeat:10s] (../src/nrf/nf-sm.c:190)
10/10 12:45:04.294: [nrf] INFO: [5cabf1e0-678c-41ee-93ce-6370c3b1b03a] NF registered [Heartbeat:10s] (../src/nrf/nf-sm.c:190)
10/10 12:45:04.295: [nrf] INFO: [5cac8cb8-678c-41ee-ac84-1d4da7c08aff] Subscription created until 2023-10-11T12:45:04.295887-04:00 [validity_duration:86400] (../src/nrf/nnrf-handler.c:334)
10/10 12:45:04.296: [nrf] INFO: [5cac9df2-678c-41ee-ac84-1d4da7c08aff] Subscription created until 2023-10-11T12:45:04.296305-04:00 [validity_duration:86400] (../src/nrf/nnrf-handler.c:334)
10/10 12:45:04.296: [nrf] INFO: [5caca45a-678c-41ee-ac84-1d4da7c08aff] Subscription created until 2023-10-11T12:45:04.296462-04:00 [validity_duration:86400] (../src/nrf/nnrf-handler.c:334)
10/10 12:45:04.296: [nrf] INFO: [5caca6ee-678c-41ee-ac84-1d4da7c08aff] Subscription created until 2023-10-11T12:45:04.296529-04:00 [validity_duration:86400] (../src/nrf/nnrf-handler.c:334)
10/10 12:45:04.296: [nrf] INFO: [5caca9e6-678c-41ee-ac84-1d4da7c08aff] Subscription created until 2023-10-11T12:45:04.296605-04:00 [validity_duration:86400] (../src/nrf/nnrf-handler.c:334)
10/10 12:45:04.296: [nrf] INFO: [5cacb242-678c-41ee-ac84-1d4da7c08aff] Subscription created until 2023-10-11T12:45:04.296820-04:00 [validity_duration:86400] (../src/nrf/nnrf-handler.c:334)
10/10 12:45:04.937: [nrf] INFO: [5cfef746-678c-41ee-9373-5d7f9c526d07] NF registered [Heartbeat:10s] (../src/nrf/nf-sm.c:190)
10/10 12:45:04.938: [nrf] INFO: [5d0e9fca-678c-41ee-ac84-1d4da7c08aff] Subscription created until 2023-10-11T12:45:04.938634-04:00 [validity_duration:86400] (../src/nrf/nnrf-handler.c:334)
10/10 12:45:04.938: [nrf] INFO: [5d0eaaf6-678c-41ee-ac84-1d4da7c08aff] Subscription created until 2023-10-11T12:45:04.938890-04:00 [validity_duration:86400] (../src/nrf/nnrf-handler.c:334)
10/10 12:45:04.938: [nrf] INFO: [5d0eae48-678c-41ee-ac84-1d4da7c08aff] Subscription created until 2023-10-11T12:45:04.938970-04:00 [validity_duration:86400] (../src/nrf/nnrf-handler.c:334)
10/10 12:45:04.939: [nrf] INFO: [5d0eb0c8-678c-41ee-ac84-1d4da7c08aff] Subscription created until 2023-10-11T12:45:04.939034-04:00 [validity_duration:86400] (../src/nrf/nnrf-handler.c:334)
10/10 12:45:13.784: [nrf] INFO: [625400ec-678c-41ee-b6f5-61a9225aeec0] NF registered [Heartbeat:10s] (../src/nrf/nf-sm.c:190)
10/10 12:45:13.786: [nrf] INFO: [6254c5c2-678c-41ee-ac84-1d4da7c08aff] Subscription created until 2023-10-11T12:45:13.786961-04:00 [validity_duration:86400] (../src/nrf/nnrf-handler.c:334)
10/10 12:45:13.787: [nrf] INFO: [6254ccc0-678c-41ee-ac84-1d4da7c08aff] Subscription created until 2023-10-11T12:45:13.787109-04:00 [validity_duration:86400] (../src/nrf/nnrf-handler.c:334)
10/10 12:45:13.954: [nrf] INFO: [626e1914-678c-41ee-9ae3-cbc960f684fb] NF registered [Heartbeat:10s] (../src/nrf/nf-sm.c:190)
10/10 12:45:13.960: [nrf] INFO: [626ee1d2-678c-41ee-86e3-71a6938c870e] NF registered [Heartbeat:10s] (../src/nrf/nf-sm.c:190)
Open5GS daemon v2.6.4-78-g7f08873

10/10 14:53:49.854: [app] INFO: Configuration: '/open5gs/install/etc/open5gs/nrf.yaml' (../lib/app/ogs-init.c:126)
10/10 14:53:49.855: [app] INFO: File Logging: '/open5gs/install/var/log/open5gs/nrf.log' (../lib/app/ogs-init.c:129)
10/10 14:53:49.856: [sbi] INFO: nghttp2_server() [http://172.22.0.12]:7777 (../lib/sbi/nghttp2-server.c:395)
10/10 14:53:49.857: [app] INFO: NRF initialize...done (../src/nrf/app.c:31)
10/10 14:53:50.265: [nrf] INFO: [59b5be6e-679e-41ee-ad8d-513cd638ff9c] NF registered [Heartbeat:10s] (../src/nrf/nf-sm.c:190)
10/10 14:53:50.265: [nrf] INFO: [59778108-679e-41ee-97ac-db1527f21cb0] NF registered [Heartbeat:10s] (../src/nrf/nf-sm.c:190)
10/10 14:53:50.266: [nrf] INFO: [59b6110c-679e-41ee-81bd-4ba801666037] Subscription created until 2023-10-11T14:53:50.266213-04:00 [validity_duration:86400] (../src/nrf/nnrf-handler.c:334)
10/10 14:53:50.266: [nrf] INFO: [59b61b5c-679e-41ee-81bd-4ba801666037] Subscription created until 2023-10-11T14:53:50.266464-04:00 [validity_duration:86400] (../src/nrf/nnrf-handler.c:334)
10/10 14:53:50.266: [nrf] INFO: [59b61f58-679e-41ee-81bd-4ba801666037] Subscription created until 2023-10-11T14:53:50.266564-04:00 [validity_duration:86400] (../src/nrf/nnrf-handler.c:334)
10/10 14:53:50.266: [nrf] INFO: [59b6230e-679e-41ee-81bd-4ba801666037] Subscription created until 2023-10-11T14:53:50.266657-04:00 [validity_duration:86400] (../src/nrf/nnrf-handler.c:334)
10/10 14:53:50.266: [nrf] INFO: [59b62e12-679e-41ee-81bd-4ba801666037] Subscription created until 2023-10-11T14:53:50.266941-04:00 [validity_duration:86400] (../src/nrf/nnrf-handler.c:334)
10/10 14:53:50.267: [nrf] INFO: [59b63088-679e-41ee-81bd-4ba801666037] Subscription created until 2023-10-11T14:53:50.267002-04:00 [validity_duration:86400] (../src/nrf/nnrf-handler.c:334)
10/10 14:53:50.267: [nrf] INFO: [59b633e4-679e-41ee-81bd-4ba801666037] Subscription created until 2023-10-11T14:53:50.267088-04:00 [validity_duration:86400] (../src/nrf/nnrf-handler.c:334)
10/10 14:53:50.267: [nrf] INFO: [59b636dc-679e-41ee-81bd-4ba801666037] Subscription created until 2023-10-11T14:53:50.267163-04:00 [validity_duration:86400] (../src/nrf/nnrf-handler.c:334)
10/10 14:53:50.267: [nrf] INFO: [59b6455a-679e-41ee-81bd-4ba801666037] Subscription created until 2023-10-11T14:53:50.267569-04:00 [validity_duration:86400] (../src/nrf/nnrf-handler.c:334)
10/10 14:53:50.280: [nrf] INFO: [59b80c46-679e-41ee-9329-1912cd43236f] NF registered [Heartbeat:10s] (../src/nrf/nf-sm.c:190)
10/10 14:53:50.467: [nrf] INFO: [59c851dc-679e-41ee-9cd3-3d495342d47c] NF registered [Heartbeat:10s] (../src/nrf/nf-sm.c:190)
10/10 14:53:50.469: [nrf] INFO: [59d5067a-679e-41ee-81bd-4ba801666037] Subscription created until 2023-10-11T14:53:50.469122-04:00 [validity_duration:86400] (../src/nrf/nnrf-handler.c:334)
10/10 14:53:50.469: [nrf] INFO: [59d51480-679e-41ee-81bd-4ba801666037] Subscription created until 2023-10-11T14:53:50.469450-04:00 [validity_duration:86400] (../src/nrf/nnrf-handler.c:334)
10/10 14:53:50.469: [nrf] INFO: [59d51bb0-679e-41ee-81bd-4ba801666037] Subscription created until 2023-10-11T14:53:50.469631-04:00 [validity_duration:86400] (../src/nrf/nnrf-handler.c:334)
10/10 14:53:50.469: [nrf] INFO: [59d51e76-679e-41ee-81bd-4ba801666037] Subscription created until 2023-10-11T14:53:50.469701-04:00 [validity_duration:86400] (../src/nrf/nnrf-handler.c:334)
10/10 14:53:50.502: [nrf] INFO: [59d9ce08-679e-41ee-88be-df2a83b9bd11] NF registered [Heartbeat:10s] (../src/nrf/nf-sm.c:190)
10/10 14:53:50.505: [nrf] INFO: [59da85f0-679e-41ee-81bd-4ba801666037] Subscription created until 2023-10-11T14:53:50.505139-04:00 [validity_duration:86400] (../src/nrf/nnrf-handler.c:334)
10/10 14:53:50.505: [nrf] INFO: [59da8c58-679e-41ee-81bd-4ba801666037] Subscription created until 2023-10-11T14:53:50.505282-04:00 [validity_duration:86400] (../src/nrf/nnrf-handler.c:334)
10/10 14:53:50.505: [nrf] INFO: [59da9a5e-679e-41ee-81bd-4ba801666037] Subscription created until 2023-10-11T14:53:50.505641-04:00 [validity_duration:86400] (../src/nrf/nnrf-handler.c:334)
10/10 14:53:50.505: [nrf] INFO: [59daa03a-679e-41ee-81bd-4ba801666037] Subscription created until 2023-10-11T14:53:50.505788-04:00 [validity_duration:86400] (../src/nrf/nnrf-handler.c:334)
10/10 14:53:50.505: [nrf] INFO: [59daa346-679e-41ee-81bd-4ba801666037] Subscription created until 2023-10-11T14:53:50.505867-04:00 [validity_duration:86400] (../src/nrf/nnrf-handler.c:334)
10/10 14:53:50.506: [nrf] INFO: [59daa8a0-679e-41ee-81bd-4ba801666037] Subscription created until 2023-10-11T14:53:50.506003-04:00 [validity_duration:86400] (../src/nrf/nnrf-handler.c:334)
10/10 14:53:50.673: [nrf] INFO: [59f3ed1a-679e-41ee-9224-7fd0916d7988] NF registered [Heartbeat:10s] (../src/nrf/nf-sm.c:190)
10/10 14:53:50.676: [nrf] INFO: [59f4b524-679e-41ee-81bd-4ba801666037] Subscription created until 2023-10-11T14:53:50.676748-04:00 [validity_duration:86400] (../src/nrf/nnrf-handler.c:334)
10/10 14:53:59.572: [nrf] INFO: [5f41ad98-679e-41ee-8f89-c9f0e21e4011] NF registered [Heartbeat:10s] (../src/nrf/nf-sm.c:190)
10/10 14:53:59.697: [nrf] INFO: [5f54f66e-679e-41ee-b1bb-4bec1b270f72] NF registered [Heartbeat:10s] (../src/nrf/nf-sm.c:190)
10/10 14:54:00.422: [nrf] INFO: [5fc353f2-679e-41ee-8965-dd1bbf7fb57f] NF registered [Heartbeat:10s] (../src/nrf/nf-sm.c:190)
10/10 14:54:00.424: [nrf] INFO: [5fc40b12-679e-41ee-81bd-4ba801666037] Subscription created until 2023-10-11T14:54:00.424151-04:00 [validity_duration:86400] (../src/nrf/nnrf-handler.c:334)
10/10 14:54:00.424: [nrf] INFO: [5fc41378-679e-41ee-81bd-4ba801666037] Subscription created until 2023-10-11T14:54:00.424337-04:00 [validity_duration:86400] (../src/nrf/nnrf-handler.c:334)
10/10 15:33:43.454: [nrf] WARNING: [59b80c46-679e-41ee-9329-1912cd43236f] No heartbeat (../src/nrf/nrf-sm.c:261)
10/10 15:33:43.454: [nrf] INFO: [59b80c46-679e-41ee-9329-1912cd43236f] NF de-registered (../src/nrf/nf-sm.c:205)
10/10 15:33:52.104: [nrf] WARNING: [59c851dc-679e-41ee-9cd3-3d495342d47c] No heartbeat (../src/nrf/nrf-sm.c:261)
10/10 15:33:52.104: [nrf] INFO: [59c851dc-679e-41ee-9cd3-3d495342d47c] NF de-registered (../src/nrf/nf-sm.c:205)
10/10 15:34:02.196: [nrf] WARNING: [59d9ce08-679e-41ee-88be-df2a83b9bd11] No heartbeat (../src/nrf/nrf-sm.c:261)
10/10 15:34:02.196: [nrf] INFO: [59d9ce08-679e-41ee-88be-df2a83b9bd11] NF de-registered (../src/nrf/nf-sm.c:205)
10/10 15:34:12.229: [nrf] WARNING: [5fc353f2-679e-41ee-8965-dd1bbf7fb57f] No heartbeat (../src/nrf/nrf-sm.c:261)
10/10 15:34:12.229: [nrf] INFO: [5fc353f2-679e-41ee-8965-dd1bbf7fb57f] NF de-registered (../src/nrf/nf-sm.c:205)
10/10 15:34:12.756: [nrf] WARNING: [5f41ad98-679e-41ee-8f89-c9f0e21e4011] No heartbeat (../src/nrf/nrf-sm.c:261)
10/10 15:34:12.756: [nrf] INFO: [5f41ad98-679e-41ee-8f89-c9f0e21e4011] NF de-registered (../src/nrf/nf-sm.c:205)
10/10 15:34:12.912: [nrf] WARNING: [5f54f66e-679e-41ee-b1bb-4bec1b270f72] No heartbeat (../src/nrf/nrf-sm.c:261)
10/10 15:34:12.912: [nrf] INFO: [5f54f66e-679e-41ee-b1bb-4bec1b270f72] NF de-registered (../src/nrf/nf-sm.c:205)
10/10 15:34:13.484: [nrf] WARNING: [59778108-679e-41ee-97ac-db1527f21cb0] No heartbeat (../src/nrf/nrf-sm.c:261)
10/10 15:34:13.484: [nrf] INFO: [59778108-679e-41ee-97ac-db1527f21cb0] NF de-registered (../src/nrf/nf-sm.c:205)
10/10 15:34:13.857: [nrf] WARNING: [59f3ed1a-679e-41ee-9224-7fd0916d7988] No heartbeat (../src/nrf/nrf-sm.c:261)
10/10 15:34:13.857: [nrf] INFO: [59f3ed1a-679e-41ee-9224-7fd0916d7988] NF de-registered (../src/nrf/nf-sm.c:205)
