Open5GS daemon v2.6.4-78-g7f08873

08/24 11:59:54.077: [app] INFO: Configuration: '/open5gs/install/etc/open5gs/nssf.yaml' (../lib/app/ogs-init.c:126)
08/24 11:59:54.077: [app] INFO: File Logging: '/open5gs/install/var/log/open5gs/nssf.log' (../lib/app/ogs-init.c:129)
08/24 11:59:54.078: [sbi] INFO: NF Service [nnssf-nsselection] (../lib/sbi/context.c:1438)
08/24 11:59:54.078: [sbi] INFO: nghttp2_server() [http://172.22.0.28]:7777 (../lib/sbi/nghttp2-server.c:395)
08/24 11:59:54.078: [app] INFO: NSSF initialize...done (../src/nssf/app.c:31)
08/24 11:59:54.316: [sbi] INFO: [43d7e904-4297-41ee-ae1f-adfb8918ec19] NF registered [Heartbeat:10s] (../lib/sbi/nf-sm.c:214)
Open5GS daemon v2.6.4-78-g7f08873

08/30 14:57:07.464: [app] INFO: Configuration: '/open5gs/install/etc/open5gs/nssf.yaml' (../lib/app/ogs-init.c:126)
08/30 14:57:07.464: [app] INFO: File Logging: '/open5gs/install/var/log/open5gs/nssf.log' (../lib/app/ogs-init.c:129)
08/30 14:57:07.465: [sbi] INFO: NF Service [nnssf-nsselection] (../lib/sbi/context.c:1438)
08/30 14:57:07.466: [sbi] INFO: nghttp2_server() [http://172.22.0.28]:7777 (../lib/sbi/nghttp2-server.c:395)
08/30 14:57:07.466: [app] INFO: NSSF initialize...done (../src/nssf/app.c:31)
08/30 14:57:07.467: [sbi] INFO: [04509766-4767-41ee-948a-2b233a1edcf4] NF registered [Heartbeat:10s] (../lib/sbi/nf-sm.c:214)
Open5GS daemon v2.6.4-78-g7f08873

08/30 15:37:55.031: [app] INFO: Configuration: '/open5gs/install/etc/open5gs/nssf.yaml' (../lib/app/ogs-init.c:126)
08/30 15:37:55.031: [app] INFO: File Logging: '/open5gs/install/var/log/open5gs/nssf.log' (../lib/app/ogs-init.c:129)
08/30 15:37:55.032: [sbi] INFO: NF Service [nnssf-nsselection] (../lib/sbi/context.c:1438)
08/30 15:37:55.032: [sbi] INFO: nghttp2_server() [http://172.22.0.28]:7777 (../lib/sbi/nghttp2-server.c:395)
08/30 15:37:55.032: [app] INFO: NSSF initialize...done (../src/nssf/app.c:31)
08/30 15:37:55.033: [sbi] INFO: [b72d985c-476c-41ee-b156-e1fe197a1d99] NF registered [Heartbeat:10s] (../lib/sbi/nf-sm.c:214)
Open5GS daemon v2.6.4-78-g7f08873

10/05 12:30:28.299: [app] INFO: Configuration: '/open5gs/install/etc/open5gs/nssf.yaml' (../lib/app/ogs-init.c:126)
10/05 12:30:28.299: [app] INFO: File Logging: '/open5gs/install/var/log/open5gs/nssf.log' (../lib/app/ogs-init.c:129)
10/05 12:30:28.300: [sbi] INFO: NF Service [nnssf-nsselection] (../lib/sbi/context.c:1438)
10/05 12:30:28.300: [sbi] INFO: nghttp2_server() [http://172.22.0.28]:7777 (../lib/sbi/nghttp2-server.c:395)
10/05 12:30:28.301: [app] INFO: NSSF initialize...done (../src/nssf/app.c:31)
10/05 12:30:28.302: [sbi] INFO: [7e798998-639c-41ee-9332-4fb5739cbb70] NF registered [Heartbeat:10s] (../lib/sbi/nf-sm.c:214)
Open5GS daemon v2.6.4-78-g7f08873

10/05 12:42:45.111: [app] INFO: Configuration: '/open5gs/install/etc/open5gs/nssf.yaml' (../lib/app/ogs-init.c:126)
10/05 12:42:45.111: [app] INFO: File Logging: '/open5gs/install/var/log/open5gs/nssf.log' (../lib/app/ogs-init.c:129)
10/05 12:42:45.113: [sbi] INFO: NF Service [nnssf-nsselection] (../lib/sbi/context.c:1438)
10/05 12:42:45.113: [sbi] INFO: nghttp2_server() [http://172.22.0.28]:7777 (../lib/sbi/nghttp2-server.c:395)
10/05 12:42:45.113: [app] INFO: NSSF initialize...done (../src/nssf/app.c:31)
10/05 12:42:45.115: [sbi] INFO: [35a6323c-639e-41ee-8d95-d5d85dc0c628] NF registered [Heartbeat:10s] (../lib/sbi/nf-sm.c:214)
Open5GS daemon v2.6.4-78-g7f08873

10/05 16:13:35.850: [app] INFO: Configuration: '/open5gs/install/etc/open5gs/nssf.yaml' (../lib/app/ogs-init.c:126)
10/05 16:13:35.850: [app] INFO: File Logging: '/open5gs/install/var/log/open5gs/nssf.log' (../lib/app/ogs-init.c:129)
10/05 16:13:35.852: [sbi] INFO: NF Service [nnssf-nsselection] (../lib/sbi/context.c:1438)
10/05 16:13:35.852: [sbi] INFO: nghttp2_server() [http://172.22.0.28]:7777 (../lib/sbi/nghttp2-server.c:395)
10/05 16:13:35.853: [app] INFO: NSSF initialize...done (../src/nssf/app.c:31)
10/05 16:13:35.856: [sbi] INFO: [aa13bf28-63bb-41ee-b94c-3f81cab7cd8d] NF registered [Heartbeat:10s] (../lib/sbi/nf-sm.c:214)
Open5GS daemon v2.6.4-78-g7f08873

10/05 16:46:58.901: [app] INFO: Configuration: '/open5gs/install/etc/open5gs/nssf.yaml' (../lib/app/ogs-init.c:126)
10/05 16:46:58.901: [app] INFO: File Logging: '/open5gs/install/var/log/open5gs/nssf.log' (../lib/app/ogs-init.c:129)
10/05 16:46:58.903: [sbi] INFO: NF Service [nnssf-nsselection] (../lib/sbi/context.c:1438)
10/05 16:46:58.903: [sbi] INFO: nghttp2_server() [http://172.22.0.28]:7777 (../lib/sbi/nghttp2-server.c:395)
10/05 16:46:58.903: [app] INFO: NSSF initialize...done (../src/nssf/app.c:31)
10/05 16:46:58.905: [sbi] INFO: [53fd2516-63c0-41ee-9f0f-5138c0e2edcd] NF registered [Heartbeat:10s] (../lib/sbi/nf-sm.c:214)
Open5GS daemon v2.6.4-78-g7f08873

10/05 17:07:11.234: [app] INFO: Configuration: '/open5gs/install/etc/open5gs/nssf.yaml' (../lib/app/ogs-init.c:126)
10/05 17:07:11.234: [app] INFO: File Logging: '/open5gs/install/var/log/open5gs/nssf.log' (../lib/app/ogs-init.c:129)
10/05 17:07:11.236: [sbi] INFO: NF Service [nnssf-nsselection] (../lib/sbi/context.c:1438)
10/05 17:07:11.237: [sbi] INFO: nghttp2_server() [http://172.22.0.28]:7777 (../lib/sbi/nghttp2-server.c:395)
10/05 17:07:11.237: [app] INFO: NSSF initialize...done (../src/nssf/app.c:31)
10/05 17:07:11.238: [sbi] INFO: [26988414-63c3-41ee-b3f3-8b9c09192944] NF registered [Heartbeat:10s] (../lib/sbi/nf-sm.c:214)
Open5GS daemon v2.6.4-78-g7f08873

10/10 09:15:55.650: [app] INFO: Configuration: '/open5gs/install/etc/open5gs/nssf.yaml' (../lib/app/ogs-init.c:126)
10/10 09:15:55.650: [app] INFO: File Logging: '/open5gs/install/var/log/open5gs/nssf.log' (../lib/app/ogs-init.c:129)
10/10 09:15:55.651: [sbi] INFO: NF Service [nnssf-nsselection] (../lib/sbi/context.c:1438)
10/10 09:15:55.653: [sbi] INFO: nghttp2_server() [http://172.22.0.28]:7777 (../lib/sbi/nghttp2-server.c:395)
10/10 09:15:55.653: [app] INFO: NSSF initialize...done (../src/nssf/app.c:31)
10/10 09:15:55.945: [sbi] INFO: [251967de-676f-41ee-b701-291fc3754396] NF registered [Heartbeat:10s] (../lib/sbi/nf-sm.c:214)
Open5GS daemon v2.6.4-78-g7f08873

10/10 09:17:42.296: [app] INFO: Configuration: '/open5gs/install/etc/open5gs/nssf.yaml' (../lib/app/ogs-init.c:126)
10/10 09:17:42.296: [app] INFO: File Logging: '/open5gs/install/var/log/open5gs/nssf.log' (../lib/app/ogs-init.c:129)
10/10 09:17:42.298: [sbi] INFO: NF Service [nnssf-nsselection] (../lib/sbi/context.c:1438)
10/10 09:17:42.298: [sbi] INFO: nghttp2_server() [http://172.22.0.28]:7777 (../lib/sbi/nghttp2-server.c:395)
10/10 09:17:42.298: [app] INFO: NSSF initialize...done (../src/nssf/app.c:31)
10/10 09:17:42.300: [sbi] INFO: [64aa55f2-676f-41ee-a7c9-6f7c87f4d6d0] NF registered [Heartbeat:10s] (../lib/sbi/nf-sm.c:214)
Open5GS daemon v2.6.4-78-g7f08873

10/10 09:45:02.195: [app] INFO: Configuration: '/open5gs/install/etc/open5gs/nssf.yaml' (../lib/app/ogs-init.c:126)
10/10 09:45:02.195: [app] INFO: File Logging: '/open5gs/install/var/log/open5gs/nssf.log' (../lib/app/ogs-init.c:129)
10/10 09:45:02.197: [sbi] INFO: NF Service [nnssf-nsselection] (../lib/sbi/context.c:1438)
10/10 09:45:02.197: [sbi] INFO: nghttp2_server() [http://172.22.0.28]:7777 (../lib/sbi/nghttp2-server.c:395)
10/10 09:45:02.197: [app] INFO: NSSF initialize...done (../src/nssf/app.c:31)
10/10 09:45:02.199: [sbi] INFO: [361f20d8-6773-41ee-82eb-e969540e1e99] NF registered [Heartbeat:10s] (../lib/sbi/nf-sm.c:214)
Open5GS daemon v2.6.4-78-g7f08873

10/10 12:45:03.937: [app] INFO: Configuration: '/open5gs/install/etc/open5gs/nssf.yaml' (../lib/app/ogs-init.c:126)
10/10 12:45:03.937: [app] INFO: File Logging: '/open5gs/install/var/log/open5gs/nssf.log' (../lib/app/ogs-init.c:129)
10/10 12:45:03.939: [sbi] INFO: NF Service [nnssf-nsselection] (../lib/sbi/context.c:1438)
10/10 12:45:03.939: [sbi] INFO: nghttp2_server() [http://172.22.0.28]:7777 (../lib/sbi/nghttp2-server.c:395)
10/10 12:45:03.939: [app] INFO: NSSF initialize...done (../src/nssf/app.c:31)
10/10 12:45:03.941: [sbi] INFO: [5c762cf4-678c-41ee-a44e-3dacbecbe855] NF registered [Heartbeat:10s] (../lib/sbi/nf-sm.c:214)
Open5GS daemon v2.6.4-78-g7f08873

10/10 14:53:50.277: [app] INFO: Configuration: '/open5gs/install/etc/open5gs/nssf.yaml' (../lib/app/ogs-init.c:126)
10/10 14:53:50.277: [app] INFO: File Logging: '/open5gs/install/var/log/open5gs/nssf.log' (../lib/app/ogs-init.c:129)
10/10 14:53:50.279: [sbi] INFO: NF Service [nnssf-nsselection] (../lib/sbi/context.c:1438)
10/10 14:53:50.279: [sbi] INFO: nghttp2_server() [http://172.22.0.28]:7777 (../lib/sbi/nghttp2-server.c:395)
10/10 14:53:50.279: [app] INFO: NSSF initialize...done (../src/nssf/app.c:31)
10/10 14:53:50.281: [sbi] INFO: [59b80c46-679e-41ee-9329-1912cd43236f] NF registered [Heartbeat:10s] (../lib/sbi/nf-sm.c:214)
