Open5GS daemon v2.6.4-78-g7f08873

08/24 12:00:04.172: [app] INFO: Configuration: '/open5gs/install/etc/open5gs/pcf.yaml' (../lib/app/ogs-init.c:126)
08/24 12:00:04.172: [app] INFO: File Logging: '/open5gs/install/var/log/open5gs/pcf.log' (../lib/app/ogs-init.c:129)
08/24 12:00:04.173: [metrics] INFO: metrics_server() [http://172.22.0.27]:9091 (../lib/metrics/prometheus/context.c:299)
08/24 12:00:04.174: [dbi] INFO: MongoDB URI: 'mongodb://172.22.0.2/open5gs' (../lib/dbi/ogs-mongoc.c:130)
08/24 12:00:04.174: [sbi] INFO: NF Service [npcf-am-policy-control] (../lib/sbi/context.c:1438)
08/24 12:00:04.174: [sbi] INFO: NF Service [npcf-smpolicycontrol] (../lib/sbi/context.c:1438)
08/24 12:00:04.174: [sbi] INFO: NF Service [npcf-policyauthorization] (../lib/sbi/context.c:1438)
08/24 12:00:04.174: [sbi] INFO: nghttp2_server() [http://172.22.0.27]:7777 (../lib/sbi/nghttp2-server.c:395)
08/24 12:00:04.175: [app] INFO: PCF initialize...done (../src/pcf/app.c:31)
08/24 12:00:04.176: [sbi] INFO: [49dc4e80-4297-41ee-a7ee-5d1c03a42ff7] NF registered [Heartbeat:10s] (../lib/sbi/nf-sm.c:214)
08/24 12:00:04.177: [sbi] INFO: [49dcd918-4297-41ee-a087-dd4edb69f61c] Subscription created until 2023-08-25T12:00:04.176948-04:00 [duration:86400,validity:86399.999531,patch:43199.999765] (../lib/sbi/nnrf-handler.c:509)
08/24 12:00:04.177: [sbi] INFO: [49dcddd2-4297-41ee-a087-dd4edb69f61c] Subscription created until 2023-08-25T12:00:04.177049-04:00 [duration:86400,validity:86399.999562,patch:43199.999781] (../lib/sbi/nnrf-handler.c:509)
08/24 12:00:04.304: [sbi] INFO: [49f01e9c-4297-41ee-a5bc-57a4bdf9e52e] (NRF-notify) NF registered (../lib/sbi/nnrf-handler.c:725)
08/24 12:00:04.304: [sbi] INFO: [49f01e9c-4297-41ee-a5bc-57a4bdf9e52e] (NRF-notify) NF Profile updated (../lib/sbi/nnrf-handler.c:735)
08/24 12:00:04.307: [sbi] INFO: [49f070f4-4297-41ee-8e21-75ce9e0ada43] (NRF-notify) NF registered (../lib/sbi/nnrf-handler.c:725)
08/24 12:00:04.307: [sbi] INFO: [49f070f4-4297-41ee-8e21-75ce9e0ada43] (NRF-notify) NF Profile updated (../lib/sbi/nnrf-handler.c:735)
Open5GS daemon v2.6.4-78-g7f08873

08/30 14:57:17.686: [app] INFO: Configuration: '/open5gs/install/etc/open5gs/pcf.yaml' (../lib/app/ogs-init.c:126)
08/30 14:57:17.686: [app] INFO: File Logging: '/open5gs/install/var/log/open5gs/pcf.log' (../lib/app/ogs-init.c:129)
08/30 14:57:17.688: [metrics] INFO: metrics_server() [http://172.22.0.27]:9091 (../lib/metrics/prometheus/context.c:299)
08/30 14:57:17.689: [dbi] INFO: MongoDB URI: 'mongodb://172.22.0.2/open5gs' (../lib/dbi/ogs-mongoc.c:130)
08/30 14:57:17.689: [sbi] INFO: NF Service [npcf-am-policy-control] (../lib/sbi/context.c:1438)
08/30 14:57:17.689: [sbi] INFO: NF Service [npcf-smpolicycontrol] (../lib/sbi/context.c:1438)
08/30 14:57:17.689: [sbi] INFO: NF Service [npcf-policyauthorization] (../lib/sbi/context.c:1438)
08/30 14:57:17.689: [sbi] INFO: nghttp2_server() [http://172.22.0.27]:7777 (../lib/sbi/nghttp2-server.c:395)
08/30 14:57:17.689: [app] INFO: PCF initialize...done (../src/pcf/app.c:31)
08/30 14:57:17.690: [sbi] INFO: [0a685f26-4767-41ee-bbee-d7f76eb3f785] NF registered [Heartbeat:10s] (../lib/sbi/nf-sm.c:214)
08/30 14:57:17.691: [sbi] INFO: [0a68d776-4767-41ee-b451-f720d4646371] Subscription created until 2023-08-31T14:57:17.691100-04:00 [duration:86400,validity:86399.999660,patch:43199.999830] (../lib/sbi/nnrf-handler.c:509)
08/30 14:57:17.691: [sbi] INFO: [0a68dd84-4767-41ee-b451-f720d4646371] Subscription created until 2023-08-31T14:57:17.691232-04:00 [duration:86400,validity:86399.999673,patch:43199.999836] (../lib/sbi/nnrf-handler.c:509)
Open5GS daemon v2.6.4-78-g7f08873

08/30 15:38:05.124: [app] INFO: Configuration: '/open5gs/install/etc/open5gs/pcf.yaml' (../lib/app/ogs-init.c:126)
08/30 15:38:05.124: [app] INFO: File Logging: '/open5gs/install/var/log/open5gs/pcf.log' (../lib/app/ogs-init.c:129)
08/30 15:38:05.125: [metrics] INFO: metrics_server() [http://172.22.0.27]:9091 (../lib/metrics/prometheus/context.c:299)
08/30 15:38:05.126: [dbi] INFO: MongoDB URI: 'mongodb://172.22.0.2/open5gs' (../lib/dbi/ogs-mongoc.c:130)
08/30 15:38:05.126: [sbi] INFO: NF Service [npcf-am-policy-control] (../lib/sbi/context.c:1438)
08/30 15:38:05.126: [sbi] INFO: NF Service [npcf-smpolicycontrol] (../lib/sbi/context.c:1438)
08/30 15:38:05.126: [sbi] INFO: NF Service [npcf-policyauthorization] (../lib/sbi/context.c:1438)
08/30 15:38:05.126: [sbi] INFO: nghttp2_server() [http://172.22.0.27]:7777 (../lib/sbi/nghttp2-server.c:395)
08/30 15:38:05.126: [app] INFO: PCF initialize...done (../src/pcf/app.c:31)
08/30 15:38:05.128: [sbi] INFO: [bd31ad74-476c-41ee-a9ce-034563877104] NF registered [Heartbeat:10s] (../lib/sbi/nf-sm.c:214)
08/30 15:38:05.128: [sbi] INFO: [bd322f88-476c-41ee-b238-9f36bd2e7794] Subscription created until 2023-08-31T15:38:05.128714-04:00 [duration:86400,validity:86399.999731,patch:43199.999865] (../lib/sbi/nnrf-handler.c:509)
08/30 15:38:05.129: [sbi] INFO: [bd323410-476c-41ee-b238-9f36bd2e7794] Subscription created until 2023-08-31T15:38:05.128812-04:00 [duration:86400,validity:86399.999780,patch:43199.999890] (../lib/sbi/nnrf-handler.c:509)
