Open5GS daemon v2.6.4-78-g7f08873

08/23 14:29:45.089: [app] INFO: Configuration: '/open5gs/install/etc/open5gs/pcrf.yaml' (../lib/app/ogs-init.c:126)
08/23 14:29:45.089: [app] INFO: File Logging: '/open5gs/install/var/log/open5gs/pcrf.log' (../lib/app/ogs-init.c:129)
08/23 14:29:45.091: [dbi] INFO: MongoDB URI: 'mongodb://172.22.0.2/open5gs' (../lib/dbi/ogs-mongoc.c:130)
08/23 14:29:45.108: [app] INFO: PCRF initialize...done (../src/pcrf/app-init.c:31)
08/23 14:29:45.110: [diam] INFO: CONNECTED TO 'smf.epc.mnc001.mcc001.3gppnetwork.org' (SCTP,soc#15): (../lib/diameter/common/logger.c:108)
08/23 14:29:57.845: [diam] INFO: CONNECTED TO 'pcscf.ims.mnc001.mcc001.3gppnetwork.org' (TCP,soc#13): (../lib/diameter/common/logger.c:108)
08/23 14:59:01.967: [pcrf] WARNING: Not supported(260) (../src/pcrf/pcrf-rx-path.c:333)
08/23 14:59:01.967: [pcrf] WARNING: Not supported(524) (../src/pcrf/pcrf-rx-path.c:323)
08/23 14:59:01.967: [pcrf] WARNING: Not supported(524) (../src/pcrf/pcrf-rx-path.c:323)
08/23 14:59:01.967: [pcrf] WARNING: Not supported(291) (../src/pcrf/pcrf-rx-path.c:333)
08/23 14:59:01.967: [pcrf] WARNING: Not supported(276) (../src/pcrf/pcrf-rx-path.c:333)
08/23 14:59:01.967: [pcrf] WARNING: Not supported(27) (../src/pcrf/pcrf-rx-path.c:333)
08/23 15:00:20.023: [pcrf] WARNING: Not supported(260) (../src/pcrf/pcrf-rx-path.c:333)
08/23 15:00:20.023: [pcrf] WARNING: Not supported(524) (../src/pcrf/pcrf-rx-path.c:323)
08/23 15:00:20.023: [pcrf] WARNING: Not supported(524) (../src/pcrf/pcrf-rx-path.c:323)
08/23 15:00:20.023: [pcrf] WARNING: Not supported(291) (../src/pcrf/pcrf-rx-path.c:333)
08/23 15:00:20.023: [pcrf] WARNING: Not supported(276) (../src/pcrf/pcrf-rx-path.c:333)
08/23 15:00:20.023: [pcrf] WARNING: Not supported(27) (../src/pcrf/pcrf-rx-path.c:333)
08/23 15:02:20.340: [pcrf] WARNING: Not supported(260) (../src/pcrf/pcrf-rx-path.c:333)
08/23 15:02:20.340: [pcrf] WARNING: Not supported(524) (../src/pcrf/pcrf-rx-path.c:323)
08/23 15:02:20.340: [pcrf] WARNING: Not supported(524) (../src/pcrf/pcrf-rx-path.c:323)
08/23 15:02:20.340: [pcrf] WARNING: Not supported(291) (../src/pcrf/pcrf-rx-path.c:333)
08/23 15:02:20.340: [pcrf] WARNING: Not supported(276) (../src/pcrf/pcrf-rx-path.c:333)
08/23 15:02:20.340: [pcrf] WARNING: Not supported(27) (../src/pcrf/pcrf-rx-path.c:333)
08/23 15:03:15.256: [pcrf] WARNING: Not supported(260) (../src/pcrf/pcrf-rx-path.c:333)
08/23 15:03:15.256: [pcrf] WARNING: Not supported(524) (../src/pcrf/pcrf-rx-path.c:323)
08/23 15:03:15.256: [pcrf] WARNING: Not supported(524) (../src/pcrf/pcrf-rx-path.c:323)
08/23 15:03:15.256: [pcrf] WARNING: Not supported(291) (../src/pcrf/pcrf-rx-path.c:333)
08/23 15:03:15.256: [pcrf] WARNING: Not supported(276) (../src/pcrf/pcrf-rx-path.c:333)
08/23 15:03:15.256: [pcrf] WARNING: Not supported(27) (../src/pcrf/pcrf-rx-path.c:333)
08/23 15:08:44.238: [pcrf] WARNING: Not supported(260) (../src/pcrf/pcrf-rx-path.c:333)
08/23 15:08:44.238: [pcrf] WARNING: Not supported(524) (../src/pcrf/pcrf-rx-path.c:323)
08/23 15:08:44.238: [pcrf] WARNING: Not supported(524) (../src/pcrf/pcrf-rx-path.c:323)
08/23 15:08:44.238: [pcrf] WARNING: Not supported(291) (../src/pcrf/pcrf-rx-path.c:333)
08/23 15:08:44.238: [pcrf] WARNING: Not supported(276) (../src/pcrf/pcrf-rx-path.c:333)
08/23 15:08:44.238: [pcrf] WARNING: Not supported(27) (../src/pcrf/pcrf-rx-path.c:333)
Open5GS daemon v2.6.4-78-g7f08873

08/24 11:08:08.904: [app] INFO: Configuration: '/open5gs/install/etc/open5gs/pcrf.yaml' (../lib/app/ogs-init.c:126)
08/24 11:08:08.904: [app] INFO: File Logging: '/open5gs/install/var/log/open5gs/pcrf.log' (../lib/app/ogs-init.c:129)
08/24 11:08:08.905: [dbi] INFO: MongoDB URI: 'mongodb://172.22.0.2/open5gs' (../lib/dbi/ogs-mongoc.c:130)
08/24 11:08:08.922: [app] INFO: PCRF initialize...done (../src/pcrf/app-init.c:31)
08/24 11:08:08.923: [diam] INFO: CONNECTED TO 'smf.epc.mnc001.mcc001.3gppnetwork.org' (SCTP,soc#15): (../lib/diameter/common/logger.c:108)
08/24 11:08:21.307: [diam] INFO: CONNECTED TO 'pcscf.ims.mnc001.mcc001.3gppnetwork.org' (TCP,soc#14): (../lib/diameter/common/logger.c:108)
Open5GS daemon v2.6.4-78-g7f08873

08/24 12:04:54.510: [app] INFO: Configuration: '/open5gs/install/etc/open5gs/pcrf.yaml' (../lib/app/ogs-init.c:126)
08/24 12:04:54.510: [app] INFO: File Logging: '/open5gs/install/var/log/open5gs/pcrf.log' (../lib/app/ogs-init.c:129)
08/24 12:04:54.511: [dbi] INFO: MongoDB URI: 'mongodb://172.22.0.2/open5gs' (../lib/dbi/ogs-mongoc.c:130)
08/24 12:04:54.543: [app] INFO: PCRF initialize...done (../src/pcrf/app-init.c:31)
08/24 12:04:54.546: [diam] INFO: CONNECTED TO 'smf.epc.mnc001.mcc001.3gppnetwork.org' (SCTP,soc#15): (../lib/diameter/common/logger.c:108)
08/24 12:05:06.570: [diam] INFO: CONNECTED TO 'pcscf.ims.mnc001.mcc001.3gppnetwork.org' (TCP,soc#13): (../lib/diameter/common/logger.c:108)
08/24 12:06:28.091: [pcrf] WARNING: Not supported(260) (../src/pcrf/pcrf-rx-path.c:333)
08/24 12:06:28.091: [pcrf] WARNING: Not supported(524) (../src/pcrf/pcrf-rx-path.c:323)
08/24 12:06:28.091: [pcrf] WARNING: Not supported(524) (../src/pcrf/pcrf-rx-path.c:323)
08/24 12:06:28.091: [pcrf] WARNING: Not supported(291) (../src/pcrf/pcrf-rx-path.c:333)
08/24 12:06:28.091: [pcrf] WARNING: Not supported(276) (../src/pcrf/pcrf-rx-path.c:333)
08/24 12:06:28.091: [pcrf] WARNING: Not supported(27) (../src/pcrf/pcrf-rx-path.c:333)
Open5GS daemon v2.6.4-78-g7f08873

08/24 12:33:49.808: [app] INFO: Configuration: '/open5gs/install/etc/open5gs/pcrf.yaml' (../lib/app/ogs-init.c:126)
08/24 12:33:49.808: [app] INFO: File Logging: '/open5gs/install/var/log/open5gs/pcrf.log' (../lib/app/ogs-init.c:129)
08/24 12:33:49.810: [dbi] INFO: MongoDB URI: 'mongodb://172.22.0.2/open5gs' (../lib/dbi/ogs-mongoc.c:130)
08/24 12:33:49.830: [app] INFO: PCRF initialize...done (../src/pcrf/app-init.c:31)
08/24 12:33:49.832: [diam] INFO: CONNECTED TO 'smf.epc.mnc001.mcc001.3gppnetwork.org' (SCTP,soc#15): (../lib/diameter/common/logger.c:108)
08/24 12:33:56.826: [diam] INFO: CONNECTED TO 'pcscf.ims.mnc001.mcc001.3gppnetwork.org' (TCP,soc#13): (../lib/diameter/common/logger.c:108)
08/24 12:34:38.207: [pcrf] WARNING: Not supported(260) (../src/pcrf/pcrf-rx-path.c:333)
08/24 12:34:38.207: [pcrf] WARNING: Not supported(524) (../src/pcrf/pcrf-rx-path.c:323)
08/24 12:34:38.207: [pcrf] WARNING: Not supported(524) (../src/pcrf/pcrf-rx-path.c:323)
08/24 12:34:38.207: [pcrf] WARNING: Not supported(291) (../src/pcrf/pcrf-rx-path.c:333)
08/24 12:34:38.207: [pcrf] WARNING: Not supported(276) (../src/pcrf/pcrf-rx-path.c:333)
08/24 12:34:38.207: [pcrf] WARNING: Not supported(27) (../src/pcrf/pcrf-rx-path.c:333)
Open5GS daemon v2.6.4-78-g7f08873

08/24 12:45:13.314: [app] INFO: Configuration: '/open5gs/install/etc/open5gs/pcrf.yaml' (../lib/app/ogs-init.c:126)
08/24 12:45:13.314: [app] INFO: File Logging: '/open5gs/install/var/log/open5gs/pcrf.log' (../lib/app/ogs-init.c:129)
08/24 12:45:13.315: [dbi] INFO: MongoDB URI: 'mongodb://172.22.0.2/open5gs' (../lib/dbi/ogs-mongoc.c:130)
08/24 12:45:13.347: [app] INFO: PCRF initialize...done (../src/pcrf/app-init.c:31)
08/24 12:45:13.348: [diam] INFO: CONNECTED TO 'smf.epc.mnc001.mcc001.3gppnetwork.org' (SCTP,soc#16): (../lib/diameter/common/logger.c:108)
08/24 12:45:21.194: [diam] INFO: CONNECTED TO 'pcscf.ims.mnc001.mcc001.3gppnetwork.org' (TCP,soc#12): (../lib/diameter/common/logger.c:108)
08/24 12:46:10.626: [pcrf] WARNING: Not supported(260) (../src/pcrf/pcrf-rx-path.c:333)
08/24 12:46:10.626: [pcrf] WARNING: Not supported(524) (../src/pcrf/pcrf-rx-path.c:323)
08/24 12:46:10.626: [pcrf] WARNING: Not supported(524) (../src/pcrf/pcrf-rx-path.c:323)
08/24 12:46:10.626: [pcrf] WARNING: Not supported(291) (../src/pcrf/pcrf-rx-path.c:333)
08/24 12:46:10.626: [pcrf] WARNING: Not supported(276) (../src/pcrf/pcrf-rx-path.c:333)
08/24 12:46:10.626: [pcrf] WARNING: Not supported(27) (../src/pcrf/pcrf-rx-path.c:333)
Open5GS daemon v2.6.4-78-g7f08873

08/24 13:51:37.353: [app] INFO: Configuration: '/open5gs/install/etc/open5gs/pcrf.yaml' (../lib/app/ogs-init.c:126)
08/24 13:51:37.353: [app] INFO: File Logging: '/open5gs/install/var/log/open5gs/pcrf.log' (../lib/app/ogs-init.c:129)
08/24 13:51:37.355: [dbi] INFO: MongoDB URI: 'mongodb://172.22.0.2/open5gs' (../lib/dbi/ogs-mongoc.c:130)
08/24 13:51:37.390: [app] INFO: PCRF initialize...done (../src/pcrf/app-init.c:31)
08/24 13:51:37.391: [diam] INFO: CONNECTED TO 'smf.epc.mnc001.mcc001.3gppnetwork.org' (SCTP,soc#16): (../lib/diameter/common/logger.c:108)
08/24 13:51:44.598: [diam] INFO: CONNECTED TO 'pcscf.ims.mnc001.mcc001.3gppnetwork.org' (TCP,soc#13): (../lib/diameter/common/logger.c:108)
08/24 13:53:18.125: [pcrf] WARNING: Not supported(260) (../src/pcrf/pcrf-rx-path.c:333)
08/24 13:53:18.125: [pcrf] WARNING: Not supported(524) (../src/pcrf/pcrf-rx-path.c:323)
08/24 13:53:18.125: [pcrf] WARNING: Not supported(524) (../src/pcrf/pcrf-rx-path.c:323)
08/24 13:53:18.125: [pcrf] WARNING: Not supported(291) (../src/pcrf/pcrf-rx-path.c:333)
08/24 13:53:18.125: [pcrf] WARNING: Not supported(276) (../src/pcrf/pcrf-rx-path.c:333)
08/24 13:53:18.125: [pcrf] WARNING: Not supported(27) (../src/pcrf/pcrf-rx-path.c:333)
Open5GS daemon v2.6.4-78-g7f08873

08/24 13:56:49.948: [app] INFO: Configuration: '/open5gs/install/etc/open5gs/pcrf.yaml' (../lib/app/ogs-init.c:126)
08/24 13:56:49.948: [app] INFO: File Logging: '/open5gs/install/var/log/open5gs/pcrf.log' (../lib/app/ogs-init.c:129)
08/24 13:56:49.950: [dbi] INFO: MongoDB URI: 'mongodb://172.22.0.2/open5gs' (../lib/dbi/ogs-mongoc.c:130)
08/24 13:56:49.976: [app] INFO: PCRF initialize...done (../src/pcrf/app-init.c:31)
08/24 13:56:49.977: [diam] INFO: CONNECTED TO 'smf.epc.mnc001.mcc001.3gppnetwork.org' (SCTP,soc#16): (../lib/diameter/common/logger.c:108)
08/24 13:56:57.392: [diam] INFO: CONNECTED TO 'pcscf.ims.mnc001.mcc001.3gppnetwork.org' (TCP,soc#13): (../lib/diameter/common/logger.c:108)
Open5GS daemon v2.6.4-78-g7f08873

08/24 14:08:10.733: [app] INFO: Configuration: '/open5gs/install/etc/open5gs/pcrf.yaml' (../lib/app/ogs-init.c:126)
08/24 14:08:10.733: [app] INFO: File Logging: '/open5gs/install/var/log/open5gs/pcrf.log' (../lib/app/ogs-init.c:129)
08/24 14:08:10.735: [dbi] INFO: MongoDB URI: 'mongodb://172.22.0.2/open5gs' (../lib/dbi/ogs-mongoc.c:130)
08/24 14:08:10.758: [app] INFO: PCRF initialize...done (../src/pcrf/app-init.c:31)
08/24 14:08:10.760: [diam] INFO: CONNECTED TO 'smf.epc.mnc001.mcc001.3gppnetwork.org' (SCTP,soc#16): (../lib/diameter/common/logger.c:108)
08/24 14:08:22.888: [diam] INFO: CONNECTED TO 'pcscf.ims.mnc001.mcc001.3gppnetwork.org' (TCP,soc#12): (../lib/diameter/common/logger.c:108)
Open5GS daemon v2.6.4-78-g7f08873

08/24 14:30:51.227: [app] INFO: Configuration: '/open5gs/install/etc/open5gs/pcrf.yaml' (../lib/app/ogs-init.c:126)
08/24 14:30:51.227: [app] INFO: File Logging: '/open5gs/install/var/log/open5gs/pcrf.log' (../lib/app/ogs-init.c:129)
08/24 14:30:51.228: [dbi] INFO: MongoDB URI: 'mongodb://172.22.0.2/open5gs' (../lib/dbi/ogs-mongoc.c:130)
08/24 14:30:51.248: [app] INFO: PCRF initialize...done (../src/pcrf/app-init.c:31)
08/24 14:30:51.250: [diam] INFO: CONNECTED TO 'smf.epc.mnc001.mcc001.3gppnetwork.org' (SCTP,soc#15): (../lib/diameter/common/logger.c:108)
08/24 14:30:58.460: [diam] INFO: CONNECTED TO 'pcscf.ims.mnc001.mcc001.3gppnetwork.org' (TCP,soc#12): (../lib/diameter/common/logger.c:108)
