Open5GS daemon v2.6.4-78-g7f08873

08/24 11:59:53.284: [app] INFO: Configuration: '/open5gs/install/etc/open5gs/scp.yaml' (../lib/app/ogs-init.c:126)
08/24 11:59:53.284: [app] INFO: File Logging: '/open5gs/install/var/log/open5gs/scp.log' (../lib/app/ogs-init.c:129)
08/24 11:59:53.287: [sbi] INFO: nghttp2_server() [http://172.22.0.35]:7777 (../lib/sbi/nghttp2-server.c:395)
08/24 11:59:53.287: [app] INFO: SCP initialize...done (../src/scp/app.c:31)
08/24 11:59:54.315: [sbi] INFO: [435f034a-4297-41ee-aa41-075b84a76348] NF registered [Heartbeat:10s] (../lib/sbi/nf-sm.c:214)
08/24 11:59:54.316: [sbi] INFO: [43fc3d0e-4297-41ee-a087-dd4edb69f61c] Subscription created until 2023-08-25T11:59:54.316328-04:00 [duration:86400,validity:86399.999542,patch:43199.999771] (../lib/sbi/nnrf-handler.c:509)
08/24 11:59:54.316: [sbi] INFO: [43fc3fac-4297-41ee-a087-dd4edb69f61c] Subscription created until 2023-08-25T11:59:54.316386-04:00 [duration:86400,validity:86399.999550,patch:43199.999775] (../lib/sbi/nnrf-handler.c:509)
08/24 11:59:54.316: [sbi] INFO: [43fc40ce-4297-41ee-a087-dd4edb69f61c] Subscription created until 2023-08-25T11:59:54.316413-04:00 [duration:86400,validity:86399.999565,patch:43199.999782] (../lib/sbi/nnrf-handler.c:509)
08/24 11:59:54.316: [sbi] INFO: [43fc41c8-4297-41ee-a087-dd4edb69f61c] Subscription created until 2023-08-25T11:59:54.316438-04:00 [duration:86400,validity:86399.999568,patch:43199.999784] (../lib/sbi/nnrf-handler.c:509)
08/24 11:59:54.317: [sbi] INFO: [43fc42e0-4297-41ee-a087-dd4edb69f61c] Subscription created until 2023-08-25T11:59:54.316466-04:00 [duration:86400,validity:86399.999379,patch:43199.999689] (../lib/sbi/nnrf-handler.c:509)
08/24 11:59:54.317: [sbi] INFO: [43fc465a-4297-41ee-a087-dd4edb69f61c] Subscription created until 2023-08-25T11:59:54.316555-04:00 [duration:86400,validity:86399.999427,patch:43199.999713] (../lib/sbi/nnrf-handler.c:509)
08/24 11:59:54.317: [sbi] INFO: [43fc472c-4297-41ee-a087-dd4edb69f61c] Subscription created until 2023-08-25T11:59:54.316575-04:00 [duration:86400,validity:86399.999435,patch:43199.999717] (../lib/sbi/nnrf-handler.c:509)
08/24 11:59:54.317: [sbi] INFO: [43fc488a-4297-41ee-a087-dd4edb69f61c] Subscription created until 2023-08-25T11:59:54.316610-04:00 [duration:86400,validity:86399.999400,patch:43199.999700] (../lib/sbi/nnrf-handler.c:509)
08/24 11:59:54.389: [sbi] INFO: [44073146-4297-41ee-93f9-af24f10b8be2] (NRF-notify) NF registered (../lib/sbi/nnrf-handler.c:725)
08/24 11:59:54.389: [sbi] INFO: [44073146-4297-41ee-93f9-af24f10b8be2] (NRF-notify) NF Profile updated (../lib/sbi/nnrf-handler.c:735)
08/24 11:59:54.622: [sbi] INFO: [442a6eae-4297-41ee-8631-3d080c9fbbec] (NRF-notify) NF registered (../lib/sbi/nnrf-handler.c:725)
08/24 11:59:54.622: [sbi] INFO: [442a6eae-4297-41ee-8631-3d080c9fbbec] (NRF-notify) NF Profile updated (../lib/sbi/nnrf-handler.c:735)
08/24 11:59:55.043: [sbi] INFO: [44654ccc-4297-41ee-8b8d-7f223257bc83] (NRF-notify) NF registered (../lib/sbi/nnrf-handler.c:725)
08/24 11:59:55.043: [sbi] INFO: [44654ccc-4297-41ee-8b8d-7f223257bc83] (NRF-notify) NF Profile updated (../lib/sbi/nnrf-handler.c:735)
08/24 12:00:04.176: [sbi] INFO: [49dc4e80-4297-41ee-a7ee-5d1c03a42ff7] (NRF-notify) NF registered (../lib/sbi/nnrf-handler.c:725)
08/24 12:00:04.176: [sbi] INFO: [49dc4e80-4297-41ee-a7ee-5d1c03a42ff7] (NRF-notify) NF Profile updated (../lib/sbi/nnrf-handler.c:735)
08/24 12:00:04.304: [sbi] INFO: [49f01e9c-4297-41ee-a5bc-57a4bdf9e52e] (NRF-notify) NF registered (../lib/sbi/nnrf-handler.c:725)
08/24 12:00:04.304: [sbi] INFO: [49f01e9c-4297-41ee-a5bc-57a4bdf9e52e] (NRF-notify) NF Profile updated (../lib/sbi/nnrf-handler.c:735)
08/24 12:00:04.307: [sbi] INFO: [49f070f4-4297-41ee-8e21-75ce9e0ada43] (NRF-notify) NF registered (../lib/sbi/nnrf-handler.c:725)
08/24 12:00:04.307: [sbi] INFO: [49f070f4-4297-41ee-8e21-75ce9e0ada43] (NRF-notify) NF Profile updated (../lib/sbi/nnrf-handler.c:735)
08/24 12:04:05.530: [sbi] WARNING: [43d7e904-4297-41ee-ae1f-adfb8918ec19] (NRF-notify) Not found (../lib/sbi/nnrf-handler.c:756)
08/24 12:04:16.095: [sbi] INFO: [44654ccc-4297-41ee-8b8d-7f223257bc83:1] NF removed (../lib/sbi/nnrf-handler.c:750)
08/24 12:04:25.699: [sbi] INFO: [442a6eae-4297-41ee-8631-3d080c9fbbec:1] NF removed (../lib/sbi/nnrf-handler.c:750)
08/24 12:04:35.254: [sbi] INFO: [49dc4e80-4297-41ee-a7ee-5d1c03a42ff7:1] NF removed (../lib/sbi/nnrf-handler.c:750)
08/24 12:04:35.543: [sbi] INFO: [49f01e9c-4297-41ee-a5bc-57a4bdf9e52e:1] NF removed (../lib/sbi/nnrf-handler.c:750)
08/24 12:04:35.548: [sbi] INFO: [49f070f4-4297-41ee-8e21-75ce9e0ada43:1] NF removed (../lib/sbi/nnrf-handler.c:750)
08/24 12:04:35.551: [sbi] WARNING: [43bf3558-4297-41ee-a731-bd7ed664c84d] (NRF-notify) Not found (../lib/sbi/nnrf-handler.c:756)
08/24 12:04:35.592: [sbi] INFO: [44073146-4297-41ee-93f9-af24f10b8be2:1] NF removed (../lib/sbi/nnrf-handler.c:750)
