Open5GS daemon v2.6.4-78-g7f08873

08/23 14:29:35.752: [app] INFO: Configuration: '/open5gs/install/etc/open5gs/sgwc.yaml' (../lib/app/ogs-init.c:126)
08/23 14:29:35.752: [app] INFO: File Logging: '/open5gs/install/var/log/open5gs/sgwc.log' (../lib/app/ogs-init.c:129)
08/23 14:29:35.772: [gtp] INFO: gtp_server() [172.22.0.5]:2123 (../lib/gtp/path.c:30)
08/23 14:29:35.772: [pfcp] INFO: pfcp_server() [172.22.0.5]:8805 (../lib/pfcp/path.c:30)
08/23 14:29:35.772: [pfcp] INFO: ogs_pfcp_connect() [172.22.0.6]:8805 (../lib/pfcp/path.c:61)
08/23 14:29:35.773: [app] INFO: SGW-C initialize...done (../src/sgwc/app.c:31)
08/23 14:29:35.902: [sgwc] INFO: PFCP associated [172.22.0.6]:8805 (../src/sgwc/pfcp-sm.c:183)
08/23 14:29:35.902: [sgwc] WARNING: PFCP[RSP] has already been associated [172.22.0.6]:8805 (../src/sgwc/pfcp-sm.c:284)
08/23 14:44:24.951: [sgwc] INFO: [Added] Number of SGWC-UEs is now 1 (../src/sgwc/context.c:237)
08/23 14:44:24.951: [sgwc] INFO: [Added] Number of SGWC-Sessions is now 1 (../src/sgwc/context.c:879)
08/23 14:44:24.951: [sgwc] INFO: UE IMSI[001010000000001] APN[internet] (../src/sgwc/s11-handler.c:237)
08/23 14:44:24.952: [gtp] INFO: gtp_connect() [172.22.0.7]:2123 (../lib/gtp/path.c:60)
08/23 14:44:24.960: [sgwc] INFO: [Removed] Number of SGWC-Sessions is now 0 (../src/sgwc/context.c:885)
08/23 14:44:35.491: [sgwc] INFO: [Removed] Number of SGWC-UEs is now 0 (../src/sgwc/context.c:258)
08/23 14:44:35.491: [sgwc] INFO: [Added] Number of SGWC-UEs is now 1 (../src/sgwc/context.c:237)
08/23 14:44:35.491: [sgwc] INFO: [Added] Number of SGWC-Sessions is now 1 (../src/sgwc/context.c:879)
08/23 14:44:35.491: [sgwc] INFO: UE IMSI[001010000000001] APN[internet] (../src/sgwc/s11-handler.c:237)
08/23 14:44:35.497: [sgwc] INFO: [Removed] Number of SGWC-Sessions is now 0 (../src/sgwc/context.c:885)
08/23 14:44:46.051: [sgwc] INFO: [Removed] Number of SGWC-UEs is now 0 (../src/sgwc/context.c:258)
08/23 14:44:46.051: [sgwc] INFO: [Added] Number of SGWC-UEs is now 1 (../src/sgwc/context.c:237)
08/23 14:44:46.051: [sgwc] INFO: [Added] Number of SGWC-Sessions is now 1 (../src/sgwc/context.c:879)
08/23 14:44:46.051: [sgwc] INFO: UE IMSI[001010000000001] APN[internet] (../src/sgwc/s11-handler.c:237)
08/23 14:44:46.056: [sgwc] INFO: [Removed] Number of SGWC-Sessions is now 0 (../src/sgwc/context.c:885)
08/23 14:44:56.591: [sgwc] INFO: [Removed] Number of SGWC-UEs is now 0 (../src/sgwc/context.c:258)
08/23 14:44:56.591: [sgwc] INFO: [Added] Number of SGWC-UEs is now 1 (../src/sgwc/context.c:237)
08/23 14:44:56.591: [sgwc] INFO: [Added] Number of SGWC-Sessions is now 1 (../src/sgwc/context.c:879)
08/23 14:44:56.591: [sgwc] INFO: UE IMSI[001010000000001] APN[internet] (../src/sgwc/s11-handler.c:237)
08/23 14:44:56.596: [sgwc] INFO: [Removed] Number of SGWC-Sessions is now 0 (../src/sgwc/context.c:885)
08/23 14:45:07.171: [sgwc] INFO: [Removed] Number of SGWC-UEs is now 0 (../src/sgwc/context.c:258)
08/23 14:45:07.171: [sgwc] INFO: [Added] Number of SGWC-UEs is now 1 (../src/sgwc/context.c:237)
08/23 14:45:07.171: [sgwc] INFO: [Added] Number of SGWC-Sessions is now 1 (../src/sgwc/context.c:879)
08/23 14:45:07.171: [sgwc] INFO: UE IMSI[001010000000001] APN[internet] (../src/sgwc/s11-handler.c:237)
08/23 14:45:07.176: [sgwc] INFO: [Removed] Number of SGWC-Sessions is now 0 (../src/sgwc/context.c:885)
08/23 14:45:30.431: [sgwc] INFO: [Removed] Number of SGWC-UEs is now 0 (../src/sgwc/context.c:258)
08/23 14:45:30.431: [sgwc] INFO: [Added] Number of SGWC-UEs is now 1 (../src/sgwc/context.c:237)
08/23 14:45:30.431: [sgwc] INFO: [Added] Number of SGWC-Sessions is now 1 (../src/sgwc/context.c:879)
08/23 14:45:30.431: [sgwc] INFO: UE IMSI[001010000000001] APN[internet] (../src/sgwc/s11-handler.c:237)
08/23 14:45:30.435: [sgwc] INFO: [Removed] Number of SGWC-Sessions is now 0 (../src/sgwc/context.c:885)
08/23 14:45:40.951: [sgwc] INFO: [Removed] Number of SGWC-UEs is now 0 (../src/sgwc/context.c:258)
08/23 14:45:40.951: [sgwc] INFO: [Added] Number of SGWC-UEs is now 1 (../src/sgwc/context.c:237)
08/23 14:45:40.951: [sgwc] INFO: [Added] Number of SGWC-Sessions is now 1 (../src/sgwc/context.c:879)
08/23 14:45:40.951: [sgwc] INFO: UE IMSI[001010000000001] APN[internet] (../src/sgwc/s11-handler.c:237)
08/23 14:45:40.956: [sgwc] INFO: [Removed] Number of SGWC-Sessions is now 0 (../src/sgwc/context.c:885)
08/23 14:45:51.491: [sgwc] INFO: [Removed] Number of SGWC-UEs is now 0 (../src/sgwc/context.c:258)
08/23 14:45:51.491: [sgwc] INFO: [Added] Number of SGWC-UEs is now 1 (../src/sgwc/context.c:237)
08/23 14:45:51.491: [sgwc] INFO: [Added] Number of SGWC-Sessions is now 1 (../src/sgwc/context.c:879)
08/23 14:45:51.491: [sgwc] INFO: UE IMSI[001010000000001] APN[internet] (../src/sgwc/s11-handler.c:237)
08/23 14:48:37.673: [sgwc] INFO: [Removed] Number of SGWC-Sessions is now 0 (../src/sgwc/context.c:885)
08/23 14:48:38.053: [sgwc] INFO: [Removed] Number of SGWC-UEs is now 0 (../src/sgwc/context.c:258)
08/23 14:48:38.053: [sgwc] INFO: [Added] Number of SGWC-UEs is now 1 (../src/sgwc/context.c:237)
08/23 14:48:38.053: [sgwc] INFO: [Added] Number of SGWC-Sessions is now 1 (../src/sgwc/context.c:879)
08/23 14:48:38.053: [sgwc] INFO: UE IMSI[001010000000001] APN[internet] (../src/sgwc/s11-handler.c:237)
08/23 14:53:53.518: [sgwc] INFO: [Added] Number of SGWC-UEs is now 2 (../src/sgwc/context.c:237)
08/23 14:53:53.518: [sgwc] INFO: [Added] Number of SGWC-Sessions is now 2 (../src/sgwc/context.c:879)
08/23 14:53:53.518: [sgwc] INFO: UE IMSI[001010000000002] APN[internet] (../src/sgwc/s11-handler.c:237)
08/23 14:54:08.096: [sgwc] INFO: [Removed] Number of SGWC-Sessions is now 1 (../src/sgwc/context.c:885)
08/23 14:59:00.554: [sgwc] INFO: [Removed] Number of SGWC-UEs is now 1 (../src/sgwc/context.c:258)
08/23 14:59:00.554: [sgwc] INFO: [Added] Number of SGWC-UEs is now 2 (../src/sgwc/context.c:237)
08/23 14:59:00.554: [sgwc] INFO: [Added] Number of SGWC-Sessions is now 2 (../src/sgwc/context.c:879)
08/23 14:59:00.554: [sgwc] INFO: UE IMSI[001010000000001] APN[internet] (../src/sgwc/s11-handler.c:237)
08/23 14:59:01.271: [sgwc] INFO: [Added] Number of SGWC-Sessions is now 3 (../src/sgwc/context.c:879)
08/23 14:59:01.271: [sgwc] INFO: UE IMSI[001010000000001] APN[ims] (../src/sgwc/s11-handler.c:237)
08/23 14:59:32.213: [sgwc] INFO: [Removed] Number of SGWC-Sessions is now 2 (../src/sgwc/context.c:885)
08/23 14:59:38.817: [sgwc] WARNING: GTP Cause [Value:90] - PFCP_CAUSE[77] (../src/sgwc/s11-handler.c:1192)
08/23 15:00:19.213: [sgwc] INFO: [Added] Number of SGWC-Sessions is now 3 (../src/sgwc/context.c:879)
08/23 15:00:19.213: [sgwc] INFO: UE IMSI[001010000000002] APN[ims] (../src/sgwc/s11-handler.c:237)
08/23 15:00:50.215: [sgwc] INFO: [Removed] Number of SGWC-Sessions is now 2 (../src/sgwc/context.c:885)
08/23 15:01:25.410: [sgwc] WARNING: GTP Cause [Value:90] - PFCP_CAUSE[77] (../src/sgwc/s11-handler.c:1192)
08/23 15:02:14.014: [sgwc] INFO: [Removed] Number of SGWC-Sessions is now 1 (../src/sgwc/context.c:885)
08/23 15:02:17.793: [sgwc] INFO: [Removed] Number of SGWC-UEs is now 1 (../src/sgwc/context.c:258)
08/23 15:02:17.793: [sgwc] INFO: [Added] Number of SGWC-UEs is now 2 (../src/sgwc/context.c:237)
08/23 15:02:17.793: [sgwc] INFO: [Added] Number of SGWC-Sessions is now 2 (../src/sgwc/context.c:879)
08/23 15:02:17.793: [sgwc] INFO: UE IMSI[001010000000002] APN[internet] (../src/sgwc/s11-handler.c:237)
08/23 15:02:18.132: [sgwc] INFO: [Added] Number of SGWC-Sessions is now 3 (../src/sgwc/context.c:879)
08/23 15:02:18.132: [sgwc] INFO: UE IMSI[001010000000002] APN[ims] (../src/sgwc/s11-handler.c:237)
08/23 15:02:18.340: [sgwc] INFO: [Removed] Number of SGWC-Sessions is now 2 (../src/sgwc/context.c:885)
08/23 15:02:19.172: [sgwc] INFO: [Removed] Number of SGWC-UEs is now 1 (../src/sgwc/context.c:258)
08/23 15:02:19.172: [sgwc] INFO: [Added] Number of SGWC-UEs is now 2 (../src/sgwc/context.c:237)
08/23 15:02:19.172: [sgwc] INFO: [Added] Number of SGWC-Sessions is now 3 (../src/sgwc/context.c:879)
08/23 15:02:19.172: [sgwc] INFO: UE IMSI[001010000000001] APN[internet] (../src/sgwc/s11-handler.c:237)
08/23 15:02:19.630: [sgwc] INFO: [Added] Number of SGWC-Sessions is now 4 (../src/sgwc/context.c:879)
08/23 15:02:19.630: [sgwc] INFO: UE IMSI[001010000000001] APN[ims] (../src/sgwc/s11-handler.c:237)
08/23 15:02:50.552: [sgwc] INFO: [Removed] Number of SGWC-Sessions is now 3 (../src/sgwc/context.c:885)
08/23 15:03:08.275: [sgwc] WARNING: GTP Cause [Value:90] - PFCP_CAUSE[77] (../src/sgwc/s11-handler.c:1192)
08/23 15:03:15.396: [sgwc] INFO: [Removed] Number of SGWC-Sessions is now 2 (../src/sgwc/context.c:885)
08/23 15:04:42.771: [sgwc] WARNING: GTP Cause [Value:90] - PFCP_CAUSE[77] (../src/sgwc/s11-handler.c:1192)
08/23 15:07:22.534: [sgwc] INFO: [Removed] Number of SGWC-Sessions is now 1 (../src/sgwc/context.c:885)
08/23 15:07:22.913: [sgwc] INFO: [Removed] Number of SGWC-UEs is now 1 (../src/sgwc/context.c:258)
08/23 15:07:22.913: [sgwc] INFO: [Added] Number of SGWC-UEs is now 2 (../src/sgwc/context.c:237)
08/23 15:07:22.913: [sgwc] INFO: [Added] Number of SGWC-Sessions is now 2 (../src/sgwc/context.c:879)
08/23 15:07:22.913: [sgwc] INFO: UE IMSI[001010000000001] APN[internet] (../src/sgwc/s11-handler.c:237)
08/23 15:08:36.691: [sgwc] INFO: [Removed] Number of SGWC-Sessions is now 1 (../src/sgwc/context.c:885)
08/23 15:08:43.291: [sgwc] INFO: [Removed] Number of SGWC-UEs is now 1 (../src/sgwc/context.c:258)
08/23 15:08:43.291: [sgwc] INFO: [Added] Number of SGWC-UEs is now 2 (../src/sgwc/context.c:237)
08/23 15:08:43.291: [sgwc] INFO: [Added] Number of SGWC-Sessions is now 2 (../src/sgwc/context.c:879)
08/23 15:08:43.291: [sgwc] INFO: UE IMSI[001010000000002] APN[internet] (../src/sgwc/s11-handler.c:237)
08/23 15:08:43.594: [sgwc] INFO: [Added] Number of SGWC-Sessions is now 3 (../src/sgwc/context.c:879)
08/23 15:08:43.594: [sgwc] INFO: UE IMSI[001010000000002] APN[ims] (../src/sgwc/s11-handler.c:237)
08/23 15:09:49.616: [sgwc] INFO: [Removed] Number of SGWC-Sessions is now 2 (../src/sgwc/context.c:885)
08/23 15:17:23.371: [sgwc] INFO: [Removed] Number of SGWC-Sessions is now 1 (../src/sgwc/context.c:885)
08/23 15:23:19.928: [sgwc] INFO: [Removed] Number of SGWC-Sessions is now 0 (../src/sgwc/context.c:885)
08/23 15:24:17.788: [sgwc] INFO: [Removed] Number of SGWC-UEs is now 1 (../src/sgwc/context.c:258)
08/23 15:24:17.788: [sgwc] INFO: [Added] Number of SGWC-UEs is now 2 (../src/sgwc/context.c:237)
08/23 15:24:17.788: [sgwc] INFO: [Added] Number of SGWC-Sessions is now 1 (../src/sgwc/context.c:879)
08/23 15:24:17.788: [sgwc] INFO: UE IMSI[001010000000001] APN[internet] (../src/sgwc/s11-handler.c:237)
08/23 15:38:13.868: [sgwc] INFO: [Removed] Number of SGWC-UEs is now 1 (../src/sgwc/context.c:258)
08/23 15:38:13.868: [sgwc] INFO: [Added] Number of SGWC-UEs is now 2 (../src/sgwc/context.c:237)
08/23 15:38:13.868: [sgwc] INFO: [Added] Number of SGWC-Sessions is now 2 (../src/sgwc/context.c:879)
08/23 15:38:13.868: [sgwc] INFO: UE IMSI[001010000000002] APN[internet] (../src/sgwc/s11-handler.c:237)
08/23 15:39:21.677: [sgwc] INFO: [Removed] Number of SGWC-Sessions is now 1 (../src/sgwc/context.c:885)
08/23 16:07:44.576: [gtp] WARNING: [66] LOCAL  No Reponse. Give up! for step 1 type 176 peer [172.22.0.9]:2123 (../lib/gtp/xact.c:755)
08/23 16:07:44.576: [sgwc] WARNING: [001010000000001] No Downlink Data Notification ACK (../src/sgwc/gtp-path.c:160)
Open5GS daemon v2.6.4-78-g7f08873

08/24 11:08:00.127: [app] INFO: Configuration: '/open5gs/install/etc/open5gs/sgwc.yaml' (../lib/app/ogs-init.c:126)
08/24 11:08:00.127: [app] INFO: File Logging: '/open5gs/install/var/log/open5gs/sgwc.log' (../lib/app/ogs-init.c:129)
08/24 11:08:00.152: [gtp] INFO: gtp_server() [172.22.0.5]:2123 (../lib/gtp/path.c:30)
08/24 11:08:00.152: [pfcp] INFO: pfcp_server() [172.22.0.5]:8805 (../lib/pfcp/path.c:30)
08/24 11:08:00.152: [pfcp] INFO: ogs_pfcp_connect() [172.22.0.6]:8805 (../lib/pfcp/path.c:61)
08/24 11:08:00.152: [app] INFO: SGW-C initialize...done (../src/sgwc/app.c:31)
08/24 11:08:00.152: [sgwc] INFO: PFCP associated [172.22.0.6]:8805 (../src/sgwc/pfcp-sm.c:183)
08/24 11:08:02.562: [sgwc] WARNING: PFCP[REQ] has already been associated [172.22.0.6]:8805 (../src/sgwc/pfcp-sm.c:277)
08/24 11:09:35.311: [sgwc] INFO: [Added] Number of SGWC-UEs is now 1 (../src/sgwc/context.c:237)
08/24 11:09:35.316: [sgwc] INFO: [Added] Number of SGWC-Sessions is now 1 (../src/sgwc/context.c:879)
08/24 11:09:35.316: [sgwc] INFO: UE IMSI[001010000000001] APN[internet] (../src/sgwc/s11-handler.c:237)
08/24 11:09:35.316: [gtp] INFO: gtp_connect() [172.22.0.7]:2123 (../lib/gtp/path.c:60)
08/24 11:12:40.272: [sgwc] INFO: [Removed] Number of SGWC-Sessions is now 0 (../src/sgwc/context.c:885)
08/24 11:12:40.272: [sgwc] INFO: [Removed] Number of SGWC-UEs is now 0 (../src/sgwc/context.c:258)
08/24 11:12:40.272: [sgwc] INFO: [Added] Number of SGWC-UEs is now 1 (../src/sgwc/context.c:237)
08/24 11:12:40.272: [sgwc] INFO: [Added] Number of SGWC-Sessions is now 1 (../src/sgwc/context.c:879)
08/24 11:12:40.272: [sgwc] INFO: UE IMSI[001010000000001] APN[internet] (../src/sgwc/s11-handler.c:237)
08/24 11:16:32.769: [sgwc] INFO: [Added] Number of SGWC-UEs is now 2 (../src/sgwc/context.c:237)
08/24 11:16:32.769: [sgwc] INFO: [Added] Number of SGWC-Sessions is now 2 (../src/sgwc/context.c:879)
08/24 11:16:32.769: [sgwc] INFO: UE IMSI[001010000000002] APN[internet] (../src/sgwc/s11-handler.c:237)
08/24 11:18:30.827: [sgwc] INFO: [Removed] Number of SGWC-Sessions is now 1 (../src/sgwc/context.c:885)
08/24 11:18:31.187: [sgwc] INFO: [Removed] Number of SGWC-UEs is now 1 (../src/sgwc/context.c:258)
08/24 11:18:31.187: [sgwc] INFO: [Added] Number of SGWC-UEs is now 2 (../src/sgwc/context.c:237)
08/24 11:18:31.187: [sgwc] INFO: [Added] Number of SGWC-Sessions is now 2 (../src/sgwc/context.c:879)
08/24 11:18:31.187: [sgwc] INFO: UE IMSI[001010000000001] APN[internet] (../src/sgwc/s11-handler.c:237)
08/24 11:22:22.267: [sgwc] INFO: [Removed] Number of SGWC-Sessions is now 1 (../src/sgwc/context.c:885)
08/24 11:22:22.267: [sgwc] INFO: [Removed] Number of SGWC-UEs is now 1 (../src/sgwc/context.c:258)
08/24 11:22:22.267: [sgwc] INFO: [Added] Number of SGWC-UEs is now 2 (../src/sgwc/context.c:237)
08/24 11:22:22.267: [sgwc] INFO: [Added] Number of SGWC-Sessions is now 2 (../src/sgwc/context.c:879)
08/24 11:22:22.267: [sgwc] INFO: UE IMSI[001010000000002] APN[internet] (../src/sgwc/s11-handler.c:237)
08/24 11:24:21.771: [sgwc] WARNING: GTP Cause [Value:90] - PFCP_CAUSE[77] (../src/sgwc/s11-handler.c:1192)
08/24 11:25:00.047: [sgwc] INFO: [Removed] Number of SGWC-Sessions is now 1 (../src/sgwc/context.c:885)
08/24 11:25:00.406: [sgwc] INFO: [Removed] Number of SGWC-UEs is now 1 (../src/sgwc/context.c:258)
08/24 11:25:00.406: [sgwc] INFO: [Added] Number of SGWC-UEs is now 2 (../src/sgwc/context.c:237)
08/24 11:25:00.406: [sgwc] INFO: [Added] Number of SGWC-Sessions is now 2 (../src/sgwc/context.c:879)
08/24 11:25:00.406: [sgwc] INFO: UE IMSI[001010000000001] APN[internet] (../src/sgwc/s11-handler.c:237)
Open5GS daemon v2.6.4-78-g7f08873

08/24 12:04:45.308: [app] INFO: Configuration: '/open5gs/install/etc/open5gs/sgwc.yaml' (../lib/app/ogs-init.c:126)
08/24 12:04:45.308: [app] INFO: File Logging: '/open5gs/install/var/log/open5gs/sgwc.log' (../lib/app/ogs-init.c:129)
08/24 12:04:45.330: [gtp] INFO: gtp_server() [172.22.0.5]:2123 (../lib/gtp/path.c:30)
08/24 12:04:45.330: [pfcp] INFO: pfcp_server() [172.22.0.5]:8805 (../lib/pfcp/path.c:30)
08/24 12:04:45.330: [pfcp] INFO: ogs_pfcp_connect() [172.22.0.6]:8805 (../lib/pfcp/path.c:61)
08/24 12:04:45.330: [app] INFO: SGW-C initialize...done (../src/sgwc/app.c:31)
08/24 12:04:45.397: [sgwc] INFO: PFCP associated [172.22.0.6]:8805 (../src/sgwc/pfcp-sm.c:183)
08/24 12:04:47.832: [sgwc] WARNING: PFCP[RSP] has already been associated [172.22.0.6]:8805 (../src/sgwc/pfcp-sm.c:284)
08/24 12:05:48.038: [sgwc] INFO: [Added] Number of SGWC-UEs is now 1 (../src/sgwc/context.c:237)
08/24 12:05:48.038: [sgwc] INFO: [Added] Number of SGWC-Sessions is now 1 (../src/sgwc/context.c:879)
08/24 12:05:48.038: [sgwc] INFO: UE IMSI[001010000000002] APN[internet] (../src/sgwc/s11-handler.c:237)
08/24 12:05:48.038: [gtp] INFO: gtp_connect() [172.22.0.7]:2123 (../lib/gtp/path.c:60)
08/24 12:06:27.039: [sgwc] INFO: [Added] Number of SGWC-UEs is now 2 (../src/sgwc/context.c:237)
08/24 12:06:27.039: [sgwc] INFO: [Added] Number of SGWC-Sessions is now 2 (../src/sgwc/context.c:879)
08/24 12:06:27.039: [sgwc] INFO: UE IMSI[001010000000001] APN[internet] (../src/sgwc/s11-handler.c:237)
08/24 12:06:27.362: [sgwc] INFO: [Added] Number of SGWC-Sessions is now 3 (../src/sgwc/context.c:879)
08/24 12:06:27.362: [sgwc] INFO: UE IMSI[001010000000001] APN[ims] (../src/sgwc/s11-handler.c:237)
08/24 12:06:59.257: [sgwc] INFO: [Removed] Number of SGWC-Sessions is now 2 (../src/sgwc/context.c:885)
Open5GS daemon v2.6.4-78-g7f08873

08/24 12:33:40.582: [app] INFO: Configuration: '/open5gs/install/etc/open5gs/sgwc.yaml' (../lib/app/ogs-init.c:126)
08/24 12:33:40.582: [app] INFO: File Logging: '/open5gs/install/var/log/open5gs/sgwc.log' (../lib/app/ogs-init.c:129)
08/24 12:33:40.604: [gtp] INFO: gtp_server() [172.22.0.5]:2123 (../lib/gtp/path.c:30)
08/24 12:33:40.604: [pfcp] INFO: pfcp_server() [172.22.0.5]:8805 (../lib/pfcp/path.c:30)
08/24 12:33:40.604: [pfcp] INFO: ogs_pfcp_connect() [172.22.0.6]:8805 (../lib/pfcp/path.c:61)
08/24 12:33:40.604: [app] INFO: SGW-C initialize...done (../src/sgwc/app.c:31)
08/24 12:33:40.604: [sgwc] INFO: PFCP associated [172.22.0.6]:8805 (../src/sgwc/pfcp-sm.c:183)
08/24 12:33:43.015: [sgwc] WARNING: PFCP[REQ] has already been associated [172.22.0.6]:8805 (../src/sgwc/pfcp-sm.c:277)
08/24 12:34:37.219: [sgwc] INFO: [Added] Number of SGWC-UEs is now 1 (../src/sgwc/context.c:237)
08/24 12:34:37.219: [sgwc] INFO: [Added] Number of SGWC-Sessions is now 1 (../src/sgwc/context.c:879)
08/24 12:34:37.219: [sgwc] INFO: UE IMSI[001010000000001] APN[internet] (../src/sgwc/s11-handler.c:237)
08/24 12:34:37.219: [gtp] INFO: gtp_connect() [172.22.0.7]:2123 (../lib/gtp/path.c:60)
08/24 12:34:37.538: [sgwc] INFO: [Added] Number of SGWC-Sessions is now 2 (../src/sgwc/context.c:879)
08/24 12:34:37.538: [sgwc] INFO: UE IMSI[001010000000001] APN[ims] (../src/sgwc/s11-handler.c:237)
08/24 12:35:08.419: [sgwc] INFO: [Removed] Number of SGWC-Sessions is now 1 (../src/sgwc/context.c:885)
08/24 12:35:26.861: [sgwc] INFO: [Added] Number of SGWC-UEs is now 2 (../src/sgwc/context.c:237)
08/24 12:35:26.861: [sgwc] INFO: [Added] Number of SGWC-Sessions is now 2 (../src/sgwc/context.c:879)
08/24 12:35:26.861: [sgwc] INFO: UE IMSI[001010000000002] APN[internet] (../src/sgwc/s11-handler.c:237)
Open5GS daemon v2.6.4-78-g7f08873

08/24 12:45:03.971: [app] INFO: Configuration: '/open5gs/install/etc/open5gs/sgwc.yaml' (../lib/app/ogs-init.c:126)
08/24 12:45:03.971: [app] INFO: File Logging: '/open5gs/install/var/log/open5gs/sgwc.log' (../lib/app/ogs-init.c:129)
08/24 12:45:03.993: [gtp] INFO: gtp_server() [172.22.0.5]:2123 (../lib/gtp/path.c:30)
08/24 12:45:03.993: [pfcp] INFO: pfcp_server() [172.22.0.5]:8805 (../lib/pfcp/path.c:30)
08/24 12:45:03.993: [pfcp] INFO: ogs_pfcp_connect() [172.22.0.6]:8805 (../lib/pfcp/path.c:61)
08/24 12:45:03.993: [app] INFO: SGW-C initialize...done (../src/sgwc/app.c:31)
08/24 12:45:04.084: [sgwc] INFO: PFCP associated [172.22.0.6]:8805 (../src/sgwc/pfcp-sm.c:183)
08/24 12:45:04.084: [sgwc] WARNING: PFCP[RSP] has already been associated [172.22.0.6]:8805 (../src/sgwc/pfcp-sm.c:284)
08/24 12:45:48.237: [sgwc] INFO: [Added] Number of SGWC-UEs is now 1 (../src/sgwc/context.c:237)
08/24 12:45:48.237: [sgwc] INFO: [Added] Number of SGWC-Sessions is now 1 (../src/sgwc/context.c:879)
08/24 12:45:48.237: [sgwc] INFO: UE IMSI[001010000000002] APN[internet] (../src/sgwc/s11-handler.c:237)
08/24 12:45:48.237: [gtp] INFO: gtp_connect() [172.22.0.7]:2123 (../lib/gtp/path.c:60)
08/24 12:46:09.679: [sgwc] INFO: [Added] Number of SGWC-UEs is now 2 (../src/sgwc/context.c:237)
08/24 12:46:09.679: [sgwc] INFO: [Added] Number of SGWC-Sessions is now 2 (../src/sgwc/context.c:879)
08/24 12:46:09.679: [sgwc] INFO: UE IMSI[001010000000001] APN[internet] (../src/sgwc/s11-handler.c:237)
08/24 12:46:09.998: [sgwc] INFO: [Added] Number of SGWC-Sessions is now 3 (../src/sgwc/context.c:879)
08/24 12:46:09.998: [sgwc] INFO: UE IMSI[001010000000001] APN[ims] (../src/sgwc/s11-handler.c:237)
08/24 12:46:32.559: [sgwc] INFO: [Removed] Number of SGWC-Sessions is now 2 (../src/sgwc/context.c:885)
08/24 12:46:35.547: [sgwc] INFO: [Removed] Number of SGWC-Sessions is now 1 (../src/sgwc/context.c:885)
08/24 12:46:36.196: [sgwc] INFO: [Removed] Number of SGWC-UEs is now 1 (../src/sgwc/context.c:258)
08/24 12:46:36.196: [sgwc] INFO: [Added] Number of SGWC-UEs is now 2 (../src/sgwc/context.c:237)
08/24 12:46:36.196: [sgwc] INFO: [Added] Number of SGWC-Sessions is now 2 (../src/sgwc/context.c:879)
08/24 12:46:36.196: [sgwc] INFO: UE IMSI[001010000000001] APN[internet] (../src/sgwc/s11-handler.c:237)
08/24 12:46:36.522: [sgwc] INFO: [Added] Number of SGWC-Sessions is now 3 (../src/sgwc/context.c:879)
08/24 12:46:36.522: [sgwc] INFO: UE IMSI[001010000000001] APN[ims] (../src/sgwc/s11-handler.c:237)
08/24 12:46:54.348: [sgwc] WARNING: GTP Cause [Value:90] - PFCP_CAUSE[77] (../src/sgwc/s11-handler.c:1192)
Open5GS daemon v2.6.4-78-g7f08873

08/24 13:51:28.218: [app] INFO: Configuration: '/open5gs/install/etc/open5gs/sgwc.yaml' (../lib/app/ogs-init.c:126)
08/24 13:51:28.218: [app] INFO: File Logging: '/open5gs/install/var/log/open5gs/sgwc.log' (../lib/app/ogs-init.c:129)
08/24 13:51:28.238: [gtp] INFO: gtp_server() [172.22.0.5]:2123 (../lib/gtp/path.c:30)
08/24 13:51:28.238: [pfcp] INFO: pfcp_server() [172.22.0.5]:8805 (../lib/pfcp/path.c:30)
08/24 13:51:28.238: [pfcp] INFO: ogs_pfcp_connect() [172.22.0.6]:8805 (../lib/pfcp/path.c:61)
08/24 13:51:28.238: [app] INFO: SGW-C initialize...done (../src/sgwc/app.c:31)
08/24 13:51:28.238: [sgwc] INFO: PFCP associated [172.22.0.6]:8805 (../src/sgwc/pfcp-sm.c:183)
08/24 13:51:30.689: [sgwc] WARNING: PFCP[REQ] has already been associated [172.22.0.6]:8805 (../src/sgwc/pfcp-sm.c:277)
08/24 13:52:40.095: [sgwc] INFO: [Added] Number of SGWC-UEs is now 1 (../src/sgwc/context.c:237)
08/24 13:52:40.095: [sgwc] INFO: [Added] Number of SGWC-Sessions is now 1 (../src/sgwc/context.c:879)
08/24 13:52:40.095: [sgwc] INFO: UE IMSI[001010000000002] APN[internet] (../src/sgwc/s11-handler.c:237)
08/24 13:52:40.096: [gtp] INFO: gtp_connect() [172.22.0.7]:2123 (../lib/gtp/path.c:60)
08/24 13:53:16.898: [sgwc] INFO: [Added] Number of SGWC-UEs is now 2 (../src/sgwc/context.c:237)
08/24 13:53:16.898: [sgwc] INFO: [Added] Number of SGWC-Sessions is now 2 (../src/sgwc/context.c:879)
08/24 13:53:16.898: [sgwc] INFO: UE IMSI[001010000000001] APN[internet] (../src/sgwc/s11-handler.c:237)
08/24 13:53:17.335: [sgwc] INFO: [Added] Number of SGWC-Sessions is now 3 (../src/sgwc/context.c:879)
08/24 13:53:17.335: [sgwc] INFO: UE IMSI[001010000000001] APN[ims] (../src/sgwc/s11-handler.c:237)
08/24 13:53:50.815: [sgwc] INFO: [Removed] Number of SGWC-Sessions is now 2 (../src/sgwc/context.c:885)
Open5GS daemon v2.6.4-78-g7f08873

08/24 13:56:40.606: [app] INFO: Configuration: '/open5gs/install/etc/open5gs/sgwc.yaml' (../lib/app/ogs-init.c:126)
08/24 13:56:40.606: [app] INFO: File Logging: '/open5gs/install/var/log/open5gs/sgwc.log' (../lib/app/ogs-init.c:129)
08/24 13:56:40.633: [gtp] INFO: gtp_server() [172.22.0.5]:2123 (../lib/gtp/path.c:30)
08/24 13:56:40.633: [pfcp] INFO: pfcp_server() [172.22.0.5]:8805 (../lib/pfcp/path.c:30)
08/24 13:56:40.633: [pfcp] INFO: ogs_pfcp_connect() [172.22.0.6]:8805 (../lib/pfcp/path.c:61)
08/24 13:56:40.633: [app] INFO: SGW-C initialize...done (../src/sgwc/app.c:31)
08/24 13:56:40.633: [sgwc] INFO: PFCP associated [172.22.0.6]:8805 (../src/sgwc/pfcp-sm.c:183)
08/24 13:56:43.091: [sgwc] WARNING: PFCP[REQ] has already been associated [172.22.0.6]:8805 (../src/sgwc/pfcp-sm.c:277)
Open5GS daemon v2.6.4-78-g7f08873

08/24 14:08:01.549: [app] INFO: Configuration: '/open5gs/install/etc/open5gs/sgwc.yaml' (../lib/app/ogs-init.c:126)
08/24 14:08:01.549: [app] INFO: File Logging: '/open5gs/install/var/log/open5gs/sgwc.log' (../lib/app/ogs-init.c:129)
08/24 14:08:01.571: [gtp] INFO: gtp_server() [172.22.0.5]:2123 (../lib/gtp/path.c:30)
08/24 14:08:01.571: [pfcp] INFO: pfcp_server() [172.22.0.5]:8805 (../lib/pfcp/path.c:30)
08/24 14:08:01.571: [pfcp] INFO: ogs_pfcp_connect() [172.22.0.6]:8805 (../lib/pfcp/path.c:61)
08/24 14:08:01.572: [app] INFO: SGW-C initialize...done (../src/sgwc/app.c:31)
08/24 14:08:01.734: [sgwc] INFO: PFCP associated [172.22.0.6]:8805 (../src/sgwc/pfcp-sm.c:183)
08/24 14:08:01.734: [sgwc] WARNING: PFCP[RSP] has already been associated [172.22.0.6]:8805 (../src/sgwc/pfcp-sm.c:284)
08/24 14:08:50.345: [sgwc] INFO: [Added] Number of SGWC-UEs is now 1 (../src/sgwc/context.c:237)
08/24 14:08:50.345: [sgwc] INFO: [Added] Number of SGWC-Sessions is now 1 (../src/sgwc/context.c:879)
08/24 14:08:50.345: [sgwc] INFO: UE IMSI[001010000000002] APN[internet] (../src/sgwc/s11-handler.c:237)
08/24 14:08:50.345: [gtp] INFO: gtp_connect() [172.22.0.7]:2123 (../lib/gtp/path.c:60)
08/24 14:23:15.198: [sgwc] INFO: [Added] Number of SGWC-UEs is now 2 (../src/sgwc/context.c:237)
08/24 14:23:15.198: [sgwc] INFO: [Added] Number of SGWC-Sessions is now 2 (../src/sgwc/context.c:879)
08/24 14:23:15.198: [sgwc] INFO: UE IMSI[001010000000001] APN[internet] (../src/sgwc/s11-handler.c:237)
Open5GS daemon v2.6.4-78-g7f08873

08/24 14:30:41.844: [app] INFO: Configuration: '/open5gs/install/etc/open5gs/sgwc.yaml' (../lib/app/ogs-init.c:126)
08/24 14:30:41.844: [app] INFO: File Logging: '/open5gs/install/var/log/open5gs/sgwc.log' (../lib/app/ogs-init.c:129)
08/24 14:30:41.882: [gtp] INFO: gtp_server() [172.22.0.5]:2123 (../lib/gtp/path.c:30)
08/24 14:30:41.882: [pfcp] INFO: pfcp_server() [172.22.0.5]:8805 (../lib/pfcp/path.c:30)
08/24 14:30:41.882: [pfcp] INFO: ogs_pfcp_connect() [172.22.0.6]:8805 (../lib/pfcp/path.c:61)
08/24 14:30:41.882: [app] INFO: SGW-C initialize...done (../src/sgwc/app.c:31)
08/24 14:30:41.891: [sgwc] INFO: PFCP associated [172.22.0.6]:8805 (../src/sgwc/pfcp-sm.c:183)
08/24 14:30:44.385: [sgwc] WARNING: PFCP[RSP] has already been associated [172.22.0.6]:8805 (../src/sgwc/pfcp-sm.c:284)
08/24 14:32:10.181: [sgwc] INFO: [Added] Number of SGWC-UEs is now 1 (../src/sgwc/context.c:237)
08/24 14:32:10.181: [sgwc] INFO: [Added] Number of SGWC-Sessions is now 1 (../src/sgwc/context.c:879)
08/24 14:32:10.181: [sgwc] INFO: UE IMSI[001010000000002] APN[internet] (../src/sgwc/s11-handler.c:237)
08/24 14:32:10.181: [gtp] INFO: gtp_connect() [172.22.0.7]:2123 (../lib/gtp/path.c:60)
08/24 14:33:16.115: [sgwc] INFO: [Added] Number of SGWC-UEs is now 2 (../src/sgwc/context.c:237)
08/24 14:33:16.115: [sgwc] INFO: [Added] Number of SGWC-Sessions is now 2 (../src/sgwc/context.c:879)
08/24 14:33:16.115: [sgwc] INFO: UE IMSI[001010000000001] APN[internet] (../src/sgwc/s11-handler.c:237)
Open5GS daemon v2.6.4-78-g7f08873

08/24 15:54:18.580: [app] INFO: Configuration: '/open5gs/install/etc/open5gs/sgwc.yaml' (../lib/app/ogs-init.c:126)
08/24 15:54:18.580: [app] INFO: File Logging: '/open5gs/install/var/log/open5gs/sgwc.log' (../lib/app/ogs-init.c:129)
08/24 15:54:18.602: [gtp] INFO: gtp_server() [172.22.0.5]:2123 (../lib/gtp/path.c:30)
08/24 15:54:18.602: [pfcp] INFO: pfcp_server() [172.22.0.5]:8805 (../lib/pfcp/path.c:30)
08/24 15:54:18.602: [pfcp] INFO: ogs_pfcp_connect() [172.22.0.6]:8805 (../lib/pfcp/path.c:61)
08/24 15:54:18.603: [app] INFO: SGW-C initialize...done (../src/sgwc/app.c:31)
08/24 15:54:18.603: [sgwc] INFO: PFCP associated [172.22.0.6]:8805 (../src/sgwc/pfcp-sm.c:183)
08/24 15:54:18.603: [sgwc] WARNING: PFCP[RSP] has already been associated [172.22.0.6]:8805 (../src/sgwc/pfcp-sm.c:284)
08/24 15:55:25.478: [sgwc] INFO: [Added] Number of SGWC-UEs is now 1 (../src/sgwc/context.c:237)
08/24 15:55:25.478: [sgwc] INFO: [Added] Number of SGWC-Sessions is now 1 (../src/sgwc/context.c:879)
08/24 15:55:25.478: [sgwc] INFO: UE IMSI[001010000000002] APN[internet] (../src/sgwc/s11-handler.c:237)
08/24 15:55:25.478: [gtp] INFO: gtp_connect() [172.22.0.7]:2123 (../lib/gtp/path.c:60)
08/24 15:55:54.261: [sgwc] ERROR: No Context (../src/sgwc/s11-handler.c:1126)
08/24 15:56:02.280: [sgwc] INFO: [Added] Number of SGWC-UEs is now 2 (../src/sgwc/context.c:237)
08/24 15:56:02.280: [sgwc] INFO: [Added] Number of SGWC-Sessions is now 2 (../src/sgwc/context.c:879)
08/24 15:56:02.280: [sgwc] INFO: UE IMSI[001010000000001] APN[internet] (../src/sgwc/s11-handler.c:237)
08/24 17:38:57.607: [sgwc] INFO: [Removed] Number of SGWC-Sessions is now 1 (../src/sgwc/context.c:885)
08/24 17:56:52.536: [sgwc] INFO: [Removed] Number of SGWC-Sessions is now 0 (../src/sgwc/context.c:885)
08/24 17:57:36.273: [sgwc] INFO: [Removed] Number of SGWC-UEs is now 1 (../src/sgwc/context.c:258)
08/24 17:57:36.273: [sgwc] INFO: [Added] Number of SGWC-UEs is now 2 (../src/sgwc/context.c:237)
08/24 17:57:36.273: [sgwc] INFO: [Added] Number of SGWC-Sessions is now 1 (../src/sgwc/context.c:879)
08/24 17:57:36.273: [sgwc] INFO: UE IMSI[001010000000001] APN[ims] (../src/sgwc/s11-handler.c:237)
08/24 17:58:15.576: [sgwc] INFO: [Removed] Number of SGWC-Sessions is now 0 (../src/sgwc/context.c:885)
08/24 18:00:20.994: [sgwc] INFO: [Removed] Number of SGWC-UEs is now 1 (../src/sgwc/context.c:258)
08/24 18:00:20.994: [sgwc] INFO: [Added] Number of SGWC-UEs is now 2 (../src/sgwc/context.c:237)
08/24 18:00:20.994: [sgwc] INFO: [Added] Number of SGWC-Sessions is now 1 (../src/sgwc/context.c:879)
08/24 18:00:20.994: [sgwc] INFO: UE IMSI[001010000000001] APN[ims] (../src/sgwc/s11-handler.c:237)
08/24 18:01:00.098: [sgwc] INFO: [Removed] Number of SGWC-UEs is now 1 (../src/sgwc/context.c:258)
08/24 18:01:00.098: [sgwc] INFO: [Added] Number of SGWC-UEs is now 2 (../src/sgwc/context.c:237)
08/24 18:01:00.098: [sgwc] INFO: [Added] Number of SGWC-Sessions is now 2 (../src/sgwc/context.c:879)
08/24 18:01:00.098: [sgwc] INFO: UE IMSI[001010000000002] APN[internet] (../src/sgwc/s11-handler.c:237)
08/24 18:01:00.415: [sgwc] INFO: [Added] Number of SGWC-Sessions is now 3 (../src/sgwc/context.c:879)
08/24 18:01:00.415: [sgwc] INFO: UE IMSI[001010000000002] APN[ims] (../src/sgwc/s11-handler.c:237)
08/24 18:01:31.258: [sgwc] INFO: [Removed] Number of SGWC-Sessions is now 2 (../src/sgwc/context.c:885)
08/24 18:02:06.054: [sgwc] WARNING: GTP Cause [Value:90] - PFCP_CAUSE[77] (../src/sgwc/s11-handler.c:1192)
08/24 18:02:43.476: [sgwc] INFO: [Removed] Number of SGWC-Sessions is now 1 (../src/sgwc/context.c:885)
08/24 18:02:43.476: [sgwc] INFO: [Removed] Number of SGWC-UEs is now 1 (../src/sgwc/context.c:258)
08/24 18:02:43.476: [sgwc] INFO: [Added] Number of SGWC-UEs is now 2 (../src/sgwc/context.c:237)
08/24 18:02:43.476: [sgwc] INFO: [Added] Number of SGWC-Sessions is now 2 (../src/sgwc/context.c:879)
08/24 18:02:43.476: [sgwc] INFO: UE IMSI[001010000000002] APN[internet] (../src/sgwc/s11-handler.c:237)
08/24 18:02:43.793: [sgwc] INFO: [Added] Number of SGWC-Sessions is now 3 (../src/sgwc/context.c:879)
08/24 18:02:43.794: [sgwc] INFO: UE IMSI[001010000000002] APN[ims] (../src/sgwc/s11-handler.c:237)
08/24 18:03:14.576: [sgwc] INFO: [Removed] Number of SGWC-Sessions is now 2 (../src/sgwc/context.c:885)
08/24 18:03:50.458: [sgwc] INFO: [Removed] Number of SGWC-Sessions is now 1 (../src/sgwc/context.c:885)
08/24 18:03:50.695: [sgwc] INFO: [Removed] Number of SGWC-UEs is now 1 (../src/sgwc/context.c:258)
08/24 18:03:50.695: [sgwc] INFO: [Added] Number of SGWC-UEs is now 2 (../src/sgwc/context.c:237)
08/24 18:03:50.695: [sgwc] INFO: [Added] Number of SGWC-Sessions is now 2 (../src/sgwc/context.c:879)
08/24 18:03:50.695: [sgwc] INFO: UE IMSI[001010000000001] APN[internet] (../src/sgwc/s11-handler.c:237)
08/24 18:04:10.941: [sgwc] WARNING: GTP Cause [Value:90] - PFCP_CAUSE[77] (../src/sgwc/s11-handler.c:1192)
08/24 18:05:47.175: [sgwc] WARNING: GTP Cause [Value:90] - PFCP_CAUSE[77] (../src/sgwc/s11-handler.c:1192)
08/24 18:07:59.251: [sgwc] WARNING: GTP Cause [Value:90] - PFCP_CAUSE[77] (../src/sgwc/s11-handler.c:1192)
08/24 18:08:29.358: [sgwc] INFO: [Removed] Number of SGWC-Sessions is now 1 (../src/sgwc/context.c:885)
08/24 18:08:29.537: [sgwc] INFO: [Removed] Number of SGWC-UEs is now 1 (../src/sgwc/context.c:258)
08/24 18:08:29.537: [sgwc] INFO: [Added] Number of SGWC-UEs is now 2 (../src/sgwc/context.c:237)
08/24 18:08:29.537: [sgwc] INFO: [Added] Number of SGWC-Sessions is now 2 (../src/sgwc/context.c:879)
08/24 18:08:29.537: [sgwc] INFO: UE IMSI[001010000000002] APN[internet] (../src/sgwc/s11-handler.c:237)
08/24 18:12:58.391: [sgwc] WARNING: GTP Cause [Value:90] - PFCP_CAUSE[77] (../src/sgwc/s11-handler.c:1192)
08/24 18:17:51.917: [sgwc] INFO: [Removed] Number of SGWC-Sessions is now 1 (../src/sgwc/context.c:885)
08/24 18:17:52.097: [sgwc] INFO: [Removed] Number of SGWC-UEs is now 1 (../src/sgwc/context.c:258)
08/24 18:17:52.097: [sgwc] INFO: [Added] Number of SGWC-UEs is now 2 (../src/sgwc/context.c:237)
08/24 18:17:52.097: [sgwc] INFO: [Added] Number of SGWC-Sessions is now 2 (../src/sgwc/context.c:879)
08/24 18:17:52.097: [sgwc] INFO: UE IMSI[001010000000002] APN[internet] (../src/sgwc/s11-handler.c:237)
08/24 18:29:30.207: [sgwc] WARNING: GTP Cause [Value:90] - PFCP_CAUSE[77] (../src/sgwc/s11-handler.c:1192)
Open5GS daemon v2.6.4-78-g7f08873

08/25 10:21:25.070: [app] INFO: Configuration: '/open5gs/install/etc/open5gs/sgwc.yaml' (../lib/app/ogs-init.c:126)
08/25 10:21:25.070: [app] INFO: File Logging: '/open5gs/install/var/log/open5gs/sgwc.log' (../lib/app/ogs-init.c:129)
08/25 10:21:25.091: [gtp] INFO: gtp_server() [172.22.0.5]:2123 (../lib/gtp/path.c:30)
08/25 10:21:25.091: [pfcp] INFO: pfcp_server() [172.22.0.5]:8805 (../lib/pfcp/path.c:30)
08/25 10:21:25.091: [pfcp] INFO: ogs_pfcp_connect() [172.22.0.6]:8805 (../lib/pfcp/path.c:61)
08/25 10:21:25.091: [app] INFO: SGW-C initialize...done (../src/sgwc/app.c:31)
08/25 10:21:25.091: [sgwc] INFO: PFCP associated [172.22.0.6]:8805 (../src/sgwc/pfcp-sm.c:183)
08/25 10:21:27.571: [sgwc] WARNING: PFCP[REQ] has already been associated [172.22.0.6]:8805 (../src/sgwc/pfcp-sm.c:277)
08/25 10:22:23.767: [sgwc] INFO: [Added] Number of SGWC-UEs is now 1 (../src/sgwc/context.c:237)
08/25 10:22:23.767: [sgwc] INFO: [Added] Number of SGWC-Sessions is now 1 (../src/sgwc/context.c:879)
08/25 10:22:23.767: [sgwc] INFO: UE IMSI[001010000000001] APN[internet] (../src/sgwc/s11-handler.c:237)
08/25 10:22:23.767: [gtp] INFO: gtp_connect() [172.22.0.7]:2123 (../lib/gtp/path.c:60)
08/25 10:24:08.562: [sgwc] WARNING: GTP Cause [Value:90] - PFCP_CAUSE[77] (../src/sgwc/s11-handler.c:1192)
08/25 10:28:15.190: [sgwc] INFO: [Added] Number of SGWC-UEs is now 2 (../src/sgwc/context.c:237)
08/25 10:28:15.190: [sgwc] INFO: [Added] Number of SGWC-Sessions is now 2 (../src/sgwc/context.c:879)
08/25 10:28:15.190: [sgwc] INFO: UE IMSI[001010000000002] APN[internet] (../src/sgwc/s11-handler.c:237)
08/25 10:28:15.510: [sgwc] INFO: [Added] Number of SGWC-Sessions is now 3 (../src/sgwc/context.c:879)
08/25 10:28:15.510: [sgwc] INFO: UE IMSI[001010000000002] APN[ims] (../src/sgwc/s11-handler.c:237)
08/25 10:28:46.450: [sgwc] INFO: [Removed] Number of SGWC-Sessions is now 2 (../src/sgwc/context.c:885)
08/25 10:39:30.674: [sgwc] INFO: [Removed] Number of SGWC-Sessions is now 1 (../src/sgwc/context.c:885)
08/25 10:46:48.824: [sgwc] INFO: [Removed] Number of SGWC-Sessions is now 0 (../src/sgwc/context.c:885)
08/25 10:46:49.062: [sgwc] INFO: [Removed] Number of SGWC-UEs is now 1 (../src/sgwc/context.c:258)
08/25 10:46:49.062: [sgwc] INFO: [Added] Number of SGWC-UEs is now 2 (../src/sgwc/context.c:237)
08/25 10:46:49.062: [sgwc] INFO: [Added] Number of SGWC-Sessions is now 1 (../src/sgwc/context.c:879)
08/25 10:46:49.062: [sgwc] INFO: UE IMSI[001010000000001] APN[ims] (../src/sgwc/s11-handler.c:237)
08/25 10:46:56.845: [sgwc] INFO: [Removed] Number of SGWC-Sessions is now 0 (../src/sgwc/context.c:885)
08/25 11:17:49.323: [sgwc] INFO: [Removed] Number of SGWC-UEs is now 1 (../src/sgwc/context.c:258)
08/25 11:17:49.323: [sgwc] INFO: [Added] Number of SGWC-UEs is now 2 (../src/sgwc/context.c:237)
08/25 11:17:49.324: [sgwc] INFO: [Added] Number of SGWC-Sessions is now 1 (../src/sgwc/context.c:879)
08/25 11:17:49.324: [sgwc] INFO: UE IMSI[001010000000001] APN[internet] (../src/sgwc/s11-handler.c:237)
08/25 11:19:57.906: [sgwc] INFO: [Removed] Number of SGWC-Sessions is now 0 (../src/sgwc/context.c:885)
08/25 11:20:42.446: [sgwc] INFO: [Removed] Number of SGWC-UEs is now 1 (../src/sgwc/context.c:258)
08/25 11:20:42.446: [sgwc] INFO: [Added] Number of SGWC-UEs is now 2 (../src/sgwc/context.c:237)
08/25 11:20:42.446: [sgwc] INFO: [Added] Number of SGWC-Sessions is now 1 (../src/sgwc/context.c:879)
08/25 11:20:42.446: [sgwc] INFO: UE IMSI[001010000000001] APN[internet] (../src/sgwc/s11-handler.c:237)
08/25 11:20:42.766: [sgwc] INFO: [Added] Number of SGWC-Sessions is now 2 (../src/sgwc/context.c:879)
08/25 11:20:42.766: [sgwc] INFO: UE IMSI[001010000000001] APN[ims] (../src/sgwc/s11-handler.c:237)
08/25 11:24:21.985: [sgwc] INFO: [Removed] Number of SGWC-UEs is now 1 (../src/sgwc/context.c:258)
08/25 11:24:21.985: [sgwc] INFO: [Added] Number of SGWC-UEs is now 2 (../src/sgwc/context.c:237)
08/25 11:24:21.985: [sgwc] INFO: [Added] Number of SGWC-Sessions is now 3 (../src/sgwc/context.c:879)
08/25 11:24:21.985: [sgwc] INFO: UE IMSI[001010000000002] APN[internet] (../src/sgwc/s11-handler.c:237)
08/25 11:24:23.157: [sgwc] INFO: [Removed] Number of SGWC-Sessions is now 2 (../src/sgwc/context.c:885)
08/25 11:24:31.865: [sgwc] INFO: [Removed] Number of SGWC-UEs is now 1 (../src/sgwc/context.c:258)
08/25 11:24:31.865: [sgwc] INFO: [Added] Number of SGWC-UEs is now 2 (../src/sgwc/context.c:237)
08/25 11:24:31.865: [sgwc] INFO: [Added] Number of SGWC-Sessions is now 3 (../src/sgwc/context.c:879)
08/25 11:24:31.865: [sgwc] INFO: UE IMSI[001010000000002] APN[internet] (../src/sgwc/s11-handler.c:237)
08/25 11:24:58.968: [sgwc] INFO: [Removed] Number of SGWC-Sessions is now 2 (../src/sgwc/context.c:885)
08/25 11:25:25.645: [sgwc] INFO: [Removed] Number of SGWC-UEs is now 1 (../src/sgwc/context.c:258)
08/25 11:25:25.645: [sgwc] INFO: [Added] Number of SGWC-UEs is now 2 (../src/sgwc/context.c:237)
08/25 11:25:25.645: [sgwc] INFO: [Added] Number of SGWC-Sessions is now 3 (../src/sgwc/context.c:879)
08/25 11:25:25.645: [sgwc] INFO: UE IMSI[001010000000002] APN[ims] (../src/sgwc/s11-handler.c:237)
08/25 11:28:53.949: [sgwc] INFO: [Removed] Number of SGWC-Sessions is now 2 (../src/sgwc/context.c:885)
08/25 11:29:58.387: [sgwc] INFO: [Removed] Number of SGWC-Sessions is now 1 (../src/sgwc/context.c:885)
08/25 11:30:03.287: [sgwc] INFO: [Removed] Number of SGWC-Sessions is now 0 (../src/sgwc/context.c:885)
08/25 11:30:16.614: [sgwc] INFO: [Removed] Number of SGWC-UEs is now 1 (../src/sgwc/context.c:258)
08/25 11:30:16.614: [sgwc] INFO: [Added] Number of SGWC-UEs is now 2 (../src/sgwc/context.c:237)
08/25 11:30:16.614: [sgwc] INFO: [Added] Number of SGWC-Sessions is now 1 (../src/sgwc/context.c:879)
08/25 11:30:16.614: [sgwc] INFO: UE IMSI[001010000000002] APN[internet] (../src/sgwc/s11-handler.c:237)
08/25 11:30:17.304: [sgwc] INFO: [Added] Number of SGWC-Sessions is now 2 (../src/sgwc/context.c:879)
08/25 11:30:17.304: [sgwc] INFO: UE IMSI[001010000000002] APN[ims] (../src/sgwc/s11-handler.c:237)
08/25 11:35:07.009: [sgwc] INFO: [Removed] Number of SGWC-UEs is now 1 (../src/sgwc/context.c:258)
08/25 11:35:07.009: [sgwc] INFO: [Added] Number of SGWC-UEs is now 2 (../src/sgwc/context.c:237)
08/25 11:35:07.009: [sgwc] INFO: [Added] Number of SGWC-Sessions is now 3 (../src/sgwc/context.c:879)
08/25 11:35:07.009: [sgwc] INFO: UE IMSI[001010000000001] APN[internet] (../src/sgwc/s11-handler.c:237)
08/25 11:36:44.689: [sgwc] INFO: [Removed] Number of SGWC-Sessions is now 2 (../src/sgwc/context.c:885)
08/25 11:49:26.767: [sgwc] INFO: [Removed] Number of SGWC-Sessions is now 1 (../src/sgwc/context.c:885)
08/25 11:49:29.447: [sgwc] INFO: [Removed] Number of SGWC-Sessions is now 0 (../src/sgwc/context.c:885)
08/25 11:49:36.704: [sgwc] INFO: [Removed] Number of SGWC-UEs is now 1 (../src/sgwc/context.c:258)
08/25 11:49:36.704: [sgwc] INFO: [Added] Number of SGWC-UEs is now 2 (../src/sgwc/context.c:237)
08/25 11:49:36.704: [sgwc] INFO: [Added] Number of SGWC-Sessions is now 1 (../src/sgwc/context.c:879)
08/25 11:49:36.704: [sgwc] INFO: UE IMSI[001010000000002] APN[internet] (../src/sgwc/s11-handler.c:237)
08/25 11:49:37.025: [sgwc] INFO: [Added] Number of SGWC-Sessions is now 2 (../src/sgwc/context.c:879)
08/25 11:49:37.026: [sgwc] INFO: UE IMSI[001010000000002] APN[ims] (../src/sgwc/s11-handler.c:237)
08/25 11:49:47.166: [sgwc] INFO: [Removed] Number of SGWC-Sessions is now 1 (../src/sgwc/context.c:885)
08/25 11:49:52.067: [sgwc] INFO: [Removed] Number of SGWC-Sessions is now 0 (../src/sgwc/context.c:885)
08/25 11:56:59.984: [sgwc] INFO: [Removed] Number of SGWC-UEs is now 1 (../src/sgwc/context.c:258)
08/25 11:56:59.984: [sgwc] INFO: [Added] Number of SGWC-UEs is now 2 (../src/sgwc/context.c:237)
08/25 11:56:59.984: [sgwc] INFO: [Added] Number of SGWC-Sessions is now 1 (../src/sgwc/context.c:879)
08/25 11:56:59.984: [sgwc] INFO: UE IMSI[001010000000001] APN[internet] (../src/sgwc/s11-handler.c:237)
08/25 11:58:28.268: [sgwc] INFO: [Removed] Number of SGWC-UEs is now 1 (../src/sgwc/context.c:258)
08/25 11:58:28.268: [sgwc] INFO: [Added] Number of SGWC-UEs is now 2 (../src/sgwc/context.c:237)
08/25 11:58:28.268: [sgwc] INFO: [Added] Number of SGWC-Sessions is now 2 (../src/sgwc/context.c:879)
08/25 11:58:28.268: [sgwc] INFO: UE IMSI[001010000000002] APN[internet] (../src/sgwc/s11-handler.c:237)
08/25 11:58:28.625: [sgwc] INFO: [Added] Number of SGWC-Sessions is now 3 (../src/sgwc/context.c:879)
08/25 11:58:28.625: [sgwc] INFO: UE IMSI[001010000000002] APN[ims] (../src/sgwc/s11-handler.c:237)
08/25 11:59:28.787: [sgwc] INFO: [Removed] Number of SGWC-Sessions is now 2 (../src/sgwc/context.c:885)
08/25 11:59:28.805: [sgwc] INFO: [Removed] Number of SGWC-UEs is now 1 (../src/sgwc/context.c:258)
08/25 11:59:28.805: [sgwc] INFO: [Added] Number of SGWC-UEs is now 2 (../src/sgwc/context.c:237)
08/25 11:59:28.805: [sgwc] INFO: [Added] Number of SGWC-Sessions is now 3 (../src/sgwc/context.c:879)
08/25 11:59:28.805: [sgwc] INFO: UE IMSI[001010000000001] APN[internet] (../src/sgwc/s11-handler.c:237)
08/25 12:01:11.053: [sgwc] WARNING: GTP Cause [Value:90] - PFCP_CAUSE[77] (../src/sgwc/s11-handler.c:1192)
08/25 12:01:34.605: [sgwc] INFO: [Removed] Number of SGWC-Sessions is now 2 (../src/sgwc/context.c:885)
08/25 12:01:37.426: [sgwc] INFO: [Removed] Number of SGWC-Sessions is now 1 (../src/sgwc/context.c:885)
08/25 12:02:02.964: [sgwc] INFO: [Removed] Number of SGWC-Sessions is now 0 (../src/sgwc/context.c:885)
08/25 12:02:03.201: [sgwc] INFO: [Removed] Number of SGWC-UEs is now 1 (../src/sgwc/context.c:258)
08/25 12:02:03.201: [sgwc] INFO: [Added] Number of SGWC-UEs is now 2 (../src/sgwc/context.c:237)
08/25 12:02:03.201: [sgwc] INFO: [Added] Number of SGWC-Sessions is now 1 (../src/sgwc/context.c:879)
08/25 12:02:03.201: [sgwc] INFO: UE IMSI[001010000000001] APN[ims] (../src/sgwc/s11-handler.c:237)
08/25 12:05:57.902: [sgwc] INFO: [Removed] Number of SGWC-Sessions is now 0 (../src/sgwc/context.c:885)
08/25 12:05:58.139: [sgwc] INFO: [Removed] Number of SGWC-UEs is now 1 (../src/sgwc/context.c:258)
08/25 12:05:58.139: [sgwc] INFO: [Added] Number of SGWC-UEs is now 2 (../src/sgwc/context.c:237)
08/25 12:05:58.139: [sgwc] INFO: [Added] Number of SGWC-Sessions is now 1 (../src/sgwc/context.c:879)
08/25 12:05:58.139: [sgwc] INFO: UE IMSI[001010000000001] APN[internet] (../src/sgwc/s11-handler.c:237)
08/25 12:09:00.040: [sgwc] INFO: [Removed] Number of SGWC-Sessions is now 0 (../src/sgwc/context.c:885)
08/25 12:09:00.278: [sgwc] INFO: [Removed] Number of SGWC-UEs is now 1 (../src/sgwc/context.c:258)
08/25 12:09:00.278: [sgwc] INFO: [Added] Number of SGWC-UEs is now 2 (../src/sgwc/context.c:237)
08/25 12:09:00.278: [sgwc] INFO: [Added] Number of SGWC-Sessions is now 1 (../src/sgwc/context.c:879)
08/25 12:09:00.278: [sgwc] INFO: UE IMSI[001010000000001] APN[ims] (../src/sgwc/s11-handler.c:237)
08/25 12:15:24.719: [sgwc] INFO: [Removed] Number of SGWC-Sessions is now 0 (../src/sgwc/context.c:885)
08/25 12:15:31.856: [sgwc] INFO: [Removed] Number of SGWC-UEs is now 1 (../src/sgwc/context.c:258)
08/25 12:15:31.856: [sgwc] INFO: [Added] Number of SGWC-UEs is now 2 (../src/sgwc/context.c:237)
08/25 12:15:31.856: [sgwc] INFO: [Added] Number of SGWC-Sessions is now 1 (../src/sgwc/context.c:879)
08/25 12:15:31.856: [sgwc] INFO: UE IMSI[001010000000001] APN[ims] (../src/sgwc/s11-handler.c:237)
08/25 12:16:07.079: [sgwc] INFO: [Removed] Number of SGWC-Sessions is now 0 (../src/sgwc/context.c:885)
08/25 12:16:07.316: [sgwc] INFO: [Removed] Number of SGWC-UEs is now 1 (../src/sgwc/context.c:258)
08/25 12:16:07.316: [sgwc] INFO: [Added] Number of SGWC-UEs is now 2 (../src/sgwc/context.c:237)
08/25 12:16:07.316: [sgwc] INFO: [Added] Number of SGWC-Sessions is now 1 (../src/sgwc/context.c:879)
08/25 12:16:07.316: [sgwc] INFO: UE IMSI[001010000000001] APN[internet] (../src/sgwc/s11-handler.c:237)
08/25 13:25:51.509: [sgwc] INFO: [Removed] Number of SGWC-Sessions is now 0 (../src/sgwc/context.c:885)
08/25 13:25:57.446: [sgwc] INFO: [Removed] Number of SGWC-UEs is now 1 (../src/sgwc/context.c:258)
08/25 13:25:57.446: [sgwc] INFO: [Added] Number of SGWC-UEs is now 2 (../src/sgwc/context.c:237)
08/25 13:25:57.446: [sgwc] INFO: [Added] Number of SGWC-Sessions is now 1 (../src/sgwc/context.c:879)
08/25 13:25:57.446: [sgwc] INFO: UE IMSI[001010000000001] APN[internet] (../src/sgwc/s11-handler.c:237)
Open5GS daemon v2.6.4-78-g7f08873

08/28 15:56:02.176: [app] INFO: Configuration: '/open5gs/install/etc/open5gs/sgwc.yaml' (../lib/app/ogs-init.c:126)
08/28 15:56:02.176: [app] INFO: File Logging: '/open5gs/install/var/log/open5gs/sgwc.log' (../lib/app/ogs-init.c:129)
08/28 15:56:02.196: [gtp] INFO: gtp_server() [172.22.0.5]:2123 (../lib/gtp/path.c:30)
08/28 15:56:02.196: [pfcp] INFO: pfcp_server() [172.22.0.5]:8805 (../lib/pfcp/path.c:30)
08/28 15:56:02.196: [pfcp] INFO: ogs_pfcp_connect() [172.22.0.6]:8805 (../lib/pfcp/path.c:61)
08/28 15:56:02.196: [app] INFO: SGW-C initialize...done (../src/sgwc/app.c:31)
08/28 15:56:02.552: [sgwc] INFO: PFCP associated [172.22.0.6]:8805 (../src/sgwc/pfcp-sm.c:183)
08/28 15:56:02.552: [sgwc] WARNING: PFCP[RSP] has already been associated [172.22.0.6]:8805 (../src/sgwc/pfcp-sm.c:284)
08/28 16:05:15.610: [sgwc] INFO: [Added] Number of SGWC-UEs is now 1 (../src/sgwc/context.c:237)
08/28 16:05:15.610: [sgwc] INFO: [Added] Number of SGWC-Sessions is now 1 (../src/sgwc/context.c:879)
08/28 16:05:15.610: [sgwc] INFO: UE IMSI[001010000000002] APN[internet] (../src/sgwc/s11-handler.c:237)
08/28 16:05:15.611: [gtp] INFO: gtp_connect() [172.22.0.7]:2123 (../lib/gtp/path.c:60)
Open5GS daemon v2.6.4-78-g7f08873

08/28 16:10:03.945: [app] INFO: Configuration: '/open5gs/install/etc/open5gs/sgwc.yaml' (../lib/app/ogs-init.c:126)
08/28 16:10:03.945: [app] INFO: File Logging: '/open5gs/install/var/log/open5gs/sgwc.log' (../lib/app/ogs-init.c:129)
08/28 16:10:03.968: [gtp] INFO: gtp_server() [172.22.0.5]:2123 (../lib/gtp/path.c:30)
08/28 16:10:03.968: [pfcp] INFO: pfcp_server() [172.22.0.5]:8805 (../lib/pfcp/path.c:30)
08/28 16:10:03.968: [pfcp] INFO: ogs_pfcp_connect() [172.22.0.6]:8805 (../lib/pfcp/path.c:61)
08/28 16:10:03.968: [app] INFO: SGW-C initialize...done (../src/sgwc/app.c:31)
08/28 16:10:04.154: [sgwc] INFO: PFCP associated [172.22.0.6]:8805 (../src/sgwc/pfcp-sm.c:183)
08/28 16:10:04.154: [sgwc] WARNING: PFCP[RSP] has already been associated [172.22.0.6]:8805 (../src/sgwc/pfcp-sm.c:284)
08/28 16:17:43.373: [sgwc] INFO: [Added] Number of SGWC-UEs is now 1 (../src/sgwc/context.c:237)
08/28 16:17:43.373: [sgwc] INFO: [Added] Number of SGWC-Sessions is now 1 (../src/sgwc/context.c:879)
08/28 16:17:43.373: [sgwc] INFO: UE IMSI[001010000000002] APN[internet] (../src/sgwc/s11-handler.c:237)
08/28 16:17:43.373: [gtp] INFO: gtp_connect() [172.22.0.7]:2123 (../lib/gtp/path.c:60)
08/28 16:29:52.756: [sgwc] ERROR: [001010000000002] Error Indication(Default Bearer) from SMF (../src/sgwc/sxa-handler.c:1495)
08/28 16:29:52.756: [sgwc] INFO: [Removed] Number of SGWC-Sessions is now 0 (../src/sgwc/context.c:885)
08/28 16:29:52.756: [sgwc] ERROR: No Context in TEID [Cause:16] (../src/sgwc/s5c-handler.c:488)
08/28 16:30:15.332: [sgwc] INFO: [Removed] Number of SGWC-UEs is now 0 (../src/sgwc/context.c:258)
08/28 16:30:15.332: [sgwc] INFO: [Added] Number of SGWC-UEs is now 1 (../src/sgwc/context.c:237)
08/28 16:30:15.332: [sgwc] INFO: [Added] Number of SGWC-Sessions is now 1 (../src/sgwc/context.c:879)
08/28 16:30:15.332: [sgwc] INFO: UE IMSI[001010000000002] APN[internet] (../src/sgwc/s11-handler.c:237)
08/28 16:30:50.912: [sgwc] INFO: [Added] Number of SGWC-UEs is now 2 (../src/sgwc/context.c:237)
08/28 16:30:50.912: [sgwc] INFO: [Added] Number of SGWC-Sessions is now 2 (../src/sgwc/context.c:879)
08/28 16:30:50.912: [sgwc] INFO: UE IMSI[001010000000001] APN[internet] (../src/sgwc/s11-handler.c:237)
08/28 16:35:23.902: [sgwc] WARNING: GTP Cause [Value:90] - PFCP_CAUSE[77] (../src/sgwc/s11-handler.c:1192)
08/28 16:37:09.071: [sgwc] INFO: [Removed] Number of SGWC-Sessions is now 1 (../src/sgwc/context.c:885)
08/28 16:37:09.089: [sgwc] INFO: [Removed] Number of SGWC-UEs is now 1 (../src/sgwc/context.c:258)
08/28 16:37:09.089: [sgwc] INFO: [Added] Number of SGWC-UEs is now 2 (../src/sgwc/context.c:237)
08/28 16:37:09.089: [sgwc] INFO: [Added] Number of SGWC-Sessions is now 2 (../src/sgwc/context.c:879)
08/28 16:37:09.089: [sgwc] INFO: UE IMSI[001010000000001] APN[internet] (../src/sgwc/s11-handler.c:237)
08/28 16:40:46.730: [sgwc] WARNING: GTP Cause [Value:90] - PFCP_CAUSE[77] (../src/sgwc/s11-handler.c:1192)
08/28 16:41:26.791: [sgwc] INFO: [Removed] Number of SGWC-Sessions is now 1 (../src/sgwc/context.c:885)
08/28 16:41:40.129: [sgwc] INFO: [Removed] Number of SGWC-UEs is now 1 (../src/sgwc/context.c:258)
08/28 16:41:40.129: [sgwc] INFO: [Added] Number of SGWC-UEs is now 2 (../src/sgwc/context.c:237)
08/28 16:41:40.129: [sgwc] INFO: [Added] Number of SGWC-Sessions is now 2 (../src/sgwc/context.c:879)
08/28 16:41:40.129: [sgwc] INFO: UE IMSI[001010000000001] APN[internet] (../src/sgwc/s11-handler.c:237)
08/28 16:54:01.669: [sgwc] INFO: [Removed] Number of SGWC-Sessions is now 1 (../src/sgwc/context.c:885)
08/28 16:58:13.746: [sgwc] INFO: [Removed] Number of SGWC-UEs is now 1 (../src/sgwc/context.c:258)
08/28 16:58:13.746: [sgwc] INFO: [Added] Number of SGWC-UEs is now 2 (../src/sgwc/context.c:237)
08/28 16:58:13.746: [sgwc] INFO: [Added] Number of SGWC-Sessions is now 2 (../src/sgwc/context.c:879)
08/28 16:58:13.746: [sgwc] INFO: UE IMSI[001010000000001] APN[internet] (../src/sgwc/s11-handler.c:237)
08/28 16:58:37.489: [sgwc] INFO: [Removed] Number of SGWC-Sessions is now 1 (../src/sgwc/context.c:885)
08/28 16:58:44.486: [sgwc] INFO: [Removed] Number of SGWC-UEs is now 1 (../src/sgwc/context.c:258)
08/28 16:58:44.486: [sgwc] INFO: [Added] Number of SGWC-UEs is now 2 (../src/sgwc/context.c:237)
08/28 16:58:44.486: [sgwc] INFO: [Added] Number of SGWC-Sessions is now 2 (../src/sgwc/context.c:879)
08/28 16:58:44.486: [sgwc] INFO: UE IMSI[001010000000001] APN[internet] (../src/sgwc/s11-handler.c:237)
08/28 17:08:02.030: [sgwc] INFO: [Removed] Number of SGWC-Sessions is now 1 (../src/sgwc/context.c:885)
08/28 17:08:02.209: [sgwc] INFO: [Removed] Number of SGWC-UEs is now 1 (../src/sgwc/context.c:258)
08/28 17:08:02.209: [sgwc] INFO: [Added] Number of SGWC-UEs is now 2 (../src/sgwc/context.c:237)
08/28 17:08:02.209: [sgwc] INFO: [Added] Number of SGWC-Sessions is now 2 (../src/sgwc/context.c:879)
08/28 17:08:02.209: [sgwc] INFO: UE IMSI[001010000000002] APN[internet] (../src/sgwc/s11-handler.c:237)
08/28 17:24:57.506: [sgwc] INFO: [Added] Number of SGWC-Sessions is now 3 (../src/sgwc/context.c:879)
08/28 17:24:57.506: [sgwc] INFO: UE IMSI[001010000000001] APN[ims] (../src/sgwc/s11-handler.c:237)
08/28 17:26:31.304: [sgwc] INFO: [Removed] Number of SGWC-Sessions is now 2 (../src/sgwc/context.c:885)
08/28 17:26:31.509: [sgwc] INFO: [Removed] Number of SGWC-Sessions is now 1 (../src/sgwc/context.c:885)
08/28 17:26:58.203: [sgwc] INFO: [Removed] Number of SGWC-UEs is now 1 (../src/sgwc/context.c:258)
08/28 17:26:58.203: [sgwc] INFO: [Added] Number of SGWC-UEs is now 2 (../src/sgwc/context.c:237)
08/28 17:26:58.203: [sgwc] INFO: [Added] Number of SGWC-Sessions is now 2 (../src/sgwc/context.c:879)
08/28 17:26:58.203: [sgwc] INFO: UE IMSI[001010000000001] APN[internet] (../src/sgwc/s11-handler.c:237)
08/28 17:26:58.663: [sgwc] INFO: [Added] Number of SGWC-Sessions is now 3 (../src/sgwc/context.c:879)
08/28 17:26:58.663: [sgwc] INFO: UE IMSI[001010000000001] APN[ims] (../src/sgwc/s11-handler.c:237)
08/28 17:27:24.745: [sgwc] INFO: [Removed] Number of SGWC-Sessions is now 2 (../src/sgwc/context.c:885)
08/28 17:27:24.948: [sgwc] INFO: [Removed] Number of SGWC-Sessions is now 1 (../src/sgwc/context.c:885)
08/28 17:27:31.483: [sgwc] INFO: [Removed] Number of SGWC-UEs is now 1 (../src/sgwc/context.c:258)
08/28 17:27:31.483: [sgwc] INFO: [Added] Number of SGWC-UEs is now 2 (../src/sgwc/context.c:237)
08/28 17:27:31.483: [sgwc] INFO: [Added] Number of SGWC-Sessions is now 2 (../src/sgwc/context.c:879)
08/28 17:27:31.483: [sgwc] INFO: UE IMSI[001010000000001] APN[internet] (../src/sgwc/s11-handler.c:237)
08/28 17:27:31.843: [sgwc] INFO: [Added] Number of SGWC-Sessions is now 3 (../src/sgwc/context.c:879)
08/28 17:27:31.843: [sgwc] INFO: UE IMSI[001010000000001] APN[ims] (../src/sgwc/s11-handler.c:237)
08/28 17:27:56.705: [sgwc] INFO: [Removed] Number of SGWC-Sessions is now 2 (../src/sgwc/context.c:885)
08/28 17:28:28.425: [sgwc] INFO: [Removed] Number of SGWC-Sessions is now 1 (../src/sgwc/context.c:885)
08/28 17:28:56.822: [sgwc] INFO: [Removed] Number of SGWC-UEs is now 1 (../src/sgwc/context.c:258)
08/28 17:28:56.822: [sgwc] INFO: [Added] Number of SGWC-UEs is now 2 (../src/sgwc/context.c:237)
08/28 17:28:56.822: [sgwc] INFO: [Added] Number of SGWC-Sessions is now 2 (../src/sgwc/context.c:879)
08/28 17:28:56.822: [sgwc] INFO: UE IMSI[001010000000001] APN[internet] (../src/sgwc/s11-handler.c:237)
08/28 17:28:57.383: [sgwc] INFO: [Added] Number of SGWC-Sessions is now 3 (../src/sgwc/context.c:879)
08/28 17:28:57.383: [sgwc] INFO: UE IMSI[001010000000001] APN[ims] (../src/sgwc/s11-handler.c:237)
08/28 17:29:58.505: [sgwc] INFO: [Removed] Number of SGWC-Sessions is now 2 (../src/sgwc/context.c:885)
08/28 17:29:58.505: [sgwc] INFO: [Removed] Number of SGWC-Sessions is now 1 (../src/sgwc/context.c:885)
08/28 17:29:58.522: [sgwc] INFO: [Removed] Number of SGWC-UEs is now 1 (../src/sgwc/context.c:258)
08/28 17:29:58.522: [sgwc] INFO: [Added] Number of SGWC-UEs is now 2 (../src/sgwc/context.c:237)
08/28 17:29:58.522: [sgwc] INFO: [Added] Number of SGWC-Sessions is now 2 (../src/sgwc/context.c:879)
08/28 17:29:58.522: [sgwc] INFO: UE IMSI[001010000000001] APN[internet] (../src/sgwc/s11-handler.c:237)
08/28 17:29:58.923: [sgwc] INFO: [Added] Number of SGWC-Sessions is now 3 (../src/sgwc/context.c:879)
08/28 17:29:58.923: [sgwc] INFO: UE IMSI[001010000000001] APN[ims] (../src/sgwc/s11-handler.c:237)
08/28 17:31:41.747: [sgwc] INFO: [Removed] Number of SGWC-Sessions is now 2 (../src/sgwc/context.c:885)
08/28 17:33:14.587: [sgwc] INFO: [Removed] Number of SGWC-UEs is now 1 (../src/sgwc/context.c:258)
08/28 17:33:14.587: [sgwc] INFO: [Added] Number of SGWC-UEs is now 2 (../src/sgwc/context.c:237)
08/28 17:33:14.587: [sgwc] INFO: [Added] Number of SGWC-Sessions is now 3 (../src/sgwc/context.c:879)
08/28 17:33:14.587: [sgwc] INFO: UE IMSI[001010000000002] APN[internet] (../src/sgwc/s11-handler.c:237)
08/28 17:33:14.926: [sgwc] INFO: [Removed] Number of SGWC-Sessions is now 2 (../src/sgwc/context.c:885)
08/28 17:33:17.484: [sgwc] INFO: [Removed] Number of SGWC-UEs is now 1 (../src/sgwc/context.c:258)
08/28 17:33:17.484: [sgwc] INFO: [Added] Number of SGWC-UEs is now 2 (../src/sgwc/context.c:237)
08/28 17:33:17.484: [sgwc] INFO: [Added] Number of SGWC-Sessions is now 3 (../src/sgwc/context.c:879)
08/28 17:33:17.484: [sgwc] INFO: UE IMSI[001010000000002] APN[internet] (../src/sgwc/s11-handler.c:237)
08/28 17:33:18.044: [sgwc] INFO: [Added] Number of SGWC-Sessions is now 4 (../src/sgwc/context.c:879)
08/28 17:33:18.044: [sgwc] INFO: UE IMSI[001010000000002] APN[ims] (../src/sgwc/s11-handler.c:237)
08/28 17:34:10.049: [sgwc] INFO: [Removed] Number of SGWC-Sessions is now 3 (../src/sgwc/context.c:885)
08/28 17:35:08.946: [sgwc] INFO: [Removed] Number of SGWC-Sessions is now 2 (../src/sgwc/context.c:885)
08/28 17:35:09.126: [sgwc] INFO: [Removed] Number of SGWC-UEs is now 1 (../src/sgwc/context.c:258)
08/28 17:35:09.126: [sgwc] INFO: [Added] Number of SGWC-UEs is now 2 (../src/sgwc/context.c:237)
08/28 17:35:09.126: [sgwc] INFO: [Added] Number of SGWC-Sessions is now 3 (../src/sgwc/context.c:879)
08/28 17:35:09.126: [sgwc] INFO: UE IMSI[001010000000002] APN[internet] (../src/sgwc/s11-handler.c:237)
08/28 17:35:51.547: [sgwc] INFO: [Removed] Number of SGWC-Sessions is now 2 (../src/sgwc/context.c:885)
08/28 17:35:52.184: [sgwc] INFO: [Removed] Number of SGWC-UEs is now 1 (../src/sgwc/context.c:258)
08/28 17:35:52.184: [sgwc] INFO: [Added] Number of SGWC-UEs is now 2 (../src/sgwc/context.c:237)
08/28 17:35:52.184: [sgwc] INFO: [Added] Number of SGWC-Sessions is now 3 (../src/sgwc/context.c:879)
08/28 17:35:52.184: [sgwc] INFO: UE IMSI[001010000000002] APN[internet] (../src/sgwc/s11-handler.c:237)
08/28 17:35:52.510: [sgwc] INFO: [Added] Number of SGWC-Sessions is now 4 (../src/sgwc/context.c:879)
08/28 17:35:52.510: [sgwc] INFO: UE IMSI[001010000000002] APN[ims] (../src/sgwc/s11-handler.c:237)
08/28 17:36:23.386: [sgwc] INFO: [Removed] Number of SGWC-Sessions is now 3 (../src/sgwc/context.c:885)
08/28 17:37:29.897: [gtp] WARNING: [59] LOCAL  No Reponse. Give up! for step 1 type 176 peer [172.22.0.9]:2123 (../lib/gtp/xact.c:755)
08/28 17:37:29.897: [sgwc] WARNING: [001010000000001] No Downlink Data Notification ACK (../src/sgwc/gtp-path.c:160)
Open5GS daemon v2.6.4-78-g7f08873

08/28 17:38:05.605: [app] INFO: Configuration: '/open5gs/install/etc/open5gs/sgwc.yaml' (../lib/app/ogs-init.c:126)
08/28 17:38:05.605: [app] INFO: File Logging: '/open5gs/install/var/log/open5gs/sgwc.log' (../lib/app/ogs-init.c:129)
08/28 17:38:05.629: [gtp] INFO: gtp_server() [172.22.0.5]:2123 (../lib/gtp/path.c:30)
08/28 17:38:05.629: [pfcp] INFO: pfcp_server() [172.22.0.5]:8805 (../lib/pfcp/path.c:30)
08/28 17:38:05.629: [pfcp] INFO: ogs_pfcp_connect() [172.22.0.6]:8805 (../lib/pfcp/path.c:61)
08/28 17:38:05.629: [app] INFO: SGW-C initialize...done (../src/sgwc/app.c:31)
08/28 17:38:05.651: [sgwc] INFO: PFCP associated [172.22.0.6]:8805 (../src/sgwc/pfcp-sm.c:183)
08/28 17:38:08.133: [sgwc] WARNING: PFCP[RSP] has already been associated [172.22.0.6]:8805 (../src/sgwc/pfcp-sm.c:284)
08/28 17:38:57.066: [sgwc] INFO: [Added] Number of SGWC-UEs is now 1 (../src/sgwc/context.c:237)
08/28 17:38:57.066: [sgwc] INFO: [Added] Number of SGWC-Sessions is now 1 (../src/sgwc/context.c:879)
08/28 17:38:57.066: [sgwc] INFO: UE IMSI[001010000000002] APN[internet] (../src/sgwc/s11-handler.c:237)
08/28 17:38:57.066: [gtp] INFO: gtp_connect() [172.22.0.7]:2123 (../lib/gtp/path.c:60)
08/28 17:39:12.484: [sgwc] INFO: [Removed] Number of SGWC-Sessions is now 0 (../src/sgwc/context.c:885)
08/28 17:39:13.103: [sgwc] INFO: [Removed] Number of SGWC-UEs is now 0 (../src/sgwc/context.c:258)
08/28 17:39:13.103: [sgwc] INFO: [Added] Number of SGWC-UEs is now 1 (../src/sgwc/context.c:237)
08/28 17:39:13.103: [sgwc] INFO: [Added] Number of SGWC-Sessions is now 1 (../src/sgwc/context.c:879)
08/28 17:39:13.103: [sgwc] INFO: UE IMSI[001010000000002] APN[internet] (../src/sgwc/s11-handler.c:237)
08/28 17:39:13.426: [sgwc] INFO: [Added] Number of SGWC-Sessions is now 2 (../src/sgwc/context.c:879)
08/28 17:39:13.426: [sgwc] INFO: UE IMSI[001010000000002] APN[ims] (../src/sgwc/s11-handler.c:237)
08/28 17:39:44.325: [sgwc] INFO: [Removed] Number of SGWC-Sessions is now 1 (../src/sgwc/context.c:885)
08/28 17:41:42.083: [sgwc] INFO: [Removed] Number of SGWC-Sessions is now 0 (../src/sgwc/context.c:885)
08/28 17:41:42.722: [sgwc] INFO: [Removed] Number of SGWC-UEs is now 0 (../src/sgwc/context.c:258)
08/28 17:41:42.722: [sgwc] INFO: [Added] Number of SGWC-UEs is now 1 (../src/sgwc/context.c:237)
08/28 17:41:42.722: [sgwc] INFO: [Added] Number of SGWC-Sessions is now 1 (../src/sgwc/context.c:879)
08/28 17:41:42.722: [sgwc] INFO: UE IMSI[001010000000002] APN[internet] (../src/sgwc/s11-handler.c:237)
08/28 17:41:43.042: [sgwc] INFO: [Added] Number of SGWC-Sessions is now 2 (../src/sgwc/context.c:879)
08/28 17:41:43.042: [sgwc] INFO: UE IMSI[001010000000002] APN[ims] (../src/sgwc/s11-handler.c:237)
08/28 17:42:27.444: [sgwc] INFO: [Added] Number of SGWC-UEs is now 2 (../src/sgwc/context.c:237)
08/28 17:42:27.444: [sgwc] INFO: [Added] Number of SGWC-Sessions is now 3 (../src/sgwc/context.c:879)
08/28 17:42:27.444: [sgwc] INFO: UE IMSI[001010000000001] APN[internet] (../src/sgwc/s11-handler.c:237)
08/28 17:42:27.844: [sgwc] INFO: [Added] Number of SGWC-Sessions is now 4 (../src/sgwc/context.c:879)
08/28 17:42:27.844: [sgwc] INFO: UE IMSI[001010000000001] APN[ims] (../src/sgwc/s11-handler.c:237)
08/28 17:45:18.324: [sgwc] INFO: [Removed] Number of SGWC-Sessions is now 3 (../src/sgwc/context.c:885)
08/28 17:45:23.283: [sgwc] INFO: [Removed] Number of SGWC-Sessions is now 2 (../src/sgwc/context.c:885)
08/28 17:45:33.066: [sgwc] INFO: [Removed] Number of SGWC-Sessions is now 1 (../src/sgwc/context.c:885)
08/28 17:45:33.067: [sgwc] INFO: [Removed] Number of SGWC-Sessions is now 0 (../src/sgwc/context.c:885)
08/28 17:45:53.321: [sgwc] INFO: [Removed] Number of SGWC-UEs is now 1 (../src/sgwc/context.c:258)
08/28 17:45:53.321: [sgwc] INFO: [Added] Number of SGWC-UEs is now 2 (../src/sgwc/context.c:237)
08/28 17:45:53.321: [sgwc] INFO: [Added] Number of SGWC-Sessions is now 1 (../src/sgwc/context.c:879)
08/28 17:45:53.321: [sgwc] INFO: UE IMSI[001010000000002] APN[internet] (../src/sgwc/s11-handler.c:237)
08/28 17:45:53.721: [sgwc] INFO: [Added] Number of SGWC-Sessions is now 2 (../src/sgwc/context.c:879)
08/28 17:45:53.721: [sgwc] INFO: UE IMSI[001010000000002] APN[ims] (../src/sgwc/s11-handler.c:237)
08/28 17:46:17.104: [sgwc] INFO: [Removed] Number of SGWC-Sessions is now 1 (../src/sgwc/context.c:885)
08/28 17:46:17.309: [sgwc] INFO: [Removed] Number of SGWC-Sessions is now 0 (../src/sgwc/context.c:885)
08/28 17:51:13.202: [sgwc] INFO: [Removed] Number of SGWC-UEs is now 1 (../src/sgwc/context.c:258)
08/28 17:51:13.202: [sgwc] INFO: [Added] Number of SGWC-UEs is now 2 (../src/sgwc/context.c:237)
08/28 17:51:13.202: [sgwc] INFO: [Added] Number of SGWC-Sessions is now 1 (../src/sgwc/context.c:879)
08/28 17:51:13.202: [sgwc] INFO: UE IMSI[001010000000001] APN[internet] (../src/sgwc/s11-handler.c:237)
08/28 17:51:13.842: [sgwc] INFO: [Added] Number of SGWC-Sessions is now 2 (../src/sgwc/context.c:879)
08/28 17:51:13.842: [sgwc] INFO: UE IMSI[001010000000001] APN[ims] (../src/sgwc/s11-handler.c:237)
08/28 18:02:05.307: [sgwc] INFO: [Removed] Number of SGWC-Sessions is now 1 (../src/sgwc/context.c:885)
08/28 18:02:05.307: [sgwc] INFO: [Removed] Number of SGWC-Sessions is now 0 (../src/sgwc/context.c:885)
08/28 18:02:37.102: [sgwc] INFO: [Removed] Number of SGWC-UEs is now 1 (../src/sgwc/context.c:258)
08/28 18:02:37.102: [sgwc] INFO: [Added] Number of SGWC-UEs is now 2 (../src/sgwc/context.c:237)
08/28 18:02:37.102: [sgwc] INFO: [Added] Number of SGWC-Sessions is now 1 (../src/sgwc/context.c:879)
08/28 18:02:37.102: [sgwc] INFO: UE IMSI[001010000000001] APN[internet] (../src/sgwc/s11-handler.c:237)
08/28 18:02:37.522: [sgwc] INFO: [Added] Number of SGWC-Sessions is now 2 (../src/sgwc/context.c:879)
08/28 18:02:37.522: [sgwc] INFO: UE IMSI[001010000000001] APN[ims] (../src/sgwc/s11-handler.c:237)
08/28 18:02:37.732: [sgwc] INFO: [Removed] Number of SGWC-Sessions is now 1 (../src/sgwc/context.c:885)
08/28 18:02:37.934: [sgwc] INFO: [Added] Number of SGWC-Sessions is now 2 (../src/sgwc/context.c:879)
08/28 18:02:37.934: [sgwc] INFO: UE IMSI[001010000000001] APN[ims] (../src/sgwc/s11-handler.c:237)
08/28 18:03:34.665: [sgwc] INFO: [Removed] Number of SGWC-Sessions is now 1 (../src/sgwc/context.c:885)
08/28 18:03:34.665: [sgwc] INFO: [Removed] Number of SGWC-Sessions is now 0 (../src/sgwc/context.c:885)
08/28 18:04:07.562: [sgwc] INFO: [Removed] Number of SGWC-UEs is now 1 (../src/sgwc/context.c:258)
08/28 18:04:07.562: [sgwc] INFO: [Added] Number of SGWC-UEs is now 2 (../src/sgwc/context.c:237)
08/28 18:04:07.562: [sgwc] INFO: [Added] Number of SGWC-Sessions is now 1 (../src/sgwc/context.c:879)
08/28 18:04:07.562: [sgwc] INFO: UE IMSI[001010000000001] APN[internet] (../src/sgwc/s11-handler.c:237)
08/28 18:04:08.751: [sgwc] INFO: [Added] Number of SGWC-Sessions is now 2 (../src/sgwc/context.c:879)
08/28 18:04:08.751: [sgwc] INFO: UE IMSI[001010000000001] APN[ims] (../src/sgwc/s11-handler.c:237)
08/28 18:16:04.486: [gtp] WARNING: [45] LOCAL  No Reponse. Give up! for step 1 type 176 peer [172.22.0.9]:2123 (../lib/gtp/xact.c:755)
08/28 18:16:04.486: [sgwc] WARNING: [001010000000001] No Downlink Data Notification ACK (../src/sgwc/gtp-path.c:160)
Open5GS daemon v2.6.4-78-g7f08873

08/29 09:36:34.257: [app] INFO: Configuration: '/open5gs/install/etc/open5gs/sgwc.yaml' (../lib/app/ogs-init.c:126)
08/29 09:36:34.257: [app] INFO: File Logging: '/open5gs/install/var/log/open5gs/sgwc.log' (../lib/app/ogs-init.c:129)
08/29 09:36:34.285: [gtp] INFO: gtp_server() [172.22.0.5]:2123 (../lib/gtp/path.c:30)
08/29 09:36:34.285: [pfcp] INFO: pfcp_server() [172.22.0.5]:8805 (../lib/pfcp/path.c:30)
08/29 09:36:34.285: [pfcp] INFO: ogs_pfcp_connect() [172.22.0.6]:8805 (../lib/pfcp/path.c:61)
08/29 09:36:34.285: [app] INFO: SGW-C initialize...done (../src/sgwc/app.c:31)
08/29 09:36:34.285: [sgwc] INFO: PFCP associated [172.22.0.6]:8805 (../src/sgwc/pfcp-sm.c:183)
08/29 09:36:36.734: [sgwc] WARNING: PFCP[REQ] has already been associated [172.22.0.6]:8805 (../src/sgwc/pfcp-sm.c:277)
08/29 09:49:02.880: [sgwc] INFO: [Added] Number of SGWC-UEs is now 1 (../src/sgwc/context.c:237)
08/29 09:49:02.880: [sgwc] INFO: [Added] Number of SGWC-Sessions is now 1 (../src/sgwc/context.c:879)
08/29 09:49:02.880: [sgwc] INFO: UE IMSI[001010000000001] APN[internet] (../src/sgwc/s11-handler.c:237)
08/29 09:49:02.880: [gtp] INFO: gtp_connect() [172.22.0.7]:2123 (../lib/gtp/path.c:60)
08/29 09:49:03.320: [sgwc] INFO: [Added] Number of SGWC-Sessions is now 2 (../src/sgwc/context.c:879)
08/29 09:49:03.320: [sgwc] INFO: UE IMSI[001010000000001] APN[ims] (../src/sgwc/s11-handler.c:237)
08/29 11:32:12.025: [gtp] WARNING: [17] LOCAL  No Reponse. Give up! for step 1 type 176 peer [172.22.0.9]:2123 (../lib/gtp/xact.c:755)
08/29 11:32:12.025: [sgwc] WARNING: [001010000000001] No Downlink Data Notification ACK (../src/sgwc/gtp-path.c:160)
Open5GS daemon v2.6.4-78-g7f08873

08/29 12:39:01.871: [app] INFO: Configuration: '/open5gs/install/etc/open5gs/sgwc.yaml' (../lib/app/ogs-init.c:126)
08/29 12:39:01.871: [app] INFO: File Logging: '/open5gs/install/var/log/open5gs/sgwc.log' (../lib/app/ogs-init.c:129)
08/29 12:39:01.899: [gtp] INFO: gtp_server() [172.22.0.5]:2123 (../lib/gtp/path.c:30)
08/29 12:39:01.899: [pfcp] INFO: pfcp_server() [172.22.0.5]:8805 (../lib/pfcp/path.c:30)
08/29 12:39:01.899: [pfcp] INFO: ogs_pfcp_connect() [172.22.0.6]:8805 (../lib/pfcp/path.c:61)
08/29 12:39:01.899: [app] INFO: SGW-C initialize...done (../src/sgwc/app.c:31)
08/29 12:39:01.899: [sgwc] INFO: PFCP associated [172.22.0.6]:8805 (../src/sgwc/pfcp-sm.c:183)
08/29 12:39:04.373: [sgwc] WARNING: PFCP[REQ] has already been associated [172.22.0.6]:8805 (../src/sgwc/pfcp-sm.c:277)
Open5GS daemon v2.6.4-78-g7f08873

08/29 12:42:54.211: [app] INFO: Configuration: '/open5gs/install/etc/open5gs/sgwc.yaml' (../lib/app/ogs-init.c:126)
08/29 12:42:54.211: [app] INFO: File Logging: '/open5gs/install/var/log/open5gs/sgwc.log' (../lib/app/ogs-init.c:129)
08/29 12:42:54.236: [gtp] INFO: gtp_server() [172.22.0.5]:2123 (../lib/gtp/path.c:30)
08/29 12:42:54.236: [pfcp] INFO: pfcp_server() [172.22.0.5]:8805 (../lib/pfcp/path.c:30)
08/29 12:42:54.236: [pfcp] INFO: ogs_pfcp_connect() [172.22.0.6]:8805 (../lib/pfcp/path.c:61)
08/29 12:42:54.236: [app] INFO: SGW-C initialize...done (../src/sgwc/app.c:31)
08/29 12:42:54.236: [sgwc] INFO: PFCP associated [172.22.0.6]:8805 (../src/sgwc/pfcp-sm.c:183)
08/29 12:42:56.737: [sgwc] WARNING: PFCP[REQ] has already been associated [172.22.0.6]:8805 (../src/sgwc/pfcp-sm.c:277)
08/29 12:48:47.008: [sgwc] INFO: [Added] Number of SGWC-UEs is now 1 (../src/sgwc/context.c:237)
08/29 12:48:47.008: [sgwc] INFO: [Added] Number of SGWC-Sessions is now 1 (../src/sgwc/context.c:879)
08/29 12:48:47.008: [sgwc] INFO: UE IMSI[001010000000002] APN[internet] (../src/sgwc/s11-handler.c:237)
08/29 12:48:47.008: [gtp] INFO: gtp_connect() [172.22.0.7]:2123 (../lib/gtp/path.c:60)
08/29 12:52:56.430: [sgwc] INFO: [Added] Number of SGWC-UEs is now 2 (../src/sgwc/context.c:237)
08/29 12:52:56.430: [sgwc] INFO: [Added] Number of SGWC-Sessions is now 2 (../src/sgwc/context.c:879)
08/29 12:52:56.430: [sgwc] INFO: UE IMSI[001010000000001] APN[internet] (../src/sgwc/s11-handler.c:237)
08/29 12:52:56.970: [sgwc] INFO: [Added] Number of SGWC-Sessions is now 3 (../src/sgwc/context.c:879)
08/29 12:52:56.970: [sgwc] INFO: UE IMSI[001010000000001] APN[ims] (../src/sgwc/s11-handler.c:237)
08/29 13:06:18.188: [sgwc] WARNING: GTP Cause [Value:90] - PFCP_CAUSE[77] (../src/sgwc/s11-handler.c:1192)
08/29 13:07:33.547: [sgwc] WARNING: GTP Cause [Value:90] - PFCP_CAUSE[77] (../src/sgwc/s11-handler.c:1192)
08/29 13:11:29.033: [sgwc] INFO: [Removed] Number of SGWC-Sessions is now 2 (../src/sgwc/context.c:885)
08/29 13:11:29.039: [sgwc] INFO: [Removed] Number of SGWC-Sessions is now 1 (../src/sgwc/context.c:885)
08/29 13:11:29.410: [sgwc] INFO: [Removed] Number of SGWC-UEs is now 1 (../src/sgwc/context.c:258)
08/29 13:11:29.410: [sgwc] INFO: [Added] Number of SGWC-UEs is now 2 (../src/sgwc/context.c:237)
08/29 13:11:29.410: [sgwc] INFO: [Added] Number of SGWC-Sessions is now 2 (../src/sgwc/context.c:879)
08/29 13:11:29.410: [sgwc] INFO: UE IMSI[001010000000001] APN[internet] (../src/sgwc/s11-handler.c:237)
08/29 13:11:31.910: [sgwc] INFO: [Added] Number of SGWC-Sessions is now 3 (../src/sgwc/context.c:879)
08/29 13:11:31.910: [sgwc] INFO: UE IMSI[001010000000001] APN[ims] (../src/sgwc/s11-handler.c:237)
08/29 13:26:48.774: [sgwc] WARNING: GTP Cause [Value:90] - PFCP_CAUSE[77] (../src/sgwc/s11-handler.c:1192)
08/29 13:30:17.192: [sgwc] INFO: [Removed] Number of SGWC-Sessions is now 2 (../src/sgwc/context.c:885)
08/29 13:30:17.192: [sgwc] INFO: [Removed] Number of SGWC-Sessions is now 1 (../src/sgwc/context.c:885)
08/29 13:30:17.569: [sgwc] INFO: [Removed] Number of SGWC-UEs is now 1 (../src/sgwc/context.c:258)
08/29 13:30:17.569: [sgwc] INFO: [Added] Number of SGWC-UEs is now 2 (../src/sgwc/context.c:237)
08/29 13:30:17.569: [sgwc] INFO: [Added] Number of SGWC-Sessions is now 2 (../src/sgwc/context.c:879)
08/29 13:30:17.569: [sgwc] INFO: UE IMSI[001010000000001] APN[internet] (../src/sgwc/s11-handler.c:237)
08/29 13:30:18.010: [sgwc] INFO: [Added] Number of SGWC-Sessions is now 3 (../src/sgwc/context.c:879)
08/29 13:30:18.010: [sgwc] INFO: UE IMSI[001010000000001] APN[ims] (../src/sgwc/s11-handler.c:237)
08/29 13:31:41.200: [sgwc] WARNING: GTP Cause [Value:90] - PFCP_CAUSE[77] (../src/sgwc/s11-handler.c:1192)
08/29 13:32:11.591: [sgwc] INFO: [Removed] Number of SGWC-Sessions is now 2 (../src/sgwc/context.c:885)
08/29 13:39:43.593: [sgwc] INFO: [Removed] Number of SGWC-Sessions is now 1 (../src/sgwc/context.c:885)
08/29 13:39:43.593: [sgwc] INFO: [Removed] Number of SGWC-Sessions is now 0 (../src/sgwc/context.c:885)
08/29 13:39:43.969: [sgwc] INFO: [Removed] Number of SGWC-UEs is now 1 (../src/sgwc/context.c:258)
08/29 13:39:43.969: [sgwc] INFO: [Added] Number of SGWC-UEs is now 2 (../src/sgwc/context.c:237)
08/29 13:39:43.969: [sgwc] INFO: [Added] Number of SGWC-Sessions is now 1 (../src/sgwc/context.c:879)
08/29 13:39:43.969: [sgwc] INFO: UE IMSI[001010000000001] APN[internet] (../src/sgwc/s11-handler.c:237)
08/29 13:39:46.449: [sgwc] INFO: [Added] Number of SGWC-Sessions is now 2 (../src/sgwc/context.c:879)
08/29 13:39:46.449: [sgwc] INFO: UE IMSI[001010000000001] APN[ims] (../src/sgwc/s11-handler.c:237)
Open5GS daemon v2.6.4-78-g7f08873

08/29 14:43:27.025: [app] INFO: Configuration: '/open5gs/install/etc/open5gs/sgwc.yaml' (../lib/app/ogs-init.c:126)
08/29 14:43:27.025: [app] INFO: File Logging: '/open5gs/install/var/log/open5gs/sgwc.log' (../lib/app/ogs-init.c:129)
08/29 14:43:27.047: [gtp] INFO: gtp_server() [172.22.0.5]:2123 (../lib/gtp/path.c:30)
08/29 14:43:27.047: [pfcp] INFO: pfcp_server() [172.22.0.5]:8805 (../lib/pfcp/path.c:30)
08/29 14:43:27.047: [pfcp] INFO: ogs_pfcp_connect() [172.22.0.6]:8805 (../lib/pfcp/path.c:61)
08/29 14:43:27.048: [app] INFO: SGW-C initialize...done (../src/sgwc/app.c:31)
08/29 14:43:27.313: [sgwc] INFO: PFCP associated [172.22.0.6]:8805 (../src/sgwc/pfcp-sm.c:183)
08/29 14:43:27.313: [sgwc] WARNING: PFCP[RSP] has already been associated [172.22.0.6]:8805 (../src/sgwc/pfcp-sm.c:284)
08/29 14:45:57.990: [sgwc] INFO: [Added] Number of SGWC-UEs is now 1 (../src/sgwc/context.c:237)
08/29 14:45:57.990: [sgwc] INFO: [Added] Number of SGWC-Sessions is now 1 (../src/sgwc/context.c:879)
08/29 14:45:57.990: [sgwc] INFO: UE IMSI[001010000000001] APN[internet] (../src/sgwc/s11-handler.c:237)
08/29 14:45:57.991: [gtp] INFO: gtp_connect() [172.22.0.7]:2123 (../lib/gtp/path.c:60)
08/29 14:45:58.430: [sgwc] INFO: [Added] Number of SGWC-Sessions is now 2 (../src/sgwc/context.c:879)
08/29 14:45:58.430: [sgwc] INFO: UE IMSI[001010000000001] APN[ims] (../src/sgwc/s11-handler.c:237)
08/29 14:46:17.669: [sgwc] INFO: [Removed] Number of SGWC-Sessions is now 1 (../src/sgwc/context.c:885)
08/29 14:46:17.878: [sgwc] INFO: [Removed] Number of SGWC-Sessions is now 0 (../src/sgwc/context.c:885)
08/29 14:46:56.989: [sgwc] INFO: [Removed] Number of SGWC-UEs is now 0 (../src/sgwc/context.c:258)
08/29 14:46:56.989: [sgwc] INFO: [Added] Number of SGWC-UEs is now 1 (../src/sgwc/context.c:237)
08/29 14:46:56.989: [sgwc] INFO: [Added] Number of SGWC-Sessions is now 1 (../src/sgwc/context.c:879)
08/29 14:46:56.989: [sgwc] INFO: UE IMSI[001010000000001] APN[internet] (../src/sgwc/s11-handler.c:237)
08/29 14:59:04.837: [sgwc] INFO: [Removed] Number of SGWC-Sessions is now 0 (../src/sgwc/context.c:885)
08/29 14:59:04.861: [sgwc] INFO: [Removed] Number of SGWC-UEs is now 0 (../src/sgwc/context.c:258)
08/29 14:59:04.861: [sgwc] INFO: [Added] Number of SGWC-UEs is now 1 (../src/sgwc/context.c:237)
08/29 14:59:04.861: [sgwc] INFO: [Added] Number of SGWC-Sessions is now 1 (../src/sgwc/context.c:879)
08/29 14:59:04.861: [sgwc] INFO: UE IMSI[001010000000001] APN[internet] (../src/sgwc/s11-handler.c:237)
08/29 15:18:26.801: [sgwc] WARNING: GTP Cause [Value:90] - PFCP_CAUSE[77] (../src/sgwc/s11-handler.c:1192)
08/29 15:18:59.203: [sgwc] INFO: [Removed] Number of SGWC-Sessions is now 0 (../src/sgwc/context.c:885)
08/29 15:18:59.221: [sgwc] INFO: [Removed] Number of SGWC-UEs is now 0 (../src/sgwc/context.c:258)
08/29 15:18:59.221: [sgwc] INFO: [Added] Number of SGWC-UEs is now 1 (../src/sgwc/context.c:237)
08/29 15:18:59.221: [sgwc] INFO: [Added] Number of SGWC-Sessions is now 1 (../src/sgwc/context.c:879)
08/29 15:18:59.221: [sgwc] INFO: UE IMSI[001010000000001] APN[internet] (../src/sgwc/s11-handler.c:237)
Open5GS daemon v2.6.4-78-g7f08873

08/30 11:36:47.381: [app] INFO: Configuration: '/open5gs/install/etc/open5gs/sgwc.yaml' (../lib/app/ogs-init.c:126)
08/30 11:36:47.381: [app] INFO: File Logging: '/open5gs/install/var/log/open5gs/sgwc.log' (../lib/app/ogs-init.c:129)
08/30 11:36:47.409: [gtp] INFO: gtp_server() [172.22.0.5]:2123 (../lib/gtp/path.c:30)
08/30 11:36:47.409: [pfcp] INFO: pfcp_server() [172.22.0.5]:8805 (../lib/pfcp/path.c:30)
08/30 11:36:47.409: [pfcp] INFO: ogs_pfcp_connect() [172.22.0.6]:8805 (../lib/pfcp/path.c:61)
08/30 11:36:47.409: [app] INFO: SGW-C initialize...done (../src/sgwc/app.c:31)
08/30 11:36:47.409: [sgwc] INFO: PFCP associated [172.22.0.6]:8805 (../src/sgwc/pfcp-sm.c:183)
08/30 11:36:47.409: [sgwc] WARNING: PFCP[RSP] has already been associated [172.22.0.6]:8805 (../src/sgwc/pfcp-sm.c:284)
08/30 11:39:25.426: [sgwc] INFO: [Added] Number of SGWC-UEs is now 1 (../src/sgwc/context.c:237)
08/30 11:39:25.426: [sgwc] INFO: [Added] Number of SGWC-Sessions is now 1 (../src/sgwc/context.c:879)
08/30 11:39:25.426: [sgwc] INFO: UE IMSI[001010000000001] APN[internet] (../src/sgwc/s11-handler.c:237)
08/30 11:39:25.426: [gtp] INFO: gtp_connect() [172.22.0.7]:2123 (../lib/gtp/path.c:60)
08/30 12:36:03.388: [sgwc] WARNING: GTP Cause [Value:90] - PFCP_CAUSE[77] (../src/sgwc/s11-handler.c:1192)
08/30 12:39:33.708: [sgwc] INFO: [Removed] Number of SGWC-Sessions is now 0 (../src/sgwc/context.c:885)
08/30 12:39:34.086: [sgwc] INFO: [Removed] Number of SGWC-UEs is now 0 (../src/sgwc/context.c:258)
08/30 12:39:34.086: [sgwc] INFO: [Added] Number of SGWC-UEs is now 1 (../src/sgwc/context.c:237)
08/30 12:39:34.086: [sgwc] INFO: [Added] Number of SGWC-Sessions is now 1 (../src/sgwc/context.c:879)
08/30 12:39:34.086: [sgwc] INFO: UE IMSI[001010000000001] APN[internet] (../src/sgwc/s11-handler.c:237)
08/30 13:08:11.848: [sgwc] WARNING: GTP Cause [Value:90] - PFCP_CAUSE[77] (../src/sgwc/s11-handler.c:1192)
08/30 13:10:12.105: [sgwc] INFO: [Removed] Number of SGWC-Sessions is now 0 (../src/sgwc/context.c:885)
08/30 13:10:12.483: [sgwc] INFO: [Removed] Number of SGWC-UEs is now 0 (../src/sgwc/context.c:258)
08/30 13:10:12.483: [sgwc] INFO: [Added] Number of SGWC-UEs is now 1 (../src/sgwc/context.c:237)
08/30 13:10:12.483: [sgwc] INFO: [Added] Number of SGWC-Sessions is now 1 (../src/sgwc/context.c:879)
08/30 13:10:12.483: [sgwc] INFO: UE IMSI[001010000000001] APN[internet] (../src/sgwc/s11-handler.c:237)
08/30 13:10:34.525: [sgwc] INFO: [Removed] Number of SGWC-Sessions is now 0 (../src/sgwc/context.c:885)
08/30 13:10:45.563: [sgwc] INFO: [Removed] Number of SGWC-UEs is now 0 (../src/sgwc/context.c:258)
08/30 13:10:45.563: [sgwc] INFO: [Added] Number of SGWC-UEs is now 1 (../src/sgwc/context.c:237)
08/30 13:10:45.563: [sgwc] INFO: [Added] Number of SGWC-Sessions is now 1 (../src/sgwc/context.c:879)
08/30 13:10:45.563: [sgwc] INFO: UE IMSI[001010000000001] APN[internet] (../src/sgwc/s11-handler.c:237)
08/30 13:11:49.006: [sgwc] INFO: [Added] Number of SGWC-UEs is now 2 (../src/sgwc/context.c:237)
08/30 13:11:49.006: [sgwc] INFO: [Added] Number of SGWC-Sessions is now 2 (../src/sgwc/context.c:879)
08/30 13:11:49.006: [sgwc] INFO: UE IMSI[001010000000002] APN[internet] (../src/sgwc/s11-handler.c:237)
08/30 13:11:50.105: [sgwc] INFO: [Removed] Number of SGWC-Sessions is now 1 (../src/sgwc/context.c:885)
08/30 13:11:51.603: [sgwc] INFO: [Removed] Number of SGWC-UEs is now 1 (../src/sgwc/context.c:258)
08/30 13:11:51.603: [sgwc] INFO: [Added] Number of SGWC-UEs is now 2 (../src/sgwc/context.c:237)
08/30 13:11:51.603: [sgwc] INFO: [Added] Number of SGWC-Sessions is now 2 (../src/sgwc/context.c:879)
08/30 13:11:51.603: [sgwc] INFO: UE IMSI[001010000000002] APN[internet] (../src/sgwc/s11-handler.c:237)
08/30 14:04:13.144: [sgwc] WARNING: GTP Cause [Value:90] - PFCP_CAUSE[77] (../src/sgwc/s11-handler.c:1192)
08/30 14:10:00.840: [sgwc] INFO: [Removed] Number of SGWC-Sessions is now 1 (../src/sgwc/context.c:885)
08/30 14:10:00.980: [sgwc] INFO: [Removed] Number of SGWC-UEs is now 1 (../src/sgwc/context.c:258)
08/30 14:10:00.980: [sgwc] INFO: [Added] Number of SGWC-UEs is now 2 (../src/sgwc/context.c:237)
08/30 14:10:00.980: [sgwc] INFO: [Added] Number of SGWC-Sessions is now 2 (../src/sgwc/context.c:879)
08/30 14:10:00.980: [sgwc] INFO: UE IMSI[001010000000002] APN[internet] (../src/sgwc/s11-handler.c:237)
08/30 14:22:06.817: [sgwc] WARNING: GTP Cause [Value:90] - PFCP_CAUSE[77] (../src/sgwc/s11-handler.c:1192)
08/30 14:35:26.708: [sgwc] WARNING: GTP Cause [Value:90] - PFCP_CAUSE[77] (../src/sgwc/s11-handler.c:1192)
08/30 14:47:16.757: [sgwc] WARNING: GTP Cause [Value:90] - PFCP_CAUSE[77] (../src/sgwc/s11-handler.c:1192)
08/30 14:54:51.860: [sgwc] INFO: [Removed] Number of SGWC-Sessions is now 1 (../src/sgwc/context.c:885)
08/30 14:54:51.998: [sgwc] INFO: [Removed] Number of SGWC-UEs is now 1 (../src/sgwc/context.c:258)
08/30 14:54:51.998: [sgwc] INFO: [Added] Number of SGWC-UEs is now 2 (../src/sgwc/context.c:237)
08/30 14:54:51.998: [sgwc] INFO: [Added] Number of SGWC-Sessions is now 2 (../src/sgwc/context.c:879)
08/30 14:54:51.998: [sgwc] INFO: UE IMSI[001010000000002] APN[internet] (../src/sgwc/s11-handler.c:237)
Open5GS daemon v2.6.4-78-g7f08873

08/31 14:55:51.696: [app] INFO: Configuration: '/open5gs/install/etc/open5gs/sgwc.yaml' (../lib/app/ogs-init.c:126)
08/31 14:55:51.696: [app] INFO: File Logging: '/open5gs/install/var/log/open5gs/sgwc.log' (../lib/app/ogs-init.c:129)
08/31 14:55:51.725: [gtp] INFO: gtp_server() [172.22.0.5]:2123 (../lib/gtp/path.c:30)
08/31 14:55:51.725: [pfcp] INFO: pfcp_server() [172.22.0.5]:8805 (../lib/pfcp/path.c:30)
08/31 14:55:51.725: [pfcp] INFO: ogs_pfcp_connect() [172.22.0.6]:8805 (../lib/pfcp/path.c:61)
08/31 14:55:51.725: [app] INFO: SGW-C initialize...done (../src/sgwc/app.c:31)
08/31 14:55:51.725: [sgwc] INFO: PFCP associated [172.22.0.6]:8805 (../src/sgwc/pfcp-sm.c:183)
08/31 14:55:54.204: [sgwc] WARNING: PFCP[REQ] has already been associated [172.22.0.6]:8805 (../src/sgwc/pfcp-sm.c:277)
08/31 14:56:58.946: [sgwc] INFO: [Added] Number of SGWC-UEs is now 1 (../src/sgwc/context.c:237)
08/31 14:56:58.946: [sgwc] INFO: [Added] Number of SGWC-Sessions is now 1 (../src/sgwc/context.c:879)
08/31 14:56:58.946: [sgwc] INFO: UE IMSI[001010000000002] APN[internet] (../src/sgwc/s11-handler.c:237)
08/31 14:56:58.946: [gtp] INFO: gtp_connect() [172.22.0.7]:2123 (../lib/gtp/path.c:60)
08/31 14:58:06.070: [sgwc] WARNING: GTP Cause [Value:90] - PFCP_CAUSE[77] (../src/sgwc/s11-handler.c:1192)
08/31 15:06:19.191: [sgwc] INFO: [Removed] Number of SGWC-Sessions is now 0 (../src/sgwc/context.c:885)
08/31 15:06:19.331: [sgwc] INFO: [Removed] Number of SGWC-UEs is now 0 (../src/sgwc/context.c:258)
08/31 15:06:19.331: [sgwc] INFO: [Added] Number of SGWC-UEs is now 1 (../src/sgwc/context.c:237)
08/31 15:06:19.331: [sgwc] INFO: [Added] Number of SGWC-Sessions is now 1 (../src/sgwc/context.c:879)
08/31 15:06:19.331: [sgwc] INFO: UE IMSI[001010000000002] APN[internet] (../src/sgwc/s11-handler.c:237)
