Open5GS daemon v2.6.4-78-g7f08873

08/23 14:29:35.877: [app] INFO: Configuration: '/open5gs/install/etc/open5gs/sgwu.yaml' (../lib/app/ogs-init.c:126)
08/23 14:29:35.877: [app] INFO: File Logging: '/open5gs/install/var/log/open5gs/sgwu.log' (../lib/app/ogs-init.c:129)
08/23 14:29:35.902: [pfcp] INFO: pfcp_server() [172.22.0.6]:8805 (../lib/pfcp/path.c:30)
08/23 14:29:35.902: [pfcp] INFO: ogs_pfcp_connect() [172.22.0.5]:8805 (../lib/pfcp/path.c:61)
08/23 14:29:35.902: [gtp] INFO: gtp_server() [172.22.0.6]:2152 (../lib/gtp/path.c:30)
08/23 14:29:35.902: [app] INFO: SGW-U initialize...done (../src/sgwu/app.c:31)
08/23 14:29:35.902: [sgwu] INFO: PFCP associated [172.22.0.5]:8805 (../src/sgwu/pfcp-sm.c:179)
08/23 14:29:35.902: [sgwu] WARNING: PFCP[RSP] has already been associated [172.22.0.5]:8805 (../src/sgwu/pfcp-sm.c:273)
08/23 14:44:24.951: [sgwu] INFO: UE F-SEID[UP:0xe94 CP:0x40b] (../src/sgwu/context.c:169)
08/23 14:44:24.951: [sgwu] INFO: [Added] Number of SGWU-Sessions is now 1 (../src/sgwu/context.c:174)
08/23 14:44:24.958: [gtp] INFO: gtp_connect() [172.22.0.8]:2152 (../lib/gtp/path.c:60)
08/23 14:44:24.960: [sgwu] INFO: [Removed] Number of SGWU-sessions is now 0 (../src/sgwu/context.c:200)
08/23 14:44:35.491: [sgwu] INFO: UE F-SEID[UP:0x823 CP:0xefc] (../src/sgwu/context.c:169)
08/23 14:44:35.491: [sgwu] INFO: [Added] Number of SGWU-Sessions is now 1 (../src/sgwu/context.c:174)
08/23 14:44:35.497: [sgwu] INFO: [Removed] Number of SGWU-sessions is now 0 (../src/sgwu/context.c:200)
08/23 14:44:46.051: [sgwu] INFO: UE F-SEID[UP:0x851 CP:0xdda] (../src/sgwu/context.c:169)
08/23 14:44:46.051: [sgwu] INFO: [Added] Number of SGWU-Sessions is now 1 (../src/sgwu/context.c:174)
08/23 14:44:46.056: [sgwu] INFO: [Removed] Number of SGWU-sessions is now 0 (../src/sgwu/context.c:200)
08/23 14:44:56.591: [sgwu] INFO: UE F-SEID[UP:0x8b6 CP:0x15f] (../src/sgwu/context.c:169)
08/23 14:44:56.591: [sgwu] INFO: [Added] Number of SGWU-Sessions is now 1 (../src/sgwu/context.c:174)
08/23 14:44:56.596: [sgwu] INFO: [Removed] Number of SGWU-sessions is now 0 (../src/sgwu/context.c:200)
08/23 14:45:07.171: [sgwu] INFO: UE F-SEID[UP:0xc CP:0xed6] (../src/sgwu/context.c:169)
08/23 14:45:07.171: [sgwu] INFO: [Added] Number of SGWU-Sessions is now 1 (../src/sgwu/context.c:174)
08/23 14:45:07.176: [sgwu] INFO: [Removed] Number of SGWU-sessions is now 0 (../src/sgwu/context.c:200)
08/23 14:45:30.431: [sgwu] INFO: UE F-SEID[UP:0x2d7 CP:0x9e0] (../src/sgwu/context.c:169)
08/23 14:45:30.431: [sgwu] INFO: [Added] Number of SGWU-Sessions is now 1 (../src/sgwu/context.c:174)
08/23 14:45:30.435: [sgwu] INFO: [Removed] Number of SGWU-sessions is now 0 (../src/sgwu/context.c:200)
08/23 14:45:40.951: [sgwu] INFO: UE F-SEID[UP:0x413 CP:0x183] (../src/sgwu/context.c:169)
08/23 14:45:40.951: [sgwu] INFO: [Added] Number of SGWU-Sessions is now 1 (../src/sgwu/context.c:174)
08/23 14:45:40.956: [sgwu] INFO: [Removed] Number of SGWU-sessions is now 0 (../src/sgwu/context.c:200)
08/23 14:45:51.491: [sgwu] INFO: UE F-SEID[UP:0xf68 CP:0x859] (../src/sgwu/context.c:169)
08/23 14:45:51.491: [sgwu] INFO: [Added] Number of SGWU-Sessions is now 1 (../src/sgwu/context.c:174)
08/23 14:45:51.754: [gtp] INFO: gtp_connect() [172.22.0.22]:2152 (../lib/gtp/path.c:60)
08/23 14:48:37.673: [sgwu] INFO: [Removed] Number of SGWU-sessions is now 0 (../src/sgwu/context.c:200)
08/23 14:48:38.053: [sgwu] INFO: UE F-SEID[UP:0x731 CP:0xb58] (../src/sgwu/context.c:169)
08/23 14:48:38.053: [sgwu] INFO: [Added] Number of SGWU-Sessions is now 1 (../src/sgwu/context.c:174)
08/23 14:53:53.518: [sgwu] INFO: UE F-SEID[UP:0x62a CP:0x860] (../src/sgwu/context.c:169)
08/23 14:53:53.518: [sgwu] INFO: [Added] Number of SGWU-Sessions is now 2 (../src/sgwu/context.c:174)
08/23 14:54:08.096: [sgwu] INFO: [Removed] Number of SGWU-sessions is now 1 (../src/sgwu/context.c:200)
08/23 14:59:00.554: [sgwu] INFO: UE F-SEID[UP:0xe47 CP:0x43d] (../src/sgwu/context.c:169)
08/23 14:59:00.554: [sgwu] INFO: [Added] Number of SGWU-Sessions is now 2 (../src/sgwu/context.c:174)
08/23 14:59:01.271: [sgwu] INFO: UE F-SEID[UP:0x794 CP:0x802] (../src/sgwu/context.c:169)
08/23 14:59:01.271: [sgwu] INFO: [Added] Number of SGWU-Sessions is now 3 (../src/sgwu/context.c:174)
08/23 14:59:32.213: [sgwu] INFO: [Removed] Number of SGWU-sessions is now 2 (../src/sgwu/context.c:200)
08/23 15:00:19.213: [sgwu] INFO: UE F-SEID[UP:0xfda CP:0x981] (../src/sgwu/context.c:169)
08/23 15:00:19.213: [sgwu] INFO: [Added] Number of SGWU-Sessions is now 3 (../src/sgwu/context.c:174)
08/23 15:00:50.215: [sgwu] INFO: [Removed] Number of SGWU-sessions is now 2 (../src/sgwu/context.c:200)
08/23 15:02:14.014: [sgwu] INFO: [Removed] Number of SGWU-sessions is now 1 (../src/sgwu/context.c:200)
08/23 15:02:17.793: [sgwu] INFO: UE F-SEID[UP:0x9e0 CP:0xbde] (../src/sgwu/context.c:169)
08/23 15:02:17.793: [sgwu] INFO: [Added] Number of SGWU-Sessions is now 2 (../src/sgwu/context.c:174)
08/23 15:02:18.133: [sgwu] INFO: UE F-SEID[UP:0xda4 CP:0x381] (../src/sgwu/context.c:169)
08/23 15:02:18.133: [sgwu] INFO: [Added] Number of SGWU-Sessions is now 3 (../src/sgwu/context.c:174)
08/23 15:02:18.340: [sgwu] INFO: [Removed] Number of SGWU-sessions is now 2 (../src/sgwu/context.c:200)
08/23 15:02:19.172: [sgwu] INFO: UE F-SEID[UP:0x716 CP:0x4ae] (../src/sgwu/context.c:169)
08/23 15:02:19.172: [sgwu] INFO: [Added] Number of SGWU-Sessions is now 3 (../src/sgwu/context.c:174)
08/23 15:02:19.630: [sgwu] INFO: UE F-SEID[UP:0x287 CP:0xc08] (../src/sgwu/context.c:169)
08/23 15:02:19.631: [sgwu] INFO: [Added] Number of SGWU-Sessions is now 4 (../src/sgwu/context.c:174)
08/23 15:02:50.552: [sgwu] INFO: [Removed] Number of SGWU-sessions is now 3 (../src/sgwu/context.c:200)
08/23 15:03:15.396: [sgwu] INFO: [Removed] Number of SGWU-sessions is now 2 (../src/sgwu/context.c:200)
08/23 15:07:22.534: [sgwu] INFO: [Removed] Number of SGWU-sessions is now 1 (../src/sgwu/context.c:200)
08/23 15:07:22.914: [sgwu] INFO: UE F-SEID[UP:0xbdf CP:0xa55] (../src/sgwu/context.c:169)
08/23 15:07:22.914: [sgwu] INFO: [Added] Number of SGWU-Sessions is now 2 (../src/sgwu/context.c:174)
08/23 15:08:36.691: [sgwu] INFO: [Removed] Number of SGWU-sessions is now 1 (../src/sgwu/context.c:200)
08/23 15:08:43.291: [sgwu] INFO: UE F-SEID[UP:0x82e CP:0x686] (../src/sgwu/context.c:169)
08/23 15:08:43.292: [sgwu] INFO: [Added] Number of SGWU-Sessions is now 2 (../src/sgwu/context.c:174)
08/23 15:08:43.594: [sgwu] INFO: UE F-SEID[UP:0x410 CP:0x8cb] (../src/sgwu/context.c:169)
08/23 15:08:43.594: [sgwu] INFO: [Added] Number of SGWU-Sessions is now 3 (../src/sgwu/context.c:174)
08/23 15:09:49.616: [sgwu] INFO: [Removed] Number of SGWU-sessions is now 2 (../src/sgwu/context.c:200)
08/23 15:17:23.371: [sgwu] INFO: [Removed] Number of SGWU-sessions is now 1 (../src/sgwu/context.c:200)
08/23 15:23:19.928: [sgwu] INFO: [Removed] Number of SGWU-sessions is now 0 (../src/sgwu/context.c:200)
08/23 15:24:17.788: [sgwu] INFO: UE F-SEID[UP:0x4f CP:0x749] (../src/sgwu/context.c:169)
08/23 15:24:17.788: [sgwu] INFO: [Added] Number of SGWU-Sessions is now 1 (../src/sgwu/context.c:174)
08/23 15:38:13.868: [sgwu] INFO: UE F-SEID[UP:0xf82 CP:0xeb] (../src/sgwu/context.c:169)
08/23 15:38:13.868: [sgwu] INFO: [Added] Number of SGWU-Sessions is now 2 (../src/sgwu/context.c:174)
08/23 15:39:21.677: [sgwu] INFO: [Removed] Number of SGWU-sessions is now 1 (../src/sgwu/context.c:200)
Open5GS daemon v2.6.4-78-g7f08873

08/24 11:08:00.037: [app] INFO: Configuration: '/open5gs/install/etc/open5gs/sgwu.yaml' (../lib/app/ogs-init.c:126)
08/24 11:08:00.037: [app] INFO: File Logging: '/open5gs/install/var/log/open5gs/sgwu.log' (../lib/app/ogs-init.c:129)
08/24 11:08:00.059: [pfcp] INFO: pfcp_server() [172.22.0.6]:8805 (../lib/pfcp/path.c:30)
08/24 11:08:00.059: [pfcp] INFO: ogs_pfcp_connect() [172.22.0.5]:8805 (../lib/pfcp/path.c:61)
08/24 11:08:00.059: [gtp] INFO: gtp_server() [172.22.0.6]:2152 (../lib/gtp/path.c:30)
08/24 11:08:00.059: [app] INFO: SGW-U initialize...done (../src/sgwu/app.c:31)
08/24 11:08:00.152: [sgwu] INFO: PFCP associated [172.22.0.5]:8805 (../src/sgwu/pfcp-sm.c:179)
08/24 11:08:02.562: [sgwu] WARNING: PFCP[RSP] has already been associated [172.22.0.5]:8805 (../src/sgwu/pfcp-sm.c:273)
08/24 11:09:35.316: [sgwu] INFO: UE F-SEID[UP:0x96c CP:0xbf5] (../src/sgwu/context.c:169)
08/24 11:09:35.316: [sgwu] INFO: [Added] Number of SGWU-Sessions is now 1 (../src/sgwu/context.c:174)
08/24 11:09:35.319: [gtp] INFO: gtp_connect() [172.22.0.8]:2152 (../lib/gtp/path.c:60)
08/24 11:09:35.630: [gtp] INFO: gtp_connect() [172.22.0.22]:2152 (../lib/gtp/path.c:60)
08/24 11:12:40.272: [sgwu] INFO: [Removed] Number of SGWU-sessions is now 0 (../src/sgwu/context.c:200)
08/24 11:12:40.273: [sgwu] INFO: UE F-SEID[UP:0x72e CP:0xe6a] (../src/sgwu/context.c:169)
08/24 11:12:40.273: [sgwu] INFO: [Added] Number of SGWU-Sessions is now 1 (../src/sgwu/context.c:174)
08/24 11:16:32.769: [sgwu] INFO: UE F-SEID[UP:0x9aa CP:0x8c7] (../src/sgwu/context.c:169)
08/24 11:16:32.769: [sgwu] INFO: [Added] Number of SGWU-Sessions is now 2 (../src/sgwu/context.c:174)
08/24 11:18:30.827: [sgwu] INFO: [Removed] Number of SGWU-sessions is now 1 (../src/sgwu/context.c:200)
08/24 11:18:31.187: [sgwu] INFO: UE F-SEID[UP:0x5d1 CP:0xa19] (../src/sgwu/context.c:169)
08/24 11:18:31.187: [sgwu] INFO: [Added] Number of SGWU-Sessions is now 2 (../src/sgwu/context.c:174)
08/24 11:22:22.267: [sgwu] INFO: [Removed] Number of SGWU-sessions is now 1 (../src/sgwu/context.c:200)
08/24 11:22:22.267: [sgwu] INFO: UE F-SEID[UP:0xa3f CP:0x2dc] (../src/sgwu/context.c:169)
08/24 11:22:22.267: [sgwu] INFO: [Added] Number of SGWU-Sessions is now 2 (../src/sgwu/context.c:174)
08/24 11:25:00.047: [sgwu] INFO: [Removed] Number of SGWU-sessions is now 1 (../src/sgwu/context.c:200)
08/24 11:25:00.407: [sgwu] INFO: UE F-SEID[UP:0x8b6 CP:0xed8] (../src/sgwu/context.c:169)
08/24 11:25:00.407: [sgwu] INFO: [Added] Number of SGWU-Sessions is now 2 (../src/sgwu/context.c:174)
Open5GS daemon v2.6.4-78-g7f08873

08/24 12:04:45.372: [app] INFO: Configuration: '/open5gs/install/etc/open5gs/sgwu.yaml' (../lib/app/ogs-init.c:126)
08/24 12:04:45.372: [app] INFO: File Logging: '/open5gs/install/var/log/open5gs/sgwu.log' (../lib/app/ogs-init.c:129)
08/24 12:04:45.397: [pfcp] INFO: pfcp_server() [172.22.0.6]:8805 (../lib/pfcp/path.c:30)
08/24 12:04:45.397: [pfcp] INFO: ogs_pfcp_connect() [172.22.0.5]:8805 (../lib/pfcp/path.c:61)
08/24 12:04:45.397: [gtp] INFO: gtp_server() [172.22.0.6]:2152 (../lib/gtp/path.c:30)
08/24 12:04:45.397: [app] INFO: SGW-U initialize...done (../src/sgwu/app.c:31)
08/24 12:04:45.397: [sgwu] INFO: PFCP associated [172.22.0.5]:8805 (../src/sgwu/pfcp-sm.c:179)
08/24 12:04:47.832: [sgwu] WARNING: PFCP[REQ] has already been associated [172.22.0.5]:8805 (../src/sgwu/pfcp-sm.c:266)
08/24 12:05:48.038: [sgwu] INFO: UE F-SEID[UP:0x6c7 CP:0x3db] (../src/sgwu/context.c:169)
08/24 12:05:48.038: [sgwu] INFO: [Added] Number of SGWU-Sessions is now 1 (../src/sgwu/context.c:174)
08/24 12:05:48.041: [gtp] INFO: gtp_connect() [172.22.0.8]:2152 (../lib/gtp/path.c:60)
08/24 12:05:48.298: [gtp] INFO: gtp_connect() [172.22.0.22]:2152 (../lib/gtp/path.c:60)
08/24 12:06:27.040: [sgwu] INFO: UE F-SEID[UP:0x693 CP:0x6bc] (../src/sgwu/context.c:169)
08/24 12:06:27.040: [sgwu] INFO: [Added] Number of SGWU-Sessions is now 2 (../src/sgwu/context.c:174)
08/24 12:06:27.363: [sgwu] INFO: UE F-SEID[UP:0xacd CP:0x6f9] (../src/sgwu/context.c:169)
08/24 12:06:27.363: [sgwu] INFO: [Added] Number of SGWU-Sessions is now 3 (../src/sgwu/context.c:174)
08/24 12:06:59.257: [sgwu] INFO: [Removed] Number of SGWU-sessions is now 2 (../src/sgwu/context.c:200)
08/24 12:09:38.549: [sgwu] ERROR: [DROP] Small GTPU packet(type:26 len:12) (../src/sgwu/gtp-path.c:133)
0000: 321a0008 00000006 00000000            2...........
08/24 12:09:38.560: [sgwu] ERROR: [DROP] Small GTPU packet(type:26 len:12) (../src/sgwu/gtp-path.c:133)
0000: 321a0008 00000006 00010000            2...........
08/24 12:09:38.560: [sgwu] ERROR: [DROP] Small GTPU packet(type:26 len:12) (../src/sgwu/gtp-path.c:133)
0000: 321a0008 00000006 00020000            2...........
08/24 12:09:38.561: [sgwu] ERROR: [DROP] Small GTPU packet(type:26 len:12) (../src/sgwu/gtp-path.c:133)
0000: 321a0008 00000006 00030000            2...........
08/24 12:09:38.561: [sgwu] ERROR: [DROP] Small GTPU packet(type:26 len:12) (../src/sgwu/gtp-path.c:133)
0000: 321a0008 00000006 00040000            2...........
08/24 12:09:38.561: [sgwu] ERROR: [DROP] Small GTPU packet(type:26 len:12) (../src/sgwu/gtp-path.c:133)
0000: 321a0008 00000006 00050000            2...........
08/24 12:09:38.569: [sgwu] ERROR: [DROP] Small GTPU packet(type:26 len:12) (../src/sgwu/gtp-path.c:133)
0000: 321a0008 00000006 00060000            2...........
08/24 12:09:38.569: [sgwu] ERROR: [DROP] Small GTPU packet(type:26 len:12) (../src/sgwu/gtp-path.c:133)
0000: 321a0008 00000006 00070000            2...........
08/24 12:09:38.581: [sgwu] ERROR: [DROP] Small GTPU packet(type:26 len:12) (../src/sgwu/gtp-path.c:133)
0000: 321a0008 00000006 00080000            2...........
08/24 12:09:38.581: [sgwu] ERROR: [DROP] Small GTPU packet(type:26 len:12) (../src/sgwu/gtp-path.c:133)
0000: 321a0008 00000006 00090000            2...........
08/24 12:09:38.581: [sgwu] ERROR: [DROP] Small GTPU packet(type:26 len:12) (../src/sgwu/gtp-path.c:133)
0000: 321a0008 00000006 000a0000            2...........
08/24 12:09:38.581: [sgwu] ERROR: [DROP] Small GTPU packet(type:26 len:12) (../src/sgwu/gtp-path.c:133)
0000: 321a0008 00000006 000b0000            2...........
08/24 12:09:38.581: [sgwu] ERROR: [DROP] Small GTPU packet(type:26 len:12) (../src/sgwu/gtp-path.c:133)
0000: 321a0008 00000006 000c0000            2...........
08/24 12:09:38.582: [sgwu] ERROR: [DROP] Small GTPU packet(type:26 len:12) (../src/sgwu/gtp-path.c:133)
0000: 321a0008 00000006 000d0000            2...........
08/24 12:09:38.582: [sgwu] ERROR: [DROP] Small GTPU packet(type:26 len:12) (../src/sgwu/gtp-path.c:133)
0000: 321a0008 00000006 000e0000            2...........
08/24 12:09:38.583: [sgwu] ERROR: [DROP] Small GTPU packet(type:26 len:12) (../src/sgwu/gtp-path.c:133)
0000: 321a0008 00000006 000f0000            2...........
08/24 12:09:38.583: [sgwu] ERROR: [DROP] Small GTPU packet(type:26 len:12) (../src/sgwu/gtp-path.c:133)
0000: 321a0008 00000006 00100000            2...........
08/24 12:09:38.584: [sgwu] ERROR: [DROP] Small GTPU packet(type:26 len:12) (../src/sgwu/gtp-path.c:133)
0000: 321a0008 00000006 00110000            2...........
08/24 12:09:38.584: [sgwu] ERROR: [DROP] Small GTPU packet(type:26 len:12) (../src/sgwu/gtp-path.c:133)
0000: 321a0008 00000006 00120000            2...........
08/24 12:09:38.656: [sgwu] ERROR: [DROP] Small GTPU packet(type:26 len:12) (../src/sgwu/gtp-path.c:133)
0000: 321a0008 00000006 00130000            2...........
Open5GS daemon v2.6.4-78-g7f08873

08/24 12:33:40.489: [app] INFO: Configuration: '/open5gs/install/etc/open5gs/sgwu.yaml' (../lib/app/ogs-init.c:126)
08/24 12:33:40.489: [app] INFO: File Logging: '/open5gs/install/var/log/open5gs/sgwu.log' (../lib/app/ogs-init.c:129)
08/24 12:33:40.511: [pfcp] INFO: pfcp_server() [172.22.0.6]:8805 (../lib/pfcp/path.c:30)
08/24 12:33:40.512: [pfcp] INFO: ogs_pfcp_connect() [172.22.0.5]:8805 (../lib/pfcp/path.c:61)
08/24 12:33:40.512: [gtp] INFO: gtp_server() [172.22.0.6]:2152 (../lib/gtp/path.c:30)
08/24 12:33:40.512: [app] INFO: SGW-U initialize...done (../src/sgwu/app.c:31)
08/24 12:33:40.604: [sgwu] INFO: PFCP associated [172.22.0.5]:8805 (../src/sgwu/pfcp-sm.c:179)
08/24 12:33:43.015: [sgwu] WARNING: PFCP[RSP] has already been associated [172.22.0.5]:8805 (../src/sgwu/pfcp-sm.c:273)
08/24 12:34:37.219: [sgwu] INFO: UE F-SEID[UP:0x229 CP:0x89b] (../src/sgwu/context.c:169)
08/24 12:34:37.219: [sgwu] INFO: [Added] Number of SGWU-Sessions is now 1 (../src/sgwu/context.c:174)
08/24 12:34:37.221: [gtp] INFO: gtp_connect() [172.22.0.8]:2152 (../lib/gtp/path.c:60)
08/24 12:34:37.538: [gtp] INFO: gtp_connect() [172.22.0.22]:2152 (../lib/gtp/path.c:60)
08/24 12:34:37.538: [sgwu] INFO: UE F-SEID[UP:0xf1c CP:0x85d] (../src/sgwu/context.c:169)
08/24 12:34:37.538: [sgwu] INFO: [Added] Number of SGWU-Sessions is now 2 (../src/sgwu/context.c:174)
08/24 12:35:08.419: [sgwu] INFO: [Removed] Number of SGWU-sessions is now 1 (../src/sgwu/context.c:200)
08/24 12:35:26.861: [sgwu] INFO: UE F-SEID[UP:0xe28 CP:0x3ed] (../src/sgwu/context.c:169)
08/24 12:35:26.861: [sgwu] INFO: [Added] Number of SGWU-Sessions is now 2 (../src/sgwu/context.c:174)
Open5GS daemon v2.6.4-78-g7f08873

08/24 12:45:04.059: [app] INFO: Configuration: '/open5gs/install/etc/open5gs/sgwu.yaml' (../lib/app/ogs-init.c:126)
08/24 12:45:04.059: [app] INFO: File Logging: '/open5gs/install/var/log/open5gs/sgwu.log' (../lib/app/ogs-init.c:129)
08/24 12:45:04.083: [pfcp] INFO: pfcp_server() [172.22.0.6]:8805 (../lib/pfcp/path.c:30)
08/24 12:45:04.084: [pfcp] INFO: ogs_pfcp_connect() [172.22.0.5]:8805 (../lib/pfcp/path.c:61)
08/24 12:45:04.084: [gtp] INFO: gtp_server() [172.22.0.6]:2152 (../lib/gtp/path.c:30)
08/24 12:45:04.084: [app] INFO: SGW-U initialize...done (../src/sgwu/app.c:31)
08/24 12:45:04.084: [sgwu] INFO: PFCP associated [172.22.0.5]:8805 (../src/sgwu/pfcp-sm.c:179)
08/24 12:45:04.084: [sgwu] WARNING: PFCP[RSP] has already been associated [172.22.0.5]:8805 (../src/sgwu/pfcp-sm.c:273)
08/24 12:45:48.237: [sgwu] INFO: UE F-SEID[UP:0xec9 CP:0x3b4] (../src/sgwu/context.c:169)
08/24 12:45:48.237: [sgwu] INFO: [Added] Number of SGWU-Sessions is now 1 (../src/sgwu/context.c:174)
08/24 12:45:48.240: [gtp] INFO: gtp_connect() [172.22.0.8]:2152 (../lib/gtp/path.c:60)
08/24 12:45:48.498: [gtp] INFO: gtp_connect() [172.22.0.22]:2152 (../lib/gtp/path.c:60)
08/24 12:46:09.679: [sgwu] INFO: UE F-SEID[UP:0xfe2 CP:0x792] (../src/sgwu/context.c:169)
08/24 12:46:09.679: [sgwu] INFO: [Added] Number of SGWU-Sessions is now 2 (../src/sgwu/context.c:174)
08/24 12:46:09.998: [sgwu] INFO: UE F-SEID[UP:0xe4e CP:0xbc1] (../src/sgwu/context.c:169)
08/24 12:46:09.998: [sgwu] INFO: [Added] Number of SGWU-Sessions is now 3 (../src/sgwu/context.c:174)
08/24 12:46:32.559: [sgwu] INFO: [Removed] Number of SGWU-sessions is now 2 (../src/sgwu/context.c:200)
08/24 12:46:35.547: [sgwu] INFO: [Removed] Number of SGWU-sessions is now 1 (../src/sgwu/context.c:200)
08/24 12:46:36.196: [sgwu] INFO: UE F-SEID[UP:0x6c7 CP:0x4f1] (../src/sgwu/context.c:169)
08/24 12:46:36.196: [sgwu] INFO: [Added] Number of SGWU-Sessions is now 2 (../src/sgwu/context.c:174)
08/24 12:46:36.522: [sgwu] INFO: UE F-SEID[UP:0xd89 CP:0x707] (../src/sgwu/context.c:169)
08/24 12:46:36.522: [sgwu] INFO: [Added] Number of SGWU-Sessions is now 3 (../src/sgwu/context.c:174)
Open5GS daemon v2.6.4-78-g7f08873

08/24 13:51:28.168: [app] INFO: Configuration: '/open5gs/install/etc/open5gs/sgwu.yaml' (../lib/app/ogs-init.c:126)
08/24 13:51:28.168: [app] INFO: File Logging: '/open5gs/install/var/log/open5gs/sgwu.log' (../lib/app/ogs-init.c:129)
08/24 13:51:28.188: [pfcp] INFO: pfcp_server() [172.22.0.6]:8805 (../lib/pfcp/path.c:30)
08/24 13:51:28.188: [pfcp] INFO: ogs_pfcp_connect() [172.22.0.5]:8805 (../lib/pfcp/path.c:61)
08/24 13:51:28.188: [gtp] INFO: gtp_server() [172.22.0.6]:2152 (../lib/gtp/path.c:30)
08/24 13:51:28.188: [app] INFO: SGW-U initialize...done (../src/sgwu/app.c:31)
08/24 13:51:28.238: [sgwu] INFO: PFCP associated [172.22.0.5]:8805 (../src/sgwu/pfcp-sm.c:179)
08/24 13:51:30.690: [sgwu] WARNING: PFCP[RSP] has already been associated [172.22.0.5]:8805 (../src/sgwu/pfcp-sm.c:273)
08/24 13:52:40.095: [sgwu] INFO: UE F-SEID[UP:0xc50 CP:0x49b] (../src/sgwu/context.c:169)
08/24 13:52:40.096: [sgwu] INFO: [Added] Number of SGWU-Sessions is now 1 (../src/sgwu/context.c:174)
08/24 13:52:40.101: [gtp] INFO: gtp_connect() [172.22.0.8]:2152 (../lib/gtp/path.c:60)
08/24 13:52:40.358: [gtp] INFO: gtp_connect() [172.22.0.22]:2152 (../lib/gtp/path.c:60)
08/24 13:53:16.898: [sgwu] INFO: UE F-SEID[UP:0x5ee CP:0x50c] (../src/sgwu/context.c:169)
08/24 13:53:16.898: [sgwu] INFO: [Added] Number of SGWU-Sessions is now 2 (../src/sgwu/context.c:174)
08/24 13:53:17.335: [sgwu] INFO: UE F-SEID[UP:0xa89 CP:0xdd3] (../src/sgwu/context.c:169)
08/24 13:53:17.335: [sgwu] INFO: [Added] Number of SGWU-Sessions is now 3 (../src/sgwu/context.c:174)
08/24 13:53:50.815: [sgwu] INFO: [Removed] Number of SGWU-sessions is now 2 (../src/sgwu/context.c:200)
Open5GS daemon v2.6.4-78-g7f08873

08/24 13:56:40.566: [app] INFO: Configuration: '/open5gs/install/etc/open5gs/sgwu.yaml' (../lib/app/ogs-init.c:126)
08/24 13:56:40.566: [app] INFO: File Logging: '/open5gs/install/var/log/open5gs/sgwu.log' (../lib/app/ogs-init.c:129)
08/24 13:56:40.588: [pfcp] INFO: pfcp_server() [172.22.0.6]:8805 (../lib/pfcp/path.c:30)
08/24 13:56:40.588: [pfcp] INFO: ogs_pfcp_connect() [172.22.0.5]:8805 (../lib/pfcp/path.c:61)
08/24 13:56:40.588: [gtp] INFO: gtp_server() [172.22.0.6]:2152 (../lib/gtp/path.c:30)
08/24 13:56:40.588: [app] INFO: SGW-U initialize...done (../src/sgwu/app.c:31)
08/24 13:56:40.633: [sgwu] INFO: PFCP associated [172.22.0.5]:8805 (../src/sgwu/pfcp-sm.c:179)
08/24 13:56:43.091: [sgwu] WARNING: PFCP[RSP] has already been associated [172.22.0.5]:8805 (../src/sgwu/pfcp-sm.c:273)
Open5GS daemon v2.6.4-78-g7f08873

08/24 14:08:01.712: [app] INFO: Configuration: '/open5gs/install/etc/open5gs/sgwu.yaml' (../lib/app/ogs-init.c:126)
08/24 14:08:01.712: [app] INFO: File Logging: '/open5gs/install/var/log/open5gs/sgwu.log' (../lib/app/ogs-init.c:129)
08/24 14:08:01.733: [pfcp] INFO: pfcp_server() [172.22.0.6]:8805 (../lib/pfcp/path.c:30)
08/24 14:08:01.733: [pfcp] INFO: ogs_pfcp_connect() [172.22.0.5]:8805 (../lib/pfcp/path.c:61)
08/24 14:08:01.733: [gtp] INFO: gtp_server() [172.22.0.6]:2152 (../lib/gtp/path.c:30)
08/24 14:08:01.734: [app] INFO: SGW-U initialize...done (../src/sgwu/app.c:31)
08/24 14:08:01.734: [sgwu] INFO: PFCP associated [172.22.0.5]:8805 (../src/sgwu/pfcp-sm.c:179)
08/24 14:08:01.734: [sgwu] WARNING: PFCP[RSP] has already been associated [172.22.0.5]:8805 (../src/sgwu/pfcp-sm.c:273)
08/24 14:08:50.345: [sgwu] INFO: UE F-SEID[UP:0x438 CP:0xc56] (../src/sgwu/context.c:169)
08/24 14:08:50.345: [sgwu] INFO: [Added] Number of SGWU-Sessions is now 1 (../src/sgwu/context.c:174)
08/24 14:08:50.348: [gtp] INFO: gtp_connect() [172.22.0.8]:2152 (../lib/gtp/path.c:60)
08/24 14:08:50.605: [gtp] INFO: gtp_connect() [172.22.0.22]:2152 (../lib/gtp/path.c:60)
08/24 14:23:15.198: [sgwu] INFO: UE F-SEID[UP:0x4 CP:0x939] (../src/sgwu/context.c:169)
08/24 14:23:15.198: [sgwu] INFO: [Added] Number of SGWU-Sessions is now 2 (../src/sgwu/context.c:174)
Open5GS daemon v2.6.4-78-g7f08873

08/24 14:30:41.863: [app] INFO: Configuration: '/open5gs/install/etc/open5gs/sgwu.yaml' (../lib/app/ogs-init.c:126)
08/24 14:30:41.863: [app] INFO: File Logging: '/open5gs/install/var/log/open5gs/sgwu.log' (../lib/app/ogs-init.c:129)
08/24 14:30:41.890: [pfcp] INFO: pfcp_server() [172.22.0.6]:8805 (../lib/pfcp/path.c:30)
08/24 14:30:41.890: [pfcp] INFO: ogs_pfcp_connect() [172.22.0.5]:8805 (../lib/pfcp/path.c:61)
08/24 14:30:41.890: [gtp] INFO: gtp_server() [172.22.0.6]:2152 (../lib/gtp/path.c:30)
08/24 14:30:41.891: [app] INFO: SGW-U initialize...done (../src/sgwu/app.c:31)
08/24 14:30:41.891: [sgwu] INFO: PFCP associated [172.22.0.5]:8805 (../src/sgwu/pfcp-sm.c:179)
08/24 14:30:44.385: [sgwu] WARNING: PFCP[REQ] has already been associated [172.22.0.5]:8805 (../src/sgwu/pfcp-sm.c:266)
08/24 14:32:10.181: [sgwu] INFO: UE F-SEID[UP:0x7e0 CP:0xdfb] (../src/sgwu/context.c:169)
08/24 14:32:10.181: [sgwu] INFO: [Added] Number of SGWU-Sessions is now 1 (../src/sgwu/context.c:174)
08/24 14:32:10.183: [gtp] INFO: gtp_connect() [172.22.0.8]:2152 (../lib/gtp/path.c:60)
08/24 14:32:10.434: [gtp] INFO: gtp_connect() [172.22.0.22]:2152 (../lib/gtp/path.c:60)
08/24 14:33:16.115: [sgwu] INFO: UE F-SEID[UP:0x47d CP:0xd7a] (../src/sgwu/context.c:169)
08/24 14:33:16.115: [sgwu] INFO: [Added] Number of SGWU-Sessions is now 2 (../src/sgwu/context.c:174)
Open5GS daemon v2.6.4-78-g7f08873

08/24 15:54:18.435: [app] INFO: Configuration: '/open5gs/install/etc/open5gs/sgwu.yaml' (../lib/app/ogs-init.c:126)
08/24 15:54:18.435: [app] INFO: File Logging: '/open5gs/install/var/log/open5gs/sgwu.log' (../lib/app/ogs-init.c:129)
08/24 15:54:18.455: [pfcp] INFO: pfcp_server() [172.22.0.6]:8805 (../lib/pfcp/path.c:30)
08/24 15:54:18.455: [pfcp] INFO: ogs_pfcp_connect() [172.22.0.5]:8805 (../lib/pfcp/path.c:61)
08/24 15:54:18.455: [gtp] INFO: gtp_server() [172.22.0.6]:2152 (../lib/gtp/path.c:30)
08/24 15:54:18.455: [app] INFO: SGW-U initialize...done (../src/sgwu/app.c:31)
08/24 15:54:18.603: [sgwu] INFO: PFCP associated [172.22.0.5]:8805 (../src/sgwu/pfcp-sm.c:179)
08/24 15:54:18.603: [sgwu] WARNING: PFCP[RSP] has already been associated [172.22.0.5]:8805 (../src/sgwu/pfcp-sm.c:273)
08/24 15:55:25.478: [sgwu] INFO: UE F-SEID[UP:0x241 CP:0x2ef] (../src/sgwu/context.c:169)
08/24 15:55:25.478: [sgwu] INFO: [Added] Number of SGWU-Sessions is now 1 (../src/sgwu/context.c:174)
08/24 15:55:25.482: [gtp] INFO: gtp_connect() [172.22.0.8]:2152 (../lib/gtp/path.c:60)
08/24 15:55:25.738: [gtp] INFO: gtp_connect() [172.22.0.22]:2152 (../lib/gtp/path.c:60)
08/24 15:56:02.280: [sgwu] INFO: UE F-SEID[UP:0x498 CP:0xbb5] (../src/sgwu/context.c:169)
08/24 15:56:02.280: [sgwu] INFO: [Added] Number of SGWU-Sessions is now 2 (../src/sgwu/context.c:174)
08/24 17:38:57.607: [sgwu] INFO: [Removed] Number of SGWU-sessions is now 1 (../src/sgwu/context.c:200)
08/24 17:56:52.536: [sgwu] INFO: [Removed] Number of SGWU-sessions is now 0 (../src/sgwu/context.c:200)
08/24 17:57:36.274: [sgwu] INFO: UE F-SEID[UP:0x474 CP:0x7f9] (../src/sgwu/context.c:169)
08/24 17:57:36.274: [sgwu] INFO: [Added] Number of SGWU-Sessions is now 1 (../src/sgwu/context.c:174)
08/24 17:58:15.576: [sgwu] INFO: [Removed] Number of SGWU-sessions is now 0 (../src/sgwu/context.c:200)
08/24 18:00:20.994: [sgwu] INFO: UE F-SEID[UP:0x9b7 CP:0xdf7] (../src/sgwu/context.c:169)
08/24 18:00:20.994: [sgwu] INFO: [Added] Number of SGWU-Sessions is now 1 (../src/sgwu/context.c:174)
08/24 18:01:00.098: [sgwu] INFO: UE F-SEID[UP:0xdf1 CP:0x777] (../src/sgwu/context.c:169)
08/24 18:01:00.098: [sgwu] INFO: [Added] Number of SGWU-Sessions is now 2 (../src/sgwu/context.c:174)
08/24 18:01:00.415: [sgwu] INFO: UE F-SEID[UP:0x37b CP:0xd5e] (../src/sgwu/context.c:169)
08/24 18:01:00.415: [sgwu] INFO: [Added] Number of SGWU-Sessions is now 3 (../src/sgwu/context.c:174)
08/24 18:01:31.258: [sgwu] INFO: [Removed] Number of SGWU-sessions is now 2 (../src/sgwu/context.c:200)
08/24 18:02:43.476: [sgwu] INFO: [Removed] Number of SGWU-sessions is now 1 (../src/sgwu/context.c:200)
08/24 18:02:43.477: [sgwu] INFO: UE F-SEID[UP:0x558 CP:0xd91] (../src/sgwu/context.c:169)
08/24 18:02:43.477: [sgwu] INFO: [Added] Number of SGWU-Sessions is now 2 (../src/sgwu/context.c:174)
08/24 18:02:43.794: [sgwu] INFO: UE F-SEID[UP:0x5e0 CP:0x879] (../src/sgwu/context.c:169)
08/24 18:02:43.794: [sgwu] INFO: [Added] Number of SGWU-Sessions is now 3 (../src/sgwu/context.c:174)
08/24 18:03:14.576: [sgwu] INFO: [Removed] Number of SGWU-sessions is now 2 (../src/sgwu/context.c:200)
08/24 18:03:50.458: [sgwu] INFO: [Removed] Number of SGWU-sessions is now 1 (../src/sgwu/context.c:200)
08/24 18:03:50.695: [sgwu] INFO: UE F-SEID[UP:0x980 CP:0x1e7] (../src/sgwu/context.c:169)
08/24 18:03:50.695: [sgwu] INFO: [Added] Number of SGWU-Sessions is now 2 (../src/sgwu/context.c:174)
08/24 18:08:29.358: [sgwu] INFO: [Removed] Number of SGWU-sessions is now 1 (../src/sgwu/context.c:200)
08/24 18:08:29.538: [sgwu] INFO: UE F-SEID[UP:0xf64 CP:0xfe9] (../src/sgwu/context.c:169)
08/24 18:08:29.538: [sgwu] INFO: [Added] Number of SGWU-Sessions is now 2 (../src/sgwu/context.c:174)
08/24 18:17:51.917: [sgwu] INFO: [Removed] Number of SGWU-sessions is now 1 (../src/sgwu/context.c:200)
08/24 18:17:52.097: [sgwu] INFO: UE F-SEID[UP:0x223 CP:0x54e] (../src/sgwu/context.c:169)
08/24 18:17:52.097: [sgwu] INFO: [Added] Number of SGWU-Sessions is now 2 (../src/sgwu/context.c:174)
Open5GS daemon v2.6.4-78-g7f08873

08/25 10:21:25.048: [app] INFO: Configuration: '/open5gs/install/etc/open5gs/sgwu.yaml' (../lib/app/ogs-init.c:126)
08/25 10:21:25.048: [app] INFO: File Logging: '/open5gs/install/var/log/open5gs/sgwu.log' (../lib/app/ogs-init.c:129)
08/25 10:21:25.070: [pfcp] INFO: pfcp_server() [172.22.0.6]:8805 (../lib/pfcp/path.c:30)
08/25 10:21:25.070: [pfcp] INFO: ogs_pfcp_connect() [172.22.0.5]:8805 (../lib/pfcp/path.c:61)
08/25 10:21:25.070: [gtp] INFO: gtp_server() [172.22.0.6]:2152 (../lib/gtp/path.c:30)
08/25 10:21:25.070: [app] INFO: SGW-U initialize...done (../src/sgwu/app.c:31)
08/25 10:21:25.091: [sgwu] INFO: PFCP associated [172.22.0.5]:8805 (../src/sgwu/pfcp-sm.c:179)
08/25 10:21:27.571: [sgwu] WARNING: PFCP[RSP] has already been associated [172.22.0.5]:8805 (../src/sgwu/pfcp-sm.c:273)
08/25 10:22:23.767: [sgwu] INFO: UE F-SEID[UP:0xf9d CP:0x10a] (../src/sgwu/context.c:169)
08/25 10:22:23.767: [sgwu] INFO: [Added] Number of SGWU-Sessions is now 1 (../src/sgwu/context.c:174)
08/25 10:22:23.770: [gtp] INFO: gtp_connect() [172.22.0.8]:2152 (../lib/gtp/path.c:60)
08/25 10:22:24.070: [gtp] INFO: gtp_connect() [172.22.0.22]:2152 (../lib/gtp/path.c:60)
08/25 10:28:15.190: [sgwu] INFO: UE F-SEID[UP:0x8ad CP:0x539] (../src/sgwu/context.c:169)
08/25 10:28:15.190: [sgwu] INFO: [Added] Number of SGWU-Sessions is now 2 (../src/sgwu/context.c:174)
08/25 10:28:15.510: [sgwu] INFO: UE F-SEID[UP:0x149 CP:0x80d] (../src/sgwu/context.c:169)
08/25 10:28:15.510: [sgwu] INFO: [Added] Number of SGWU-Sessions is now 3 (../src/sgwu/context.c:174)
08/25 10:28:46.450: [sgwu] INFO: [Removed] Number of SGWU-sessions is now 2 (../src/sgwu/context.c:200)
08/25 10:39:30.674: [sgwu] INFO: [Removed] Number of SGWU-sessions is now 1 (../src/sgwu/context.c:200)
08/25 10:46:48.824: [sgwu] INFO: [Removed] Number of SGWU-sessions is now 0 (../src/sgwu/context.c:200)
08/25 10:46:49.062: [sgwu] INFO: UE F-SEID[UP:0x1d8 CP:0x32] (../src/sgwu/context.c:169)
08/25 10:46:49.062: [sgwu] INFO: [Added] Number of SGWU-Sessions is now 1 (../src/sgwu/context.c:174)
08/25 10:46:56.845: [sgwu] INFO: [Removed] Number of SGWU-sessions is now 0 (../src/sgwu/context.c:200)
08/25 11:17:49.324: [sgwu] INFO: UE F-SEID[UP:0xd17 CP:0x2f7] (../src/sgwu/context.c:169)
08/25 11:17:49.324: [sgwu] INFO: [Added] Number of SGWU-Sessions is now 1 (../src/sgwu/context.c:174)
08/25 11:19:57.906: [sgwu] INFO: [Removed] Number of SGWU-sessions is now 0 (../src/sgwu/context.c:200)
08/25 11:20:42.446: [sgwu] INFO: UE F-SEID[UP:0x852 CP:0x163] (../src/sgwu/context.c:169)
08/25 11:20:42.446: [sgwu] INFO: [Added] Number of SGWU-Sessions is now 1 (../src/sgwu/context.c:174)
08/25 11:20:42.766: [sgwu] INFO: UE F-SEID[UP:0x541 CP:0x7d1] (../src/sgwu/context.c:169)
08/25 11:20:42.766: [sgwu] INFO: [Added] Number of SGWU-Sessions is now 2 (../src/sgwu/context.c:174)
08/25 11:24:21.985: [sgwu] INFO: UE F-SEID[UP:0xca2 CP:0xb2e] (../src/sgwu/context.c:169)
08/25 11:24:21.985: [sgwu] INFO: [Added] Number of SGWU-Sessions is now 3 (../src/sgwu/context.c:174)
08/25 11:24:23.157: [sgwu] INFO: [Removed] Number of SGWU-sessions is now 2 (../src/sgwu/context.c:200)
08/25 11:24:31.865: [sgwu] INFO: UE F-SEID[UP:0x5fd CP:0xb22] (../src/sgwu/context.c:169)
08/25 11:24:31.865: [sgwu] INFO: [Added] Number of SGWU-Sessions is now 3 (../src/sgwu/context.c:174)
08/25 11:24:58.968: [sgwu] INFO: [Removed] Number of SGWU-sessions is now 2 (../src/sgwu/context.c:200)
08/25 11:25:25.646: [sgwu] INFO: UE F-SEID[UP:0xd59 CP:0x80b] (../src/sgwu/context.c:169)
08/25 11:25:25.646: [sgwu] INFO: [Added] Number of SGWU-Sessions is now 3 (../src/sgwu/context.c:174)
08/25 11:28:53.949: [sgwu] INFO: [Removed] Number of SGWU-sessions is now 2 (../src/sgwu/context.c:200)
08/25 11:29:58.387: [sgwu] INFO: [Removed] Number of SGWU-sessions is now 1 (../src/sgwu/context.c:200)
08/25 11:30:03.287: [sgwu] INFO: [Removed] Number of SGWU-sessions is now 0 (../src/sgwu/context.c:200)
08/25 11:30:16.615: [sgwu] INFO: UE F-SEID[UP:0xada CP:0x6bd] (../src/sgwu/context.c:169)
08/25 11:30:16.615: [sgwu] INFO: [Added] Number of SGWU-Sessions is now 1 (../src/sgwu/context.c:174)
08/25 11:30:17.305: [sgwu] INFO: UE F-SEID[UP:0x56f CP:0x832] (../src/sgwu/context.c:169)
08/25 11:30:17.305: [sgwu] INFO: [Added] Number of SGWU-Sessions is now 2 (../src/sgwu/context.c:174)
08/25 11:35:07.009: [sgwu] INFO: UE F-SEID[UP:0xe8a CP:0x39d] (../src/sgwu/context.c:169)
08/25 11:35:07.009: [sgwu] INFO: [Added] Number of SGWU-Sessions is now 3 (../src/sgwu/context.c:174)
08/25 11:36:44.689: [sgwu] INFO: [Removed] Number of SGWU-sessions is now 2 (../src/sgwu/context.c:200)
08/25 11:49:26.767: [sgwu] INFO: [Removed] Number of SGWU-sessions is now 1 (../src/sgwu/context.c:200)
08/25 11:49:29.446: [sgwu] INFO: [Removed] Number of SGWU-sessions is now 0 (../src/sgwu/context.c:200)
08/25 11:49:36.705: [sgwu] INFO: UE F-SEID[UP:0xe64 CP:0x2f5] (../src/sgwu/context.c:169)
08/25 11:49:36.705: [sgwu] INFO: [Added] Number of SGWU-Sessions is now 1 (../src/sgwu/context.c:174)
08/25 11:49:37.026: [sgwu] INFO: UE F-SEID[UP:0x5fb CP:0xf18] (../src/sgwu/context.c:169)
08/25 11:49:37.026: [sgwu] INFO: [Added] Number of SGWU-Sessions is now 2 (../src/sgwu/context.c:174)
08/25 11:49:47.166: [sgwu] INFO: [Removed] Number of SGWU-sessions is now 1 (../src/sgwu/context.c:200)
08/25 11:49:52.067: [sgwu] INFO: [Removed] Number of SGWU-sessions is now 0 (../src/sgwu/context.c:200)
08/25 11:56:59.984: [sgwu] INFO: UE F-SEID[UP:0x38f CP:0xf69] (../src/sgwu/context.c:169)
08/25 11:56:59.984: [sgwu] INFO: [Added] Number of SGWU-Sessions is now 1 (../src/sgwu/context.c:174)
08/25 11:58:28.268: [sgwu] INFO: UE F-SEID[UP:0x864 CP:0xa6a] (../src/sgwu/context.c:169)
08/25 11:58:28.268: [sgwu] INFO: [Added] Number of SGWU-Sessions is now 2 (../src/sgwu/context.c:174)
08/25 11:58:28.626: [sgwu] INFO: UE F-SEID[UP:0x2f0 CP:0x51e] (../src/sgwu/context.c:169)
08/25 11:58:28.626: [sgwu] INFO: [Added] Number of SGWU-Sessions is now 3 (../src/sgwu/context.c:174)
08/25 11:59:28.787: [sgwu] INFO: [Removed] Number of SGWU-sessions is now 2 (../src/sgwu/context.c:200)
08/25 11:59:28.805: [sgwu] INFO: UE F-SEID[UP:0xdc8 CP:0xfaa] (../src/sgwu/context.c:169)
08/25 11:59:28.805: [sgwu] INFO: [Added] Number of SGWU-Sessions is now 3 (../src/sgwu/context.c:174)
08/25 12:01:34.605: [sgwu] INFO: [Removed] Number of SGWU-sessions is now 2 (../src/sgwu/context.c:200)
08/25 12:01:37.426: [sgwu] INFO: [Removed] Number of SGWU-sessions is now 1 (../src/sgwu/context.c:200)
08/25 12:02:02.964: [sgwu] INFO: [Removed] Number of SGWU-sessions is now 0 (../src/sgwu/context.c:200)
08/25 12:02:03.201: [sgwu] INFO: UE F-SEID[UP:0x145 CP:0xf54] (../src/sgwu/context.c:169)
08/25 12:02:03.201: [sgwu] INFO: [Added] Number of SGWU-Sessions is now 1 (../src/sgwu/context.c:174)
08/25 12:05:57.902: [sgwu] INFO: [Removed] Number of SGWU-sessions is now 0 (../src/sgwu/context.c:200)
08/25 12:05:58.139: [sgwu] INFO: UE F-SEID[UP:0xeef CP:0x9fb] (../src/sgwu/context.c:169)
08/25 12:05:58.139: [sgwu] INFO: [Added] Number of SGWU-Sessions is now 1 (../src/sgwu/context.c:174)
08/25 12:09:00.040: [sgwu] INFO: [Removed] Number of SGWU-sessions is now 0 (../src/sgwu/context.c:200)
08/25 12:09:00.278: [sgwu] INFO: UE F-SEID[UP:0x56b CP:0xe86] (../src/sgwu/context.c:169)
08/25 12:09:00.278: [sgwu] INFO: [Added] Number of SGWU-Sessions is now 1 (../src/sgwu/context.c:174)
08/25 12:15:24.719: [sgwu] INFO: [Removed] Number of SGWU-sessions is now 0 (../src/sgwu/context.c:200)
08/25 12:15:31.856: [sgwu] INFO: UE F-SEID[UP:0x667 CP:0xac7] (../src/sgwu/context.c:169)
08/25 12:15:31.856: [sgwu] INFO: [Added] Number of SGWU-Sessions is now 1 (../src/sgwu/context.c:174)
08/25 12:16:07.079: [sgwu] INFO: [Removed] Number of SGWU-sessions is now 0 (../src/sgwu/context.c:200)
08/25 12:16:07.317: [sgwu] INFO: UE F-SEID[UP:0x1c3 CP:0xf87] (../src/sgwu/context.c:169)
08/25 12:16:07.317: [sgwu] INFO: [Added] Number of SGWU-Sessions is now 1 (../src/sgwu/context.c:174)
