Open5GS daemon v2.6.4-78-g7f08873

08/24 11:59:54.386: [app] INFO: Configuration: '/open5gs/install/etc/open5gs/udm.yaml' (../lib/app/ogs-init.c:126)
08/24 11:59:54.386: [app] INFO: File Logging: '/open5gs/install/var/log/open5gs/udm.log' (../lib/app/ogs-init.c:129)
08/24 11:59:54.388: [sbi] INFO: NF Service [nudm-ueau] (../lib/sbi/context.c:1438)
08/24 11:59:54.388: [sbi] INFO: NF Service [nudm-uecm] (../lib/sbi/context.c:1438)
08/24 11:59:54.388: [sbi] INFO: NF Service [nudm-sdm] (../lib/sbi/context.c:1438)
08/24 11:59:54.388: [sbi] INFO: nghttp2_server() [http://172.22.0.13]:7777 (../lib/sbi/nghttp2-server.c:395)
08/24 11:59:54.388: [app] INFO: UDM initialize...done (../src/udm/app.c:31)
08/24 11:59:54.389: [sbi] INFO: [44073146-4297-41ee-93f9-af24f10b8be2] NF registered [Heartbeat:10s] (../lib/sbi/nf-sm.c:214)
08/24 11:59:54.390: [sbi] INFO: [44077cbe-4297-41ee-a087-dd4edb69f61c] Subscription created until 2023-08-25T11:59:54.390055-04:00 [duration:86400,validity:86399.999814,patch:43199.999907] (../lib/sbi/nnrf-handler.c:509)
08/24 12:00:04.307: [sbi] INFO: [49f070f4-4297-41ee-8e21-75ce9e0ada43] (NRF-notify) NF registered (../lib/sbi/nnrf-handler.c:725)
08/24 12:00:04.307: [sbi] INFO: [49f070f4-4297-41ee-8e21-75ce9e0ada43] (NRF-notify) NF Profile updated (../lib/sbi/nnrf-handler.c:735)
Open5GS daemon v2.6.4-78-g7f08873

08/30 14:57:07.398: [app] INFO: Configuration: '/open5gs/install/etc/open5gs/udm.yaml' (../lib/app/ogs-init.c:126)
08/30 14:57:07.398: [app] INFO: File Logging: '/open5gs/install/var/log/open5gs/udm.log' (../lib/app/ogs-init.c:129)
08/30 14:57:07.399: [sbi] INFO: NF Service [nudm-ueau] (../lib/sbi/context.c:1438)
08/30 14:57:07.399: [sbi] INFO: NF Service [nudm-uecm] (../lib/sbi/context.c:1438)
08/30 14:57:07.399: [sbi] INFO: NF Service [nudm-sdm] (../lib/sbi/context.c:1438)
08/30 14:57:07.400: [sbi] INFO: nghttp2_server() [http://172.22.0.13]:7777 (../lib/sbi/nghttp2-server.c:395)
08/30 14:57:07.400: [app] INFO: UDM initialize...done (../src/udm/app.c:31)
08/30 14:57:07.401: [sbi] INFO: [04467d9e-4767-41ee-9a0c-19a9b72cb49c] NF registered [Heartbeat:10s] (../lib/sbi/nf-sm.c:214)
08/30 14:57:07.402: [sbi] INFO: [0446e9f0-4767-41ee-b451-f720d4646371] Subscription created until 2023-08-31T14:57:07.402418-04:00 [duration:86400,validity:86399.999730,patch:43199.999865] (../lib/sbi/nnrf-handler.c:509)
08/30 14:57:17.550: [sbi] INFO: [0a52f4d8-4767-41ee-be3b-635a9b42f25f] (NRF-notify) NF registered (../lib/sbi/nnrf-handler.c:725)
08/30 14:57:17.550: [sbi] INFO: [0a52f4d8-4767-41ee-be3b-635a9b42f25f] (NRF-notify) NF Profile updated (../lib/sbi/nnrf-handler.c:735)
Open5GS daemon v2.6.4-78-g7f08873

08/30 15:37:54.536: [app] INFO: Configuration: '/open5gs/install/etc/open5gs/udm.yaml' (../lib/app/ogs-init.c:126)
08/30 15:37:54.536: [app] INFO: File Logging: '/open5gs/install/var/log/open5gs/udm.log' (../lib/app/ogs-init.c:129)
08/30 15:37:54.538: [sbi] INFO: NF Service [nudm-ueau] (../lib/sbi/context.c:1438)
08/30 15:37:54.538: [sbi] INFO: NF Service [nudm-uecm] (../lib/sbi/context.c:1438)
08/30 15:37:54.538: [sbi] INFO: NF Service [nudm-sdm] (../lib/sbi/context.c:1438)
08/30 15:37:54.538: [sbi] INFO: nghttp2_server() [http://172.22.0.13]:7777 (../lib/sbi/nghttp2-server.c:395)
08/30 15:37:54.538: [app] INFO: UDM initialize...done (../src/udm/app.c:31)
08/30 15:37:54.540: [sbi] INFO: [b6e230d8-476c-41ee-a380-173568e27f0f] NF registered [Heartbeat:10s] (../lib/sbi/nf-sm.c:214)
08/30 15:37:54.540: [sbi] INFO: [b6e293ac-476c-41ee-b238-9f36bd2e7794] Subscription created until 2023-08-31T15:37:54.540659-04:00 [duration:86400,validity:86399.999786,patch:43199.999893] (../lib/sbi/nnrf-handler.c:509)
08/30 15:38:04.926: [sbi] INFO: [bd12f690-476c-41ee-94fd-477f72a6c7d2] (NRF-notify) NF registered (../lib/sbi/nnrf-handler.c:725)
08/30 15:38:04.926: [sbi] INFO: [bd12f690-476c-41ee-94fd-477f72a6c7d2] (NRF-notify) NF Profile updated (../lib/sbi/nnrf-handler.c:735)
